2022-11-18 21:18:46,723 INFO     ==========================================
2022-11-18 21:18:46,724 INFO     ==========       CONFIG      =============
2022-11-18 21:18:46,724 INFO     ==========================================
2022-11-18 21:18:46,724 INFO     dataset: COCO
2022-11-18 21:18:46,724 INFO     train_data: /data/public/coco2014/train2014
2022-11-18 21:18:46,724 INFO     test_data: /data/public/coco2014/val2014
2022-11-18 21:18:46,724 INFO     train_list: /data/public/coco2014/annotations/instances_train2014.json
2022-11-18 21:18:46,724 INFO     test_list: /data/public/coco2014/annotations/instances_val2014.json
2022-11-18 21:18:46,724 INFO     train_label: ./data/coco/train_label_vectors.npy
2022-11-18 21:18:46,724 INFO     graph_file: ./data/coco/prob_train.npy
2022-11-18 21:18:46,724 INFO     word_file: ./data/coco/vectors.npy
2022-11-18 21:18:46,724 INFO     test_label: ./data/coco/val_label_vectors.npy
2022-11-18 21:18:46,724 INFO     print_freq: 200
2022-11-18 21:18:46,724 INFO     workers: 8
2022-11-18 21:18:46,724 INFO     epochs: 20
2022-11-18 21:18:46,724 INFO     start_epoch: 0
2022-11-18 21:18:46,724 INFO     step_epoch: 10
2022-11-18 21:18:46,724 INFO     batch_size: 16
2022-11-18 21:18:46,725 INFO     lr: 1e-05
2022-11-18 21:18:46,725 INFO     momentum: 0.9
2022-11-18 21:18:46,725 INFO     weight_decay: 0.0
2022-11-18 21:18:46,725 INFO     resume: 
2022-11-18 21:18:46,725 INFO     crop_size: 448
2022-11-18 21:18:46,725 INFO     scale_size: 512
2022-11-18 21:18:46,725 INFO     evaluate: False
2022-11-18 21:18:46,725 INFO     post: SSCLIP-AdaptAttn-COCO-4.0
2022-11-18 21:18:46,725 INFO     num_classes: 80
2022-11-18 21:18:46,725 INFO     backbone_name: RN101
2022-11-18 21:18:46,725 INFO     category_file: ./data/coco/category_name.json
2022-11-18 21:18:46,725 INFO     ==========================================
2022-11-18 21:18:46,725 INFO     ===========        END        ============
2022-11-18 21:18:46,725 INFO     ==========================================
2022-11-18 21:18:46,725 INFO     

2022-11-18 21:18:46,725 INFO     ==> Creating dataloader...
You will perform multi-scale on images for scale 640
loading annotations into memory...
Done (t=11.16s)
creating index...
index created!
loading annotations into memory...
Done (t=5.87s)
creating index...
index created!
2022-11-18 21:19:06,284 INFO     ==> Done!

2022-11-18 21:19:06,284 INFO     ==> Loading the network ...
2022-11-18 21:19:18,282 INFO     ==> Done!

2022-11-18 21:19:18,282 INFO     Run Experiment...
2022-11-18 21:19:21,040 INFO     Epoch: [0][0/5174]	Time 2.719 (2.719)	Loss 0.6927 (0.6927)
2022-11-18 21:19:51,991 INFO     Epoch: [0][200/5174]	Time 0.153 (0.167)	Loss 0.3862 (0.4163)
2022-11-18 21:20:23,032 INFO     Epoch: [0][400/5174]	Time 0.154 (0.161)	Loss 0.3914 (0.4042)
2022-11-18 21:20:54,101 INFO     Epoch: [0][600/5174]	Time 0.151 (0.159)	Loss 0.3888 (0.3998)
2022-11-18 21:21:25,170 INFO     Epoch: [0][800/5174]	Time 0.159 (0.158)	Loss 0.3876 (0.3976)
2022-11-18 21:21:56,243 INFO     Epoch: [0][1000/5174]	Time 0.155 (0.158)	Loss 0.4006 (0.3962)
2022-11-18 21:22:27,332 INFO     Epoch: [0][1200/5174]	Time 0.155 (0.157)	Loss 0.3889 (0.3952)
2022-11-18 21:22:58,448 INFO     Epoch: [0][1400/5174]	Time 0.153 (0.157)	Loss 0.3997 (0.3945)
2022-11-18 21:23:29,550 INFO     Epoch: [0][1600/5174]	Time 0.159 (0.157)	Loss 0.3807 (0.3940)
2022-11-18 21:24:00,642 INFO     Epoch: [0][1800/5174]	Time 0.156 (0.157)	Loss 0.3851 (0.3936)
2022-11-18 21:24:31,745 INFO     Epoch: [0][2000/5174]	Time 0.153 (0.157)	Loss 0.3942 (0.3933)
2022-11-18 21:25:02,836 INFO     Epoch: [0][2200/5174]	Time 0.156 (0.156)	Loss 0.3906 (0.3930)
2022-11-18 21:25:33,942 INFO     Epoch: [0][2400/5174]	Time 0.160 (0.156)	Loss 0.3874 (0.3928)
2022-11-18 21:26:05,045 INFO     Epoch: [0][2600/5174]	Time 0.157 (0.156)	Loss 0.3942 (0.3926)
2022-11-18 21:26:36,135 INFO     Epoch: [0][2800/5174]	Time 0.157 (0.156)	Loss 0.3968 (0.3924)
2022-11-18 21:27:07,233 INFO     Epoch: [0][3000/5174]	Time 0.159 (0.156)	Loss 0.3954 (0.3923)
2022-11-18 21:27:38,338 INFO     Epoch: [0][3200/5174]	Time 0.152 (0.156)	Loss 0.3945 (0.3922)
2022-11-18 21:28:09,419 INFO     Epoch: [0][3400/5174]	Time 0.156 (0.156)	Loss 0.3887 (0.3920)
2022-11-18 21:28:40,487 INFO     Epoch: [0][3600/5174]	Time 0.155 (0.156)	Loss 0.3907 (0.3919)
2022-11-18 21:29:11,545 INFO     Epoch: [0][3800/5174]	Time 0.155 (0.156)	Loss 0.3941 (0.3918)
2022-11-18 21:29:42,587 INFO     Epoch: [0][4000/5174]	Time 0.154 (0.156)	Loss 0.3954 (0.3918)
2022-11-18 21:30:13,637 INFO     Epoch: [0][4200/5174]	Time 0.156 (0.156)	Loss 0.3951 (0.3917)
2022-11-18 21:30:44,732 INFO     Epoch: [0][4400/5174]	Time 0.155 (0.156)	Loss 0.3844 (0.3916)
2022-11-18 21:31:15,856 INFO     Epoch: [0][4600/5174]	Time 0.154 (0.156)	Loss 0.3853 (0.3916)
2022-11-18 21:31:46,978 INFO     Epoch: [0][4800/5174]	Time 0.155 (0.156)	Loss 0.3906 (0.3915)
2022-11-18 21:32:18,098 INFO     Epoch: [0][5000/5174]	Time 0.156 (0.156)	Loss 0.3853 (0.3915)
2022-11-18 21:32:46,073 INFO     Test: [0/2532]	Time 1.087 (1.087)	Loss 0.4161 (0.4161)
2022-11-18 21:33:11,714 INFO     Test: [200/2532]	Time 0.128 (0.133)	Loss 0.3853 (0.3889)
2022-11-18 21:33:37,308 INFO     Test: [400/2532]	Time 0.127 (0.130)	Loss 0.3877 (0.3896)
2022-11-18 21:34:02,901 INFO     Test: [600/2532]	Time 0.128 (0.130)	Loss 0.3901 (0.3897)
2022-11-18 21:34:28,508 INFO     Test: [800/2532]	Time 0.127 (0.129)	Loss 0.3875 (0.3896)
2022-11-18 21:34:54,114 INFO     Test: [1000/2532]	Time 0.128 (0.129)	Loss 0.3971 (0.3896)
2022-11-18 21:35:19,730 INFO     Test: [1200/2532]	Time 0.128 (0.129)	Loss 0.3896 (0.3898)
2022-11-18 21:35:45,373 INFO     Test: [1400/2532]	Time 0.127 (0.129)	Loss 0.3930 (0.3898)
2022-11-18 21:36:10,972 INFO     Test: [1600/2532]	Time 0.128 (0.129)	Loss 0.4150 (0.3898)
2022-11-18 21:36:36,574 INFO     Test: [1800/2532]	Time 0.128 (0.129)	Loss 0.3873 (0.3898)
2022-11-18 21:37:02,197 INFO     Test: [2000/2532]	Time 0.128 (0.129)	Loss 0.3846 (0.3898)
2022-11-18 21:37:27,814 INFO     Test: [2200/2532]	Time 0.127 (0.128)	Loss 0.3866 (0.3898)
2022-11-18 21:37:53,424 INFO     Test: [2400/2532]	Time 0.132 (0.128)	Loss 0.3831 (0.3898)
2022-11-18 21:39:08,678 INFO     [Test] mAP: 0.558, averageAP: 0.557
					(Compute with all label) OP: 0.000, OR: 0.000, OF1: nan, CP: 0.000, CR: 0.000, CF1:nan
					(Compute with top-3 label) OP: 0.000, OR: 0.000, OF1: nan, CP: 0.000, CR: 0.000, CF1: nan
2022-11-18 21:39:11,130 INFO     [Best] [Epoch 0]: Best mAP is 0.558
2022-11-18 21:39:12,555 INFO     Epoch: [1][0/5174]	Time 1.298 (1.298)	Loss 0.3899 (0.3899)
2022-11-18 21:39:43,543 INFO     Epoch: [1][200/5174]	Time 0.158 (0.161)	Loss 0.3860 (0.3901)
2022-11-18 21:40:14,607 INFO     Epoch: [1][400/5174]	Time 0.150 (0.158)	Loss 0.3860 (0.3901)
2022-11-18 21:40:45,659 INFO     Epoch: [1][600/5174]	Time 0.159 (0.157)	Loss 0.3907 (0.3902)
2022-11-18 21:41:16,725 INFO     Epoch: [1][800/5174]	Time 0.158 (0.157)	Loss 0.3899 (0.3903)
2022-11-18 21:41:47,819 INFO     Epoch: [1][1000/5174]	Time 0.159 (0.156)	Loss 0.3852 (0.3903)
2022-11-18 21:42:18,875 INFO     Epoch: [1][1200/5174]	Time 0.153 (0.156)	Loss 0.3944 (0.3903)
2022-11-18 21:42:49,954 INFO     Epoch: [1][1400/5174]	Time 0.154 (0.156)	Loss 0.3905 (0.3903)
2022-11-18 21:43:21,022 INFO     Epoch: [1][1600/5174]	Time 0.155 (0.156)	Loss 0.3954 (0.3903)
2022-11-18 21:43:52,120 INFO     Epoch: [1][1800/5174]	Time 0.150 (0.156)	Loss 0.3933 (0.3902)
2022-11-18 21:44:23,282 INFO     Epoch: [1][2000/5174]	Time 0.159 (0.156)	Loss 0.3960 (0.3902)
2022-11-18 21:44:54,417 INFO     Epoch: [1][2200/5174]	Time 0.156 (0.156)	Loss 0.3845 (0.3902)
2022-11-18 21:45:25,556 INFO     Epoch: [1][2400/5174]	Time 0.157 (0.156)	Loss 0.3880 (0.3902)
2022-11-18 21:45:56,707 INFO     Epoch: [1][2600/5174]	Time 0.150 (0.156)	Loss 0.3976 (0.3902)
2022-11-18 21:46:27,877 INFO     Epoch: [1][2800/5174]	Time 0.159 (0.156)	Loss 0.3834 (0.3902)
2022-11-18 21:46:59,018 INFO     Epoch: [1][3000/5174]	Time 0.155 (0.156)	Loss 0.3932 (0.3902)
2022-11-18 21:47:30,198 INFO     Epoch: [1][3200/5174]	Time 0.157 (0.156)	Loss 0.3920 (0.3902)
2022-11-18 21:48:01,369 INFO     Epoch: [1][3400/5174]	Time 0.153 (0.156)	Loss 0.3929 (0.3902)
2022-11-18 21:48:32,542 INFO     Epoch: [1][3600/5174]	Time 0.156 (0.156)	Loss 0.3849 (0.3902)
2022-11-18 21:49:03,722 INFO     Epoch: [1][3800/5174]	Time 0.164 (0.156)	Loss 0.3847 (0.3902)
2022-11-18 21:49:34,878 INFO     Epoch: [1][4000/5174]	Time 0.160 (0.156)	Loss 0.3839 (0.3902)
2022-11-18 21:50:06,048 INFO     Epoch: [1][4200/5174]	Time 0.157 (0.156)	Loss 0.3865 (0.3902)
2022-11-18 21:50:37,196 INFO     Epoch: [1][4400/5174]	Time 0.155 (0.156)	Loss 0.3891 (0.3902)
2022-11-18 21:51:08,405 INFO     Epoch: [1][4600/5174]	Time 0.159 (0.156)	Loss 0.3901 (0.3902)
2022-11-18 21:51:39,568 INFO     Epoch: [1][4800/5174]	Time 0.154 (0.156)	Loss 0.3919 (0.3902)
2022-11-18 21:52:10,755 INFO     Epoch: [1][5000/5174]	Time 0.150 (0.156)	Loss 0.3976 (0.3902)
2022-11-18 21:52:38,889 INFO     Test: [0/2532]	Time 1.158 (1.158)	Loss 0.4161 (0.4161)
2022-11-18 21:53:04,540 INFO     Test: [200/2532]	Time 0.132 (0.133)	Loss 0.3853 (0.3889)
2022-11-18 21:53:30,181 INFO     Test: [400/2532]	Time 0.127 (0.131)	Loss 0.3877 (0.3896)
2022-11-18 21:53:55,867 INFO     Test: [600/2532]	Time 0.129 (0.130)	Loss 0.3900 (0.3897)
2022-11-18 21:54:21,531 INFO     Test: [800/2532]	Time 0.128 (0.130)	Loss 0.3875 (0.3896)
2022-11-18 21:54:47,227 INFO     Test: [1000/2532]	Time 0.129 (0.129)	Loss 0.3971 (0.3896)
2022-11-18 21:55:12,980 INFO     Test: [1200/2532]	Time 0.127 (0.129)	Loss 0.3896 (0.3898)
2022-11-18 21:55:38,730 INFO     Test: [1400/2532]	Time 0.128 (0.129)	Loss 0.3930 (0.3898)
2022-11-18 21:56:04,456 INFO     Test: [1600/2532]	Time 0.128 (0.129)	Loss 0.4150 (0.3898)
2022-11-18 21:56:30,215 INFO     Test: [1800/2532]	Time 0.129 (0.129)	Loss 0.3873 (0.3898)
2022-11-18 21:56:55,986 INFO     Test: [2000/2532]	Time 0.127 (0.129)	Loss 0.3846 (0.3898)
2022-11-18 21:57:21,742 INFO     Test: [2200/2532]	Time 0.128 (0.129)	Loss 0.3866 (0.3898)
2022-11-18 21:57:47,476 INFO     Test: [2400/2532]	Time 0.129 (0.129)	Loss 0.3831 (0.3898)
2022-11-18 21:58:59,512 INFO     [Test] mAP: 0.583, averageAP: 0.581
					(Compute with all label) OP: 0.000, OR: 0.000, OF1: nan, CP: 0.000, CR: 0.000, CF1:nan
					(Compute with top-3 label) OP: 0.000, OR: 0.000, OF1: nan, CP: 0.000, CR: 0.000, CF1: nan
2022-11-18 21:59:02,148 INFO     [Best] [Epoch 1]: Best mAP is 0.583
2022-11-18 21:59:03,542 INFO     Epoch: [2][0/5174]	Time 1.267 (1.267)	Loss 0.3874 (0.3874)
2022-11-18 21:59:34,563 INFO     Epoch: [2][200/5174]	Time 0.156 (0.161)	Loss 0.3877 (0.3901)
2022-11-18 22:00:05,638 INFO     Epoch: [2][400/5174]	Time 0.154 (0.158)	Loss 0.3907 (0.3899)
2022-11-18 22:00:36,715 INFO     Epoch: [2][600/5174]	Time 0.161 (0.157)	Loss 0.3888 (0.3900)
2022-11-18 22:01:07,881 INFO     Epoch: [2][800/5174]	Time 0.152 (0.157)	Loss 0.3874 (0.3900)
2022-11-18 22:01:39,007 INFO     Epoch: [2][1000/5174]	Time 0.160 (0.157)	Loss 0.3918 (0.3900)
2022-11-18 22:02:10,131 INFO     Epoch: [2][1200/5174]	Time 0.149 (0.156)	Loss 0.3966 (0.3901)
2022-11-18 22:02:41,204 INFO     Epoch: [2][1400/5174]	Time 0.150 (0.156)	Loss 0.3826 (0.3901)
2022-11-18 22:03:12,305 INFO     Epoch: [2][1600/5174]	Time 0.159 (0.156)	Loss 0.3890 (0.3901)
2022-11-18 22:03:43,398 INFO     Epoch: [2][1800/5174]	Time 0.159 (0.156)	Loss 0.3859 (0.3902)
2022-11-18 22:04:14,567 INFO     Epoch: [2][2000/5174]	Time 0.159 (0.156)	Loss 0.3887 (0.3902)
2022-11-18 22:04:45,717 INFO     Epoch: [2][2200/5174]	Time 0.153 (0.156)	Loss 0.3858 (0.3902)
2022-11-18 22:05:16,839 INFO     Epoch: [2][2400/5174]	Time 0.163 (0.156)	Loss 0.3883 (0.3902)
2022-11-18 22:05:48,007 INFO     Epoch: [2][2600/5174]	Time 0.153 (0.156)	Loss 0.3894 (0.3902)
2022-11-18 22:06:19,134 INFO     Epoch: [2][2800/5174]	Time 0.154 (0.156)	Loss 0.3842 (0.3902)
2022-11-18 22:06:50,312 INFO     Epoch: [2][3000/5174]	Time 0.149 (0.156)	Loss 0.3907 (0.3902)
2022-11-18 22:07:21,430 INFO     Epoch: [2][3200/5174]	Time 0.154 (0.156)	Loss 0.4044 (0.3902)
2022-11-18 22:07:52,581 INFO     Epoch: [2][3400/5174]	Time 0.159 (0.156)	Loss 0.3845 (0.3902)
2022-11-18 22:08:23,767 INFO     Epoch: [2][3600/5174]	Time 0.162 (0.156)	Loss 0.3936 (0.3902)
2022-11-18 22:08:54,922 INFO     Epoch: [2][3800/5174]	Time 0.156 (0.156)	Loss 0.3890 (0.3902)
2022-11-18 22:09:26,102 INFO     Epoch: [2][4000/5174]	Time 0.153 (0.156)	Loss 0.3846 (0.3902)
2022-11-18 22:09:57,230 INFO     Epoch: [2][4200/5174]	Time 0.149 (0.156)	Loss 0.3876 (0.3902)
2022-11-18 22:10:28,395 INFO     Epoch: [2][4400/5174]	Time 0.167 (0.156)	Loss 0.3938 (0.3902)
2022-11-18 22:10:59,519 INFO     Epoch: [2][4600/5174]	Time 0.161 (0.156)	Loss 0.3998 (0.3902)
2022-11-18 22:11:30,714 INFO     Epoch: [2][4800/5174]	Time 0.160 (0.156)	Loss 0.3929 (0.3902)
2022-11-18 22:12:01,876 INFO     Epoch: [2][5000/5174]	Time 0.158 (0.156)	Loss 0.3854 (0.3902)
2022-11-18 22:12:30,048 INFO     Test: [0/2532]	Time 1.202 (1.202)	Loss 0.4161 (0.4161)
2022-11-18 22:12:55,727 INFO     Test: [200/2532]	Time 0.129 (0.134)	Loss 0.3852 (0.3889)
2022-11-18 22:13:21,349 INFO     Test: [400/2532]	Time 0.129 (0.131)	Loss 0.3877 (0.3896)
2022-11-18 22:13:47,032 INFO     Test: [600/2532]	Time 0.128 (0.130)	Loss 0.3900 (0.3897)
2022-11-18 22:14:12,659 INFO     Test: [800/2532]	Time 0.127 (0.130)	Loss 0.3875 (0.3896)
2022-11-18 22:14:38,341 INFO     Test: [1000/2532]	Time 0.129 (0.129)	Loss 0.3971 (0.3896)
2022-11-18 22:15:04,032 INFO     Test: [1200/2532]	Time 0.127 (0.129)	Loss 0.3896 (0.3897)
2022-11-18 22:15:29,753 INFO     Test: [1400/2532]	Time 0.132 (0.129)	Loss 0.3930 (0.3898)
2022-11-18 22:15:55,450 INFO     Test: [1600/2532]	Time 0.127 (0.129)	Loss 0.4150 (0.3898)
2022-11-18 22:16:21,160 INFO     Test: [1800/2532]	Time 0.127 (0.129)	Loss 0.3872 (0.3898)
2022-11-18 22:16:46,920 INFO     Test: [2000/2532]	Time 0.128 (0.129)	Loss 0.3845 (0.3897)
2022-11-18 22:17:12,616 INFO     Test: [2200/2532]	Time 0.127 (0.129)	Loss 0.3866 (0.3898)
2022-11-18 22:17:38,323 INFO     Test: [2400/2532]	Time 0.128 (0.129)	Loss 0.3830 (0.3898)
2022-11-18 22:18:52,559 INFO     [Test] mAP: 0.599, averageAP: 0.598
					(Compute with all label) OP: 0.000, OR: 0.000, OF1: nan, CP: 0.000, CR: 0.000, CF1:nan
					(Compute with top-3 label) OP: 0.000, OR: 0.000, OF1: nan, CP: 0.000, CR: 0.000, CF1: nan
2022-11-18 22:18:55,583 INFO     [Best] [Epoch 2]: Best mAP is 0.599
2022-11-18 22:18:56,878 INFO     Epoch: [3][0/5174]	Time 1.174 (1.174)	Loss 0.3833 (0.3833)
2022-11-18 22:19:27,908 INFO     Epoch: [3][200/5174]	Time 0.159 (0.160)	Loss 0.3851 (0.3902)
2022-11-18 22:19:58,950 INFO     Epoch: [3][400/5174]	Time 0.159 (0.158)	Loss 0.3867 (0.3900)
2022-11-18 22:20:30,052 INFO     Epoch: [3][600/5174]	Time 0.156 (0.157)	Loss 0.3926 (0.3901)
2022-11-18 22:21:01,160 INFO     Epoch: [3][800/5174]	Time 0.167 (0.157)	Loss 0.3891 (0.3901)
2022-11-18 22:21:32,268 INFO     Epoch: [3][1000/5174]	Time 0.146 (0.156)	Loss 0.3879 (0.3900)
2022-11-18 22:22:03,329 INFO     Epoch: [3][1200/5174]	Time 0.149 (0.156)	Loss 0.3862 (0.3901)
2022-11-18 22:22:34,500 INFO     Epoch: [3][1400/5174]	Time 0.160 (0.156)	Loss 0.3841 (0.3901)
2022-11-18 22:23:05,660 INFO     Epoch: [3][1600/5174]	Time 0.149 (0.156)	Loss 0.3885 (0.3901)
2022-11-18 22:23:36,827 INFO     Epoch: [3][1800/5174]	Time 0.156 (0.156)	Loss 0.3840 (0.3901)
2022-11-18 22:24:08,008 INFO     Epoch: [3][2000/5174]	Time 0.155 (0.156)	Loss 0.3959 (0.3902)
2022-11-18 22:24:39,160 INFO     Epoch: [3][2200/5174]	Time 0.162 (0.156)	Loss 0.3879 (0.3902)
2022-11-18 22:25:10,285 INFO     Epoch: [3][2400/5174]	Time 0.154 (0.156)	Loss 0.3825 (0.3902)
2022-11-18 22:25:41,445 INFO     Epoch: [3][2600/5174]	Time 0.149 (0.156)	Loss 0.3844 (0.3901)
2022-11-18 22:26:12,625 INFO     Epoch: [3][2800/5174]	Time 0.154 (0.156)	Loss 0.3902 (0.3901)
2022-11-18 22:26:43,791 INFO     Epoch: [3][3000/5174]	Time 0.156 (0.156)	Loss 0.3966 (0.3901)
2022-11-18 22:27:14,927 INFO     Epoch: [3][3200/5174]	Time 0.157 (0.156)	Loss 0.3883 (0.3901)
2022-11-18 22:27:46,070 INFO     Epoch: [3][3400/5174]	Time 0.154 (0.156)	Loss 0.3893 (0.3901)
2022-11-18 22:28:17,265 INFO     Epoch: [3][3600/5174]	Time 0.156 (0.156)	Loss 0.3952 (0.3902)
2022-11-18 22:28:48,470 INFO     Epoch: [3][3800/5174]	Time 0.161 (0.156)	Loss 0.3835 (0.3902)
2022-11-18 22:29:19,660 INFO     Epoch: [3][4000/5174]	Time 0.142 (0.156)	Loss 0.3933 (0.3902)
2022-11-18 22:29:50,820 INFO     Epoch: [3][4200/5174]	Time 0.150 (0.156)	Loss 0.3835 (0.3902)
2022-11-18 22:30:22,012 INFO     Epoch: [3][4400/5174]	Time 0.154 (0.156)	Loss 0.3879 (0.3902)
2022-11-18 22:30:53,211 INFO     Epoch: [3][4600/5174]	Time 0.149 (0.156)	Loss 0.3883 (0.3902)
2022-11-18 22:31:24,427 INFO     Epoch: [3][4800/5174]	Time 0.159 (0.156)	Loss 0.3918 (0.3902)
2022-11-18 22:31:55,599 INFO     Epoch: [3][5000/5174]	Time 0.154 (0.156)	Loss 0.3898 (0.3902)
2022-11-18 22:32:23,803 INFO     Test: [0/2532]	Time 1.156 (1.156)	Loss 0.4161 (0.4161)
2022-11-18 22:32:49,462 INFO     Test: [200/2532]	Time 0.129 (0.133)	Loss 0.3852 (0.3889)
2022-11-18 22:33:15,128 INFO     Test: [400/2532]	Time 0.129 (0.131)	Loss 0.3877 (0.3896)
2022-11-18 22:33:40,812 INFO     Test: [600/2532]	Time 0.127 (0.130)	Loss 0.3900 (0.3897)
2022-11-18 22:34:06,528 INFO     Test: [800/2532]	Time 0.127 (0.130)	Loss 0.3875 (0.3896)
2022-11-18 22:34:32,208 INFO     Test: [1000/2532]	Time 0.129 (0.129)	Loss 0.3971 (0.3896)
2022-11-18 22:34:57,888 INFO     Test: [1200/2532]	Time 0.128 (0.129)	Loss 0.3896 (0.3897)
2022-11-18 22:35:23,656 INFO     Test: [1400/2532]	Time 0.130 (0.129)	Loss 0.3930 (0.3898)
2022-11-18 22:35:49,366 INFO     Test: [1600/2532]	Time 0.127 (0.129)	Loss 0.4150 (0.3898)
2022-11-18 22:36:15,092 INFO     Test: [1800/2532]	Time 0.130 (0.129)	Loss 0.3872 (0.3898)
2022-11-18 22:36:40,808 INFO     Test: [2000/2532]	Time 0.128 (0.129)	Loss 0.3845 (0.3897)
2022-11-18 22:37:06,500 INFO     Test: [2200/2532]	Time 0.128 (0.129)	Loss 0.3866 (0.3897)
2022-11-18 22:37:32,221 INFO     Test: [2400/2532]	Time 0.127 (0.129)	Loss 0.3830 (0.3898)
2022-11-18 22:38:46,419 INFO     [Test] mAP: 0.598, averageAP: 0.596
					(Compute with all label) OP: 0.000, OR: 0.000, OF1: nan, CP: 0.000, CR: 0.000, CF1:nan
					(Compute with top-3 label) OP: 0.000, OR: 0.000, OF1: nan, CP: 0.000, CR: 0.000, CF1: nan
2022-11-18 22:38:49,024 INFO     Epoch: [4][0/5174]	Time 1.117 (1.117)	Loss 0.3941 (0.3941)
2022-11-18 22:39:20,055 INFO     Epoch: [4][200/5174]	Time 0.154 (0.160)	Loss 0.4010 (0.3901)
2022-11-18 22:39:51,144 INFO     Epoch: [4][400/5174]	Time 0.154 (0.158)	Loss 0.4018 (0.3903)
2022-11-18 22:40:22,282 INFO     Epoch: [4][600/5174]	Time 0.157 (0.157)	Loss 0.3988 (0.3903)
2022-11-18 22:40:53,391 INFO     Epoch: [4][800/5174]	Time 0.148 (0.157)	Loss 0.3880 (0.3905)
2022-11-18 22:41:24,530 INFO     Epoch: [4][1000/5174]	Time 0.160 (0.156)	Loss 0.3863 (0.3905)
2022-11-18 22:41:55,651 INFO     Epoch: [4][1200/5174]	Time 0.155 (0.156)	Loss 0.3939 (0.3904)
2022-11-18 22:42:26,789 INFO     Epoch: [4][1400/5174]	Time 0.159 (0.156)	Loss 0.3944 (0.3904)
2022-11-18 22:42:57,885 INFO     Epoch: [4][1600/5174]	Time 0.155 (0.156)	Loss 0.4012 (0.3904)
2022-11-18 22:43:29,039 INFO     Epoch: [4][1800/5174]	Time 0.150 (0.156)	Loss 0.3867 (0.3903)
2022-11-18 22:44:00,181 INFO     Epoch: [4][2000/5174]	Time 0.161 (0.156)	Loss 0.3913 (0.3903)
2022-11-18 22:44:31,349 INFO     Epoch: [4][2200/5174]	Time 0.154 (0.156)	Loss 0.3975 (0.3903)
2022-11-18 22:45:02,525 INFO     Epoch: [4][2400/5174]	Time 0.156 (0.156)	Loss 0.3870 (0.3903)
2022-11-18 22:45:33,647 INFO     Epoch: [4][2600/5174]	Time 0.153 (0.156)	Loss 0.3816 (0.3902)
2022-11-18 22:46:04,780 INFO     Epoch: [4][2800/5174]	Time 0.155 (0.156)	Loss 0.3933 (0.3902)
2022-11-18 22:46:35,979 INFO     Epoch: [4][3000/5174]	Time 0.157 (0.156)	Loss 0.3889 (0.3903)
2022-11-18 22:47:07,113 INFO     Epoch: [4][3200/5174]	Time 0.158 (0.156)	Loss 0.4016 (0.3902)
2022-11-18 22:47:38,264 INFO     Epoch: [4][3400/5174]	Time 0.155 (0.156)	Loss 0.3932 (0.3903)
2022-11-18 22:48:09,376 INFO     Epoch: [4][3600/5174]	Time 0.158 (0.156)	Loss 0.4005 (0.3903)
2022-11-18 22:48:40,602 INFO     Epoch: [4][3800/5174]	Time 0.156 (0.156)	Loss 0.3858 (0.3902)
2022-11-18 22:49:11,819 INFO     Epoch: [4][4000/5174]	Time 0.154 (0.156)	Loss 0.3988 (0.3902)
2022-11-18 22:49:42,980 INFO     Epoch: [4][4200/5174]	Time 0.155 (0.156)	Loss 0.3998 (0.3902)
2022-11-18 22:50:14,147 INFO     Epoch: [4][4400/5174]	Time 0.160 (0.156)	Loss 0.3905 (0.3902)
2022-11-18 22:50:45,343 INFO     Epoch: [4][4600/5174]	Time 0.155 (0.156)	Loss 0.3891 (0.3902)
2022-11-18 22:51:16,513 INFO     Epoch: [4][4800/5174]	Time 0.148 (0.156)	Loss 0.3900 (0.3902)
2022-11-18 22:51:47,700 INFO     Epoch: [4][5000/5174]	Time 0.149 (0.156)	Loss 0.3891 (0.3902)
2022-11-18 22:52:15,878 INFO     Test: [0/2532]	Time 1.200 (1.200)	Loss 0.4161 (0.4161)
2022-11-18 22:52:41,624 INFO     Test: [200/2532]	Time 0.132 (0.134)	Loss 0.3852 (0.3889)
2022-11-18 22:53:07,283 INFO     Test: [400/2532]	Time 0.128 (0.131)	Loss 0.3877 (0.3896)
2022-11-18 22:53:32,962 INFO     Test: [600/2532]	Time 0.127 (0.130)	Loss 0.3900 (0.3897)
2022-11-18 22:53:58,623 INFO     Test: [800/2532]	Time 0.128 (0.130)	Loss 0.3875 (0.3896)
2022-11-18 22:54:24,301 INFO     Test: [1000/2532]	Time 0.128 (0.129)	Loss 0.3971 (0.3896)
2022-11-18 22:54:50,028 INFO     Test: [1200/2532]	Time 0.128 (0.129)	Loss 0.3896 (0.3897)
2022-11-18 22:55:15,743 INFO     Test: [1400/2532]	Time 0.128 (0.129)	Loss 0.3930 (0.3897)
2022-11-18 22:55:41,449 INFO     Test: [1600/2532]	Time 0.127 (0.129)	Loss 0.4150 (0.3898)
2022-11-18 22:56:07,201 INFO     Test: [1800/2532]	Time 0.128 (0.129)	Loss 0.3872 (0.3898)
2022-11-18 22:56:32,906 INFO     Test: [2000/2532]	Time 0.129 (0.129)	Loss 0.3845 (0.3897)
2022-11-18 22:56:58,635 INFO     Test: [2200/2532]	Time 0.133 (0.129)	Loss 0.3866 (0.3897)
2022-11-18 22:57:24,315 INFO     Test: [2400/2532]	Time 0.131 (0.129)	Loss 0.3830 (0.3898)
2022-11-18 22:58:38,407 INFO     [Test] mAP: 0.600, averageAP: 0.598
					(Compute with all label) OP: 0.000, OR: 0.000, OF1: nan, CP: 0.000, CR: 0.000, CF1:nan
					(Compute with top-3 label) OP: 0.000, OR: 0.000, OF1: nan, CP: 0.000, CR: 0.000, CF1: nan
2022-11-18 22:58:41,262 INFO     [Best] [Epoch 4]: Best mAP is 0.600
2022-11-18 22:58:42,597 INFO     Epoch: [5][0/5174]	Time 1.211 (1.211)	Loss 0.3832 (0.3832)
2022-11-18 22:59:13,587 INFO     Epoch: [5][200/5174]	Time 0.149 (0.160)	Loss 0.3859 (0.3903)
2022-11-18 22:59:44,626 INFO     Epoch: [5][400/5174]	Time 0.151 (0.158)	Loss 0.3858 (0.3902)
2022-11-18 23:00:15,693 INFO     Epoch: [5][600/5174]	Time 0.158 (0.157)	Loss 0.3972 (0.3902)
2022-11-18 23:00:46,790 INFO     Epoch: [5][800/5174]	Time 0.151 (0.157)	Loss 0.3944 (0.3903)
2022-11-18 23:01:17,869 INFO     Epoch: [5][1000/5174]	Time 0.155 (0.156)	Loss 0.3807 (0.3903)
2022-11-18 23:01:48,986 INFO     Epoch: [5][1200/5174]	Time 0.153 (0.156)	Loss 0.3930 (0.3903)
2022-11-18 23:02:20,077 INFO     Epoch: [5][1400/5174]	Time 0.154 (0.156)	Loss 0.3999 (0.3903)
2022-11-18 23:02:51,175 INFO     Epoch: [5][1600/5174]	Time 0.154 (0.156)	Loss 0.3867 (0.3903)
2022-11-18 23:03:22,250 INFO     Epoch: [5][1800/5174]	Time 0.159 (0.156)	Loss 0.3897 (0.3903)
2022-11-18 23:03:53,384 INFO     Epoch: [5][2000/5174]	Time 0.155 (0.156)	Loss 0.3913 (0.3903)
2022-11-18 23:04:24,585 INFO     Epoch: [5][2200/5174]	Time 0.138 (0.156)	Loss 0.3938 (0.3903)
2022-11-18 23:04:55,743 INFO     Epoch: [5][2400/5174]	Time 0.152 (0.156)	Loss 0.3938 (0.3903)
2022-11-18 23:05:26,922 INFO     Epoch: [5][2600/5174]	Time 0.160 (0.156)	Loss 0.3886 (0.3903)
2022-11-18 23:05:58,039 INFO     Epoch: [5][2800/5174]	Time 0.156 (0.156)	Loss 0.3964 (0.3903)
2022-11-18 23:06:29,192 INFO     Epoch: [5][3000/5174]	Time 0.154 (0.156)	Loss 0.3846 (0.3903)
2022-11-18 23:07:00,328 INFO     Epoch: [5][3200/5174]	Time 0.158 (0.156)	Loss 0.3905 (0.3903)
2022-11-18 23:07:31,481 INFO     Epoch: [5][3400/5174]	Time 0.159 (0.156)	Loss 0.3930 (0.3903)
2022-11-18 23:08:02,673 INFO     Epoch: [5][3600/5174]	Time 0.156 (0.156)	Loss 0.3793 (0.3903)
2022-11-18 23:08:33,863 INFO     Epoch: [5][3800/5174]	Time 0.161 (0.156)	Loss 0.3940 (0.3903)
2022-11-18 23:09:05,030 INFO     Epoch: [5][4000/5174]	Time 0.158 (0.156)	Loss 0.3883 (0.3903)
2022-11-18 23:09:36,164 INFO     Epoch: [5][4200/5174]	Time 0.161 (0.156)	Loss 0.3906 (0.3903)
2022-11-18 23:10:07,284 INFO     Epoch: [5][4400/5174]	Time 0.154 (0.156)	Loss 0.3881 (0.3903)
2022-11-18 23:10:38,446 INFO     Epoch: [5][4600/5174]	Time 0.155 (0.156)	Loss 0.3875 (0.3902)
2022-11-18 23:11:09,581 INFO     Epoch: [5][4800/5174]	Time 0.163 (0.156)	Loss 0.3897 (0.3902)
2022-11-18 23:11:40,742 INFO     Epoch: [5][5000/5174]	Time 0.149 (0.156)	Loss 0.3900 (0.3902)
2022-11-18 23:12:08,768 INFO     Test: [0/2532]	Time 1.100 (1.100)	Loss 0.4161 (0.4161)
2022-11-18 23:12:34,390 INFO     Test: [200/2532]	Time 0.127 (0.133)	Loss 0.3852 (0.3889)
2022-11-18 23:13:00,038 INFO     Test: [400/2532]	Time 0.127 (0.131)	Loss 0.3877 (0.3896)
2022-11-18 23:13:25,668 INFO     Test: [600/2532]	Time 0.127 (0.130)	Loss 0.3900 (0.3897)
2022-11-18 23:13:51,322 INFO     Test: [800/2532]	Time 0.129 (0.129)	Loss 0.3875 (0.3896)
2022-11-18 23:14:17,010 INFO     Test: [1000/2532]	Time 0.127 (0.129)	Loss 0.3971 (0.3896)
2022-11-18 23:14:42,679 INFO     Test: [1200/2532]	Time 0.127 (0.129)	Loss 0.3896 (0.3897)
2022-11-18 23:15:08,376 INFO     Test: [1400/2532]	Time 0.132 (0.129)	Loss 0.3930 (0.3897)
2022-11-18 23:15:34,094 INFO     Test: [1600/2532]	Time 0.129 (0.129)	Loss 0.4150 (0.3898)
2022-11-18 23:15:59,799 INFO     Test: [1800/2532]	Time 0.127 (0.129)	Loss 0.3872 (0.3898)
2022-11-18 23:16:25,468 INFO     Test: [2000/2532]	Time 0.127 (0.129)	Loss 0.3845 (0.3897)
2022-11-18 23:16:51,165 INFO     Test: [2200/2532]	Time 0.129 (0.129)	Loss 0.3866 (0.3897)
2022-11-18 23:17:16,861 INFO     Test: [2400/2532]	Time 0.131 (0.129)	Loss 0.3830 (0.3898)
2022-11-18 23:18:30,662 INFO     [Test] mAP: 0.605, averageAP: 0.603
					(Compute with all label) OP: 0.000, OR: 0.000, OF1: nan, CP: 0.000, CR: 0.000, CF1:nan
					(Compute with top-3 label) OP: 0.000, OR: 0.000, OF1: nan, CP: 0.000, CR: 0.000, CF1: nan
2022-11-18 23:18:33,671 INFO     [Best] [Epoch 5]: Best mAP is 0.605
2022-11-18 23:18:35,233 INFO     Epoch: [6][0/5174]	Time 1.558 (1.558)	Loss 0.3851 (0.3851)
2022-11-18 23:19:06,245 INFO     Epoch: [6][200/5174]	Time 0.150 (0.161)	Loss 0.3930 (0.3899)
2022-11-18 23:19:37,323 INFO     Epoch: [6][400/5174]	Time 0.155 (0.158)	Loss 0.3887 (0.3898)
2022-11-18 23:20:08,416 INFO     Epoch: [6][600/5174]	Time 0.161 (0.157)	Loss 0.3900 (0.3900)
2022-11-18 23:20:39,507 INFO     Epoch: [6][800/5174]	Time 0.159 (0.157)	Loss 0.3876 (0.3900)
2022-11-18 23:21:10,596 INFO     Epoch: [6][1000/5174]	Time 0.162 (0.157)	Loss 0.3865 (0.3900)
2022-11-18 23:21:41,732 INFO     Epoch: [6][1200/5174]	Time 0.163 (0.156)	Loss 0.3958 (0.3900)
2022-11-18 23:22:12,843 INFO     Epoch: [6][1400/5174]	Time 0.160 (0.156)	Loss 0.3902 (0.3901)
2022-11-18 23:22:43,952 INFO     Epoch: [6][1600/5174]	Time 0.156 (0.156)	Loss 0.3957 (0.3900)
2022-11-18 23:23:15,064 INFO     Epoch: [6][1800/5174]	Time 0.150 (0.156)	Loss 0.3879 (0.3900)
2022-11-18 23:23:46,146 INFO     Epoch: [6][2000/5174]	Time 0.156 (0.156)	Loss 0.3938 (0.3900)
2022-11-18 23:24:17,252 INFO     Epoch: [6][2200/5174]	Time 0.160 (0.156)	Loss 0.3877 (0.3900)
2022-11-18 23:24:48,344 INFO     Epoch: [6][2400/5174]	Time 0.155 (0.156)	Loss 0.3838 (0.3900)
2022-11-18 23:25:19,438 INFO     Epoch: [6][2600/5174]	Time 0.156 (0.156)	Loss 0.3934 (0.3901)
2022-11-18 23:25:50,556 INFO     Epoch: [6][2800/5174]	Time 0.149 (0.156)	Loss 0.3921 (0.3901)
2022-11-18 23:26:21,640 INFO     Epoch: [6][3000/5174]	Time 0.154 (0.156)	Loss 0.3913 (0.3901)
2022-11-18 23:26:52,748 INFO     Epoch: [6][3200/5174]	Time 0.157 (0.156)	Loss 0.3933 (0.3901)
2022-11-18 23:27:23,821 INFO     Epoch: [6][3400/5174]	Time 0.151 (0.156)	Loss 0.3961 (0.3901)
2022-11-18 23:27:54,912 INFO     Epoch: [6][3600/5174]	Time 0.150 (0.156)	Loss 0.3910 (0.3902)
2022-11-18 23:28:25,972 INFO     Epoch: [6][3800/5174]	Time 0.151 (0.156)	Loss 0.3938 (0.3902)
2022-11-18 23:28:57,126 INFO     Epoch: [6][4000/5174]	Time 0.155 (0.156)	Loss 0.3913 (0.3902)
2022-11-18 23:29:28,271 INFO     Epoch: [6][4200/5174]	Time 0.155 (0.156)	Loss 0.3899 (0.3902)
2022-11-18 23:29:59,406 INFO     Epoch: [6][4400/5174]	Time 0.148 (0.156)	Loss 0.3871 (0.3902)
2022-11-18 23:30:30,529 INFO     Epoch: [6][4600/5174]	Time 0.154 (0.156)	Loss 0.3935 (0.3902)
2022-11-18 23:31:01,674 INFO     Epoch: [6][4800/5174]	Time 0.155 (0.156)	Loss 0.3936 (0.3902)
2022-11-18 23:31:32,789 INFO     Epoch: [6][5000/5174]	Time 0.156 (0.156)	Loss 0.3888 (0.3902)
2022-11-18 23:32:00,849 INFO     Test: [0/2532]	Time 1.108 (1.108)	Loss 0.4161 (0.4161)
2022-11-18 23:32:26,526 INFO     Test: [200/2532]	Time 0.128 (0.133)	Loss 0.3852 (0.3889)
2022-11-18 23:32:52,278 INFO     Test: [400/2532]	Time 0.127 (0.131)	Loss 0.3877 (0.3896)
2022-11-18 23:33:18,052 INFO     Test: [600/2532]	Time 0.128 (0.130)	Loss 0.3900 (0.3897)
2022-11-18 23:33:43,782 INFO     Test: [800/2532]	Time 0.127 (0.130)	Loss 0.3875 (0.3896)
2022-11-18 23:34:09,486 INFO     Test: [1000/2532]	Time 0.127 (0.130)	Loss 0.3971 (0.3896)
2022-11-18 23:34:35,152 INFO     Test: [1200/2532]	Time 0.128 (0.129)	Loss 0.3896 (0.3897)
2022-11-18 23:35:00,832 INFO     Test: [1400/2532]	Time 0.130 (0.129)	Loss 0.3930 (0.3897)
2022-11-18 23:35:26,479 INFO     Test: [1600/2532]	Time 0.128 (0.129)	Loss 0.4150 (0.3898)
2022-11-18 23:35:52,142 INFO     Test: [1800/2532]	Time 0.128 (0.129)	Loss 0.3872 (0.3898)
2022-11-18 23:36:17,821 INFO     Test: [2000/2532]	Time 0.131 (0.129)	Loss 0.3845 (0.3897)
2022-11-18 23:36:43,513 INFO     Test: [2200/2532]	Time 0.128 (0.129)	Loss 0.3866 (0.3897)
2022-11-18 23:37:09,178 INFO     Test: [2400/2532]	Time 0.127 (0.129)	Loss 0.3830 (0.3898)
2022-11-18 23:38:23,984 INFO     [Test] mAP: 0.598, averageAP: 0.596
					(Compute with all label) OP: 0.000, OR: 0.000, OF1: nan, CP: 0.000, CR: 0.000, CF1:nan
					(Compute with top-3 label) OP: 0.000, OR: 0.000, OF1: nan, CP: 0.000, CR: 0.000, CF1: nan
2022-11-18 23:38:26,955 INFO     Epoch: [7][0/5174]	Time 1.304 (1.304)	Loss 0.3966 (0.3966)
2022-11-18 23:38:57,964 INFO     Epoch: [7][200/5174]	Time 0.154 (0.161)	Loss 0.3801 (0.3900)
2022-11-18 23:39:29,030 INFO     Epoch: [7][400/5174]	Time 0.156 (0.158)	Loss 0.3983 (0.3903)
2022-11-18 23:40:00,113 INFO     Epoch: [7][600/5174]	Time 0.160 (0.157)	Loss 0.3898 (0.3903)
2022-11-18 23:40:31,224 INFO     Epoch: [7][800/5174]	Time 0.149 (0.157)	Loss 0.3857 (0.3903)
2022-11-18 23:41:02,336 INFO     Epoch: [7][1000/5174]	Time 0.156 (0.156)	Loss 0.3882 (0.3903)
2022-11-18 23:41:33,449 INFO     Epoch: [7][1200/5174]	Time 0.160 (0.156)	Loss 0.4012 (0.3904)
2022-11-18 23:42:04,582 INFO     Epoch: [7][1400/5174]	Time 0.161 (0.156)	Loss 0.3891 (0.3902)
2022-11-18 23:42:35,661 INFO     Epoch: [7][1600/5174]	Time 0.160 (0.156)	Loss 0.4002 (0.3902)
2022-11-18 23:43:06,754 INFO     Epoch: [7][1800/5174]	Time 0.156 (0.156)	Loss 0.3896 (0.3902)
2022-11-18 23:43:37,870 INFO     Epoch: [7][2000/5174]	Time 0.162 (0.156)	Loss 0.3982 (0.3902)
2022-11-18 23:44:08,995 INFO     Epoch: [7][2200/5174]	Time 0.159 (0.156)	Loss 0.3959 (0.3902)
2022-11-18 23:44:40,140 INFO     Epoch: [7][2400/5174]	Time 0.157 (0.156)	Loss 0.3991 (0.3902)
2022-11-18 23:45:11,256 INFO     Epoch: [7][2600/5174]	Time 0.159 (0.156)	Loss 0.3922 (0.3902)
2022-11-18 23:45:42,341 INFO     Epoch: [7][2800/5174]	Time 0.149 (0.156)	Loss 0.3865 (0.3902)
2022-11-18 23:46:13,456 INFO     Epoch: [7][3000/5174]	Time 0.149 (0.156)	Loss 0.3904 (0.3902)
2022-11-18 23:46:44,597 INFO     Epoch: [7][3200/5174]	Time 0.153 (0.156)	Loss 0.3892 (0.3901)
2022-11-18 23:47:15,771 INFO     Epoch: [7][3400/5174]	Time 0.156 (0.156)	Loss 0.3870 (0.3902)
2022-11-18 23:47:46,922 INFO     Epoch: [7][3600/5174]	Time 0.160 (0.156)	Loss 0.3829 (0.3902)
2022-11-18 23:48:18,083 INFO     Epoch: [7][3800/5174]	Time 0.162 (0.156)	Loss 0.3829 (0.3902)
2022-11-18 23:48:49,231 INFO     Epoch: [7][4000/5174]	Time 0.155 (0.156)	Loss 0.3923 (0.3902)
2022-11-18 23:49:20,417 INFO     Epoch: [7][4200/5174]	Time 0.156 (0.156)	Loss 0.3898 (0.3902)
2022-11-18 23:49:51,608 INFO     Epoch: [7][4400/5174]	Time 0.155 (0.156)	Loss 0.3937 (0.3902)
2022-11-18 23:50:22,777 INFO     Epoch: [7][4600/5174]	Time 0.153 (0.156)	Loss 0.3913 (0.3902)
2022-11-18 23:50:53,955 INFO     Epoch: [7][4800/5174]	Time 0.161 (0.156)	Loss 0.4009 (0.3902)
2022-11-18 23:51:25,115 INFO     Epoch: [7][5000/5174]	Time 0.156 (0.156)	Loss 0.3879 (0.3902)
2022-11-18 23:51:53,293 INFO     Test: [0/2532]	Time 1.226 (1.226)	Loss 0.4161 (0.4161)
2022-11-18 23:52:18,985 INFO     Test: [200/2532]	Time 0.133 (0.134)	Loss 0.3852 (0.3889)
2022-11-18 23:52:44,661 INFO     Test: [400/2532]	Time 0.128 (0.131)	Loss 0.3877 (0.3896)
2022-11-18 23:53:10,322 INFO     Test: [600/2532]	Time 0.129 (0.130)	Loss 0.3900 (0.3897)
2022-11-18 23:53:36,036 INFO     Test: [800/2532]	Time 0.127 (0.130)	Loss 0.3875 (0.3895)
2022-11-18 23:54:01,758 INFO     Test: [1000/2532]	Time 0.128 (0.130)	Loss 0.3971 (0.3896)
2022-11-18 23:54:27,450 INFO     Test: [1200/2532]	Time 0.127 (0.129)	Loss 0.3896 (0.3897)
2022-11-18 23:54:53,117 INFO     Test: [1400/2532]	Time 0.127 (0.129)	Loss 0.3930 (0.3897)
2022-11-18 23:55:18,784 INFO     Test: [1600/2532]	Time 0.128 (0.129)	Loss 0.4150 (0.3898)
2022-11-18 23:55:44,477 INFO     Test: [1800/2532]	Time 0.128 (0.129)	Loss 0.3872 (0.3898)
2022-11-18 23:56:10,107 INFO     Test: [2000/2532]	Time 0.128 (0.129)	Loss 0.3845 (0.3897)
2022-11-18 23:56:35,762 INFO     Test: [2200/2532]	Time 0.128 (0.129)	Loss 0.3866 (0.3897)
2022-11-18 23:57:01,402 INFO     Test: [2400/2532]	Time 0.129 (0.129)	Loss 0.3830 (0.3898)
2022-11-18 23:58:15,559 INFO     [Test] mAP: 0.607, averageAP: 0.605
					(Compute with all label) OP: 0.000, OR: 0.000, OF1: nan, CP: 0.000, CR: 0.000, CF1:nan
					(Compute with top-3 label) OP: 0.000, OR: 0.000, OF1: nan, CP: 0.000, CR: 0.000, CF1: nan
2022-11-18 23:58:18,796 INFO     [Best] [Epoch 7]: Best mAP is 0.607
2022-11-18 23:58:20,023 INFO     Epoch: [8][0/5174]	Time 1.102 (1.102)	Loss 0.3813 (0.3813)
2022-11-18 23:58:51,014 INFO     Epoch: [8][200/5174]	Time 0.150 (0.160)	Loss 0.3862 (0.3906)
2022-11-18 23:59:22,071 INFO     Epoch: [8][400/5174]	Time 0.150 (0.157)	Loss 0.3914 (0.3906)
2022-11-18 23:59:53,142 INFO     Epoch: [8][600/5174]	Time 0.153 (0.157)	Loss 0.3910 (0.3907)
2022-11-19 00:00:24,210 INFO     Epoch: [8][800/5174]	Time 0.158 (0.156)	Loss 0.3908 (0.3905)
2022-11-19 00:00:55,293 INFO     Epoch: [8][1000/5174]	Time 0.154 (0.156)	Loss 0.3901 (0.3903)
2022-11-19 00:01:26,347 INFO     Epoch: [8][1200/5174]	Time 0.162 (0.156)	Loss 0.3837 (0.3902)
2022-11-19 00:01:57,429 INFO     Epoch: [8][1400/5174]	Time 0.155 (0.156)	Loss 0.3833 (0.3902)
2022-11-19 00:02:28,525 INFO     Epoch: [8][1600/5174]	Time 0.157 (0.156)	Loss 0.3912 (0.3903)
2022-11-19 00:02:59,601 INFO     Epoch: [8][1800/5174]	Time 0.154 (0.156)	Loss 0.3856 (0.3902)
2022-11-19 00:03:30,669 INFO     Epoch: [8][2000/5174]	Time 0.157 (0.156)	Loss 0.3978 (0.3903)
2022-11-19 00:04:01,752 INFO     Epoch: [8][2200/5174]	Time 0.155 (0.156)	Loss 0.3843 (0.3903)
2022-11-19 00:04:32,819 INFO     Epoch: [8][2400/5174]	Time 0.154 (0.156)	Loss 0.3920 (0.3903)
2022-11-19 00:05:03,923 INFO     Epoch: [8][2600/5174]	Time 0.163 (0.156)	Loss 0.3899 (0.3903)
2022-11-19 00:05:34,997 INFO     Epoch: [8][2800/5174]	Time 0.154 (0.156)	Loss 0.3799 (0.3903)
2022-11-19 00:06:06,049 INFO     Epoch: [8][3000/5174]	Time 0.154 (0.156)	Loss 0.3985 (0.3903)
2022-11-19 00:06:37,111 INFO     Epoch: [8][3200/5174]	Time 0.158 (0.156)	Loss 0.3842 (0.3902)
2022-11-19 00:07:08,192 INFO     Epoch: [8][3400/5174]	Time 0.162 (0.156)	Loss 0.3865 (0.3902)
2022-11-19 00:07:39,278 INFO     Epoch: [8][3600/5174]	Time 0.155 (0.156)	Loss 0.3898 (0.3902)
2022-11-19 00:08:10,387 INFO     Epoch: [8][3800/5174]	Time 0.160 (0.156)	Loss 0.3878 (0.3902)
2022-11-19 00:08:41,492 INFO     Epoch: [8][4000/5174]	Time 0.158 (0.156)	Loss 0.3894 (0.3902)
2022-11-19 00:09:12,566 INFO     Epoch: [8][4200/5174]	Time 0.155 (0.156)	Loss 0.3904 (0.3902)
2022-11-19 00:09:43,660 INFO     Epoch: [8][4400/5174]	Time 0.155 (0.156)	Loss 0.3884 (0.3902)
2022-11-19 00:10:14,701 INFO     Epoch: [8][4600/5174]	Time 0.155 (0.156)	Loss 0.3971 (0.3902)
2022-11-19 00:10:45,776 INFO     Epoch: [8][4800/5174]	Time 0.154 (0.156)	Loss 0.3908 (0.3902)
2022-11-19 00:11:16,839 INFO     Epoch: [8][5000/5174]	Time 0.155 (0.156)	Loss 0.3949 (0.3902)
2022-11-19 00:11:44,871 INFO     Test: [0/2532]	Time 1.122 (1.122)	Loss 0.4161 (0.4161)
2022-11-19 00:12:10,547 INFO     Test: [200/2532]	Time 0.127 (0.133)	Loss 0.3852 (0.3889)
2022-11-19 00:12:36,226 INFO     Test: [400/2532]	Time 0.127 (0.131)	Loss 0.3877 (0.3896)
2022-11-19 00:13:01,905 INFO     Test: [600/2532]	Time 0.128 (0.130)	Loss 0.3900 (0.3897)
2022-11-19 00:13:27,577 INFO     Test: [800/2532]	Time 0.128 (0.130)	Loss 0.3875 (0.3895)
2022-11-19 00:13:53,297 INFO     Test: [1000/2532]	Time 0.127 (0.129)	Loss 0.3971 (0.3896)
2022-11-19 00:14:19,021 INFO     Test: [1200/2532]	Time 0.127 (0.129)	Loss 0.3896 (0.3897)
2022-11-19 00:14:44,776 INFO     Test: [1400/2532]	Time 0.127 (0.129)	Loss 0.3930 (0.3897)
2022-11-19 00:15:10,478 INFO     Test: [1600/2532]	Time 0.127 (0.129)	Loss 0.4150 (0.3898)
2022-11-19 00:15:36,142 INFO     Test: [1800/2532]	Time 0.129 (0.129)	Loss 0.3872 (0.3898)
2022-11-19 00:16:01,816 INFO     Test: [2000/2532]	Time 0.127 (0.129)	Loss 0.3845 (0.3897)
2022-11-19 00:16:27,527 INFO     Test: [2200/2532]	Time 0.131 (0.129)	Loss 0.3866 (0.3897)
2022-11-19 00:16:53,237 INFO     Test: [2400/2532]	Time 0.128 (0.129)	Loss 0.3830 (0.3898)
2022-11-19 00:18:07,114 INFO     [Test] mAP: 0.605, averageAP: 0.603
					(Compute with all label) OP: 0.000, OR: 0.000, OF1: nan, CP: 0.000, CR: 0.000, CF1:nan
					(Compute with top-3 label) OP: 0.000, OR: 0.000, OF1: nan, CP: 0.000, CR: 0.000, CF1: nan
2022-11-19 00:18:10,007 INFO     Epoch: [9][0/5174]	Time 1.161 (1.161)	Loss 0.3946 (0.3946)
2022-11-19 00:18:41,009 INFO     Epoch: [9][200/5174]	Time 0.155 (0.160)	Loss 0.4016 (0.3898)
2022-11-19 00:19:12,002 INFO     Epoch: [9][400/5174]	Time 0.154 (0.157)	Loss 0.3846 (0.3900)
2022-11-19 00:19:43,146 INFO     Epoch: [9][600/5174]	Time 0.154 (0.157)	Loss 0.3913 (0.3900)
2022-11-19 00:20:14,216 INFO     Epoch: [9][800/5174]	Time 0.153 (0.156)	Loss 0.3942 (0.3900)
2022-11-19 00:20:45,374 INFO     Epoch: [9][1000/5174]	Time 0.157 (0.156)	Loss 0.3934 (0.3900)
2022-11-19 00:21:16,481 INFO     Epoch: [9][1200/5174]	Time 0.157 (0.156)	Loss 0.3919 (0.3900)
2022-11-19 00:21:47,567 INFO     Epoch: [9][1400/5174]	Time 0.158 (0.156)	Loss 0.3988 (0.3900)
2022-11-19 00:22:18,672 INFO     Epoch: [9][1600/5174]	Time 0.160 (0.156)	Loss 0.3983 (0.3901)
2022-11-19 00:22:49,796 INFO     Epoch: [9][1800/5174]	Time 0.156 (0.156)	Loss 0.3949 (0.3901)
2022-11-19 00:23:20,880 INFO     Epoch: [9][2000/5174]	Time 0.155 (0.156)	Loss 0.3924 (0.3901)
2022-11-19 00:23:51,976 INFO     Epoch: [9][2200/5174]	Time 0.154 (0.156)	Loss 0.3762 (0.3901)
2022-11-19 00:24:23,060 INFO     Epoch: [9][2400/5174]	Time 0.155 (0.156)	Loss 0.3879 (0.3901)
2022-11-19 00:24:54,152 INFO     Epoch: [9][2600/5174]	Time 0.159 (0.156)	Loss 0.3930 (0.3901)
2022-11-19 00:25:25,249 INFO     Epoch: [9][2800/5174]	Time 0.158 (0.156)	Loss 0.3926 (0.3901)
2022-11-19 00:25:56,358 INFO     Epoch: [9][3000/5174]	Time 0.156 (0.156)	Loss 0.3856 (0.3901)
2022-11-19 00:26:27,481 INFO     Epoch: [9][3200/5174]	Time 0.158 (0.156)	Loss 0.3850 (0.3901)
2022-11-19 00:26:58,608 INFO     Epoch: [9][3400/5174]	Time 0.155 (0.156)	Loss 0.3866 (0.3901)
2022-11-19 00:27:29,763 INFO     Epoch: [9][3600/5174]	Time 0.160 (0.156)	Loss 0.3893 (0.3901)
2022-11-19 00:28:00,895 INFO     Epoch: [9][3800/5174]	Time 0.162 (0.156)	Loss 0.3850 (0.3902)
2022-11-19 00:28:32,041 INFO     Epoch: [9][4000/5174]	Time 0.153 (0.156)	Loss 0.3879 (0.3902)
2022-11-19 00:29:03,150 INFO     Epoch: [9][4200/5174]	Time 0.154 (0.156)	Loss 0.3856 (0.3902)
2022-11-19 00:29:34,288 INFO     Epoch: [9][4400/5174]	Time 0.158 (0.156)	Loss 0.3822 (0.3902)
2022-11-19 00:30:05,412 INFO     Epoch: [9][4600/5174]	Time 0.157 (0.156)	Loss 0.3911 (0.3902)
2022-11-19 00:30:36,549 INFO     Epoch: [9][4800/5174]	Time 0.156 (0.156)	Loss 0.3850 (0.3902)
2022-11-19 00:31:07,695 INFO     Epoch: [9][5000/5174]	Time 0.149 (0.156)	Loss 0.3986 (0.3902)
2022-11-19 00:31:35,706 INFO     Test: [0/2532]	Time 1.096 (1.096)	Loss 0.4161 (0.4161)
2022-11-19 00:32:01,345 INFO     Test: [200/2532]	Time 0.128 (0.133)	Loss 0.3852 (0.3889)
2022-11-19 00:32:27,022 INFO     Test: [400/2532]	Time 0.130 (0.131)	Loss 0.3877 (0.3896)
2022-11-19 00:32:52,673 INFO     Test: [600/2532]	Time 0.128 (0.130)	Loss 0.3900 (0.3897)
2022-11-19 00:33:18,311 INFO     Test: [800/2532]	Time 0.129 (0.129)	Loss 0.3875 (0.3895)
2022-11-19 00:33:43,960 INFO     Test: [1000/2532]	Time 0.130 (0.129)	Loss 0.3971 (0.3896)
2022-11-19 00:34:09,744 INFO     Test: [1200/2532]	Time 0.130 (0.129)	Loss 0.3896 (0.3897)
2022-11-19 00:34:35,448 INFO     Test: [1400/2532]	Time 0.132 (0.129)	Loss 0.3930 (0.3897)
2022-11-19 00:35:01,105 INFO     Test: [1600/2532]	Time 0.128 (0.129)	Loss 0.4150 (0.3898)
2022-11-19 00:35:26,812 INFO     Test: [1800/2532]	Time 0.128 (0.129)	Loss 0.3872 (0.3898)
2022-11-19 00:35:52,470 INFO     Test: [2000/2532]	Time 0.129 (0.129)	Loss 0.3845 (0.3897)
2022-11-19 00:36:18,151 INFO     Test: [2200/2532]	Time 0.129 (0.129)	Loss 0.3866 (0.3897)
2022-11-19 00:36:43,838 INFO     Test: [2400/2532]	Time 0.127 (0.129)	Loss 0.3830 (0.3898)
2022-11-19 00:37:57,585 INFO     [Test] mAP: 0.608, averageAP: 0.606
					(Compute with all label) OP: 0.000, OR: 0.000, OF1: nan, CP: 0.000, CR: 0.000, CF1:nan
					(Compute with top-3 label) OP: 0.000, OR: 0.000, OF1: nan, CP: 0.000, CR: 0.000, CF1: nan
2022-11-19 00:38:00,801 INFO     [Best] [Epoch 9]: Best mAP is 0.608
2022-11-19 00:38:02,358 INFO     Epoch: [10][0/5174]	Time 1.553 (1.553)	Loss 0.3936 (0.3936)
2022-11-19 00:38:33,345 INFO     Epoch: [10][200/5174]	Time 0.159 (0.161)	Loss 0.3906 (0.3906)
2022-11-19 00:39:04,429 INFO     Epoch: [10][400/5174]	Time 0.156 (0.158)	Loss 0.3917 (0.3901)
2022-11-19 00:39:35,511 INFO     Epoch: [10][600/5174]	Time 0.156 (0.157)	Loss 0.3877 (0.3900)
2022-11-19 00:40:06,625 INFO     Epoch: [10][800/5174]	Time 0.160 (0.157)	Loss 0.3962 (0.3900)
2022-11-19 00:40:37,676 INFO     Epoch: [10][1000/5174]	Time 0.161 (0.157)	Loss 0.3911 (0.3901)
2022-11-19 00:41:08,815 INFO     Epoch: [10][1200/5174]	Time 0.163 (0.156)	Loss 0.3937 (0.3901)
2022-11-19 00:41:39,964 INFO     Epoch: [10][1400/5174]	Time 0.155 (0.156)	Loss 0.3873 (0.3901)
2022-11-19 00:42:11,148 INFO     Epoch: [10][1600/5174]	Time 0.160 (0.156)	Loss 0.3914 (0.3901)
2022-11-19 00:42:42,277 INFO     Epoch: [10][1800/5174]	Time 0.157 (0.156)	Loss 0.3939 (0.3902)
2022-11-19 00:43:13,442 INFO     Epoch: [10][2000/5174]	Time 0.153 (0.156)	Loss 0.3904 (0.3902)
2022-11-19 00:43:44,626 INFO     Epoch: [10][2200/5174]	Time 0.161 (0.156)	Loss 0.3926 (0.3902)
2022-11-19 00:44:15,827 INFO     Epoch: [10][2400/5174]	Time 0.157 (0.156)	Loss 0.3933 (0.3902)
2022-11-19 00:44:47,021 INFO     Epoch: [10][2600/5174]	Time 0.159 (0.156)	Loss 0.3910 (0.3902)
2022-11-19 00:45:18,176 INFO     Epoch: [10][2800/5174]	Time 0.158 (0.156)	Loss 0.3842 (0.3902)
2022-11-19 00:45:49,342 INFO     Epoch: [10][3000/5174]	Time 0.156 (0.156)	Loss 0.3885 (0.3902)
2022-11-19 00:46:20,486 INFO     Epoch: [10][3200/5174]	Time 0.154 (0.156)	Loss 0.3958 (0.3902)
2022-11-19 00:46:51,635 INFO     Epoch: [10][3400/5174]	Time 0.156 (0.156)	Loss 0.3924 (0.3902)
2022-11-19 00:47:22,778 INFO     Epoch: [10][3600/5174]	Time 0.155 (0.156)	Loss 0.3912 (0.3902)
2022-11-19 00:47:53,961 INFO     Epoch: [10][3800/5174]	Time 0.155 (0.156)	Loss 0.3919 (0.3902)
2022-11-19 00:48:25,114 INFO     Epoch: [10][4000/5174]	Time 0.160 (0.156)	Loss 0.3873 (0.3902)
2022-11-19 00:48:56,329 INFO     Epoch: [10][4200/5174]	Time 0.155 (0.156)	Loss 0.3984 (0.3902)
2022-11-19 00:49:27,488 INFO     Epoch: [10][4400/5174]	Time 0.155 (0.156)	Loss 0.3926 (0.3902)
2022-11-19 00:49:58,640 INFO     Epoch: [10][4600/5174]	Time 0.157 (0.156)	Loss 0.3877 (0.3902)
2022-11-19 00:50:29,781 INFO     Epoch: [10][4800/5174]	Time 0.159 (0.156)	Loss 0.3964 (0.3902)
2022-11-19 00:51:00,928 INFO     Epoch: [10][5000/5174]	Time 0.154 (0.156)	Loss 0.3880 (0.3902)
2022-11-19 00:51:28,988 INFO     Test: [0/2532]	Time 1.120 (1.120)	Loss 0.4161 (0.4161)
2022-11-19 00:51:54,626 INFO     Test: [200/2532]	Time 0.132 (0.133)	Loss 0.3852 (0.3889)
2022-11-19 00:52:20,326 INFO     Test: [400/2532]	Time 0.128 (0.131)	Loss 0.3877 (0.3896)
2022-11-19 00:52:46,035 INFO     Test: [600/2532]	Time 0.128 (0.130)	Loss 0.3900 (0.3897)
2022-11-19 00:53:11,782 INFO     Test: [800/2532]	Time 0.128 (0.130)	Loss 0.3875 (0.3895)
2022-11-19 00:53:37,523 INFO     Test: [1000/2532]	Time 0.128 (0.130)	Loss 0.3971 (0.3896)
2022-11-19 00:54:03,217 INFO     Test: [1200/2532]	Time 0.127 (0.129)	Loss 0.3896 (0.3897)
2022-11-19 00:54:28,936 INFO     Test: [1400/2532]	Time 0.129 (0.129)	Loss 0.3930 (0.3897)
2022-11-19 00:54:54,693 INFO     Test: [1600/2532]	Time 0.127 (0.129)	Loss 0.4150 (0.3898)
2022-11-19 00:55:20,387 INFO     Test: [1800/2532]	Time 0.130 (0.129)	Loss 0.3872 (0.3898)
2022-11-19 00:55:46,108 INFO     Test: [2000/2532]	Time 0.127 (0.129)	Loss 0.3845 (0.3897)
2022-11-19 00:56:11,842 INFO     Test: [2200/2532]	Time 0.131 (0.129)	Loss 0.3866 (0.3897)
2022-11-19 00:56:37,575 INFO     Test: [2400/2532]	Time 0.128 (0.129)	Loss 0.3830 (0.3898)
2022-11-19 00:57:51,389 INFO     [Test] mAP: 0.610, averageAP: 0.608
					(Compute with all label) OP: 0.000, OR: 0.000, OF1: nan, CP: 0.000, CR: 0.000, CF1:nan
					(Compute with top-3 label) OP: 0.000, OR: 0.000, OF1: nan, CP: 0.000, CR: 0.000, CF1: nan
2022-11-19 00:57:54,684 INFO     [Best] [Epoch 10]: Best mAP is 0.610
2022-11-19 00:57:56,066 INFO     Epoch: [11][0/5174]	Time 1.257 (1.257)	Loss 0.3912 (0.3912)
2022-11-19 00:58:27,102 INFO     Epoch: [11][200/5174]	Time 0.156 (0.161)	Loss 0.3944 (0.3902)
2022-11-19 00:58:58,192 INFO     Epoch: [11][400/5174]	Time 0.156 (0.158)	Loss 0.3921 (0.3902)
2022-11-19 00:59:29,286 INFO     Epoch: [11][600/5174]	Time 0.152 (0.157)	Loss 0.3852 (0.3903)
2022-11-19 01:00:00,391 INFO     Epoch: [11][800/5174]	Time 0.162 (0.157)	Loss 0.3895 (0.3902)
2022-11-19 01:00:31,496 INFO     Epoch: [11][1000/5174]	Time 0.156 (0.157)	Loss 0.3863 (0.3902)
2022-11-19 01:01:02,586 INFO     Epoch: [11][1200/5174]	Time 0.163 (0.156)	Loss 0.3913 (0.3902)
2022-11-19 01:01:33,720 INFO     Epoch: [11][1400/5174]	Time 0.156 (0.156)	Loss 0.3970 (0.3901)
2022-11-19 01:02:04,837 INFO     Epoch: [11][1600/5174]	Time 0.153 (0.156)	Loss 0.3902 (0.3903)
2022-11-19 01:02:35,949 INFO     Epoch: [11][1800/5174]	Time 0.160 (0.156)	Loss 0.3912 (0.3902)
2022-11-19 01:03:07,092 INFO     Epoch: [11][2000/5174]	Time 0.154 (0.156)	Loss 0.3950 (0.3902)
2022-11-19 01:03:38,167 INFO     Epoch: [11][2200/5174]	Time 0.159 (0.156)	Loss 0.3903 (0.3902)
2022-11-19 01:04:09,239 INFO     Epoch: [11][2400/5174]	Time 0.154 (0.156)	Loss 0.3867 (0.3903)
2022-11-19 01:04:40,358 INFO     Epoch: [11][2600/5174]	Time 0.154 (0.156)	Loss 0.3925 (0.3903)
2022-11-19 01:05:11,473 INFO     Epoch: [11][2800/5174]	Time 0.161 (0.156)	Loss 0.3965 (0.3903)
2022-11-19 01:05:42,574 INFO     Epoch: [11][3000/5174]	Time 0.155 (0.156)	Loss 0.3913 (0.3903)
2022-11-19 01:06:13,700 INFO     Epoch: [11][3200/5174]	Time 0.161 (0.156)	Loss 0.3923 (0.3903)
2022-11-19 01:06:44,803 INFO     Epoch: [11][3400/5174]	Time 0.157 (0.156)	Loss 0.3877 (0.3903)
2022-11-19 01:07:15,909 INFO     Epoch: [11][3600/5174]	Time 0.149 (0.156)	Loss 0.3969 (0.3902)
2022-11-19 01:07:47,050 INFO     Epoch: [11][3800/5174]	Time 0.149 (0.156)	Loss 0.3972 (0.3902)
2022-11-19 01:08:18,178 INFO     Epoch: [11][4000/5174]	Time 0.156 (0.156)	Loss 0.3846 (0.3902)
2022-11-19 01:08:49,285 INFO     Epoch: [11][4200/5174]	Time 0.161 (0.156)	Loss 0.3911 (0.3902)
2022-11-19 01:09:20,389 INFO     Epoch: [11][4400/5174]	Time 0.161 (0.156)	Loss 0.3948 (0.3902)
2022-11-19 01:09:51,489 INFO     Epoch: [11][4600/5174]	Time 0.159 (0.156)	Loss 0.3887 (0.3902)
2022-11-19 01:10:22,610 INFO     Epoch: [11][4800/5174]	Time 0.159 (0.156)	Loss 0.3926 (0.3902)
2022-11-19 01:10:53,743 INFO     Epoch: [11][5000/5174]	Time 0.156 (0.156)	Loss 0.3865 (0.3902)
2022-11-19 01:11:21,823 INFO     Test: [0/2532]	Time 1.126 (1.126)	Loss 0.4161 (0.4161)
2022-11-19 01:11:47,498 INFO     Test: [200/2532]	Time 0.128 (0.133)	Loss 0.3852 (0.3889)
2022-11-19 01:12:13,202 INFO     Test: [400/2532]	Time 0.128 (0.131)	Loss 0.3877 (0.3896)
2022-11-19 01:12:38,887 INFO     Test: [600/2532]	Time 0.128 (0.130)	Loss 0.3900 (0.3897)
2022-11-19 01:13:04,526 INFO     Test: [800/2532]	Time 0.127 (0.130)	Loss 0.3875 (0.3895)
2022-11-19 01:13:30,222 INFO     Test: [1000/2532]	Time 0.128 (0.129)	Loss 0.3971 (0.3896)
2022-11-19 01:13:55,927 INFO     Test: [1200/2532]	Time 0.127 (0.129)	Loss 0.3896 (0.3897)
2022-11-19 01:14:21,605 INFO     Test: [1400/2532]	Time 0.131 (0.129)	Loss 0.3930 (0.3897)
2022-11-19 01:14:47,286 INFO     Test: [1600/2532]	Time 0.130 (0.129)	Loss 0.4150 (0.3898)
2022-11-19 01:15:12,979 INFO     Test: [1800/2532]	Time 0.131 (0.129)	Loss 0.3872 (0.3898)
2022-11-19 01:15:38,683 INFO     Test: [2000/2532]	Time 0.127 (0.129)	Loss 0.3845 (0.3897)
2022-11-19 01:16:04,353 INFO     Test: [2200/2532]	Time 0.132 (0.129)	Loss 0.3866 (0.3897)
2022-11-19 01:16:30,007 INFO     Test: [2400/2532]	Time 0.128 (0.129)	Loss 0.3830 (0.3898)
2022-11-19 01:17:44,000 INFO     [Test] mAP: 0.611, averageAP: 0.609
					(Compute with all label) OP: 0.000, OR: 0.000, OF1: nan, CP: 0.000, CR: 0.000, CF1:nan
					(Compute with top-3 label) OP: 0.000, OR: 0.000, OF1: nan, CP: 0.000, CR: 0.000, CF1: nan
2022-11-19 01:17:47,194 INFO     [Best] [Epoch 11]: Best mAP is 0.611
2022-11-19 01:17:48,568 INFO     Epoch: [12][0/5174]	Time 1.247 (1.247)	Loss 0.4013 (0.4013)
2022-11-19 01:18:19,640 INFO     Epoch: [12][200/5174]	Time 0.154 (0.161)	Loss 0.3852 (0.3904)
2022-11-19 01:18:50,681 INFO     Epoch: [12][400/5174]	Time 0.148 (0.158)	Loss 0.4052 (0.3902)
2022-11-19 01:19:21,763 INFO     Epoch: [12][600/5174]	Time 0.153 (0.157)	Loss 0.3962 (0.3901)
2022-11-19 01:19:52,880 INFO     Epoch: [12][800/5174]	Time 0.159 (0.157)	Loss 0.3828 (0.3901)
2022-11-19 01:20:23,972 INFO     Epoch: [12][1000/5174]	Time 0.161 (0.156)	Loss 0.3925 (0.3900)
2022-11-19 01:20:55,089 INFO     Epoch: [12][1200/5174]	Time 0.158 (0.156)	Loss 0.3973 (0.3900)
2022-11-19 01:21:26,209 INFO     Epoch: [12][1400/5174]	Time 0.158 (0.156)	Loss 0.4035 (0.3900)
2022-11-19 01:21:57,285 INFO     Epoch: [12][1600/5174]	Time 0.155 (0.156)	Loss 0.3834 (0.3900)
2022-11-19 01:22:28,388 INFO     Epoch: [12][1800/5174]	Time 0.159 (0.156)	Loss 0.3885 (0.3900)
2022-11-19 01:22:59,467 INFO     Epoch: [12][2000/5174]	Time 0.155 (0.156)	Loss 0.3822 (0.3900)
2022-11-19 01:23:30,578 INFO     Epoch: [12][2200/5174]	Time 0.152 (0.156)	Loss 0.3827 (0.3900)
2022-11-19 01:24:01,692 INFO     Epoch: [12][2400/5174]	Time 0.157 (0.156)	Loss 0.3910 (0.3900)
2022-11-19 01:24:32,783 INFO     Epoch: [12][2600/5174]	Time 0.150 (0.156)	Loss 0.3873 (0.3900)
2022-11-19 01:25:03,889 INFO     Epoch: [12][2800/5174]	Time 0.153 (0.156)	Loss 0.3927 (0.3900)
2022-11-19 01:25:34,997 INFO     Epoch: [12][3000/5174]	Time 0.150 (0.156)	Loss 0.3866 (0.3900)
2022-11-19 01:26:06,109 INFO     Epoch: [12][3200/5174]	Time 0.150 (0.156)	Loss 0.3942 (0.3900)
2022-11-19 01:26:37,226 INFO     Epoch: [12][3400/5174]	Time 0.155 (0.156)	Loss 0.3959 (0.3900)
2022-11-19 01:27:08,318 INFO     Epoch: [12][3600/5174]	Time 0.150 (0.156)	Loss 0.3963 (0.3901)
2022-11-19 01:27:39,415 INFO     Epoch: [12][3800/5174]	Time 0.145 (0.156)	Loss 0.3966 (0.3901)
2022-11-19 01:28:10,502 INFO     Epoch: [12][4000/5174]	Time 0.157 (0.156)	Loss 0.3892 (0.3901)
2022-11-19 01:28:41,609 INFO     Epoch: [12][4200/5174]	Time 0.151 (0.156)	Loss 0.3846 (0.3902)
2022-11-19 01:29:12,683 INFO     Epoch: [12][4400/5174]	Time 0.158 (0.156)	Loss 0.3849 (0.3902)
2022-11-19 01:29:43,802 INFO     Epoch: [12][4600/5174]	Time 0.161 (0.156)	Loss 0.3932 (0.3902)
2022-11-19 01:30:14,927 INFO     Epoch: [12][4800/5174]	Time 0.155 (0.156)	Loss 0.3884 (0.3902)
2022-11-19 01:30:46,013 INFO     Epoch: [12][5000/5174]	Time 0.156 (0.156)	Loss 0.3991 (0.3902)
2022-11-19 01:31:14,028 INFO     Test: [0/2532]	Time 1.126 (1.126)	Loss 0.4161 (0.4161)
2022-11-19 01:31:39,703 INFO     Test: [200/2532]	Time 0.132 (0.133)	Loss 0.3852 (0.3889)
2022-11-19 01:32:05,417 INFO     Test: [400/2532]	Time 0.129 (0.131)	Loss 0.3877 (0.3896)
2022-11-19 01:32:31,108 INFO     Test: [600/2532]	Time 0.129 (0.130)	Loss 0.3900 (0.3897)
2022-11-19 01:32:56,816 INFO     Test: [800/2532]	Time 0.127 (0.130)	Loss 0.3875 (0.3895)
2022-11-19 01:33:22,458 INFO     Test: [1000/2532]	Time 0.127 (0.129)	Loss 0.3971 (0.3896)
2022-11-19 01:33:48,139 INFO     Test: [1200/2532]	Time 0.127 (0.129)	Loss 0.3896 (0.3897)
2022-11-19 01:34:13,822 INFO     Test: [1400/2532]	Time 0.131 (0.129)	Loss 0.3930 (0.3897)
2022-11-19 01:34:39,506 INFO     Test: [1600/2532]	Time 0.127 (0.129)	Loss 0.4150 (0.3898)
2022-11-19 01:35:05,193 INFO     Test: [1800/2532]	Time 0.128 (0.129)	Loss 0.3872 (0.3898)
2022-11-19 01:35:30,898 INFO     Test: [2000/2532]	Time 0.127 (0.129)	Loss 0.3845 (0.3897)
2022-11-19 01:35:56,575 INFO     Test: [2200/2532]	Time 0.129 (0.129)	Loss 0.3866 (0.3897)
2022-11-19 01:36:22,313 INFO     Test: [2400/2532]	Time 0.127 (0.129)	Loss 0.3830 (0.3898)
2022-11-19 01:37:35,997 INFO     [Test] mAP: 0.610, averageAP: 0.608
					(Compute with all label) OP: 0.000, OR: 0.000, OF1: nan, CP: 0.000, CR: 0.000, CF1:nan
					(Compute with top-3 label) OP: 0.000, OR: 0.000, OF1: nan, CP: 0.000, CR: 0.000, CF1: nan
2022-11-19 01:37:38,909 INFO     Epoch: [13][0/5174]	Time 1.128 (1.128)	Loss 0.3860 (0.3860)
2022-11-19 01:38:09,957 INFO     Epoch: [13][200/5174]	Time 0.154 (0.160)	Loss 0.3854 (0.3897)
2022-11-19 01:38:41,011 INFO     Epoch: [13][400/5174]	Time 0.154 (0.158)	Loss 0.3961 (0.3899)
2022-11-19 01:39:12,123 INFO     Epoch: [13][600/5174]	Time 0.154 (0.157)	Loss 0.3967 (0.3898)
2022-11-19 01:39:43,204 INFO     Epoch: [13][800/5174]	Time 0.155 (0.157)	Loss 0.3894 (0.3899)
2022-11-19 01:40:14,327 INFO     Epoch: [13][1000/5174]	Time 0.155 (0.156)	Loss 0.3836 (0.3899)
2022-11-19 01:40:45,430 INFO     Epoch: [13][1200/5174]	Time 0.151 (0.156)	Loss 0.3908 (0.3900)
2022-11-19 01:41:16,506 INFO     Epoch: [13][1400/5174]	Time 0.158 (0.156)	Loss 0.3955 (0.3900)
2022-11-19 01:41:47,624 INFO     Epoch: [13][1600/5174]	Time 0.153 (0.156)	Loss 0.3820 (0.3901)
2022-11-19 01:42:18,716 INFO     Epoch: [13][1800/5174]	Time 0.152 (0.156)	Loss 0.3908 (0.3901)
2022-11-19 01:42:49,831 INFO     Epoch: [13][2000/5174]	Time 0.157 (0.156)	Loss 0.3872 (0.3901)
2022-11-19 01:43:20,948 INFO     Epoch: [13][2200/5174]	Time 0.161 (0.156)	Loss 0.3888 (0.3901)
2022-11-19 01:43:52,078 INFO     Epoch: [13][2400/5174]	Time 0.157 (0.156)	Loss 0.3966 (0.3901)
2022-11-19 01:44:23,186 INFO     Epoch: [13][2600/5174]	Time 0.160 (0.156)	Loss 0.3878 (0.3901)
2022-11-19 01:44:54,242 INFO     Epoch: [13][2800/5174]	Time 0.144 (0.156)	Loss 0.3855 (0.3901)
2022-11-19 01:45:25,333 INFO     Epoch: [13][3000/5174]	Time 0.154 (0.156)	Loss 0.3949 (0.3902)
2022-11-19 01:45:56,444 INFO     Epoch: [13][3200/5174]	Time 0.148 (0.156)	Loss 0.3822 (0.3902)
2022-11-19 01:46:27,603 INFO     Epoch: [13][3400/5174]	Time 0.157 (0.156)	Loss 0.3804 (0.3902)
2022-11-19 01:46:58,785 INFO     Epoch: [13][3600/5174]	Time 0.155 (0.156)	Loss 0.3918 (0.3902)
2022-11-19 01:47:30,010 INFO     Epoch: [13][3800/5174]	Time 0.157 (0.156)	Loss 0.3911 (0.3902)
2022-11-19 01:48:01,212 INFO     Epoch: [13][4000/5174]	Time 0.154 (0.156)	Loss 0.3885 (0.3902)
2022-11-19 01:48:32,468 INFO     Epoch: [13][4200/5174]	Time 0.159 (0.156)	Loss 0.3858 (0.3902)
2022-11-19 01:49:03,740 INFO     Epoch: [13][4400/5174]	Time 0.164 (0.156)	Loss 0.3872 (0.3902)
2022-11-19 01:49:34,985 INFO     Epoch: [13][4600/5174]	Time 0.155 (0.156)	Loss 0.3912 (0.3902)
2022-11-19 01:50:06,181 INFO     Epoch: [13][4800/5174]	Time 0.155 (0.156)	Loss 0.3830 (0.3902)
2022-11-19 01:50:37,471 INFO     Epoch: [13][5000/5174]	Time 0.148 (0.156)	Loss 0.3950 (0.3902)
2022-11-19 01:51:05,798 INFO     Test: [0/2532]	Time 1.251 (1.251)	Loss 0.4161 (0.4161)
2022-11-19 01:51:31,558 INFO     Test: [200/2532]	Time 0.129 (0.134)	Loss 0.3852 (0.3889)
2022-11-19 01:51:57,301 INFO     Test: [400/2532]	Time 0.130 (0.132)	Loss 0.3877 (0.3896)
2022-11-19 01:52:23,071 INFO     Test: [600/2532]	Time 0.129 (0.131)	Loss 0.3900 (0.3897)
2022-11-19 01:52:48,853 INFO     Test: [800/2532]	Time 0.128 (0.130)	Loss 0.3875 (0.3895)
2022-11-19 01:53:14,659 INFO     Test: [1000/2532]	Time 0.128 (0.130)	Loss 0.3971 (0.3896)
2022-11-19 01:53:40,462 INFO     Test: [1200/2532]	Time 0.128 (0.130)	Loss 0.3896 (0.3897)
2022-11-19 01:54:06,234 INFO     Test: [1400/2532]	Time 0.132 (0.130)	Loss 0.3930 (0.3897)
2022-11-19 01:54:32,023 INFO     Test: [1600/2532]	Time 0.128 (0.130)	Loss 0.4150 (0.3898)
2022-11-19 01:54:57,795 INFO     Test: [1800/2532]	Time 0.129 (0.130)	Loss 0.3872 (0.3898)
2022-11-19 01:55:23,569 INFO     Test: [2000/2532]	Time 0.128 (0.129)	Loss 0.3845 (0.3897)
2022-11-19 01:55:49,397 INFO     Test: [2200/2532]	Time 0.130 (0.129)	Loss 0.3866 (0.3897)
2022-11-19 01:56:15,147 INFO     Test: [2400/2532]	Time 0.133 (0.129)	Loss 0.3830 (0.3898)
2022-11-19 01:57:28,377 INFO     [Test] mAP: 0.611, averageAP: 0.609
					(Compute with all label) OP: 0.000, OR: 0.000, OF1: nan, CP: 0.000, CR: 0.000, CF1:nan
					(Compute with top-3 label) OP: 0.000, OR: 0.000, OF1: nan, CP: 0.000, CR: 0.000, CF1: nan
2022-11-19 01:57:31,254 INFO     [Best] [Epoch 13]: Best mAP is 0.611
2022-11-19 01:57:32,532 INFO     Epoch: [14][0/5174]	Time 1.256 (1.256)	Loss 0.3867 (0.3867)
2022-11-19 01:58:03,615 INFO     Epoch: [14][200/5174]	Time 0.158 (0.160)	Loss 0.3880 (0.3902)
2022-11-19 01:58:34,678 INFO     Epoch: [14][400/5174]	Time 0.158 (0.158)	Loss 0.3901 (0.3905)
2022-11-19 01:59:05,819 INFO     Epoch: [14][600/5174]	Time 0.161 (0.157)	Loss 0.3878 (0.3902)
2022-11-19 01:59:36,975 INFO     Epoch: [14][800/5174]	Time 0.160 (0.157)	Loss 0.3840 (0.3902)
2022-11-19 02:00:08,129 INFO     Epoch: [14][1000/5174]	Time 0.157 (0.157)	Loss 0.3903 (0.3902)
2022-11-19 02:00:39,308 INFO     Epoch: [14][1200/5174]	Time 0.154 (0.156)	Loss 0.3941 (0.3903)
2022-11-19 02:01:10,535 INFO     Epoch: [14][1400/5174]	Time 0.162 (0.156)	Loss 0.3909 (0.3902)
2022-11-19 02:01:41,729 INFO     Epoch: [14][1600/5174]	Time 0.154 (0.156)	Loss 0.3855 (0.3903)
2022-11-19 02:02:12,946 INFO     Epoch: [14][1800/5174]	Time 0.149 (0.156)	Loss 0.3818 (0.3902)
2022-11-19 02:02:44,157 INFO     Epoch: [14][2000/5174]	Time 0.163 (0.156)	Loss 0.3814 (0.3902)
2022-11-19 02:03:15,368 INFO     Epoch: [14][2200/5174]	Time 0.158 (0.156)	Loss 0.3971 (0.3902)
2022-11-19 02:03:46,535 INFO     Epoch: [14][2400/5174]	Time 0.152 (0.156)	Loss 0.3916 (0.3902)
2022-11-19 02:04:17,779 INFO     Epoch: [14][2600/5174]	Time 0.158 (0.156)	Loss 0.3922 (0.3902)
2022-11-19 02:04:49,049 INFO     Epoch: [14][2800/5174]	Time 0.159 (0.156)	Loss 0.3864 (0.3902)
2022-11-19 02:05:20,283 INFO     Epoch: [14][3000/5174]	Time 0.160 (0.156)	Loss 0.3862 (0.3902)
2022-11-19 02:05:51,520 INFO     Epoch: [14][3200/5174]	Time 0.150 (0.156)	Loss 0.3864 (0.3902)
2022-11-19 02:06:22,773 INFO     Epoch: [14][3400/5174]	Time 0.150 (0.156)	Loss 0.3944 (0.3902)
2022-11-19 02:06:54,028 INFO     Epoch: [14][3600/5174]	Time 0.156 (0.156)	Loss 0.3971 (0.3902)
2022-11-19 02:07:25,300 INFO     Epoch: [14][3800/5174]	Time 0.154 (0.156)	Loss 0.3950 (0.3901)
2022-11-19 02:07:56,599 INFO     Epoch: [14][4000/5174]	Time 0.144 (0.156)	Loss 0.3815 (0.3901)
2022-11-19 02:08:27,862 INFO     Epoch: [14][4200/5174]	Time 0.155 (0.156)	Loss 0.3920 (0.3901)
2022-11-19 02:08:59,084 INFO     Epoch: [14][4400/5174]	Time 0.151 (0.156)	Loss 0.3993 (0.3902)
2022-11-19 02:09:30,314 INFO     Epoch: [14][4600/5174]	Time 0.151 (0.156)	Loss 0.3894 (0.3902)
2022-11-19 02:10:01,557 INFO     Epoch: [14][4800/5174]	Time 0.156 (0.156)	Loss 0.3864 (0.3902)
2022-11-19 02:10:32,782 INFO     Epoch: [14][5000/5174]	Time 0.152 (0.156)	Loss 0.3886 (0.3902)
2022-11-19 02:11:01,014 INFO     Test: [0/2532]	Time 1.182 (1.182)	Loss 0.4161 (0.4161)
2022-11-19 02:11:26,705 INFO     Test: [200/2532]	Time 0.128 (0.134)	Loss 0.3852 (0.3889)
2022-11-19 02:11:52,371 INFO     Test: [400/2532]	Time 0.131 (0.131)	Loss 0.3877 (0.3896)
2022-11-19 02:12:18,075 INFO     Test: [600/2532]	Time 0.127 (0.130)	Loss 0.3900 (0.3897)
2022-11-19 02:12:43,802 INFO     Test: [800/2532]	Time 0.133 (0.130)	Loss 0.3875 (0.3895)
2022-11-19 02:13:09,532 INFO     Test: [1000/2532]	Time 0.134 (0.130)	Loss 0.3971 (0.3896)
2022-11-19 02:13:35,275 INFO     Test: [1200/2532]	Time 0.129 (0.129)	Loss 0.3896 (0.3897)
2022-11-19 02:14:01,042 INFO     Test: [1400/2532]	Time 0.128 (0.129)	Loss 0.3930 (0.3897)
2022-11-19 02:14:26,813 INFO     Test: [1600/2532]	Time 0.134 (0.129)	Loss 0.4150 (0.3898)
2022-11-19 02:14:52,558 INFO     Test: [1800/2532]	Time 0.129 (0.129)	Loss 0.3872 (0.3898)
2022-11-19 02:15:18,247 INFO     Test: [2000/2532]	Time 0.128 (0.129)	Loss 0.3845 (0.3897)
2022-11-19 02:15:44,055 INFO     Test: [2200/2532]	Time 0.128 (0.129)	Loss 0.3866 (0.3897)
2022-11-19 02:16:09,892 INFO     Test: [2400/2532]	Time 0.128 (0.129)	Loss 0.3830 (0.3898)
2022-11-19 02:17:23,239 INFO     [Test] mAP: 0.611, averageAP: 0.609
					(Compute with all label) OP: 0.000, OR: 0.000, OF1: nan, CP: 0.000, CR: 0.000, CF1:nan
					(Compute with top-3 label) OP: 0.000, OR: 0.000, OF1: nan, CP: 0.000, CR: 0.000, CF1: nan
2022-11-19 02:17:25,976 INFO     Epoch: [15][0/5174]	Time 1.118 (1.118)	Loss 0.3911 (0.3911)
2022-11-19 02:17:57,072 INFO     Epoch: [15][200/5174]	Time 0.156 (0.160)	Loss 0.3871 (0.3897)
2022-11-19 02:18:28,287 INFO     Epoch: [15][400/5174]	Time 0.154 (0.158)	Loss 0.3891 (0.3903)
2022-11-19 02:18:59,577 INFO     Epoch: [15][600/5174]	Time 0.154 (0.158)	Loss 0.3924 (0.3902)
2022-11-19 02:19:30,849 INFO     Epoch: [15][800/5174]	Time 0.155 (0.157)	Loss 0.3926 (0.3901)
2022-11-19 02:20:02,100 INFO     Epoch: [15][1000/5174]	Time 0.159 (0.157)	Loss 0.3820 (0.3901)
2022-11-19 02:20:33,319 INFO     Epoch: [15][1200/5174]	Time 0.156 (0.157)	Loss 0.3907 (0.3902)
2022-11-19 02:21:04,547 INFO     Epoch: [15][1400/5174]	Time 0.156 (0.157)	Loss 0.3885 (0.3902)
2022-11-19 02:21:35,772 INFO     Epoch: [15][1600/5174]	Time 0.155 (0.157)	Loss 0.3965 (0.3902)
2022-11-19 02:22:07,026 INFO     Epoch: [15][1800/5174]	Time 0.156 (0.157)	Loss 0.3950 (0.3902)
2022-11-19 02:22:38,249 INFO     Epoch: [15][2000/5174]	Time 0.153 (0.157)	Loss 0.3890 (0.3902)
2022-11-19 02:23:09,510 INFO     Epoch: [15][2200/5174]	Time 0.155 (0.157)	Loss 0.3887 (0.3902)
2022-11-19 02:23:40,766 INFO     Epoch: [15][2400/5174]	Time 0.161 (0.157)	Loss 0.3958 (0.3902)
2022-11-19 02:24:12,027 INFO     Epoch: [15][2600/5174]	Time 0.155 (0.157)	Loss 0.3919 (0.3902)
2022-11-19 02:24:43,305 INFO     Epoch: [15][2800/5174]	Time 0.159 (0.157)	Loss 0.3916 (0.3902)
2022-11-19 02:25:14,568 INFO     Epoch: [15][3000/5174]	Time 0.160 (0.157)	Loss 0.3891 (0.3903)
2022-11-19 02:25:45,834 INFO     Epoch: [15][3200/5174]	Time 0.161 (0.157)	Loss 0.3885 (0.3902)
2022-11-19 02:26:17,101 INFO     Epoch: [15][3400/5174]	Time 0.162 (0.156)	Loss 0.3971 (0.3902)
2022-11-19 02:26:48,394 INFO     Epoch: [15][3600/5174]	Time 0.159 (0.156)	Loss 0.3867 (0.3902)
2022-11-19 02:27:19,655 INFO     Epoch: [15][3800/5174]	Time 0.153 (0.156)	Loss 0.3862 (0.3902)
2022-11-19 02:27:50,880 INFO     Epoch: [15][4000/5174]	Time 0.151 (0.156)	Loss 0.3941 (0.3902)
2022-11-19 02:28:22,116 INFO     Epoch: [15][4200/5174]	Time 0.163 (0.156)	Loss 0.3945 (0.3902)
2022-11-19 02:28:53,369 INFO     Epoch: [15][4400/5174]	Time 0.156 (0.156)	Loss 0.3889 (0.3902)
2022-11-19 02:29:24,629 INFO     Epoch: [15][4600/5174]	Time 0.162 (0.156)	Loss 0.3999 (0.3902)
2022-11-19 02:29:55,907 INFO     Epoch: [15][4800/5174]	Time 0.162 (0.156)	Loss 0.3910 (0.3902)
2022-11-19 02:30:27,125 INFO     Epoch: [15][5000/5174]	Time 0.153 (0.156)	Loss 0.3820 (0.3902)
2022-11-19 02:30:55,285 INFO     Test: [0/2532]	Time 1.115 (1.115)	Loss 0.4161 (0.4161)
2022-11-19 02:31:20,991 INFO     Test: [200/2532]	Time 0.129 (0.133)	Loss 0.3852 (0.3889)
2022-11-19 02:31:46,715 INFO     Test: [400/2532]	Time 0.129 (0.131)	Loss 0.3877 (0.3896)
2022-11-19 02:32:12,452 INFO     Test: [600/2532]	Time 0.128 (0.130)	Loss 0.3900 (0.3897)
2022-11-19 02:32:38,149 INFO     Test: [800/2532]	Time 0.128 (0.130)	Loss 0.3875 (0.3895)
2022-11-19 02:33:03,847 INFO     Test: [1000/2532]	Time 0.128 (0.130)	Loss 0.3971 (0.3896)
2022-11-19 02:33:29,631 INFO     Test: [1200/2532]	Time 0.129 (0.129)	Loss 0.3896 (0.3897)
2022-11-19 02:33:55,413 INFO     Test: [1400/2532]	Time 0.128 (0.129)	Loss 0.3930 (0.3897)
2022-11-19 02:34:21,181 INFO     Test: [1600/2532]	Time 0.133 (0.129)	Loss 0.4150 (0.3898)
2022-11-19 02:34:46,983 INFO     Test: [1800/2532]	Time 0.129 (0.129)	Loss 0.3872 (0.3898)
2022-11-19 02:35:12,754 INFO     Test: [2000/2532]	Time 0.133 (0.129)	Loss 0.3845 (0.3897)
2022-11-19 02:35:38,501 INFO     Test: [2200/2532]	Time 0.127 (0.129)	Loss 0.3866 (0.3897)
2022-11-19 02:36:04,297 INFO     Test: [2400/2532]	Time 0.128 (0.129)	Loss 0.3830 (0.3898)
2022-11-19 02:37:17,722 INFO     [Test] mAP: 0.611, averageAP: 0.609
					(Compute with all label) OP: 0.000, OR: 0.000, OF1: nan, CP: 0.000, CR: 0.000, CF1:nan
					(Compute with top-3 label) OP: 0.000, OR: 0.000, OF1: nan, CP: 0.000, CR: 0.000, CF1: nan
2022-11-19 02:37:20,705 INFO     Epoch: [16][0/5174]	Time 1.304 (1.304)	Loss 0.3866 (0.3866)
2022-11-19 02:37:51,842 INFO     Epoch: [16][200/5174]	Time 0.151 (0.161)	Loss 0.3865 (0.3904)
2022-11-19 02:38:22,996 INFO     Epoch: [16][400/5174]	Time 0.159 (0.159)	Loss 0.3945 (0.3902)
2022-11-19 02:38:54,173 INFO     Epoch: [16][600/5174]	Time 0.150 (0.158)	Loss 0.3909 (0.3902)
2022-11-19 02:39:25,388 INFO     Epoch: [16][800/5174]	Time 0.154 (0.157)	Loss 0.3932 (0.3902)
2022-11-19 02:39:56,633 INFO     Epoch: [16][1000/5174]	Time 0.155 (0.157)	Loss 0.3946 (0.3902)
2022-11-19 02:40:27,877 INFO     Epoch: [16][1200/5174]	Time 0.160 (0.157)	Loss 0.3893 (0.3903)
2022-11-19 02:40:59,117 INFO     Epoch: [16][1400/5174]	Time 0.150 (0.157)	Loss 0.3904 (0.3902)
2022-11-19 02:41:30,354 INFO     Epoch: [16][1600/5174]	Time 0.153 (0.157)	Loss 0.3957 (0.3903)
2022-11-19 02:42:01,594 INFO     Epoch: [16][1800/5174]	Time 0.150 (0.157)	Loss 0.3933 (0.3903)
2022-11-19 02:42:32,877 INFO     Epoch: [16][2000/5174]	Time 0.163 (0.157)	Loss 0.4022 (0.3903)
2022-11-19 02:43:04,149 INFO     Epoch: [16][2200/5174]	Time 0.162 (0.157)	Loss 0.3877 (0.3903)
2022-11-19 02:43:35,460 INFO     Epoch: [16][2400/5174]	Time 0.156 (0.157)	Loss 0.3924 (0.3903)
2022-11-19 02:44:06,723 INFO     Epoch: [16][2600/5174]	Time 0.155 (0.157)	Loss 0.3904 (0.3903)
2022-11-19 02:44:38,023 INFO     Epoch: [16][2800/5174]	Time 0.156 (0.157)	Loss 0.3925 (0.3902)
2022-11-19 02:45:09,335 INFO     Epoch: [16][3000/5174]	Time 0.157 (0.157)	Loss 0.3986 (0.3902)
2022-11-19 02:45:40,625 INFO     Epoch: [16][3200/5174]	Time 0.156 (0.157)	Loss 0.3893 (0.3903)
2022-11-19 02:46:11,905 INFO     Epoch: [16][3400/5174]	Time 0.157 (0.157)	Loss 0.3962 (0.3903)
2022-11-19 02:46:43,229 INFO     Epoch: [16][3600/5174]	Time 0.160 (0.157)	Loss 0.3903 (0.3903)
2022-11-19 02:47:14,505 INFO     Epoch: [16][3800/5174]	Time 0.155 (0.157)	Loss 0.3828 (0.3903)
2022-11-19 02:47:45,785 INFO     Epoch: [16][4000/5174]	Time 0.151 (0.157)	Loss 0.3864 (0.3902)
2022-11-19 02:48:17,026 INFO     Epoch: [16][4200/5174]	Time 0.160 (0.157)	Loss 0.3933 (0.3902)
2022-11-19 02:48:48,265 INFO     Epoch: [16][4400/5174]	Time 0.154 (0.157)	Loss 0.3920 (0.3902)
2022-11-19 02:49:19,496 INFO     Epoch: [16][4600/5174]	Time 0.155 (0.157)	Loss 0.3857 (0.3902)
2022-11-19 02:49:50,737 INFO     Epoch: [16][4800/5174]	Time 0.165 (0.156)	Loss 0.3909 (0.3902)
2022-11-19 02:50:22,042 INFO     Epoch: [16][5000/5174]	Time 0.155 (0.156)	Loss 0.4003 (0.3902)
2022-11-19 02:50:50,255 INFO     Test: [0/2532]	Time 1.179 (1.179)	Loss 0.4161 (0.4161)
2022-11-19 02:51:16,062 INFO     Test: [200/2532]	Time 0.129 (0.134)	Loss 0.3852 (0.3889)
2022-11-19 02:51:41,832 INFO     Test: [400/2532]	Time 0.129 (0.132)	Loss 0.3877 (0.3896)
2022-11-19 02:52:07,640 INFO     Test: [600/2532]	Time 0.128 (0.131)	Loss 0.3900 (0.3897)
2022-11-19 02:52:33,371 INFO     Test: [800/2532]	Time 0.128 (0.130)	Loss 0.3875 (0.3895)
2022-11-19 02:52:59,144 INFO     Test: [1000/2532]	Time 0.131 (0.130)	Loss 0.3971 (0.3896)
2022-11-19 02:53:24,856 INFO     Test: [1200/2532]	Time 0.128 (0.130)	Loss 0.3896 (0.3897)
2022-11-19 02:53:50,537 INFO     Test: [1400/2532]	Time 0.127 (0.130)	Loss 0.3930 (0.3897)
2022-11-19 02:54:16,172 INFO     Test: [1600/2532]	Time 0.128 (0.129)	Loss 0.4150 (0.3898)
2022-11-19 02:54:41,850 INFO     Test: [1800/2532]	Time 0.127 (0.129)	Loss 0.3872 (0.3898)
2022-11-19 02:55:07,509 INFO     Test: [2000/2532]	Time 0.129 (0.129)	Loss 0.3845 (0.3897)
2022-11-19 02:55:33,194 INFO     Test: [2200/2532]	Time 0.128 (0.129)	Loss 0.3866 (0.3897)
2022-11-19 02:55:58,837 INFO     Test: [2400/2532]	Time 0.127 (0.129)	Loss 0.3830 (0.3898)
2022-11-19 02:57:12,281 INFO     [Test] mAP: 0.611, averageAP: 0.609
					(Compute with all label) OP: 0.000, OR: 0.000, OF1: nan, CP: 0.000, CR: 0.000, CF1:nan
					(Compute with top-3 label) OP: 0.000, OR: 0.000, OF1: nan, CP: 0.000, CR: 0.000, CF1: nan
2022-11-19 02:57:15,055 INFO     Epoch: [17][0/5174]	Time 1.151 (1.151)	Loss 0.3844 (0.3844)
2022-11-19 02:57:46,144 INFO     Epoch: [17][200/5174]	Time 0.156 (0.160)	Loss 0.3900 (0.3904)
2022-11-19 02:58:17,240 INFO     Epoch: [17][400/5174]	Time 0.148 (0.158)	Loss 0.3932 (0.3903)
2022-11-19 02:58:48,351 INFO     Epoch: [17][600/5174]	Time 0.154 (0.157)	Loss 0.3950 (0.3903)
2022-11-19 02:59:19,488 INFO     Epoch: [17][800/5174]	Time 0.150 (0.157)	Loss 0.3886 (0.3903)
2022-11-19 02:59:50,681 INFO     Epoch: [17][1000/5174]	Time 0.156 (0.157)	Loss 0.3934 (0.3904)
2022-11-19 03:00:21,884 INFO     Epoch: [17][1200/5174]	Time 0.160 (0.157)	Loss 0.3877 (0.3904)
2022-11-19 03:00:53,107 INFO     Epoch: [17][1400/5174]	Time 0.160 (0.156)	Loss 0.4002 (0.3903)
2022-11-19 03:01:24,348 INFO     Epoch: [17][1600/5174]	Time 0.160 (0.156)	Loss 0.3872 (0.3903)
2022-11-19 03:01:55,625 INFO     Epoch: [17][1800/5174]	Time 0.161 (0.156)	Loss 0.3901 (0.3903)
2022-11-19 03:02:26,901 INFO     Epoch: [17][2000/5174]	Time 0.148 (0.156)	Loss 0.3891 (0.3902)
2022-11-19 03:02:58,306 INFO     Epoch: [17][2200/5174]	Time 0.153 (0.156)	Loss 0.3872 (0.3902)
2022-11-19 03:03:29,592 INFO     Epoch: [17][2400/5174]	Time 0.155 (0.156)	Loss 0.3871 (0.3901)
2022-11-19 03:04:00,863 INFO     Epoch: [17][2600/5174]	Time 0.158 (0.156)	Loss 0.3936 (0.3902)
2022-11-19 03:04:32,087 INFO     Epoch: [17][2800/5174]	Time 0.149 (0.156)	Loss 0.3866 (0.3902)
2022-11-19 03:05:03,361 INFO     Epoch: [17][3000/5174]	Time 0.155 (0.156)	Loss 0.4004 (0.3902)
2022-11-19 03:05:34,559 INFO     Epoch: [17][3200/5174]	Time 0.160 (0.156)	Loss 0.3917 (0.3902)
2022-11-19 03:06:05,725 INFO     Epoch: [17][3400/5174]	Time 0.150 (0.156)	Loss 0.3886 (0.3902)
2022-11-19 03:06:36,888 INFO     Epoch: [17][3600/5174]	Time 0.153 (0.156)	Loss 0.3937 (0.3902)
2022-11-19 03:07:08,050 INFO     Epoch: [17][3800/5174]	Time 0.160 (0.156)	Loss 0.3954 (0.3902)
2022-11-19 03:07:39,174 INFO     Epoch: [17][4000/5174]	Time 0.160 (0.156)	Loss 0.3913 (0.3902)
2022-11-19 03:08:10,312 INFO     Epoch: [17][4200/5174]	Time 0.150 (0.156)	Loss 0.3944 (0.3902)
2022-11-19 03:08:41,445 INFO     Epoch: [17][4400/5174]	Time 0.160 (0.156)	Loss 0.3937 (0.3902)
2022-11-19 03:09:12,584 INFO     Epoch: [17][4600/5174]	Time 0.141 (0.156)	Loss 0.3859 (0.3902)
2022-11-19 03:09:43,756 INFO     Epoch: [17][4800/5174]	Time 0.154 (0.156)	Loss 0.3828 (0.3902)
2022-11-19 03:10:14,918 INFO     Epoch: [17][5000/5174]	Time 0.153 (0.156)	Loss 0.3874 (0.3902)
2022-11-19 03:10:43,132 INFO     Test: [0/2532]	Time 1.259 (1.259)	Loss 0.4161 (0.4161)
2022-11-19 03:11:08,850 INFO     Test: [200/2532]	Time 0.128 (0.134)	Loss 0.3852 (0.3889)
2022-11-19 03:11:34,621 INFO     Test: [400/2532]	Time 0.137 (0.132)	Loss 0.3877 (0.3896)
2022-11-19 03:12:00,330 INFO     Test: [600/2532]	Time 0.127 (0.131)	Loss 0.3900 (0.3897)
2022-11-19 03:12:26,157 INFO     Test: [800/2532]	Time 0.127 (0.130)	Loss 0.3875 (0.3895)
2022-11-19 03:12:51,906 INFO     Test: [1000/2532]	Time 0.128 (0.130)	Loss 0.3971 (0.3896)
2022-11-19 03:13:17,612 INFO     Test: [1200/2532]	Time 0.128 (0.130)	Loss 0.3896 (0.3897)
2022-11-19 03:13:43,389 INFO     Test: [1400/2532]	Time 0.132 (0.130)	Loss 0.3930 (0.3897)
2022-11-19 03:14:09,128 INFO     Test: [1600/2532]	Time 0.130 (0.129)	Loss 0.4150 (0.3898)
2022-11-19 03:14:34,873 INFO     Test: [1800/2532]	Time 0.128 (0.129)	Loss 0.3872 (0.3898)
2022-11-19 03:15:00,671 INFO     Test: [2000/2532]	Time 0.128 (0.129)	Loss 0.3845 (0.3897)
2022-11-19 03:15:26,449 INFO     Test: [2200/2532]	Time 0.128 (0.129)	Loss 0.3866 (0.3897)
2022-11-19 03:15:52,264 INFO     Test: [2400/2532]	Time 0.128 (0.129)	Loss 0.3830 (0.3898)
2022-11-19 03:17:04,632 INFO     [Test] mAP: 0.611, averageAP: 0.609
					(Compute with all label) OP: 0.000, OR: 0.000, OF1: nan, CP: 0.000, CR: 0.000, CF1:nan
					(Compute with top-3 label) OP: 0.000, OR: 0.000, OF1: nan, CP: 0.000, CR: 0.000, CF1: nan
2022-11-19 03:17:07,355 INFO     Epoch: [18][0/5174]	Time 1.170 (1.170)	Loss 0.4025 (0.4025)
2022-11-19 03:17:38,405 INFO     Epoch: [18][200/5174]	Time 0.156 (0.160)	Loss 0.3906 (0.3903)
2022-11-19 03:18:09,424 INFO     Epoch: [18][400/5174]	Time 0.154 (0.158)	Loss 0.3844 (0.3902)
2022-11-19 03:18:40,475 INFO     Epoch: [18][600/5174]	Time 0.156 (0.157)	Loss 0.3946 (0.3903)
2022-11-19 03:19:11,566 INFO     Epoch: [18][800/5174]	Time 0.156 (0.157)	Loss 0.3857 (0.3902)
2022-11-19 03:19:42,675 INFO     Epoch: [18][1000/5174]	Time 0.156 (0.156)	Loss 0.3904 (0.3903)
2022-11-19 03:20:13,738 INFO     Epoch: [18][1200/5174]	Time 0.150 (0.156)	Loss 0.3813 (0.3902)
2022-11-19 03:20:44,839 INFO     Epoch: [18][1400/5174]	Time 0.154 (0.156)	Loss 0.3967 (0.3901)
2022-11-19 03:21:15,961 INFO     Epoch: [18][1600/5174]	Time 0.157 (0.156)	Loss 0.3874 (0.3901)
2022-11-19 03:21:47,073 INFO     Epoch: [18][1800/5174]	Time 0.154 (0.156)	Loss 0.3909 (0.3901)
2022-11-19 03:22:18,188 INFO     Epoch: [18][2000/5174]	Time 0.156 (0.156)	Loss 0.3808 (0.3901)
2022-11-19 03:22:49,281 INFO     Epoch: [18][2200/5174]	Time 0.150 (0.156)	Loss 0.3880 (0.3901)
2022-11-19 03:23:20,363 INFO     Epoch: [18][2400/5174]	Time 0.154 (0.156)	Loss 0.3908 (0.3901)
2022-11-19 03:23:51,477 INFO     Epoch: [18][2600/5174]	Time 0.141 (0.156)	Loss 0.3879 (0.3901)
2022-11-19 03:24:22,600 INFO     Epoch: [18][2800/5174]	Time 0.158 (0.156)	Loss 0.3872 (0.3901)
2022-11-19 03:24:53,689 INFO     Epoch: [18][3000/5174]	Time 0.162 (0.156)	Loss 0.3860 (0.3901)
2022-11-19 03:25:24,738 INFO     Epoch: [18][3200/5174]	Time 0.153 (0.156)	Loss 0.3885 (0.3901)
2022-11-19 03:25:55,821 INFO     Epoch: [18][3400/5174]	Time 0.156 (0.156)	Loss 0.3848 (0.3902)
2022-11-19 03:26:26,925 INFO     Epoch: [18][3600/5174]	Time 0.160 (0.156)	Loss 0.3958 (0.3902)
2022-11-19 03:26:58,060 INFO     Epoch: [18][3800/5174]	Time 0.161 (0.156)	Loss 0.3938 (0.3902)
2022-11-19 03:27:29,200 INFO     Epoch: [18][4000/5174]	Time 0.171 (0.156)	Loss 0.3865 (0.3902)
2022-11-19 03:28:00,336 INFO     Epoch: [18][4200/5174]	Time 0.154 (0.156)	Loss 0.3967 (0.3902)
2022-11-19 03:28:31,493 INFO     Epoch: [18][4400/5174]	Time 0.163 (0.156)	Loss 0.3947 (0.3902)
2022-11-19 03:29:02,644 INFO     Epoch: [18][4600/5174]	Time 0.156 (0.156)	Loss 0.3897 (0.3902)
2022-11-19 03:29:33,779 INFO     Epoch: [18][4800/5174]	Time 0.154 (0.156)	Loss 0.3895 (0.3902)
2022-11-19 03:30:04,936 INFO     Epoch: [18][5000/5174]	Time 0.154 (0.156)	Loss 0.3897 (0.3902)
2022-11-19 03:30:33,011 INFO     Test: [0/2532]	Time 1.152 (1.152)	Loss 0.4161 (0.4161)
2022-11-19 03:30:58,692 INFO     Test: [200/2532]	Time 0.127 (0.133)	Loss 0.3852 (0.3889)
2022-11-19 03:31:24,397 INFO     Test: [400/2532]	Time 0.129 (0.131)	Loss 0.3877 (0.3896)
2022-11-19 03:31:50,107 INFO     Test: [600/2532]	Time 0.128 (0.130)	Loss 0.3900 (0.3897)
2022-11-19 03:32:15,799 INFO     Test: [800/2532]	Time 0.128 (0.130)	Loss 0.3875 (0.3895)
2022-11-19 03:32:41,531 INFO     Test: [1000/2532]	Time 0.132 (0.130)	Loss 0.3971 (0.3896)
2022-11-19 03:33:07,187 INFO     Test: [1200/2532]	Time 0.127 (0.129)	Loss 0.3896 (0.3897)
2022-11-19 03:33:32,875 INFO     Test: [1400/2532]	Time 0.127 (0.129)	Loss 0.3930 (0.3897)
2022-11-19 03:33:58,552 INFO     Test: [1600/2532]	Time 0.130 (0.129)	Loss 0.4150 (0.3898)
2022-11-19 03:34:24,284 INFO     Test: [1800/2532]	Time 0.127 (0.129)	Loss 0.3872 (0.3898)
2022-11-19 03:34:49,972 INFO     Test: [2000/2532]	Time 0.128 (0.129)	Loss 0.3845 (0.3897)
2022-11-19 03:35:15,640 INFO     Test: [2200/2532]	Time 0.128 (0.129)	Loss 0.3866 (0.3897)
2022-11-19 03:35:41,301 INFO     Test: [2400/2532]	Time 0.127 (0.129)	Loss 0.3830 (0.3898)
2022-11-19 03:36:54,954 INFO     [Test] mAP: 0.612, averageAP: 0.610
					(Compute with all label) OP: 0.000, OR: 0.000, OF1: nan, CP: 0.000, CR: 0.000, CF1:nan
					(Compute with top-3 label) OP: 0.000, OR: 0.000, OF1: nan, CP: 0.000, CR: 0.000, CF1: nan
2022-11-19 03:36:58,110 INFO     [Best] [Epoch 18]: Best mAP is 0.612
2022-11-19 03:36:59,455 INFO     Epoch: [19][0/5174]	Time 1.221 (1.221)	Loss 0.3889 (0.3889)
2022-11-19 03:37:30,448 INFO     Epoch: [19][200/5174]	Time 0.154 (0.160)	Loss 0.3871 (0.3904)
2022-11-19 03:38:01,465 INFO     Epoch: [19][400/5174]	Time 0.153 (0.158)	Loss 0.3915 (0.3905)
2022-11-19 03:38:32,565 INFO     Epoch: [19][600/5174]	Time 0.156 (0.157)	Loss 0.3909 (0.3902)
2022-11-19 03:39:03,653 INFO     Epoch: [19][800/5174]	Time 0.154 (0.157)	Loss 0.3906 (0.3902)
2022-11-19 03:39:34,809 INFO     Epoch: [19][1000/5174]	Time 0.162 (0.156)	Loss 0.3856 (0.3902)
2022-11-19 03:40:05,975 INFO     Epoch: [19][1200/5174]	Time 0.149 (0.156)	Loss 0.3947 (0.3904)
2022-11-19 03:40:37,154 INFO     Epoch: [19][1400/5174]	Time 0.156 (0.156)	Loss 0.3873 (0.3904)
2022-11-19 03:41:08,374 INFO     Epoch: [19][1600/5174]	Time 0.152 (0.156)	Loss 0.3896 (0.3904)
2022-11-19 03:41:39,533 INFO     Epoch: [19][1800/5174]	Time 0.149 (0.156)	Loss 0.3980 (0.3903)
2022-11-19 03:42:10,678 INFO     Epoch: [19][2000/5174]	Time 0.157 (0.156)	Loss 0.3885 (0.3903)
2022-11-19 03:42:41,835 INFO     Epoch: [19][2200/5174]	Time 0.160 (0.156)	Loss 0.3921 (0.3903)
2022-11-19 03:43:12,981 INFO     Epoch: [19][2400/5174]	Time 0.150 (0.156)	Loss 0.3879 (0.3903)
2022-11-19 03:43:44,141 INFO     Epoch: [19][2600/5174]	Time 0.160 (0.156)	Loss 0.3991 (0.3902)
2022-11-19 03:44:15,282 INFO     Epoch: [19][2800/5174]	Time 0.156 (0.156)	Loss 0.3903 (0.3902)
2022-11-19 03:44:46,414 INFO     Epoch: [19][3000/5174]	Time 0.154 (0.156)	Loss 0.3833 (0.3902)
2022-11-19 03:45:17,587 INFO     Epoch: [19][3200/5174]	Time 0.156 (0.156)	Loss 0.3859 (0.3901)
2022-11-19 03:45:48,749 INFO     Epoch: [19][3400/5174]	Time 0.156 (0.156)	Loss 0.3899 (0.3902)
2022-11-19 03:46:19,884 INFO     Epoch: [19][3600/5174]	Time 0.151 (0.156)	Loss 0.3854 (0.3901)
2022-11-19 03:46:51,049 INFO     Epoch: [19][3800/5174]	Time 0.158 (0.156)	Loss 0.4093 (0.3902)
2022-11-19 03:47:22,197 INFO     Epoch: [19][4000/5174]	Time 0.150 (0.156)	Loss 0.3898 (0.3901)
2022-11-19 03:47:53,378 INFO     Epoch: [19][4200/5174]	Time 0.153 (0.156)	Loss 0.3855 (0.3902)
2022-11-19 03:48:24,500 INFO     Epoch: [19][4400/5174]	Time 0.156 (0.156)	Loss 0.3937 (0.3902)
2022-11-19 03:48:55,623 INFO     Epoch: [19][4600/5174]	Time 0.148 (0.156)	Loss 0.3919 (0.3902)
2022-11-19 03:49:26,787 INFO     Epoch: [19][4800/5174]	Time 0.159 (0.156)	Loss 0.3913 (0.3902)
2022-11-19 03:49:57,956 INFO     Epoch: [19][5000/5174]	Time 0.157 (0.156)	Loss 0.3925 (0.3902)
2022-11-19 03:50:26,122 INFO     Test: [0/2532]	Time 1.213 (1.213)	Loss 0.4161 (0.4161)
2022-11-19 03:50:51,789 INFO     Test: [200/2532]	Time 0.128 (0.134)	Loss 0.3852 (0.3889)
2022-11-19 03:51:17,472 INFO     Test: [400/2532]	Time 0.129 (0.131)	Loss 0.3877 (0.3896)
2022-11-19 03:51:43,149 INFO     Test: [600/2532]	Time 0.128 (0.130)	Loss 0.3900 (0.3897)
2022-11-19 03:52:08,849 INFO     Test: [800/2532]	Time 0.128 (0.130)	Loss 0.3875 (0.3895)
2022-11-19 03:52:34,497 INFO     Test: [1000/2532]	Time 0.127 (0.129)	Loss 0.3971 (0.3896)
2022-11-19 03:53:00,193 INFO     Test: [1200/2532]	Time 0.128 (0.129)	Loss 0.3896 (0.3897)
2022-11-19 03:53:25,880 INFO     Test: [1400/2532]	Time 0.128 (0.129)	Loss 0.3930 (0.3897)
2022-11-19 03:53:51,572 INFO     Test: [1600/2532]	Time 0.132 (0.129)	Loss 0.4150 (0.3898)
2022-11-19 03:54:17,244 INFO     Test: [1800/2532]	Time 0.128 (0.129)	Loss 0.3872 (0.3898)
2022-11-19 03:54:42,934 INFO     Test: [2000/2532]	Time 0.128 (0.129)	Loss 0.3845 (0.3897)
2022-11-19 03:55:08,618 INFO     Test: [2200/2532]	Time 0.129 (0.129)	Loss 0.3866 (0.3897)
2022-11-19 03:55:34,291 INFO     Test: [2400/2532]	Time 0.127 (0.129)	Loss 0.3830 (0.3898)
2022-11-19 03:56:48,324 INFO     [Test] mAP: 0.612, averageAP: 0.610
					(Compute with all label) OP: 0.000, OR: 0.000, OF1: nan, CP: 0.000, CR: 0.000, CF1:nan
					(Compute with top-3 label) OP: 0.000, OR: 0.000, OF1: nan, CP: 0.000, CR: 0.000, CF1: nan
2022-11-19 03:56:51,756 INFO     [Best] [Epoch 19]: Best mAP is 0.612
