2022-11-25 16:38:51,842 INFO     ==========================================
2022-11-25 16:38:51,844 INFO     ==========       CONFIG      =============
2022-11-25 16:38:51,844 INFO     ==========================================
2022-11-25 16:38:51,844 INFO     dataset: COCO
2022-11-25 16:38:51,844 INFO     train_data: /data/public/coco2014/train2014
2022-11-25 16:38:51,844 INFO     test_data: /data/public/coco2014/val2014
2022-11-25 16:38:51,844 INFO     train_list: /data/public/coco2014/annotations/instances_train2014.json
2022-11-25 16:38:51,844 INFO     test_list: /data/public/coco2014/annotations/instances_val2014.json
2022-11-25 16:38:51,844 INFO     train_label: ./data/coco/train_label_vectors.npy
2022-11-25 16:38:51,844 INFO     graph_file: ./data/coco/prob_train.npy
2022-11-25 16:38:51,844 INFO     word_file: ./data/coco/vectors.npy
2022-11-25 16:38:51,844 INFO     test_label: ./data/coco/val_label_vectors.npy
2022-11-25 16:38:51,844 INFO     print_freq: 500
2022-11-25 16:38:51,844 INFO     workers: 8
2022-11-25 16:38:51,844 INFO     epochs: 15
2022-11-25 16:38:51,844 INFO     start_epoch: 0
2022-11-25 16:38:51,844 INFO     step_epoch: 10
2022-11-25 16:38:51,844 INFO     batch_size: 16
2022-11-25 16:38:51,844 INFO     lr: 0.001
2022-11-25 16:38:51,844 INFO     momentum: 0.9
2022-11-25 16:38:51,845 INFO     weight_decay: 0.0
2022-11-25 16:38:51,845 INFO     resume: 
2022-11-25 16:38:51,845 INFO     crop_size: 448
2022-11-25 16:38:51,845 INFO     scale_size: 512
2022-11-25 16:38:51,845 INFO     evaluate: False
2022-11-25 16:38:51,845 INFO     post: SSCLIP-withoutAttn-COCO-3.0
2022-11-25 16:38:51,845 INFO     num_classes: 80
2022-11-25 16:38:51,845 INFO     backbone_name: RN101
2022-11-25 16:38:51,845 INFO     category_file: ./data/coco/category_name.json
2022-11-25 16:38:51,845 INFO     ==========================================
2022-11-25 16:38:51,845 INFO     ===========        END        ============
2022-11-25 16:38:51,845 INFO     ==========================================
2022-11-25 16:38:51,845 INFO     

2022-11-25 16:38:51,845 INFO     ==> Creating dataloader...
You will perform multi-scale on images for scale 640
loading annotations into memory...
Done (t=11.27s)
creating index...
index created!
loading annotations into memory...
Done (t=5.98s)
creating index...
index created!
2022-11-25 16:39:11,740 INFO     ==> Done!

2022-11-25 16:39:11,741 INFO     ==> Loading the network ...
2022-11-25 16:39:23,343 INFO     ==> Done!

2022-11-25 16:39:23,344 INFO     Run Experiment...
2022-11-25 16:39:26,189 INFO     Epoch: [0][0/5174]	Time 2.759 (2.759)	Loss 0.6980 (0.6980)
2022-11-25 16:40:54,422 INFO     Epoch: [0][500/5174]	Time 0.177 (0.181)	Loss 0.3861 (0.3936)
2022-11-25 16:42:22,912 INFO     Epoch: [0][1000/5174]	Time 0.179 (0.179)	Loss 0.3882 (0.3918)
2022-11-25 16:43:51,475 INFO     Epoch: [0][1500/5174]	Time 0.177 (0.178)	Loss 0.3968 (0.3914)
2022-11-25 16:45:20,055 INFO     Epoch: [0][2000/5174]	Time 0.177 (0.178)	Loss 0.3877 (0.3912)
2022-11-25 16:46:48,613 INFO     Epoch: [0][2500/5174]	Time 0.178 (0.178)	Loss 0.3967 (0.3910)
2022-11-25 16:48:17,187 INFO     Epoch: [0][3000/5174]	Time 0.177 (0.178)	Loss 0.3977 (0.3910)
2022-11-25 16:49:45,738 INFO     Epoch: [0][3500/5174]	Time 0.177 (0.178)	Loss 0.3973 (0.3909)
2022-11-25 16:51:14,327 INFO     Epoch: [0][4000/5174]	Time 0.180 (0.178)	Loss 0.3833 (0.3908)
2022-11-25 16:52:42,996 INFO     Epoch: [0][4500/5174]	Time 0.177 (0.178)	Loss 0.3863 (0.3908)
2022-11-25 16:54:11,638 INFO     Epoch: [0][5000/5174]	Time 0.176 (0.178)	Loss 0.3938 (0.3907)
2022-11-25 16:54:43,641 INFO     Test: [0/2532]	Time 1.337 (1.337)	Loss 0.4164 (0.4164)
2022-11-25 16:55:44,035 INFO     Test: [500/2532]	Time 0.121 (0.123)	Loss 0.4064 (0.3898)
2022-11-25 16:56:44,445 INFO     Test: [1000/2532]	Time 0.120 (0.122)	Loss 0.3973 (0.3897)
2022-11-25 16:57:44,901 INFO     Test: [1500/2532]	Time 0.120 (0.122)	Loss 0.3765 (0.3899)
2022-11-25 16:58:45,289 INFO     Test: [2000/2532]	Time 0.120 (0.121)	Loss 0.3846 (0.3899)
2022-11-25 16:59:45,690 INFO     Test: [2500/2532]	Time 0.121 (0.121)	Loss 0.3937 (0.3900)
2022-11-25 17:00:46,354 INFO     [Test] mAP: 0.038, averageAP: 0.036
					(Compute with all label) OP: 0.000, OR: 0.000, OF1: nan, CP: 0.000, CR: 0.000, CF1:nan
					(Compute with top-3 label) OP: 0.000, OR: 0.000, OF1: nan, CP: 0.000, CR: 0.000, CF1: nan
2022-11-25 17:00:49,854 INFO     [Best] [Epoch 0]: Best mAP is 0.038
2022-11-25 17:00:51,218 INFO     Epoch: [1][0/5174]	Time 1.214 (1.214)	Loss 0.4008 (0.4008)
2022-11-25 17:02:19,581 INFO     Epoch: [1][500/5174]	Time 0.177 (0.179)	Loss 0.3990 (0.3904)
2022-11-25 17:03:48,096 INFO     Epoch: [1][1000/5174]	Time 0.179 (0.178)	Loss 0.3803 (0.3904)
2022-11-25 17:05:16,656 INFO     Epoch: [1][1500/5174]	Time 0.176 (0.178)	Loss 0.3925 (0.3903)
2022-11-25 17:06:45,175 INFO     Epoch: [1][2000/5174]	Time 0.177 (0.177)	Loss 0.3921 (0.3904)
2022-11-25 17:08:13,772 INFO     Epoch: [1][2500/5174]	Time 0.176 (0.177)	Loss 0.3981 (0.3903)
2022-11-25 17:09:42,410 INFO     Epoch: [1][3000/5174]	Time 0.177 (0.177)	Loss 0.3895 (0.3903)
2022-11-25 17:11:11,052 INFO     Epoch: [1][3500/5174]	Time 0.177 (0.177)	Loss 0.3814 (0.3903)
2022-11-25 17:12:39,654 INFO     Epoch: [1][4000/5174]	Time 0.178 (0.177)	Loss 0.3955 (0.3904)
2022-11-25 17:14:08,267 INFO     Epoch: [1][4500/5174]	Time 0.177 (0.177)	Loss 0.3922 (0.3904)
2022-11-25 17:15:36,900 INFO     Epoch: [1][5000/5174]	Time 0.177 (0.177)	Loss 0.3944 (0.3904)
2022-11-25 17:16:08,593 INFO     Test: [0/2532]	Time 1.029 (1.029)	Loss 0.4164 (0.4164)
2022-11-25 17:17:09,008 INFO     Test: [500/2532]	Time 0.120 (0.123)	Loss 0.4063 (0.3897)
2022-11-25 17:18:09,401 INFO     Test: [1000/2532]	Time 0.121 (0.122)	Loss 0.3973 (0.3897)
2022-11-25 17:19:09,766 INFO     Test: [1500/2532]	Time 0.120 (0.121)	Loss 0.3764 (0.3899)
2022-11-25 17:20:10,200 INFO     Test: [2000/2532]	Time 0.121 (0.121)	Loss 0.3846 (0.3899)
2022-11-25 17:21:10,605 INFO     Test: [2500/2532]	Time 0.121 (0.121)	Loss 0.3937 (0.3900)
2022-11-25 17:22:09,825 INFO     [Test] mAP: 0.038, averageAP: 0.036
					(Compute with all label) OP: 0.000, OR: 0.000, OF1: nan, CP: 0.000, CR: 0.000, CF1:nan
					(Compute with top-3 label) OP: 0.000, OR: 0.000, OF1: nan, CP: 0.000, CR: 0.000, CF1: nan
2022-11-25 17:22:13,786 INFO     [Best] [Epoch 1]: Best mAP is 0.038
2022-11-25 17:22:15,129 INFO     Epoch: [2][0/5174]	Time 1.193 (1.193)	Loss 0.3892 (0.3892)
2022-11-25 17:23:43,494 INFO     Epoch: [2][500/5174]	Time 0.182 (0.179)	Loss 0.3860 (0.3902)
2022-11-25 17:25:11,980 INFO     Epoch: [2][1000/5174]	Time 0.177 (0.178)	Loss 0.3906 (0.3903)
slurmstepd: error: *** JOB 439640 ON g0027 CANCELLED AT 2022-11-25T17:26:23 ***
