2022-11-26 15:32:04,682 INFO     ==========================================
2022-11-26 15:32:04,683 INFO     ==========       CONFIG      =============
2022-11-26 15:32:04,684 INFO     ==========================================
2022-11-26 15:32:04,684 INFO     dataset: COCO
2022-11-26 15:32:04,684 INFO     train_data: /data/public/coco2014/train2014
2022-11-26 15:32:04,684 INFO     test_data: /data/public/coco2014/val2014
2022-11-26 15:32:04,684 INFO     train_list: /data/public/coco2014/annotations/instances_train2014.json
2022-11-26 15:32:04,684 INFO     test_list: /data/public/coco2014/annotations/instances_val2014.json
2022-11-26 15:32:04,684 INFO     train_label: ./data/coco/train_label_vectors.npy
2022-11-26 15:32:04,684 INFO     graph_file: ./data/coco/prob_train.npy
2022-11-26 15:32:04,684 INFO     word_file: ./data/coco/vectors.npy
2022-11-26 15:32:04,684 INFO     test_label: ./data/coco/val_label_vectors.npy
2022-11-26 15:32:04,684 INFO     print_freq: 1000
2022-11-26 15:32:04,684 INFO     workers: 8
2022-11-26 15:32:04,684 INFO     epochs: 15
2022-11-26 15:32:04,684 INFO     start_epoch: 0
2022-11-26 15:32:04,684 INFO     step_epoch: 10
2022-11-26 15:32:04,684 INFO     batch_size: 16
2022-11-26 15:32:04,684 INFO     lr: 0.0001
2022-11-26 15:32:04,684 INFO     momentum: 0.9
2022-11-26 15:32:04,684 INFO     weight_decay: 0.0
2022-11-26 15:32:04,684 INFO     resume: 
2022-11-26 15:32:04,684 INFO     crop_size: 448
2022-11-26 15:32:04,685 INFO     scale_size: 512
2022-11-26 15:32:04,685 INFO     evaluate: False
2022-11-26 15:32:04,685 INFO     post: SSCLIP-withoutAttn-COCO-exp4.3
2022-11-26 15:32:04,685 INFO     num_classes: 80
2022-11-26 15:32:04,685 INFO     backbone_name: RN101
2022-11-26 15:32:04,685 INFO     category_file: ./data/coco/category_name.json
2022-11-26 15:32:04,685 INFO     ==========================================
2022-11-26 15:32:04,685 INFO     ===========        END        ============
2022-11-26 15:32:04,685 INFO     ==========================================
2022-11-26 15:32:04,685 INFO     

2022-11-26 15:32:04,685 INFO     ==> Creating dataloader...
You will perform multi-scale on images for scale 640
loading annotations into memory...
Done (t=11.95s)
creating index...
index created!
loading annotations into memory...
Done (t=5.96s)
creating index...
index created!
2022-11-26 15:32:25,261 INFO     ==> Done!

2022-11-26 15:32:25,261 INFO     ==> Loading the network ...
2022-11-26 15:32:35,059 INFO     ==> Done!

2022-11-26 15:32:35,060 INFO     Run Experiment...
2022-11-26 15:32:37,703 INFO     Epoch: [0][0/5174]	Time 2.595 (2.595)	Loss 0.6644 (0.6644)
2022-11-26 15:35:36,022 INFO     Epoch: [0][1000/5174]	Time 0.190 (0.181)	Loss 0.3853 (0.3916)
2022-11-26 15:38:34,916 INFO     Epoch: [0][2000/5174]	Time 0.183 (0.180)	Loss 0.3879 (0.3911)
2022-11-26 15:41:33,854 INFO     Epoch: [0][3000/5174]	Time 0.179 (0.179)	Loss 0.3927 (0.3909)
2022-11-26 15:44:32,650 INFO     Epoch: [0][4000/5174]	Time 0.173 (0.179)	Loss 0.3845 (0.3907)
2022-11-26 15:47:31,443 INFO     Epoch: [0][5000/5174]	Time 0.177 (0.179)	Loss 0.3880 (0.3906)
2022-11-26 15:48:03,619 INFO     Test: [0/2532]	Time 1.257 (1.257)	Loss 0.4162 (0.4162)
2022-11-26 15:50:05,194 INFO     Test: [1000/2532]	Time 0.123 (0.123)	Loss 0.3972 (0.3896)
2022-11-26 15:52:06,784 INFO     Test: [2000/2532]	Time 0.121 (0.122)	Loss 0.3846 (0.3898)
2022-11-26 15:53:58,555 INFO     [Test] mAP: 0.381, averageAP: 0.378
					(Compute with all label) OP: 0.000, OR: 0.000, OF1: nan, CP: 0.000, CR: 0.000, CF1:nan
					(Compute with top-3 label) OP: 0.000, OR: 0.000, OF1: nan, CP: 0.000, CR: 0.000, CF1: nan
2022-11-26 15:54:01,836 INFO     [Best] [Epoch 0]: Best mAP is 0.381
2022-11-26 15:54:03,190 INFO     Epoch: [1][0/5174]	Time 1.206 (1.206)	Loss 0.3923 (0.3923)
2022-11-26 15:57:01,427 INFO     Epoch: [1][1000/5174]	Time 0.179 (0.179)	Loss 0.3912 (0.3903)
2022-11-26 16:00:00,066 INFO     Epoch: [1][2000/5174]	Time 0.172 (0.179)	Loss 0.3956 (0.3903)
2022-11-26 16:02:58,726 INFO     Epoch: [1][3000/5174]	Time 0.181 (0.179)	Loss 0.3850 (0.3903)
2022-11-26 16:05:57,402 INFO     Epoch: [1][4000/5174]	Time 0.179 (0.179)	Loss 0.3968 (0.3903)
2022-11-26 16:08:56,171 INFO     Epoch: [1][5000/5174]	Time 0.181 (0.179)	Loss 0.3961 (0.3902)
2022-11-26 16:09:28,321 INFO     Test: [0/2532]	Time 1.225 (1.225)	Loss 0.4161 (0.4161)
2022-11-26 16:11:29,933 INFO     Test: [1000/2532]	Time 0.121 (0.123)	Loss 0.3971 (0.3896)
2022-11-26 16:13:31,625 INFO     Test: [2000/2532]	Time 0.121 (0.122)	Loss 0.3845 (0.3897)
2022-11-26 16:15:21,733 INFO     [Test] mAP: 0.540, averageAP: 0.538
					(Compute with all label) OP: 0.000, OR: 0.000, OF1: nan, CP: 0.000, CR: 0.000, CF1:nan
					(Compute with top-3 label) OP: 0.000, OR: 0.000, OF1: nan, CP: 0.000, CR: 0.000, CF1: nan
2022-11-26 16:15:25,766 INFO     [Best] [Epoch 1]: Best mAP is 0.540
2022-11-26 16:15:27,081 INFO     Epoch: [2][0/5174]	Time 1.194 (1.194)	Loss 0.3960 (0.3960)
2022-11-26 16:18:25,410 INFO     Epoch: [2][1000/5174]	Time 0.173 (0.179)	Loss 0.3851 (0.3902)
2022-11-26 16:21:24,152 INFO     Epoch: [2][2000/5174]	Time 0.178 (0.179)	Loss 0.3869 (0.3903)
2022-11-26 16:24:22,809 INFO     Epoch: [2][3000/5174]	Time 0.181 (0.179)	Loss 0.3926 (0.3903)
2022-11-26 16:27:21,420 INFO     Epoch: [2][4000/5174]	Time 0.178 (0.179)	Loss 0.3857 (0.3903)
2022-11-26 16:30:20,442 INFO     Epoch: [2][5000/5174]	Time 0.178 (0.179)	Loss 0.3909 (0.3902)
2022-11-26 16:30:52,520 INFO     Test: [0/2532]	Time 1.077 (1.077)	Loss 0.4161 (0.4161)
2022-11-26 16:32:54,471 INFO     Test: [1000/2532]	Time 0.122 (0.123)	Loss 0.3971 (0.3896)
2022-11-26 16:34:56,319 INFO     Test: [2000/2532]	Time 0.121 (0.122)	Loss 0.3845 (0.3897)
2022-11-26 16:36:49,142 INFO     [Test] mAP: 0.577, averageAP: 0.575
					(Compute with all label) OP: 0.000, OR: 0.000, OF1: nan, CP: 0.000, CR: 0.000, CF1:nan
					(Compute with top-3 label) OP: 0.000, OR: 0.000, OF1: nan, CP: 0.000, CR: 0.000, CF1: nan
2022-11-26 16:36:53,115 INFO     [Best] [Epoch 2]: Best mAP is 0.577
2022-11-26 16:36:54,503 INFO     Epoch: [3][0/5174]	Time 1.236 (1.236)	Loss 0.3917 (0.3917)
2022-11-26 16:39:53,188 INFO     Epoch: [3][1000/5174]	Time 0.179 (0.180)	Loss 0.3854 (0.3901)
2022-11-26 16:42:51,956 INFO     Epoch: [3][2000/5174]	Time 0.178 (0.179)	Loss 0.3976 (0.3902)
2022-11-26 16:45:50,769 INFO     Epoch: [3][3000/5174]	Time 0.180 (0.179)	Loss 0.3977 (0.3902)
2022-11-26 16:48:49,661 INFO     Epoch: [3][4000/5174]	Time 0.178 (0.179)	Loss 0.3897 (0.3902)
2022-11-26 16:51:48,467 INFO     Epoch: [3][5000/5174]	Time 0.180 (0.179)	Loss 0.3907 (0.3902)
2022-11-26 16:52:20,521 INFO     Test: [0/2532]	Time 1.099 (1.099)	Loss 0.4161 (0.4161)
2022-11-26 16:54:22,312 INFO     Test: [1000/2532]	Time 0.122 (0.123)	Loss 0.3971 (0.3895)
2022-11-26 16:56:24,085 INFO     Test: [2000/2532]	Time 0.121 (0.122)	Loss 0.3845 (0.3897)
2022-11-26 16:58:16,232 INFO     [Test] mAP: 0.610, averageAP: 0.607
					(Compute with all label) OP: 0.000, OR: 0.000, OF1: nan, CP: 0.000, CR: 0.000, CF1:nan
					(Compute with top-3 label) OP: 0.000, OR: 0.000, OF1: nan, CP: 0.000, CR: 0.000, CF1: nan
2022-11-26 16:58:20,354 INFO     [Best] [Epoch 3]: Best mAP is 0.610
2022-11-26 16:58:21,577 INFO     Epoch: [4][0/5174]	Time 1.089 (1.089)	Loss 0.3796 (0.3796)
2022-11-26 17:01:19,984 INFO     Epoch: [4][1000/5174]	Time 0.179 (0.179)	Loss 0.3937 (0.3901)
2022-11-26 17:04:18,701 INFO     Epoch: [4][2000/5174]	Time 0.180 (0.179)	Loss 0.3938 (0.3902)
2022-11-26 17:07:17,482 INFO     Epoch: [4][3000/5174]	Time 0.178 (0.179)	Loss 0.3983 (0.3902)
2022-11-26 17:10:16,206 INFO     Epoch: [4][4000/5174]	Time 0.178 (0.179)	Loss 0.3869 (0.3902)
2022-11-26 17:13:15,010 INFO     Epoch: [4][5000/5174]	Time 0.179 (0.179)	Loss 0.3877 (0.3902)
2022-11-26 17:13:47,074 INFO     Test: [0/2532]	Time 1.140 (1.140)	Loss 0.4160 (0.4160)
2022-11-26 17:15:48,793 INFO     Test: [1000/2532]	Time 0.121 (0.123)	Loss 0.3971 (0.3895)
2022-11-26 17:17:50,462 INFO     Test: [2000/2532]	Time 0.123 (0.122)	Loss 0.3845 (0.3897)
2022-11-26 17:19:42,215 INFO     [Test] mAP: 0.646, averageAP: 0.644
					(Compute with all label) OP: 0.000, OR: 0.000, OF1: nan, CP: 0.000, CR: 0.000, CF1:nan
					(Compute with top-3 label) OP: 0.000, OR: 0.000, OF1: nan, CP: 0.000, CR: 0.000, CF1: nan
2022-11-26 17:19:46,262 INFO     [Best] [Epoch 4]: Best mAP is 0.646
2022-11-26 17:19:47,606 INFO     Epoch: [5][0/5174]	Time 1.188 (1.188)	Loss 0.3832 (0.3832)
2022-11-26 17:22:45,849 INFO     Epoch: [5][1000/5174]	Time 0.180 (0.179)	Loss 0.3888 (0.3900)
2022-11-26 17:25:44,460 INFO     Epoch: [5][2000/5174]	Time 0.178 (0.179)	Loss 0.3956 (0.3902)
2022-11-26 17:28:43,354 INFO     Epoch: [5][3000/5174]	Time 0.178 (0.179)	Loss 0.3868 (0.3902)
2022-11-26 17:31:42,227 INFO     Epoch: [5][4000/5174]	Time 0.181 (0.179)	Loss 0.3878 (0.3902)
2022-11-26 17:34:41,172 INFO     Epoch: [5][5000/5174]	Time 0.181 (0.179)	Loss 0.4009 (0.3902)
2022-11-26 17:35:13,241 INFO     Test: [0/2532]	Time 1.110 (1.110)	Loss 0.4160 (0.4160)
2022-11-26 17:37:14,878 INFO     Test: [1000/2532]	Time 0.123 (0.123)	Loss 0.3971 (0.3895)
2022-11-26 17:39:16,525 INFO     Test: [2000/2532]	Time 0.121 (0.122)	Loss 0.3845 (0.3897)
2022-11-26 17:41:08,229 INFO     [Test] mAP: 0.679, averageAP: 0.677
					(Compute with all label) OP: 0.000, OR: 0.000, OF1: nan, CP: 0.000, CR: 0.000, CF1:nan
					(Compute with top-3 label) OP: 0.000, OR: 0.000, OF1: nan, CP: 0.000, CR: 0.000, CF1: nan
2022-11-26 17:41:12,231 INFO     [Best] [Epoch 5]: Best mAP is 0.679
2022-11-26 17:41:13,649 INFO     Epoch: [6][0/5174]	Time 1.277 (1.277)	Loss 0.3814 (0.3814)
2022-11-26 17:44:11,934 INFO     Epoch: [6][1000/5174]	Time 0.178 (0.179)	Loss 0.3882 (0.3904)
2022-11-26 17:47:10,675 INFO     Epoch: [6][2000/5174]	Time 0.179 (0.179)	Loss 0.3892 (0.3901)
2022-11-26 17:50:09,601 INFO     Epoch: [6][3000/5174]	Time 0.179 (0.179)	Loss 0.3969 (0.3903)
2022-11-26 17:53:08,507 INFO     Epoch: [6][4000/5174]	Time 0.180 (0.179)	Loss 0.3904 (0.3902)
2022-11-26 17:56:07,348 INFO     Epoch: [6][5000/5174]	Time 0.178 (0.179)	Loss 0.3863 (0.3902)
2022-11-26 17:56:39,474 INFO     Test: [0/2532]	Time 1.185 (1.185)	Loss 0.4160 (0.4160)
2022-11-26 17:58:41,169 INFO     Test: [1000/2532]	Time 0.121 (0.123)	Loss 0.3971 (0.3895)
2022-11-26 18:00:42,834 INFO     Test: [2000/2532]	Time 0.121 (0.122)	Loss 0.3845 (0.3897)
2022-11-26 18:02:34,575 INFO     [Test] mAP: 0.680, averageAP: 0.678
					(Compute with all label) OP: 0.000, OR: 0.000, OF1: nan, CP: 0.000, CR: 0.000, CF1:nan
					(Compute with top-3 label) OP: 0.000, OR: 0.000, OF1: nan, CP: 0.000, CR: 0.000, CF1: nan
2022-11-26 18:02:38,707 INFO     [Best] [Epoch 6]: Best mAP is 0.680
2022-11-26 18:02:39,983 INFO     Epoch: [7][0/5174]	Time 1.151 (1.151)	Loss 0.3990 (0.3990)
2022-11-26 18:05:38,515 INFO     Epoch: [7][1000/5174]	Time 0.178 (0.179)	Loss 0.3930 (0.3902)
2022-11-26 18:08:37,140 INFO     Epoch: [7][2000/5174]	Time 0.178 (0.179)	Loss 0.3899 (0.3901)
2022-11-26 18:11:35,960 INFO     Epoch: [7][3000/5174]	Time 0.180 (0.179)	Loss 0.3956 (0.3902)
2022-11-26 18:14:34,790 INFO     Epoch: [7][4000/5174]	Time 0.179 (0.179)	Loss 0.3882 (0.3902)
2022-11-26 18:17:33,744 INFO     Epoch: [7][5000/5174]	Time 0.179 (0.179)	Loss 0.3874 (0.3902)
2022-11-26 18:18:05,810 INFO     Test: [0/2532]	Time 1.113 (1.113)	Loss 0.4160 (0.4160)
2022-11-26 18:20:07,530 INFO     Test: [1000/2532]	Time 0.122 (0.123)	Loss 0.3971 (0.3895)
2022-11-26 18:22:09,155 INFO     Test: [2000/2532]	Time 0.121 (0.122)	Loss 0.3845 (0.3897)
2022-11-26 18:24:01,151 INFO     [Test] mAP: 0.682, averageAP: 0.680
					(Compute with all label) OP: 0.000, OR: 0.000, OF1: nan, CP: 0.000, CR: 0.000, CF1:nan
					(Compute with top-3 label) OP: 0.000, OR: 0.000, OF1: nan, CP: 0.000, CR: 0.000, CF1: nan
2022-11-26 18:24:05,225 INFO     [Best] [Epoch 7]: Best mAP is 0.682
2022-11-26 18:24:06,430 INFO     Epoch: [8][0/5174]	Time 1.057 (1.057)	Loss 0.3922 (0.3922)
2022-11-26 18:27:04,667 INFO     Epoch: [8][1000/5174]	Time 0.184 (0.179)	Loss 0.3919 (0.3900)
2022-11-26 18:30:03,390 INFO     Epoch: [8][2000/5174]	Time 0.181 (0.179)	Loss 0.3901 (0.3901)
2022-11-26 18:33:02,285 INFO     Epoch: [8][3000/5174]	Time 0.179 (0.179)	Loss 0.3915 (0.3901)
2022-11-26 18:36:01,244 INFO     Epoch: [8][4000/5174]	Time 0.178 (0.179)	Loss 0.3850 (0.3901)
2022-11-26 18:39:00,196 INFO     Epoch: [8][5000/5174]	Time 0.173 (0.179)	Loss 0.4004 (0.3902)
2022-11-26 18:39:32,253 INFO     Test: [0/2532]	Time 1.092 (1.092)	Loss 0.4160 (0.4160)
2022-11-26 18:41:33,925 INFO     Test: [1000/2532]	Time 0.122 (0.123)	Loss 0.3971 (0.3895)
2022-11-26 18:43:35,561 INFO     Test: [2000/2532]	Time 0.122 (0.122)	Loss 0.3845 (0.3897)
2022-11-26 18:45:27,920 INFO     [Test] mAP: 0.679, averageAP: 0.677
					(Compute with all label) OP: 0.000, OR: 0.000, OF1: nan, CP: 0.000, CR: 0.000, CF1:nan
					(Compute with top-3 label) OP: 0.000, OR: 0.000, OF1: nan, CP: 0.000, CR: 0.000, CF1: nan
2022-11-26 18:45:30,983 INFO     Epoch: [9][0/5174]	Time 1.151 (1.151)	Loss 0.3879 (0.3879)
slurmstepd: error: *** JOB 440633 ON g0026 CANCELLED AT 2022-11-26T18:46:35 ***
