2022-11-24 14:53:34,415 INFO     ==========================================
2022-11-24 14:53:34,417 INFO     ==========       CONFIG      =============
2022-11-24 14:53:34,417 INFO     ==========================================
2022-11-24 14:53:34,417 INFO     dataset: COCO
2022-11-24 14:53:34,417 INFO     train_data: /data/public/coco2014/train2014
2022-11-24 14:53:34,417 INFO     test_data: /data/public/coco2014/val2014
2022-11-24 14:53:34,417 INFO     train_list: /data/public/coco2014/annotations/instances_train2014.json
2022-11-24 14:53:34,417 INFO     test_list: /data/public/coco2014/annotations/instances_val2014.json
2022-11-24 14:53:34,417 INFO     train_label: ./data/coco/train_label_vectors.npy
2022-11-24 14:53:34,417 INFO     graph_file: ./data/coco/prob_train.npy
2022-11-24 14:53:34,417 INFO     word_file: ./data/coco/vectors.npy
2022-11-24 14:53:34,417 INFO     test_label: ./data/coco/val_label_vectors.npy
2022-11-24 14:53:34,417 INFO     print_freq: 500
2022-11-24 14:53:34,417 INFO     workers: 8
2022-11-24 14:53:34,417 INFO     epochs: 15
2022-11-24 14:53:34,417 INFO     start_epoch: 0
2022-11-24 14:53:34,417 INFO     step_epoch: 10
2022-11-24 14:53:34,418 INFO     batch_size: 16
2022-11-24 14:53:34,418 INFO     lr: 0.001
2022-11-24 14:53:34,418 INFO     momentum: 0.9
2022-11-24 14:53:34,418 INFO     weight_decay: 0.0
2022-11-24 14:53:34,418 INFO     resume: 
2022-11-24 14:53:34,418 INFO     crop_size: 448
2022-11-24 14:53:34,418 INFO     scale_size: 512
2022-11-24 14:53:34,418 INFO     evaluate: False
2022-11-24 14:53:34,418 INFO     post: SSCLIP-withoutAttn-COCO-2.0
2022-11-24 14:53:34,418 INFO     num_classes: 80
2022-11-24 14:53:34,418 INFO     backbone_name: RN101
2022-11-24 14:53:34,418 INFO     category_file: ./data/coco/category_name.json
2022-11-24 14:53:34,418 INFO     ==========================================
2022-11-24 14:53:34,418 INFO     ===========        END        ============
2022-11-24 14:53:34,418 INFO     ==========================================
2022-11-24 14:53:34,418 INFO     

2022-11-24 14:53:34,418 INFO     ==> Creating dataloader...
You will perform multi-scale on images for scale 640
loading annotations into memory...
Done (t=12.29s)
creating index...
index created!
loading annotations into memory...
Done (t=6.30s)
creating index...
index created!
2022-11-24 14:53:55,878 INFO     ==> Done!

2022-11-24 14:53:55,878 INFO     ==> Loading the network ...
2022-11-24 14:54:08,455 INFO     ==> Done!

2022-11-24 14:54:08,457 INFO     Run Experiment...
2022-11-24 14:54:11,632 INFO     Epoch: [0][0/5174]	Time 3.106 (3.106)	Loss 0.6846 (0.6846)
2022-11-24 14:55:29,935 INFO     Epoch: [0][500/5174]	Time 0.153 (0.162)	Loss 0.4017 (0.4381)
2022-11-24 14:56:48,539 INFO     Epoch: [0][1000/5174]	Time 0.155 (0.160)	Loss 0.3955 (0.4147)
2022-11-24 14:58:07,684 INFO     Epoch: [0][1500/5174]	Time 0.159 (0.159)	Loss 0.3938 (0.4066)
2022-11-24 14:59:27,047 INFO     Epoch: [0][2000/5174]	Time 0.159 (0.159)	Loss 0.3879 (0.4025)
2022-11-24 15:00:46,392 INFO     Epoch: [0][2500/5174]	Time 0.159 (0.159)	Loss 0.3955 (0.4001)
2022-11-24 15:02:05,736 INFO     Epoch: [0][3000/5174]	Time 0.158 (0.159)	Loss 0.3911 (0.3984)
2022-11-24 15:03:25,121 INFO     Epoch: [0][3500/5174]	Time 0.159 (0.159)	Loss 0.3920 (0.3973)
2022-11-24 15:04:44,491 INFO     Epoch: [0][4000/5174]	Time 0.159 (0.159)	Loss 0.3943 (0.3964)
2022-11-24 15:06:03,811 INFO     Epoch: [0][4500/5174]	Time 0.158 (0.159)	Loss 0.3925 (0.3957)
2022-11-24 15:07:23,141 INFO     Epoch: [0][5000/5174]	Time 0.158 (0.159)	Loss 0.3942 (0.3951)
2022-11-24 15:07:51,883 INFO     Test: [0/2532]	Time 1.322 (1.322)	Loss 0.4161 (0.4161)
2022-11-24 15:08:53,104 INFO     Test: [500/2532]	Time 0.122 (0.125)	Loss 0.4061 (0.3897)
2022-11-24 15:09:54,394 INFO     Test: [1000/2532]	Time 0.122 (0.124)	Loss 0.3972 (0.3896)
2022-11-24 15:10:55,763 INFO     Test: [1500/2532]	Time 0.123 (0.123)	Loss 0.3764 (0.3898)
2022-11-24 15:11:57,051 INFO     Test: [2000/2532]	Time 0.122 (0.123)	Loss 0.3846 (0.3898)
2022-11-24 15:12:58,386 INFO     Test: [2500/2532]	Time 0.122 (0.123)	Loss 0.3936 (0.3899)
2022-11-24 15:14:01,022 INFO     [Test] mAP: 0.634, averageAP: 0.628
					(Compute with all label) OP: 0.000, OR: 0.000, OF1: nan, CP: 0.000, CR: 0.000, CF1:nan
					(Compute with top-3 label) OP: 0.000, OR: 0.000, OF1: nan, CP: 0.000, CR: 0.000, CF1: nan
2022-11-24 15:14:04,507 INFO     [Best] [Epoch 0]: Best mAP is 0.634
2022-11-24 15:14:05,926 INFO     Epoch: [1][0/5174]	Time 1.293 (1.293)	Loss 0.3923 (0.3923)
2022-11-24 15:15:24,895 INFO     Epoch: [1][500/5174]	Time 0.159 (0.160)	Loss 0.3814 (0.3899)
2022-11-24 15:16:44,020 INFO     Epoch: [1][1000/5174]	Time 0.157 (0.159)	Loss 0.3805 (0.3904)
2022-11-24 15:18:03,317 INFO     Epoch: [1][1500/5174]	Time 0.154 (0.159)	Loss 0.3841 (0.3902)
2022-11-24 15:19:22,648 INFO     Epoch: [1][2000/5174]	Time 0.159 (0.159)	Loss 0.3972 (0.3902)
2022-11-24 15:20:41,931 INFO     Epoch: [1][2500/5174]	Time 0.157 (0.159)	Loss 0.3827 (0.3902)
2022-11-24 15:22:01,200 INFO     Epoch: [1][3000/5174]	Time 0.166 (0.159)	Loss 0.3923 (0.3903)
2022-11-24 15:23:20,494 INFO     Epoch: [1][3500/5174]	Time 0.157 (0.159)	Loss 0.3930 (0.3903)
2022-11-24 15:24:39,797 INFO     Epoch: [1][4000/5174]	Time 0.151 (0.159)	Loss 0.3876 (0.3903)
2022-11-24 15:25:59,050 INFO     Epoch: [1][4500/5174]	Time 0.151 (0.159)	Loss 0.3881 (0.3903)
2022-11-24 15:27:18,329 INFO     Epoch: [1][5000/5174]	Time 0.158 (0.159)	Loss 0.3920 (0.3902)
2022-11-24 15:27:46,921 INFO     Test: [0/2532]	Time 1.166 (1.166)	Loss 0.4160 (0.4160)
2022-11-24 15:28:48,076 INFO     Test: [500/2532]	Time 0.123 (0.124)	Loss 0.4061 (0.3896)
2022-11-24 15:29:49,309 INFO     Test: [1000/2532]	Time 0.122 (0.123)	Loss 0.3971 (0.3896)
2022-11-24 15:30:50,499 INFO     Test: [1500/2532]	Time 0.122 (0.123)	Loss 0.3764 (0.3898)
2022-11-24 15:31:51,872 INFO     Test: [2000/2532]	Time 0.122 (0.123)	Loss 0.3846 (0.3898)
2022-11-24 15:32:53,167 INFO     Test: [2500/2532]	Time 0.122 (0.123)	Loss 0.3935 (0.3899)
2022-11-24 15:33:56,305 INFO     [Test] mAP: 0.685, averageAP: 0.683
					(Compute with all label) OP: 0.000, OR: 0.000, OF1: nan, CP: 0.000, CR: 0.000, CF1:nan
					(Compute with top-3 label) OP: 0.000, OR: 0.000, OF1: nan, CP: 0.000, CR: 0.000, CF1: nan
2022-11-24 15:34:00,433 INFO     [Best] [Epoch 1]: Best mAP is 0.685
2022-11-24 15:34:01,801 INFO     Epoch: [2][0/5174]	Time 1.236 (1.236)	Loss 0.3911 (0.3911)
2022-11-24 15:35:20,738 INFO     Epoch: [2][500/5174]	Time 0.158 (0.160)	Loss 0.3953 (0.3903)
2022-11-24 15:36:39,801 INFO     Epoch: [2][1000/5174]	Time 0.165 (0.159)	Loss 0.3851 (0.3902)
2022-11-24 15:37:59,064 INFO     Epoch: [2][1500/5174]	Time 0.159 (0.159)	Loss 0.3879 (0.3903)
2022-11-24 15:39:18,349 INFO     Epoch: [2][2000/5174]	Time 0.158 (0.159)	Loss 0.3913 (0.3903)
2022-11-24 15:40:37,630 INFO     Epoch: [2][2500/5174]	Time 0.152 (0.159)	Loss 0.3886 (0.3902)
2022-11-24 15:41:56,906 INFO     Epoch: [2][3000/5174]	Time 0.158 (0.159)	Loss 0.3828 (0.3902)
2022-11-24 15:43:16,186 INFO     Epoch: [2][3500/5174]	Time 0.157 (0.159)	Loss 0.3945 (0.3902)
2022-11-24 15:44:35,449 INFO     Epoch: [2][4000/5174]	Time 0.164 (0.159)	Loss 0.3838 (0.3902)
2022-11-24 15:45:54,735 INFO     Epoch: [2][4500/5174]	Time 0.170 (0.159)	Loss 0.3792 (0.3902)
2022-11-24 15:47:14,003 INFO     Epoch: [2][5000/5174]	Time 0.157 (0.159)	Loss 0.3957 (0.3902)
2022-11-24 15:47:42,497 INFO     Test: [0/2532]	Time 1.072 (1.072)	Loss 0.4160 (0.4160)
2022-11-24 15:48:43,686 INFO     Test: [500/2532]	Time 0.123 (0.124)	Loss 0.4061 (0.3896)
2022-11-24 15:49:44,855 INFO     Test: [1000/2532]	Time 0.123 (0.123)	Loss 0.3971 (0.3895)
2022-11-24 15:50:45,970 INFO     Test: [1500/2532]	Time 0.121 (0.123)	Loss 0.3764 (0.3897)
2022-11-24 15:51:47,054 INFO     Test: [2000/2532]	Time 0.122 (0.123)	Loss 0.3845 (0.3897)
2022-11-24 15:52:48,308 INFO     Test: [2500/2532]	Time 0.121 (0.123)	Loss 0.3935 (0.3898)
2022-11-24 15:53:52,033 INFO     [Test] mAP: 0.694, averageAP: 0.692
					(Compute with all label) OP: 0.000, OR: 0.000, OF1: nan, CP: 0.000, CR: 0.000, CF1:nan
					(Compute with top-3 label) OP: 0.000, OR: 0.000, OF1: nan, CP: 0.000, CR: 0.000, CF1: nan
2022-11-24 15:53:56,268 INFO     [Best] [Epoch 2]: Best mAP is 0.694
2022-11-24 15:53:57,630 INFO     Epoch: [3][0/5174]	Time 1.225 (1.225)	Loss 0.3818 (0.3818)
2022-11-24 15:55:16,471 INFO     Epoch: [3][500/5174]	Time 0.155 (0.160)	Loss 0.3918 (0.3899)
2022-11-24 15:56:35,606 INFO     Epoch: [3][1000/5174]	Time 0.164 (0.159)	Loss 0.3950 (0.3902)
2022-11-24 15:57:54,891 INFO     Epoch: [3][1500/5174]	Time 0.165 (0.159)	Loss 0.3962 (0.3901)
2022-11-24 15:59:14,205 INFO     Epoch: [3][2000/5174]	Time 0.153 (0.159)	Loss 0.3901 (0.3901)
2022-11-24 16:00:33,503 INFO     Epoch: [3][2500/5174]	Time 0.149 (0.159)	Loss 0.3892 (0.3901)
2022-11-24 16:01:52,772 INFO     Epoch: [3][3000/5174]	Time 0.170 (0.159)	Loss 0.3760 (0.3902)
2022-11-24 16:03:12,039 INFO     Epoch: [3][3500/5174]	Time 0.164 (0.159)	Loss 0.3949 (0.3901)
2022-11-24 16:04:31,294 INFO     Epoch: [3][4000/5174]	Time 0.150 (0.159)	Loss 0.3984 (0.3901)
2022-11-24 16:05:50,587 INFO     Epoch: [3][4500/5174]	Time 0.157 (0.159)	Loss 0.3913 (0.3901)
2022-11-24 16:07:09,868 INFO     Epoch: [3][5000/5174]	Time 0.165 (0.159)	Loss 0.3851 (0.3902)
2022-11-24 16:07:38,439 INFO     Test: [0/2532]	Time 1.119 (1.119)	Loss 0.4160 (0.4160)
2022-11-24 16:08:39,592 INFO     Test: [500/2532]	Time 0.127 (0.124)	Loss 0.4061 (0.3896)
2022-11-24 16:09:40,810 INFO     Test: [1000/2532]	Time 0.123 (0.123)	Loss 0.3971 (0.3895)
2022-11-24 16:10:42,114 INFO     Test: [1500/2532]	Time 0.122 (0.123)	Loss 0.3764 (0.3897)
2022-11-24 16:11:43,435 INFO     Test: [2000/2532]	Time 0.122 (0.123)	Loss 0.3845 (0.3897)
2022-11-24 16:12:44,659 INFO     Test: [2500/2532]	Time 0.122 (0.123)	Loss 0.3935 (0.3898)
2022-11-24 16:13:59,531 INFO     [Test] mAP: 0.699, averageAP: 0.697
					(Compute with all label) OP: 0.000, OR: 0.000, OF1: nan, CP: 0.000, CR: 0.000, CF1:nan
					(Compute with top-3 label) OP: 0.000, OR: 0.000, OF1: nan, CP: 0.000, CR: 0.000, CF1: nan
2022-11-24 16:14:03,930 INFO     [Best] [Epoch 3]: Best mAP is 0.699
2022-11-24 16:14:05,241 INFO     Epoch: [4][0/5174]	Time 1.190 (1.190)	Loss 0.3898 (0.3898)
2022-11-24 16:15:24,115 INFO     Epoch: [4][500/5174]	Time 0.159 (0.160)	Loss 0.3898 (0.3904)
2022-11-24 16:16:43,189 INFO     Epoch: [4][1000/5174]	Time 0.158 (0.159)	Loss 0.3880 (0.3902)
2022-11-24 16:18:02,481 INFO     Epoch: [4][1500/5174]	Time 0.158 (0.159)	Loss 0.3889 (0.3902)
2022-11-24 16:19:21,763 INFO     Epoch: [4][2000/5174]	Time 0.168 (0.159)	Loss 0.3991 (0.3903)
2022-11-24 16:20:41,030 INFO     Epoch: [4][2500/5174]	Time 0.159 (0.159)	Loss 0.3942 (0.3902)
2022-11-24 16:22:00,252 INFO     Epoch: [4][3000/5174]	Time 0.159 (0.159)	Loss 0.3969 (0.3902)
2022-11-24 16:23:19,484 INFO     Epoch: [4][3500/5174]	Time 0.168 (0.159)	Loss 0.3840 (0.3902)
2022-11-24 16:24:38,728 INFO     Epoch: [4][4000/5174]	Time 0.160 (0.159)	Loss 0.3915 (0.3902)
2022-11-24 16:25:57,993 INFO     Epoch: [4][4500/5174]	Time 0.153 (0.159)	Loss 0.3795 (0.3902)
2022-11-24 16:27:17,211 INFO     Epoch: [4][5000/5174]	Time 0.149 (0.159)	Loss 0.3927 (0.3902)
2022-11-24 16:27:45,727 INFO     Test: [0/2532]	Time 1.099 (1.099)	Loss 0.4160 (0.4160)
2022-11-24 16:28:46,895 INFO     Test: [500/2532]	Time 0.122 (0.124)	Loss 0.4060 (0.3895)
2022-11-24 16:29:48,050 INFO     Test: [1000/2532]	Time 0.123 (0.123)	Loss 0.3970 (0.3895)
2022-11-24 16:30:49,324 INFO     Test: [1500/2532]	Time 0.122 (0.123)	Loss 0.3763 (0.3897)
2022-11-24 16:31:50,520 INFO     Test: [2000/2532]	Time 0.123 (0.123)	Loss 0.3845 (0.3897)
2022-11-24 16:32:51,755 INFO     Test: [2500/2532]	Time 0.122 (0.123)	Loss 0.3935 (0.3898)
2022-11-24 16:33:54,752 INFO     [Test] mAP: 0.702, averageAP: 0.701
					(Compute with all label) OP: 0.000, OR: 0.000, OF1: nan, CP: 0.000, CR: 0.000, CF1:nan
					(Compute with top-3 label) OP: 0.000, OR: 0.000, OF1: nan, CP: 0.000, CR: 0.000, CF1: nan
2022-11-24 16:33:59,185 INFO     [Best] [Epoch 4]: Best mAP is 0.702
2022-11-24 16:34:00,563 INFO     Epoch: [5][0/5174]	Time 1.245 (1.245)	Loss 0.3936 (0.3936)
2022-11-24 16:35:19,403 INFO     Epoch: [5][500/5174]	Time 0.166 (0.160)	Loss 0.3971 (0.3904)
2022-11-24 16:36:38,429 INFO     Epoch: [5][1000/5174]	Time 0.159 (0.159)	Loss 0.3865 (0.3902)
2022-11-24 16:37:57,676 INFO     Epoch: [5][1500/5174]	Time 0.164 (0.159)	Loss 0.3872 (0.3903)
2022-11-24 16:39:16,929 INFO     Epoch: [5][2000/5174]	Time 0.158 (0.159)	Loss 0.3859 (0.3902)
2022-11-24 16:40:36,179 INFO     Epoch: [5][2500/5174]	Time 0.153 (0.159)	Loss 0.3929 (0.3902)
2022-11-24 16:41:55,437 INFO     Epoch: [5][3000/5174]	Time 0.159 (0.159)	Loss 0.3911 (0.3902)
2022-11-24 16:43:14,713 INFO     Epoch: [5][3500/5174]	Time 0.157 (0.159)	Loss 0.3835 (0.3902)
2022-11-24 16:44:33,984 INFO     Epoch: [5][4000/5174]	Time 0.158 (0.159)	Loss 0.3895 (0.3902)
2022-11-24 16:45:53,256 INFO     Epoch: [5][4500/5174]	Time 0.156 (0.159)	Loss 0.3880 (0.3902)
2022-11-24 16:47:12,526 INFO     Epoch: [5][5000/5174]	Time 0.167 (0.159)	Loss 0.3950 (0.3902)
2022-11-24 16:47:41,524 INFO     Test: [0/2532]	Time 1.578 (1.578)	Loss 0.4160 (0.4160)
2022-11-24 16:48:42,794 INFO     Test: [500/2532]	Time 0.122 (0.125)	Loss 0.4060 (0.3895)
2022-11-24 16:49:43,874 INFO     Test: [1000/2532]	Time 0.122 (0.124)	Loss 0.3971 (0.3895)
2022-11-24 16:50:44,963 INFO     Test: [1500/2532]	Time 0.122 (0.123)	Loss 0.3763 (0.3897)
2022-11-24 16:51:46,034 INFO     Test: [2000/2532]	Time 0.122 (0.123)	Loss 0.3845 (0.3897)
2022-11-24 16:52:47,125 INFO     Test: [2500/2532]	Time 0.122 (0.123)	Loss 0.3935 (0.3898)
2022-11-24 16:53:51,616 INFO     [Test] mAP: 0.707, averageAP: 0.706
					(Compute with all label) OP: 0.000, OR: 0.000, OF1: nan, CP: 0.000, CR: 0.000, CF1:nan
					(Compute with top-3 label) OP: 0.000, OR: 0.000, OF1: nan, CP: 0.000, CR: 0.000, CF1: nan
2022-11-24 16:53:55,950 INFO     [Best] [Epoch 5]: Best mAP is 0.707
2022-11-24 16:53:57,334 INFO     Epoch: [6][0/5174]	Time 1.255 (1.255)	Loss 0.3918 (0.3918)
2022-11-24 16:55:16,168 INFO     Epoch: [6][500/5174]	Time 0.159 (0.160)	Loss 0.3877 (0.3902)
2022-11-24 16:56:35,178 INFO     Epoch: [6][1000/5174]	Time 0.163 (0.159)	Loss 0.3890 (0.3901)
2022-11-24 16:57:54,420 INFO     Epoch: [6][1500/5174]	Time 0.161 (0.159)	Loss 0.3932 (0.3901)
2022-11-24 16:59:13,631 INFO     Epoch: [6][2000/5174]	Time 0.159 (0.159)	Loss 0.3939 (0.3900)
2022-11-24 17:00:32,912 INFO     Epoch: [6][2500/5174]	Time 0.157 (0.159)	Loss 0.3846 (0.3901)
2022-11-24 17:01:52,153 INFO     Epoch: [6][3000/5174]	Time 0.159 (0.159)	Loss 0.3846 (0.3901)
2022-11-24 17:03:11,435 INFO     Epoch: [6][3500/5174]	Time 0.150 (0.159)	Loss 0.3889 (0.3901)
2022-11-24 17:04:30,602 INFO     Epoch: [6][4000/5174]	Time 0.157 (0.159)	Loss 0.3938 (0.3902)
2022-11-24 17:05:49,669 INFO     Epoch: [6][4500/5174]	Time 0.158 (0.159)	Loss 0.4037 (0.3902)
2022-11-24 17:07:08,735 INFO     Epoch: [6][5000/5174]	Time 0.163 (0.158)	Loss 0.3930 (0.3902)
2022-11-24 17:07:37,128 INFO     Test: [0/2532]	Time 1.069 (1.069)	Loss 0.4160 (0.4160)
2022-11-24 17:08:38,164 INFO     Test: [500/2532]	Time 0.122 (0.124)	Loss 0.4060 (0.3895)
2022-11-24 17:09:39,223 INFO     Test: [1000/2532]	Time 0.122 (0.123)	Loss 0.3971 (0.3895)
2022-11-24 17:10:40,272 INFO     Test: [1500/2532]	Time 0.122 (0.123)	Loss 0.3764 (0.3897)
2022-11-24 17:11:41,320 INFO     Test: [2000/2532]	Time 0.122 (0.123)	Loss 0.3845 (0.3897)
2022-11-24 17:12:42,372 INFO     Test: [2500/2532]	Time 0.122 (0.122)	Loss 0.3935 (0.3898)
2022-11-24 17:13:44,917 INFO     [Test] mAP: 0.706, averageAP: 0.704
					(Compute with all label) OP: 0.000, OR: 0.000, OF1: nan, CP: 0.000, CR: 0.000, CF1:nan
					(Compute with top-3 label) OP: 0.000, OR: 0.000, OF1: nan, CP: 0.000, CR: 0.000, CF1: nan
2022-11-24 17:13:48,176 INFO     Epoch: [7][0/5174]	Time 1.262 (1.262)	Loss 0.3883 (0.3883)
2022-11-24 17:15:06,997 INFO     Epoch: [7][500/5174]	Time 0.163 (0.160)	Loss 0.3901 (0.3904)
2022-11-24 17:16:26,040 INFO     Epoch: [7][1000/5174]	Time 0.157 (0.159)	Loss 0.3937 (0.3904)
2022-11-24 17:17:45,151 INFO     Epoch: [7][1500/5174]	Time 0.156 (0.159)	Loss 0.3850 (0.3903)
2022-11-24 17:19:04,236 INFO     Epoch: [7][2000/5174]	Time 0.163 (0.159)	Loss 0.3898 (0.3903)
2022-11-24 17:20:23,453 INFO     Epoch: [7][2500/5174]	Time 0.158 (0.159)	Loss 0.3852 (0.3902)
2022-11-24 17:21:42,763 INFO     Epoch: [7][3000/5174]	Time 0.162 (0.159)	Loss 0.3893 (0.3902)
2022-11-24 17:23:01,964 INFO     Epoch: [7][3500/5174]	Time 0.159 (0.159)	Loss 0.3900 (0.3902)
2022-11-24 17:24:21,221 INFO     Epoch: [7][4000/5174]	Time 0.153 (0.159)	Loss 0.3902 (0.3902)
2022-11-24 17:25:40,442 INFO     Epoch: [7][4500/5174]	Time 0.157 (0.159)	Loss 0.3843 (0.3902)
2022-11-24 17:26:59,698 INFO     Epoch: [7][5000/5174]	Time 0.155 (0.159)	Loss 0.3941 (0.3902)
2022-11-24 17:27:28,432 INFO     Test: [0/2532]	Time 1.299 (1.299)	Loss 0.4160 (0.4160)
2022-11-24 17:28:29,538 INFO     Test: [500/2532]	Time 0.122 (0.125)	Loss 0.4060 (0.3895)
2022-11-24 17:29:30,642 INFO     Test: [1000/2532]	Time 0.122 (0.123)	Loss 0.3971 (0.3895)
2022-11-24 17:30:31,853 INFO     Test: [1500/2532]	Time 0.122 (0.123)	Loss 0.3764 (0.3897)
2022-11-24 17:31:33,185 INFO     Test: [2000/2532]	Time 0.122 (0.123)	Loss 0.3845 (0.3897)
2022-11-24 17:32:34,267 INFO     Test: [2500/2532]	Time 0.122 (0.123)	Loss 0.3935 (0.3898)
2022-11-24 17:33:36,651 INFO     [Test] mAP: 0.708, averageAP: 0.707
					(Compute with all label) OP: 0.000, OR: 0.000, OF1: nan, CP: 0.000, CR: 0.000, CF1:nan
					(Compute with top-3 label) OP: 0.000, OR: 0.000, OF1: nan, CP: 0.000, CR: 0.000, CF1: nan
2022-11-24 17:33:40,675 INFO     [Best] [Epoch 7]: Best mAP is 0.708
2022-11-24 17:33:42,075 INFO     Epoch: [8][0/5174]	Time 1.348 (1.348)	Loss 0.3903 (0.3903)
2022-11-24 17:35:00,929 INFO     Epoch: [8][500/5174]	Time 0.157 (0.160)	Loss 0.3886 (0.3902)
2022-11-24 17:36:19,969 INFO     Epoch: [8][1000/5174]	Time 0.158 (0.159)	Loss 0.3858 (0.3902)
2022-11-24 17:37:39,088 INFO     Epoch: [8][1500/5174]	Time 0.165 (0.159)	Loss 0.3811 (0.3902)
2022-11-24 17:38:58,200 INFO     Epoch: [8][2000/5174]	Time 0.160 (0.159)	Loss 0.3894 (0.3902)
2022-11-24 17:40:17,444 INFO     Epoch: [8][2500/5174]	Time 0.157 (0.159)	Loss 0.3901 (0.3902)
2022-11-24 17:41:36,654 INFO     Epoch: [8][3000/5174]	Time 0.164 (0.159)	Loss 0.3798 (0.3902)
2022-11-24 17:42:55,868 INFO     Epoch: [8][3500/5174]	Time 0.158 (0.159)	Loss 0.3821 (0.3902)
2022-11-24 17:44:15,057 INFO     Epoch: [8][4000/5174]	Time 0.158 (0.159)	Loss 0.3827 (0.3902)
2022-11-24 17:45:34,256 INFO     Epoch: [8][4500/5174]	Time 0.158 (0.159)	Loss 0.3866 (0.3902)
2022-11-24 17:46:53,476 INFO     Epoch: [8][5000/5174]	Time 0.159 (0.158)	Loss 0.3864 (0.3902)
2022-11-24 17:47:22,102 INFO     Test: [0/2532]	Time 1.223 (1.223)	Loss 0.4160 (0.4160)
2022-11-24 17:48:23,159 INFO     Test: [500/2532]	Time 0.123 (0.124)	Loss 0.4060 (0.3895)
2022-11-24 17:49:24,291 INFO     Test: [1000/2532]	Time 0.122 (0.123)	Loss 0.3971 (0.3895)
2022-11-24 17:50:25,403 INFO     Test: [1500/2532]	Time 0.122 (0.123)	Loss 0.3763 (0.3897)
2022-11-24 17:51:26,732 INFO     Test: [2000/2532]	Time 0.123 (0.123)	Loss 0.3845 (0.3897)
2022-11-24 17:52:27,877 INFO     Test: [2500/2532]	Time 0.122 (0.123)	Loss 0.3935 (0.3898)
2022-11-24 17:53:29,927 INFO     [Test] mAP: 0.707, averageAP: 0.706
					(Compute with all label) OP: 0.000, OR: 0.000, OF1: nan, CP: 0.000, CR: 0.000, CF1:nan
					(Compute with top-3 label) OP: 0.000, OR: 0.000, OF1: nan, CP: 0.000, CR: 0.000, CF1: nan
2022-11-24 17:53:33,243 INFO     Epoch: [9][0/5174]	Time 1.017 (1.017)	Loss 0.3898 (0.3898)
2022-11-24 17:54:52,106 INFO     Epoch: [9][500/5174]	Time 0.156 (0.159)	Loss 0.3931 (0.3900)
2022-11-24 17:56:11,107 INFO     Epoch: [9][1000/5174]	Time 0.156 (0.159)	Loss 0.3893 (0.3900)
2022-11-24 17:57:30,212 INFO     Epoch: [9][1500/5174]	Time 0.158 (0.159)	Loss 0.3902 (0.3900)
2022-11-24 17:58:49,450 INFO     Epoch: [9][2000/5174]	Time 0.157 (0.159)	Loss 0.3913 (0.3901)
2022-11-24 18:00:08,662 INFO     Epoch: [9][2500/5174]	Time 0.158 (0.159)	Loss 0.3869 (0.3902)
2022-11-24 18:01:27,860 INFO     Epoch: [9][3000/5174]	Time 0.160 (0.158)	Loss 0.3887 (0.3901)
2022-11-24 18:02:47,095 INFO     Epoch: [9][3500/5174]	Time 0.159 (0.158)	Loss 0.3913 (0.3901)
2022-11-24 18:04:06,296 INFO     Epoch: [9][4000/5174]	Time 0.152 (0.158)	Loss 0.3895 (0.3902)
2022-11-24 18:05:25,558 INFO     Epoch: [9][4500/5174]	Time 0.159 (0.158)	Loss 0.3915 (0.3902)
2022-11-24 18:06:44,791 INFO     Epoch: [9][5000/5174]	Time 0.152 (0.158)	Loss 0.3780 (0.3902)
2022-11-24 18:07:13,454 INFO     Test: [0/2532]	Time 1.239 (1.239)	Loss 0.4160 (0.4160)
2022-11-24 18:08:14,556 INFO     Test: [500/2532]	Time 0.121 (0.124)	Loss 0.4060 (0.3895)
2022-11-24 18:09:15,672 INFO     Test: [1000/2532]	Time 0.122 (0.123)	Loss 0.3970 (0.3895)
2022-11-24 18:10:16,889 INFO     Test: [1500/2532]	Time 0.122 (0.123)	Loss 0.3763 (0.3897)
2022-11-24 18:11:18,091 INFO     Test: [2000/2532]	Time 0.121 (0.123)	Loss 0.3845 (0.3897)
2022-11-24 18:12:19,190 INFO     Test: [2500/2532]	Time 0.122 (0.123)	Loss 0.3935 (0.3898)
2022-11-24 18:13:22,156 INFO     [Test] mAP: 0.709, averageAP: 0.707
					(Compute with all label) OP: 0.000, OR: 0.000, OF1: nan, CP: 0.000, CR: 0.000, CF1:nan
					(Compute with top-3 label) OP: 0.000, OR: 0.000, OF1: nan, CP: 0.000, CR: 0.000, CF1: nan
2022-11-24 18:13:26,424 INFO     [Best] [Epoch 9]: Best mAP is 0.709
2022-11-24 18:13:27,732 INFO     Epoch: [10][0/5174]	Time 1.188 (1.188)	Loss 0.3953 (0.3953)
2022-11-24 18:14:46,532 INFO     Epoch: [10][500/5174]	Time 0.155 (0.160)	Loss 0.3904 (0.3901)
2022-11-24 18:16:05,511 INFO     Epoch: [10][1000/5174]	Time 0.157 (0.159)	Loss 0.3920 (0.3902)
2022-11-24 18:17:24,633 INFO     Epoch: [10][1500/5174]	Time 0.159 (0.159)	Loss 0.3952 (0.3902)
2022-11-24 18:18:43,793 INFO     Epoch: [10][2000/5174]	Time 0.158 (0.159)	Loss 0.3911 (0.3902)
2022-11-24 18:20:02,984 INFO     Epoch: [10][2500/5174]	Time 0.159 (0.159)	Loss 0.3890 (0.3902)
2022-11-24 18:21:22,053 INFO     Epoch: [10][3000/5174]	Time 0.158 (0.158)	Loss 0.3932 (0.3902)
2022-11-24 18:22:41,044 INFO     Epoch: [10][3500/5174]	Time 0.160 (0.158)	Loss 0.3825 (0.3902)
2022-11-24 18:23:59,998 INFO     Epoch: [10][4000/5174]	Time 0.157 (0.158)	Loss 0.3819 (0.3901)
2022-11-24 18:25:19,102 INFO     Epoch: [10][4500/5174]	Time 0.166 (0.158)	Loss 0.3957 (0.3901)
2022-11-24 18:26:38,250 INFO     Epoch: [10][5000/5174]	Time 0.166 (0.158)	Loss 0.3875 (0.3901)
2022-11-24 18:27:06,885 INFO     Test: [0/2532]	Time 1.250 (1.250)	Loss 0.4160 (0.4160)
2022-11-24 18:28:07,889 INFO     Test: [500/2532]	Time 0.122 (0.124)	Loss 0.4060 (0.3895)
2022-11-24 18:29:08,969 INFO     Test: [1000/2532]	Time 0.123 (0.123)	Loss 0.3971 (0.3895)
2022-11-24 18:30:10,021 INFO     Test: [1500/2532]	Time 0.122 (0.123)	Loss 0.3764 (0.3897)
2022-11-24 18:31:11,049 INFO     Test: [2000/2532]	Time 0.122 (0.123)	Loss 0.3845 (0.3897)
2022-11-24 18:32:12,107 INFO     Test: [2500/2532]	Time 0.122 (0.123)	Loss 0.3935 (0.3898)
2022-11-24 18:33:14,047 INFO     [Test] mAP: 0.708, averageAP: 0.707
					(Compute with all label) OP: 0.000, OR: 0.000, OF1: nan, CP: 0.000, CR: 0.000, CF1:nan
					(Compute with top-3 label) OP: 0.000, OR: 0.000, OF1: nan, CP: 0.000, CR: 0.000, CF1: nan
2022-11-24 18:33:17,236 INFO     Epoch: [11][0/5174]	Time 1.187 (1.187)	Loss 0.3919 (0.3919)
2022-11-24 18:34:36,031 INFO     Epoch: [11][500/5174]	Time 0.151 (0.160)	Loss 0.3888 (0.3899)
2022-11-24 18:35:55,033 INFO     Epoch: [11][1000/5174]	Time 0.165 (0.159)	Loss 0.3957 (0.3901)
2022-11-24 18:37:14,108 INFO     Epoch: [11][1500/5174]	Time 0.158 (0.159)	Loss 0.3901 (0.3901)
2022-11-24 18:38:33,339 INFO     Epoch: [11][2000/5174]	Time 0.166 (0.159)	Loss 0.3927 (0.3901)
2022-11-24 18:39:52,534 INFO     Epoch: [11][2500/5174]	Time 0.154 (0.159)	Loss 0.3854 (0.3901)
2022-11-24 18:41:11,702 INFO     Epoch: [11][3000/5174]	Time 0.158 (0.158)	Loss 0.3847 (0.3902)
2022-11-24 18:42:30,838 INFO     Epoch: [11][3500/5174]	Time 0.159 (0.158)	Loss 0.3949 (0.3902)
2022-11-24 18:43:50,017 INFO     Epoch: [11][4000/5174]	Time 0.159 (0.158)	Loss 0.3878 (0.3901)
2022-11-24 18:45:09,205 INFO     Epoch: [11][4500/5174]	Time 0.158 (0.158)	Loss 0.3984 (0.3901)
2022-11-24 18:46:28,361 INFO     Epoch: [11][5000/5174]	Time 0.158 (0.158)	Loss 0.3813 (0.3902)
2022-11-24 18:46:57,019 INFO     Test: [0/2532]	Time 1.212 (1.212)	Loss 0.4160 (0.4160)
2022-11-24 18:47:58,130 INFO     Test: [500/2532]	Time 0.123 (0.124)	Loss 0.4060 (0.3895)
2022-11-24 18:48:59,189 INFO     Test: [1000/2532]	Time 0.122 (0.123)	Loss 0.3971 (0.3895)
2022-11-24 18:50:00,274 INFO     Test: [1500/2532]	Time 0.122 (0.123)	Loss 0.3764 (0.3897)
2022-11-24 18:51:01,319 INFO     Test: [2000/2532]	Time 0.122 (0.123)	Loss 0.3845 (0.3897)
2022-11-24 18:52:02,341 INFO     Test: [2500/2532]	Time 0.122 (0.123)	Loss 0.3935 (0.3898)
2022-11-24 18:53:04,205 INFO     [Test] mAP: 0.709, averageAP: 0.707
					(Compute with all label) OP: 0.000, OR: 0.000, OF1: nan, CP: 0.000, CR: 0.000, CF1:nan
					(Compute with top-3 label) OP: 0.000, OR: 0.000, OF1: nan, CP: 0.000, CR: 0.000, CF1: nan
2022-11-24 18:53:08,215 INFO     [Best] [Epoch 11]: Best mAP is 0.709
2022-11-24 18:53:09,546 INFO     Epoch: [12][0/5174]	Time 1.307 (1.307)	Loss 0.3945 (0.3945)
2022-11-24 18:54:28,314 INFO     Epoch: [12][500/5174]	Time 0.159 (0.160)	Loss 0.3959 (0.3904)
2022-11-24 18:55:47,295 INFO     Epoch: [12][1000/5174]	Time 0.165 (0.159)	Loss 0.4015 (0.3903)
2022-11-24 18:57:06,325 INFO     Epoch: [12][1500/5174]	Time 0.151 (0.159)	Loss 0.3892 (0.3902)
2022-11-24 18:58:25,439 INFO     Epoch: [12][2000/5174]	Time 0.158 (0.158)	Loss 0.3916 (0.3901)
2022-11-24 18:59:44,648 INFO     Epoch: [12][2500/5174]	Time 0.151 (0.158)	Loss 0.3909 (0.3901)
2022-11-24 19:01:03,889 INFO     Epoch: [12][3000/5174]	Time 0.153 (0.158)	Loss 0.3983 (0.3901)
2022-11-24 19:02:23,077 INFO     Epoch: [12][3500/5174]	Time 0.148 (0.158)	Loss 0.3958 (0.3902)
2022-11-24 19:03:42,256 INFO     Epoch: [12][4000/5174]	Time 0.159 (0.158)	Loss 0.3862 (0.3901)
2022-11-24 19:05:01,402 INFO     Epoch: [12][4500/5174]	Time 0.169 (0.158)	Loss 0.3858 (0.3901)
2022-11-24 19:06:20,522 INFO     Epoch: [12][5000/5174]	Time 0.165 (0.158)	Loss 0.3941 (0.3902)
2022-11-24 19:06:48,991 INFO     Test: [0/2532]	Time 1.080 (1.080)	Loss 0.4160 (0.4160)
2022-11-24 19:07:50,039 INFO     Test: [500/2532]	Time 0.122 (0.124)	Loss 0.4060 (0.3895)
2022-11-24 19:08:51,226 INFO     Test: [1000/2532]	Time 0.122 (0.123)	Loss 0.3971 (0.3895)
2022-11-24 19:09:52,308 INFO     Test: [1500/2532]	Time 0.122 (0.123)	Loss 0.3764 (0.3897)
2022-11-24 19:10:53,400 INFO     Test: [2000/2532]	Time 0.122 (0.123)	Loss 0.3845 (0.3897)
2022-11-24 19:11:54,484 INFO     Test: [2500/2532]	Time 0.122 (0.123)	Loss 0.3935 (0.3898)
2022-11-24 19:12:56,827 INFO     [Test] mAP: 0.709, averageAP: 0.708
					(Compute with all label) OP: 0.000, OR: 0.000, OF1: nan, CP: 0.000, CR: 0.000, CF1:nan
					(Compute with top-3 label) OP: 0.000, OR: 0.000, OF1: nan, CP: 0.000, CR: 0.000, CF1: nan
2022-11-24 19:13:01,061 INFO     [Best] [Epoch 12]: Best mAP is 0.709
2022-11-24 19:13:02,463 INFO     Epoch: [13][0/5174]	Time 1.260 (1.260)	Loss 0.3855 (0.3855)
2022-11-24 19:14:21,238 INFO     Epoch: [13][500/5174]	Time 0.158 (0.160)	Loss 0.3875 (0.3901)
2022-11-24 19:15:40,188 INFO     Epoch: [13][1000/5174]	Time 0.161 (0.159)	Loss 0.3889 (0.3898)
2022-11-24 19:16:59,192 INFO     Epoch: [13][1500/5174]	Time 0.163 (0.159)	Loss 0.3837 (0.3899)
2022-11-24 19:18:18,307 INFO     Epoch: [13][2000/5174]	Time 0.159 (0.158)	Loss 0.3886 (0.3899)
2022-11-24 19:19:37,446 INFO     Epoch: [13][2500/5174]	Time 0.160 (0.158)	Loss 0.3828 (0.3900)
2022-11-24 19:20:56,592 INFO     Epoch: [13][3000/5174]	Time 0.164 (0.158)	Loss 0.3906 (0.3901)
2022-11-24 19:22:15,733 INFO     Epoch: [13][3500/5174]	Time 0.165 (0.158)	Loss 0.3849 (0.3901)
2022-11-24 19:23:34,860 INFO     Epoch: [13][4000/5174]	Time 0.156 (0.158)	Loss 0.3871 (0.3901)
2022-11-24 19:24:54,012 INFO     Epoch: [13][4500/5174]	Time 0.166 (0.158)	Loss 0.3878 (0.3902)
2022-11-24 19:26:13,116 INFO     Epoch: [13][5000/5174]	Time 0.157 (0.158)	Loss 0.3945 (0.3901)
2022-11-24 19:26:41,680 INFO     Test: [0/2532]	Time 1.186 (1.186)	Loss 0.4160 (0.4160)
2022-11-24 19:27:42,684 INFO     Test: [500/2532]	Time 0.122 (0.124)	Loss 0.4060 (0.3895)
2022-11-24 19:28:43,729 INFO     Test: [1000/2532]	Time 0.122 (0.123)	Loss 0.3971 (0.3895)
2022-11-24 19:29:44,778 INFO     Test: [1500/2532]	Time 0.121 (0.123)	Loss 0.3764 (0.3897)
2022-11-24 19:30:45,767 INFO     Test: [2000/2532]	Time 0.121 (0.123)	Loss 0.3845 (0.3897)
2022-11-24 19:31:46,804 INFO     Test: [2500/2532]	Time 0.122 (0.122)	Loss 0.3935 (0.3898)
2022-11-24 19:32:48,550 INFO     [Test] mAP: 0.708, averageAP: 0.706
					(Compute with all label) OP: 0.000, OR: 0.000, OF1: nan, CP: 0.000, CR: 0.000, CF1:nan
					(Compute with top-3 label) OP: 0.000, OR: 0.000, OF1: nan, CP: 0.000, CR: 0.000, CF1: nan
2022-11-24 19:32:51,946 INFO     Epoch: [14][0/5174]	Time 1.167 (1.167)	Loss 0.3900 (0.3900)
2022-11-24 19:34:10,657 INFO     Epoch: [14][500/5174]	Time 0.165 (0.159)	Loss 0.3952 (0.3904)
2022-11-24 19:35:29,553 INFO     Epoch: [14][1000/5174]	Time 0.152 (0.159)	Loss 0.3943 (0.3902)
2022-11-24 19:36:48,491 INFO     Epoch: [14][1500/5174]	Time 0.163 (0.158)	Loss 0.3934 (0.3902)
2022-11-24 19:38:07,407 INFO     Epoch: [14][2000/5174]	Time 0.156 (0.158)	Loss 0.3843 (0.3901)
2022-11-24 19:39:26,397 INFO     Epoch: [14][2500/5174]	Time 0.156 (0.158)	Loss 0.3840 (0.3902)
2022-11-24 19:40:45,532 INFO     Epoch: [14][3000/5174]	Time 0.154 (0.158)	Loss 0.3956 (0.3901)
2022-11-24 19:42:04,784 INFO     Epoch: [14][3500/5174]	Time 0.160 (0.158)	Loss 0.3913 (0.3902)
2022-11-24 19:43:24,069 INFO     Epoch: [14][4000/5174]	Time 0.157 (0.158)	Loss 0.3883 (0.3902)
2022-11-24 19:44:43,332 INFO     Epoch: [14][4500/5174]	Time 0.159 (0.158)	Loss 0.3919 (0.3901)
2022-11-24 19:46:02,613 INFO     Epoch: [14][5000/5174]	Time 0.160 (0.158)	Loss 0.3934 (0.3901)
2022-11-24 19:46:31,054 INFO     Test: [0/2532]	Time 1.036 (1.036)	Loss 0.4160 (0.4160)
2022-11-24 19:47:32,127 INFO     Test: [500/2532]	Time 0.122 (0.124)	Loss 0.4060 (0.3895)
2022-11-24 19:48:33,241 INFO     Test: [1000/2532]	Time 0.122 (0.123)	Loss 0.3970 (0.3895)
2022-11-24 19:49:34,322 INFO     Test: [1500/2532]	Time 0.124 (0.123)	Loss 0.3764 (0.3897)
2022-11-24 19:50:35,435 INFO     Test: [2000/2532]	Time 0.122 (0.123)	Loss 0.3845 (0.3897)
2022-11-24 19:51:36,490 INFO     Test: [2500/2532]	Time 0.122 (0.123)	Loss 0.3935 (0.3898)
2022-11-24 19:52:39,764 INFO     [Test] mAP: 0.711, averageAP: 0.710
					(Compute with all label) OP: 0.000, OR: 0.000, OF1: nan, CP: 0.000, CR: 0.000, CF1:nan
					(Compute with top-3 label) OP: 0.000, OR: 0.000, OF1: nan, CP: 0.000, CR: 0.000, CF1: nan
2022-11-24 19:52:44,160 INFO     [Best] [Epoch 14]: Best mAP is 0.711
