2022-11-13 21:30:24,459 INFO     ==========================================
2022-11-13 21:30:24,460 INFO     ==========       CONFIG      =============
2022-11-13 21:30:24,460 INFO     ==========================================
2022-11-13 21:30:24,461 INFO     dataset: COCO
2022-11-13 21:30:24,461 INFO     train_data: /data/public/coco2014/train2014
2022-11-13 21:30:24,461 INFO     test_data: /data/public/coco2014/val2014
2022-11-13 21:30:24,461 INFO     train_list: /data/public/coco2014/annotations/instances_train2014.json
2022-11-13 21:30:24,461 INFO     test_list: /data/public/coco2014/annotations/instances_val2014.json
2022-11-13 21:30:24,461 INFO     train_label: ./data/coco/train_label_vectors.npy
2022-11-13 21:30:24,461 INFO     graph_file: ./data/coco/prob_train.npy
2022-11-13 21:30:24,461 INFO     word_file: ./data/coco/vectors.npy
2022-11-13 21:30:24,461 INFO     test_label: ./data/coco/val_label_vectors.npy
2022-11-13 21:30:24,461 INFO     print_freq: 200
2022-11-13 21:30:24,461 INFO     workers: 8
2022-11-13 21:30:24,461 INFO     epochs: 20
2022-11-13 21:30:24,461 INFO     start_epoch: 0
2022-11-13 21:30:24,461 INFO     step_epoch: 10
2022-11-13 21:30:24,461 INFO     batch_size: 16
2022-11-13 21:30:24,461 INFO     lr: 1e-05
2022-11-13 21:30:24,461 INFO     momentum: 0.9
2022-11-13 21:30:24,461 INFO     weight_decay: 0.0
2022-11-13 21:30:24,461 INFO     resume: 
2022-11-13 21:30:24,461 INFO     crop_size: 448
2022-11-13 21:30:24,461 INFO     scale_size: 512
2022-11-13 21:30:24,461 INFO     evaluate: False
2022-11-13 21:30:24,462 INFO     post: CLIP-ATTEN-SSGRL-COCO
2022-11-13 21:30:24,462 INFO     num_classes: 80
2022-11-13 21:30:24,462 INFO     backbone_name: RN101
2022-11-13 21:30:24,462 INFO     ==========================================
2022-11-13 21:30:24,462 INFO     ===========        END        ============
2022-11-13 21:30:24,462 INFO     ==========================================
2022-11-13 21:30:24,462 INFO     

2022-11-13 21:30:24,462 INFO     ==> Creating dataloader...
You will perform multi-scale on images for scale 640
loading annotations into memory...
Done (t=11.18s)
creating index...
index created!
loading annotations into memory...
Done (t=6.08s)
creating index...
index created!
2022-11-13 21:30:44,418 INFO     ==> Done!

2022-11-13 21:30:44,420 INFO     ==> Loading the network ...
2022-11-13 21:30:54,235 INFO     ==> Done!

2022-11-13 21:30:54,235 INFO     Run Experiment...
2022-11-13 21:30:57,162 INFO     Epoch: [0][0/5174]	Time 2.883 (2.883)	Loss 0.6932 (0.6932)
2022-11-13 21:31:27,259 INFO     Epoch: [0][200/5174]	Time 0.150 (0.164)	Loss 0.2560 (0.4648)
2022-11-13 21:31:57,478 INFO     Epoch: [0][400/5174]	Time 0.150 (0.157)	Loss 0.1749 (0.3275)
2022-11-13 21:32:27,778 INFO     Epoch: [0][600/5174]	Time 0.152 (0.155)	Loss 0.1462 (0.2681)
2022-11-13 21:32:58,131 INFO     Epoch: [0][800/5174]	Time 0.151 (0.155)	Loss 0.1402 (0.2358)
2022-11-13 21:33:28,494 INFO     Epoch: [0][1000/5174]	Time 0.151 (0.154)	Loss 0.1162 (0.2159)
2022-11-13 21:33:58,863 INFO     Epoch: [0][1200/5174]	Time 0.151 (0.154)	Loss 0.1625 (0.2019)
2022-11-13 21:34:29,250 INFO     Epoch: [0][1400/5174]	Time 0.153 (0.153)	Loss 0.1085 (0.1917)
2022-11-13 21:34:59,636 INFO     Epoch: [0][1600/5174]	Time 0.154 (0.153)	Loss 0.1661 (0.1840)
2022-11-13 21:35:30,073 INFO     Epoch: [0][1800/5174]	Time 0.154 (0.153)	Loss 0.1282 (0.1783)
2022-11-13 21:36:00,470 INFO     Epoch: [0][2000/5174]	Time 0.154 (0.153)	Loss 0.1337 (0.1734)
2022-11-13 21:36:30,874 INFO     Epoch: [0][2200/5174]	Time 0.154 (0.153)	Loss 0.1610 (0.1692)
2022-11-13 21:37:01,276 INFO     Epoch: [0][2400/5174]	Time 0.154 (0.153)	Loss 0.1210 (0.1656)
2022-11-13 21:37:31,681 INFO     Epoch: [0][2600/5174]	Time 0.151 (0.153)	Loss 0.1266 (0.1626)
2022-11-13 21:38:02,083 INFO     Epoch: [0][2800/5174]	Time 0.152 (0.153)	Loss 0.1126 (0.1597)
2022-11-13 21:38:32,471 INFO     Epoch: [0][3000/5174]	Time 0.151 (0.153)	Loss 0.1271 (0.1572)
2022-11-13 21:39:02,860 INFO     Epoch: [0][3200/5174]	Time 0.151 (0.153)	Loss 0.1227 (0.1550)
2022-11-13 21:39:33,287 INFO     Epoch: [0][3400/5174]	Time 0.152 (0.153)	Loss 0.1148 (0.1528)
2022-11-13 21:40:03,697 INFO     Epoch: [0][3600/5174]	Time 0.151 (0.153)	Loss 0.1017 (0.1509)
2022-11-13 21:40:34,106 INFO     Epoch: [0][3800/5174]	Time 0.147 (0.153)	Loss 0.0808 (0.1491)
2022-11-13 21:41:04,512 INFO     Epoch: [0][4000/5174]	Time 0.151 (0.152)	Loss 0.1491 (0.1474)
2022-11-13 21:41:34,897 INFO     Epoch: [0][4200/5174]	Time 0.152 (0.152)	Loss 0.1147 (0.1459)
2022-11-13 21:42:05,258 INFO     Epoch: [0][4400/5174]	Time 0.152 (0.152)	Loss 0.1018 (0.1445)
2022-11-13 21:42:35,662 INFO     Epoch: [0][4600/5174]	Time 0.150 (0.152)	Loss 0.1043 (0.1430)
2022-11-13 21:43:06,039 INFO     Epoch: [0][4800/5174]	Time 0.147 (0.152)	Loss 0.1317 (0.1416)
2022-11-13 21:43:36,419 INFO     Epoch: [0][5000/5174]	Time 0.153 (0.152)	Loss 0.0902 (0.1403)
2022-11-13 21:44:04,142 INFO     Test: [0/2532]	Time 1.390 (1.390)	Loss 0.1732 (0.1732)
2022-11-13 21:44:28,625 INFO     Test: [200/2532]	Time 0.124 (0.129)	Loss 0.0927 (0.1029)
2022-11-13 21:44:53,075 INFO     Test: [400/2532]	Time 0.122 (0.125)	Loss 0.0930 (0.1041)
2022-11-13 21:45:17,583 INFO     Test: [600/2532]	Time 0.122 (0.125)	Loss 0.1092 (0.1043)
2022-11-13 21:45:42,041 INFO     Test: [800/2532]	Time 0.122 (0.124)	Loss 0.1071 (0.1039)
2022-11-13 21:46:06,561 INFO     Test: [1000/2532]	Time 0.127 (0.124)	Loss 0.1202 (0.1039)
2022-11-13 21:46:30,993 INFO     Test: [1200/2532]	Time 0.122 (0.123)	Loss 0.1020 (0.1040)
2022-11-13 21:46:55,468 INFO     Test: [1400/2532]	Time 0.122 (0.123)	Loss 0.0962 (0.1041)
2022-11-13 21:47:19,926 INFO     Test: [1600/2532]	Time 0.123 (0.123)	Loss 0.1591 (0.1040)
2022-11-13 21:47:44,419 INFO     Test: [1800/2532]	Time 0.123 (0.123)	Loss 0.0999 (0.1041)
2022-11-13 21:48:08,934 INFO     Test: [2000/2532]	Time 0.122 (0.123)	Loss 0.0880 (0.1039)
2022-11-13 21:48:33,406 INFO     Test: [2200/2532]	Time 0.121 (0.123)	Loss 0.0927 (0.1040)
2022-11-13 21:48:57,871 INFO     Test: [2400/2532]	Time 0.122 (0.123)	Loss 0.0879 (0.1042)
2022-11-13 21:50:10,880 INFO     [Test] mAP: 0.238, averageAP: 0.233
					(Compute with all label) OP: 0.897, OR: 0.196, OF1: 0.321, CP: 0.082, CR: 0.023, CF1:0.036
					(Compute with top-3 label) OP: 0.902, OR: 0.193, OF1: 0.318, CP: 0.083, CR: 0.022, CF1: 0.035
2022-11-13 21:50:13,066 INFO     [Best] [Epoch 0]: Best mAP is 0.238
2022-11-13 21:50:14,507 INFO     Epoch: [1][0/5174]	Time 1.332 (1.332)	Loss 0.0985 (0.0985)
2022-11-13 21:50:44,641 INFO     Epoch: [1][200/5174]	Time 0.147 (0.157)	Loss 0.1158 (0.1049)
2022-11-13 21:51:14,871 INFO     Epoch: [1][400/5174]	Time 0.149 (0.154)	Loss 0.1054 (0.1044)
2022-11-13 21:51:45,143 INFO     Epoch: [1][600/5174]	Time 0.152 (0.153)	Loss 0.0877 (0.1037)
2022-11-13 21:52:15,451 INFO     Epoch: [1][800/5174]	Time 0.152 (0.153)	Loss 0.0835 (0.1033)
2022-11-13 21:52:45,760 INFO     Epoch: [1][1000/5174]	Time 0.152 (0.152)	Loss 0.0851 (0.1022)
2022-11-13 21:53:16,110 INFO     Epoch: [1][1200/5174]	Time 0.152 (0.152)	Loss 0.0958 (0.1012)
2022-11-13 21:53:46,427 INFO     Epoch: [1][1400/5174]	Time 0.151 (0.152)	Loss 0.0854 (0.1005)
2022-11-13 21:54:16,762 INFO     Epoch: [1][1600/5174]	Time 0.153 (0.152)	Loss 0.0668 (0.0997)
2022-11-13 21:54:47,113 INFO     Epoch: [1][1800/5174]	Time 0.151 (0.152)	Loss 0.0899 (0.0990)
2022-11-13 21:55:17,472 INFO     Epoch: [1][2000/5174]	Time 0.151 (0.152)	Loss 0.0926 (0.0983)
2022-11-13 21:55:47,829 INFO     Epoch: [1][2200/5174]	Time 0.154 (0.152)	Loss 0.0944 (0.0976)
2022-11-13 21:56:18,182 INFO     Epoch: [1][2400/5174]	Time 0.151 (0.152)	Loss 0.0931 (0.0970)
2022-11-13 21:56:48,534 INFO     Epoch: [1][2600/5174]	Time 0.153 (0.152)	Loss 0.0943 (0.0964)
2022-11-13 21:57:18,882 INFO     Epoch: [1][2800/5174]	Time 0.148 (0.152)	Loss 0.0839 (0.0957)
2022-11-13 21:57:49,254 INFO     Epoch: [1][3000/5174]	Time 0.147 (0.152)	Loss 0.0882 (0.0953)
2022-11-13 21:58:19,609 INFO     Epoch: [1][3200/5174]	Time 0.151 (0.152)	Loss 0.0912 (0.0947)
2022-11-13 21:58:49,962 INFO     Epoch: [1][3400/5174]	Time 0.153 (0.152)	Loss 0.0992 (0.0942)
2022-11-13 21:59:20,323 INFO     Epoch: [1][3600/5174]	Time 0.152 (0.152)	Loss 0.0868 (0.0936)
2022-11-13 21:59:50,677 INFO     Epoch: [1][3800/5174]	Time 0.152 (0.152)	Loss 0.0688 (0.0932)
2022-11-13 22:00:21,038 INFO     Epoch: [1][4000/5174]	Time 0.152 (0.152)	Loss 0.0955 (0.0927)
2022-11-13 22:00:51,427 INFO     Epoch: [1][4200/5174]	Time 0.158 (0.152)	Loss 0.0986 (0.0922)
2022-11-13 22:01:21,790 INFO     Epoch: [1][4400/5174]	Time 0.156 (0.152)	Loss 0.0958 (0.0918)
2022-11-13 22:01:52,165 INFO     Epoch: [1][4600/5174]	Time 0.153 (0.152)	Loss 0.0803 (0.0913)
2022-11-13 22:02:22,538 INFO     Epoch: [1][4800/5174]	Time 0.146 (0.152)	Loss 0.0727 (0.0908)
2022-11-13 22:02:52,906 INFO     Epoch: [1][5000/5174]	Time 0.153 (0.152)	Loss 0.0872 (0.0904)
2022-11-13 22:03:20,526 INFO     Test: [0/2532]	Time 1.341 (1.341)	Loss 0.1389 (0.1389)
2022-11-13 22:03:44,952 INFO     Test: [200/2532]	Time 0.122 (0.128)	Loss 0.0597 (0.0747)
2022-11-13 22:04:09,423 INFO     Test: [400/2532]	Time 0.122 (0.125)	Loss 0.0742 (0.0761)
2022-11-13 22:04:33,852 INFO     Test: [600/2532]	Time 0.122 (0.124)	Loss 0.0657 (0.0762)
2022-11-13 22:04:58,289 INFO     Test: [800/2532]	Time 0.121 (0.124)	Loss 0.0792 (0.0759)
2022-11-13 22:05:22,745 INFO     Test: [1000/2532]	Time 0.122 (0.123)	Loss 0.0850 (0.0758)
2022-11-13 22:05:47,216 INFO     Test: [1200/2532]	Time 0.122 (0.123)	Loss 0.0692 (0.0759)
2022-11-13 22:06:11,668 INFO     Test: [1400/2532]	Time 0.125 (0.123)	Loss 0.0657 (0.0761)
2022-11-13 22:06:36,116 INFO     Test: [1600/2532]	Time 0.123 (0.123)	Loss 0.1307 (0.0760)
2022-11-13 22:07:00,575 INFO     Test: [1800/2532]	Time 0.123 (0.123)	Loss 0.0787 (0.0760)
2022-11-13 22:07:25,022 INFO     Test: [2000/2532]	Time 0.122 (0.123)	Loss 0.0707 (0.0759)
2022-11-13 22:07:49,472 INFO     Test: [2200/2532]	Time 0.121 (0.123)	Loss 0.0726 (0.0761)
2022-11-13 22:08:13,935 INFO     Test: [2400/2532]	Time 0.122 (0.123)	Loss 0.0610 (0.0762)
2022-11-13 22:09:26,927 INFO     [Test] mAP: 0.470, averageAP: 0.468
					(Compute with all label) OP: 0.851, OR: 0.343, OF1: 0.489, CP: 0.442, CR: 0.178, CF1:0.254
					(Compute with top-3 label) OP: 0.863, OR: 0.329, OF1: 0.476, CP: 0.418, CR: 0.167, CF1: 0.239
2022-11-13 22:09:29,223 INFO     [Best] [Epoch 1]: Best mAP is 0.470
2022-11-13 22:09:30,570 INFO     Epoch: [2][0/5174]	Time 1.240 (1.240)	Loss 0.0920 (0.0920)
2022-11-13 22:10:00,737 INFO     Epoch: [2][200/5174]	Time 0.151 (0.156)	Loss 0.0858 (0.0789)
2022-11-13 22:10:30,977 INFO     Epoch: [2][400/5174]	Time 0.151 (0.154)	Loss 0.0812 (0.0786)
2022-11-13 22:11:01,261 INFO     Epoch: [2][600/5174]	Time 0.147 (0.153)	Loss 0.0625 (0.0779)
2022-11-13 22:11:31,552 INFO     Epoch: [2][800/5174]	Time 0.152 (0.153)	Loss 0.0741 (0.0778)
2022-11-13 22:12:01,885 INFO     Epoch: [2][1000/5174]	Time 0.151 (0.152)	Loss 0.0846 (0.0772)
2022-11-13 22:12:32,234 INFO     Epoch: [2][1200/5174]	Time 0.153 (0.152)	Loss 0.0758 (0.0771)
2022-11-13 22:13:02,573 INFO     Epoch: [2][1400/5174]	Time 0.151 (0.152)	Loss 0.0734 (0.0769)
2022-11-13 22:13:32,923 INFO     Epoch: [2][1600/5174]	Time 0.151 (0.152)	Loss 0.0903 (0.0769)
2022-11-13 22:14:03,271 INFO     Epoch: [2][1800/5174]	Time 0.151 (0.152)	Loss 0.0738 (0.0768)
2022-11-13 22:14:33,636 INFO     Epoch: [2][2000/5174]	Time 0.148 (0.152)	Loss 0.0664 (0.0766)
2022-11-13 22:15:03,990 INFO     Epoch: [2][2200/5174]	Time 0.153 (0.152)	Loss 0.0884 (0.0764)
2022-11-13 22:15:34,352 INFO     Epoch: [2][2400/5174]	Time 0.158 (0.152)	Loss 0.0914 (0.0763)
2022-11-13 22:16:04,714 INFO     Epoch: [2][2600/5174]	Time 0.152 (0.152)	Loss 0.0627 (0.0761)
2022-11-13 22:16:35,078 INFO     Epoch: [2][2800/5174]	Time 0.151 (0.152)	Loss 0.0592 (0.0759)
2022-11-13 22:17:05,443 INFO     Epoch: [2][3000/5174]	Time 0.152 (0.152)	Loss 0.0821 (0.0757)
2022-11-13 22:17:35,803 INFO     Epoch: [2][3200/5174]	Time 0.152 (0.152)	Loss 0.0843 (0.0754)
2022-11-13 22:18:06,168 INFO     Epoch: [2][3400/5174]	Time 0.152 (0.152)	Loss 0.0685 (0.0752)
2022-11-13 22:18:36,532 INFO     Epoch: [2][3600/5174]	Time 0.154 (0.152)	Loss 0.0731 (0.0749)
2022-11-13 22:19:06,887 INFO     Epoch: [2][3800/5174]	Time 0.152 (0.152)	Loss 0.0953 (0.0747)
2022-11-13 22:19:37,248 INFO     Epoch: [2][4000/5174]	Time 0.154 (0.152)	Loss 0.0606 (0.0745)
2022-11-13 22:20:07,613 INFO     Epoch: [2][4200/5174]	Time 0.156 (0.152)	Loss 0.0741 (0.0743)
2022-11-13 22:20:37,962 INFO     Epoch: [2][4400/5174]	Time 0.151 (0.152)	Loss 0.0786 (0.0742)
2022-11-13 22:21:08,336 INFO     Epoch: [2][4600/5174]	Time 0.153 (0.152)	Loss 0.0727 (0.0740)
2022-11-13 22:21:38,694 INFO     Epoch: [2][4800/5174]	Time 0.156 (0.152)	Loss 0.0523 (0.0738)
2022-11-13 22:22:09,061 INFO     Epoch: [2][5000/5174]	Time 0.154 (0.152)	Loss 0.0723 (0.0736)
2022-11-13 22:22:36,663 INFO     Test: [0/2532]	Time 1.323 (1.323)	Loss 0.1214 (0.1214)
2022-11-13 22:23:01,100 INFO     Test: [200/2532]	Time 0.122 (0.128)	Loss 0.0500 (0.0636)
2022-11-13 22:23:25,585 INFO     Test: [400/2532]	Time 0.121 (0.125)	Loss 0.0615 (0.0651)
2022-11-13 22:23:50,013 INFO     Test: [600/2532]	Time 0.122 (0.124)	Loss 0.0589 (0.0653)
2022-11-13 22:24:14,454 INFO     Test: [800/2532]	Time 0.121 (0.124)	Loss 0.0643 (0.0649)
2022-11-13 22:24:38,898 INFO     Test: [1000/2532]	Time 0.121 (0.123)	Loss 0.0756 (0.0648)
2022-11-13 22:25:03,363 INFO     Test: [1200/2532]	Time 0.121 (0.123)	Loss 0.0558 (0.0649)
2022-11-13 22:25:27,808 INFO     Test: [1400/2532]	Time 0.122 (0.123)	Loss 0.0587 (0.0651)
2022-11-13 22:25:52,255 INFO     Test: [1600/2532]	Time 0.122 (0.123)	Loss 0.1145 (0.0650)
2022-11-13 22:26:16,695 INFO     Test: [1800/2532]	Time 0.123 (0.123)	Loss 0.0695 (0.0651)
2022-11-13 22:26:41,123 INFO     Test: [2000/2532]	Time 0.122 (0.123)	Loss 0.0576 (0.0650)
2022-11-13 22:27:05,586 INFO     Test: [2200/2532]	Time 0.122 (0.123)	Loss 0.0538 (0.0651)
2022-11-13 22:27:30,037 INFO     Test: [2400/2532]	Time 0.122 (0.123)	Loss 0.0526 (0.0652)
2022-11-13 22:28:41,975 INFO     [Test] mAP: 0.579, averageAP: 0.577
					(Compute with all label) OP: 0.862, OR: 0.442, OF1: 0.584, CP: 0.705, CR: 0.307, CF1:0.428
					(Compute with top-3 label) OP: 0.880, OR: 0.414, OF1: 0.563, CP: 0.700, CR: 0.281, CF1: 0.402
2022-11-13 22:28:44,352 INFO     [Best] [Epoch 2]: Best mAP is 0.579
2022-11-13 22:28:45,816 INFO     Epoch: [3][0/5174]	Time 1.354 (1.354)	Loss 0.0456 (0.0456)
2022-11-13 22:29:15,986 INFO     Epoch: [3][200/5174]	Time 0.156 (0.157)	Loss 0.0655 (0.0674)
2022-11-13 22:29:46,254 INFO     Epoch: [3][400/5174]	Time 0.151 (0.154)	Loss 0.0565 (0.0680)
2022-11-13 22:30:16,573 INFO     Epoch: [3][600/5174]	Time 0.153 (0.153)	Loss 0.0694 (0.0682)
2022-11-13 22:30:46,893 INFO     Epoch: [3][800/5174]	Time 0.151 (0.153)	Loss 0.0604 (0.0683)
2022-11-13 22:31:17,250 INFO     Epoch: [3][1000/5174]	Time 0.156 (0.153)	Loss 0.0569 (0.0682)
2022-11-13 22:31:47,591 INFO     Epoch: [3][1200/5174]	Time 0.148 (0.152)	Loss 0.0575 (0.0680)
2022-11-13 22:32:17,966 INFO     Epoch: [3][1400/5174]	Time 0.150 (0.152)	Loss 0.0573 (0.0676)
2022-11-13 22:32:48,325 INFO     Epoch: [3][1600/5174]	Time 0.150 (0.152)	Loss 0.0630 (0.0677)
2022-11-13 22:33:18,700 INFO     Epoch: [3][1800/5174]	Time 0.153 (0.152)	Loss 0.0636 (0.0677)
2022-11-13 22:33:49,077 INFO     Epoch: [3][2000/5174]	Time 0.154 (0.152)	Loss 0.0660 (0.0675)
2022-11-13 22:34:19,433 INFO     Epoch: [3][2200/5174]	Time 0.147 (0.152)	Loss 0.0542 (0.0675)
2022-11-13 22:34:49,802 INFO     Epoch: [3][2400/5174]	Time 0.156 (0.152)	Loss 0.0612 (0.0675)
2022-11-13 22:35:20,167 INFO     Epoch: [3][2600/5174]	Time 0.190 (0.152)	Loss 0.0918 (0.0673)
2022-11-13 22:35:50,549 INFO     Epoch: [3][2800/5174]	Time 0.150 (0.152)	Loss 0.0691 (0.0671)
2022-11-13 22:36:21,023 INFO     Epoch: [3][3000/5174]	Time 0.151 (0.152)	Loss 0.0706 (0.0671)
2022-11-13 22:36:51,416 INFO     Epoch: [3][3200/5174]	Time 0.152 (0.152)	Loss 0.0393 (0.0669)
2022-11-13 22:37:21,794 INFO     Epoch: [3][3400/5174]	Time 0.152 (0.152)	Loss 0.0711 (0.0668)
2022-11-13 22:37:52,163 INFO     Epoch: [3][3600/5174]	Time 0.151 (0.152)	Loss 0.0623 (0.0667)
2022-11-13 22:38:22,548 INFO     Epoch: [3][3800/5174]	Time 0.151 (0.152)	Loss 0.0782 (0.0667)
2022-11-13 22:38:52,923 INFO     Epoch: [3][4000/5174]	Time 0.151 (0.152)	Loss 0.0714 (0.0666)
2022-11-13 22:39:23,297 INFO     Epoch: [3][4200/5174]	Time 0.150 (0.152)	Loss 0.0784 (0.0665)
2022-11-13 22:39:53,666 INFO     Epoch: [3][4400/5174]	Time 0.156 (0.152)	Loss 0.0615 (0.0664)
2022-11-13 22:40:24,044 INFO     Epoch: [3][4600/5174]	Time 0.151 (0.152)	Loss 0.0623 (0.0663)
2022-11-13 22:40:54,412 INFO     Epoch: [3][4800/5174]	Time 0.151 (0.152)	Loss 0.0654 (0.0663)
2022-11-13 22:41:24,777 INFO     Epoch: [3][5000/5174]	Time 0.157 (0.152)	Loss 0.0641 (0.0662)
2022-11-13 22:41:52,411 INFO     Test: [0/2532]	Time 1.276 (1.276)	Loss 0.1165 (0.1165)
2022-11-13 22:42:16,836 INFO     Test: [200/2532]	Time 0.122 (0.128)	Loss 0.0461 (0.0580)
2022-11-13 22:42:41,286 INFO     Test: [400/2532]	Time 0.121 (0.125)	Loss 0.0533 (0.0593)
2022-11-13 22:43:05,706 INFO     Test: [600/2532]	Time 0.122 (0.124)	Loss 0.0539 (0.0595)
2022-11-13 22:43:30,164 INFO     Test: [800/2532]	Time 0.123 (0.124)	Loss 0.0569 (0.0591)
2022-11-13 22:43:54,611 INFO     Test: [1000/2532]	Time 0.121 (0.123)	Loss 0.0705 (0.0590)
2022-11-13 22:44:19,044 INFO     Test: [1200/2532]	Time 0.123 (0.123)	Loss 0.0498 (0.0592)
2022-11-13 22:44:43,475 INFO     Test: [1400/2532]	Time 0.122 (0.123)	Loss 0.0551 (0.0594)
2022-11-13 22:45:07,955 INFO     Test: [1600/2532]	Time 0.123 (0.123)	Loss 0.1099 (0.0593)
2022-11-13 22:45:32,411 INFO     Test: [1800/2532]	Time 0.122 (0.123)	Loss 0.0636 (0.0594)
2022-11-13 22:45:56,851 INFO     Test: [2000/2532]	Time 0.122 (0.123)	Loss 0.0497 (0.0593)
2022-11-13 22:46:21,318 INFO     Test: [2200/2532]	Time 0.122 (0.123)	Loss 0.0435 (0.0594)
2022-11-13 22:46:45,777 INFO     Test: [2400/2532]	Time 0.122 (0.123)	Loss 0.0461 (0.0595)
2022-11-13 22:47:59,183 INFO     [Test] mAP: 0.634, averageAP: 0.632
					(Compute with all label) OP: 0.850, OR: 0.520, OF1: 0.645, CP: 0.725, CR: 0.409, CF1:0.523
					(Compute with top-3 label) OP: 0.876, OR: 0.482, OF1: 0.621, CP: 0.742, CR: 0.373, CF1: 0.497
2022-11-13 22:48:01,622 INFO     [Best] [Epoch 3]: Best mAP is 0.634
2022-11-13 22:48:03,140 INFO     Epoch: [4][0/5174]	Time 1.395 (1.395)	Loss 0.0675 (0.0675)
2022-11-13 22:48:33,284 INFO     Epoch: [4][200/5174]	Time 0.150 (0.157)	Loss 0.0642 (0.0630)
2022-11-13 22:49:03,550 INFO     Epoch: [4][400/5174]	Time 0.152 (0.154)	Loss 0.0814 (0.0635)
2022-11-13 22:49:33,841 INFO     Epoch: [4][600/5174]	Time 0.151 (0.153)	Loss 0.0818 (0.0634)
2022-11-13 22:50:04,169 INFO     Epoch: [4][800/5174]	Time 0.149 (0.153)	Loss 0.0562 (0.0631)
2022-11-13 22:50:34,524 INFO     Epoch: [4][1000/5174]	Time 0.151 (0.153)	Loss 0.0539 (0.0631)
2022-11-13 22:51:04,884 INFO     Epoch: [4][1200/5174]	Time 0.151 (0.152)	Loss 0.0821 (0.0631)
2022-11-13 22:51:35,255 INFO     Epoch: [4][1400/5174]	Time 0.153 (0.152)	Loss 0.0663 (0.0631)
2022-11-13 22:52:05,626 INFO     Epoch: [4][1600/5174]	Time 0.151 (0.152)	Loss 0.0622 (0.0631)
2022-11-13 22:52:35,986 INFO     Epoch: [4][1800/5174]	Time 0.153 (0.152)	Loss 0.0669 (0.0631)
2022-11-13 22:53:06,360 INFO     Epoch: [4][2000/5174]	Time 0.153 (0.152)	Loss 0.0633 (0.0632)
2022-11-13 22:53:36,752 INFO     Epoch: [4][2200/5174]	Time 0.151 (0.152)	Loss 0.0738 (0.0630)
2022-11-13 22:54:07,109 INFO     Epoch: [4][2400/5174]	Time 0.156 (0.152)	Loss 0.0701 (0.0629)
2022-11-13 22:54:37,479 INFO     Epoch: [4][2600/5174]	Time 0.153 (0.152)	Loss 0.0717 (0.0629)
2022-11-13 22:55:07,840 INFO     Epoch: [4][2800/5174]	Time 0.152 (0.152)	Loss 0.0691 (0.0627)
2022-11-13 22:55:38,207 INFO     Epoch: [4][3000/5174]	Time 0.152 (0.152)	Loss 0.0622 (0.0627)
2022-11-13 22:56:08,569 INFO     Epoch: [4][3200/5174]	Time 0.156 (0.152)	Loss 0.0747 (0.0627)
2022-11-13 22:56:38,931 INFO     Epoch: [4][3400/5174]	Time 0.152 (0.152)	Loss 0.0653 (0.0626)
2022-11-13 22:57:09,312 INFO     Epoch: [4][3600/5174]	Time 0.149 (0.152)	Loss 0.0569 (0.0625)
2022-11-13 22:57:39,682 INFO     Epoch: [4][3800/5174]	Time 0.148 (0.152)	Loss 0.0735 (0.0625)
2022-11-13 22:58:10,054 INFO     Epoch: [4][4000/5174]	Time 0.151 (0.152)	Loss 0.0636 (0.0624)
2022-11-13 22:58:40,423 INFO     Epoch: [4][4200/5174]	Time 0.146 (0.152)	Loss 0.0656 (0.0623)
2022-11-13 22:59:10,786 INFO     Epoch: [4][4400/5174]	Time 0.151 (0.152)	Loss 0.0442 (0.0622)
2022-11-13 22:59:41,139 INFO     Epoch: [4][4600/5174]	Time 0.152 (0.152)	Loss 0.0546 (0.0621)
2022-11-13 23:00:11,500 INFO     Epoch: [4][4800/5174]	Time 0.153 (0.152)	Loss 0.0597 (0.0621)
2022-11-13 23:00:41,874 INFO     Epoch: [4][5000/5174]	Time 0.153 (0.152)	Loss 0.0427 (0.0620)
2022-11-13 23:01:09,458 INFO     Test: [0/2532]	Time 1.318 (1.318)	Loss 0.1135 (0.1135)
2022-11-13 23:01:33,917 INFO     Test: [200/2532]	Time 0.122 (0.128)	Loss 0.0433 (0.0548)
2022-11-13 23:01:58,350 INFO     Test: [400/2532]	Time 0.122 (0.125)	Loss 0.0495 (0.0562)
2022-11-13 23:02:22,797 INFO     Test: [600/2532]	Time 0.123 (0.124)	Loss 0.0527 (0.0564)
2022-11-13 23:02:47,250 INFO     Test: [800/2532]	Time 0.123 (0.124)	Loss 0.0558 (0.0561)
2022-11-13 23:03:11,689 INFO     Test: [1000/2532]	Time 0.122 (0.123)	Loss 0.0670 (0.0561)
2022-11-13 23:03:36,107 INFO     Test: [1200/2532]	Time 0.122 (0.123)	Loss 0.0452 (0.0562)
2022-11-13 23:04:00,565 INFO     Test: [1400/2532]	Time 0.123 (0.123)	Loss 0.0552 (0.0564)
2022-11-13 23:04:25,045 INFO     Test: [1600/2532]	Time 0.123 (0.123)	Loss 0.1072 (0.0564)
2022-11-13 23:04:49,503 INFO     Test: [1800/2532]	Time 0.122 (0.123)	Loss 0.0591 (0.0564)
2022-11-13 23:05:13,938 INFO     Test: [2000/2532]	Time 0.121 (0.123)	Loss 0.0450 (0.0563)
2022-11-13 23:05:38,343 INFO     Test: [2200/2532]	Time 0.123 (0.123)	Loss 0.0414 (0.0564)
2022-11-13 23:06:02,796 INFO     Test: [2400/2532]	Time 0.122 (0.123)	Loss 0.0421 (0.0565)
2022-11-13 23:07:16,694 INFO     [Test] mAP: 0.662, averageAP: 0.661
					(Compute with all label) OP: 0.867, OR: 0.534, OF1: 0.661, CP: 0.790, CR: 0.432, CF1:0.559
					(Compute with top-3 label) OP: 0.887, OR: 0.499, OF1: 0.638, CP: 0.806, CR: 0.400, CF1: 0.534
2022-11-13 23:07:19,100 INFO     [Best] [Epoch 4]: Best mAP is 0.662
2022-11-13 23:07:20,560 INFO     Epoch: [5][0/5174]	Time 1.341 (1.341)	Loss 0.0578 (0.0578)
2022-11-13 23:07:50,712 INFO     Epoch: [5][200/5174]	Time 0.151 (0.157)	Loss 0.0487 (0.0592)
2022-11-13 23:08:20,968 INFO     Epoch: [5][400/5174]	Time 0.150 (0.154)	Loss 0.0511 (0.0593)
2022-11-13 23:08:51,260 INFO     Epoch: [5][600/5174]	Time 0.152 (0.153)	Loss 0.0459 (0.0600)
2022-11-13 23:09:21,584 INFO     Epoch: [5][800/5174]	Time 0.151 (0.153)	Loss 0.0761 (0.0604)
2022-11-13 23:09:51,923 INFO     Epoch: [5][1000/5174]	Time 0.153 (0.153)	Loss 0.0743 (0.0603)
2022-11-13 23:10:22,271 INFO     Epoch: [5][1200/5174]	Time 0.146 (0.152)	Loss 0.0451 (0.0602)
2022-11-13 23:10:52,623 INFO     Epoch: [5][1400/5174]	Time 0.155 (0.152)	Loss 0.0485 (0.0601)
2022-11-13 23:11:22,993 INFO     Epoch: [5][1600/5174]	Time 0.151 (0.152)	Loss 0.0563 (0.0602)
2022-11-13 23:11:53,351 INFO     Epoch: [5][1800/5174]	Time 0.154 (0.152)	Loss 0.0549 (0.0600)
2022-11-13 23:12:23,744 INFO     Epoch: [5][2000/5174]	Time 0.152 (0.152)	Loss 0.0649 (0.0599)
2022-11-13 23:12:54,132 INFO     Epoch: [5][2200/5174]	Time 0.153 (0.152)	Loss 0.0799 (0.0599)
2022-11-13 23:13:24,505 INFO     Epoch: [5][2400/5174]	Time 0.152 (0.152)	Loss 0.0552 (0.0599)
2022-11-13 23:13:54,898 INFO     Epoch: [5][2600/5174]	Time 0.151 (0.152)	Loss 0.0543 (0.0599)
2022-11-13 23:14:25,295 INFO     Epoch: [5][2800/5174]	Time 0.152 (0.152)	Loss 0.0814 (0.0600)
2022-11-13 23:14:55,683 INFO     Epoch: [5][3000/5174]	Time 0.151 (0.152)	Loss 0.0431 (0.0600)
2022-11-13 23:15:26,063 INFO     Epoch: [5][3200/5174]	Time 0.151 (0.152)	Loss 0.0615 (0.0600)
2022-11-13 23:15:56,444 INFO     Epoch: [5][3400/5174]	Time 0.153 (0.152)	Loss 0.0538 (0.0599)
2022-11-13 23:16:26,824 INFO     Epoch: [5][3600/5174]	Time 0.155 (0.152)	Loss 0.0465 (0.0599)
2022-11-13 23:16:57,203 INFO     Epoch: [5][3800/5174]	Time 0.158 (0.152)	Loss 0.0706 (0.0599)
2022-11-13 23:17:27,570 INFO     Epoch: [5][4000/5174]	Time 0.151 (0.152)	Loss 0.0586 (0.0598)
2022-11-13 23:17:57,966 INFO     Epoch: [5][4200/5174]	Time 0.152 (0.152)	Loss 0.0632 (0.0598)
2022-11-13 23:18:28,343 INFO     Epoch: [5][4400/5174]	Time 0.151 (0.152)	Loss 0.0606 (0.0597)
2022-11-13 23:18:58,726 INFO     Epoch: [5][4600/5174]	Time 0.157 (0.152)	Loss 0.0801 (0.0597)
2022-11-13 23:19:29,123 INFO     Epoch: [5][4800/5174]	Time 0.152 (0.152)	Loss 0.0352 (0.0595)
2022-11-13 23:19:59,507 INFO     Epoch: [5][5000/5174]	Time 0.145 (0.152)	Loss 0.0498 (0.0595)
2022-11-13 23:20:26,988 INFO     Test: [0/2532]	Time 1.193 (1.193)	Loss 0.1092 (0.1092)
2022-11-13 23:20:51,464 INFO     Test: [200/2532]	Time 0.122 (0.128)	Loss 0.0433 (0.0525)
2022-11-13 23:21:15,917 INFO     Test: [400/2532]	Time 0.122 (0.125)	Loss 0.0493 (0.0539)
2022-11-13 23:21:40,333 INFO     Test: [600/2532]	Time 0.121 (0.124)	Loss 0.0527 (0.0541)
2022-11-13 23:22:04,784 INFO     Test: [800/2532]	Time 0.121 (0.124)	Loss 0.0534 (0.0537)
2022-11-13 23:22:29,246 INFO     Test: [1000/2532]	Time 0.123 (0.123)	Loss 0.0655 (0.0538)
2022-11-13 23:22:53,672 INFO     Test: [1200/2532]	Time 0.122 (0.123)	Loss 0.0442 (0.0539)
2022-11-13 23:23:18,157 INFO     Test: [1400/2532]	Time 0.122 (0.123)	Loss 0.0551 (0.0542)
2022-11-13 23:23:42,607 INFO     Test: [1600/2532]	Time 0.122 (0.123)	Loss 0.1038 (0.0541)
2022-11-13 23:24:07,046 INFO     Test: [1800/2532]	Time 0.124 (0.123)	Loss 0.0574 (0.0542)
2022-11-13 23:24:31,514 INFO     Test: [2000/2532]	Time 0.124 (0.123)	Loss 0.0424 (0.0540)
2022-11-13 23:24:55,933 INFO     Test: [2200/2532]	Time 0.121 (0.123)	Loss 0.0403 (0.0541)
2022-11-13 23:25:20,403 INFO     Test: [2400/2532]	Time 0.121 (0.123)	Loss 0.0434 (0.0542)
2022-11-13 23:26:34,545 INFO     [Test] mAP: 0.683, averageAP: 0.682
					(Compute with all label) OP: 0.853, OR: 0.581, OF1: 0.691, CP: 0.769, CR: 0.503, CF1:0.608
					(Compute with top-3 label) OP: 0.882, OR: 0.535, OF1: 0.666, CP: 0.788, CR: 0.461, CF1: 0.582
2022-11-13 23:26:37,175 INFO     [Best] [Epoch 5]: Best mAP is 0.683
2022-11-13 23:26:38,674 INFO     Epoch: [6][0/5174]	Time 1.371 (1.371)	Loss 0.0604 (0.0604)
2022-11-13 23:27:08,826 INFO     Epoch: [6][200/5174]	Time 0.152 (0.157)	Loss 0.0802 (0.0594)
2022-11-13 23:27:39,044 INFO     Epoch: [6][400/5174]	Time 0.146 (0.154)	Loss 0.0695 (0.0583)
2022-11-13 23:28:09,345 INFO     Epoch: [6][600/5174]	Time 0.146 (0.153)	Loss 0.0452 (0.0584)
2022-11-13 23:28:39,667 INFO     Epoch: [6][800/5174]	Time 0.150 (0.153)	Loss 0.0748 (0.0585)
2022-11-13 23:29:10,011 INFO     Epoch: [6][1000/5174]	Time 0.156 (0.153)	Loss 0.0572 (0.0586)
2022-11-13 23:29:40,353 INFO     Epoch: [6][1200/5174]	Time 0.153 (0.152)	Loss 0.0600 (0.0587)
2022-11-13 23:30:10,706 INFO     Epoch: [6][1400/5174]	Time 0.151 (0.152)	Loss 0.0648 (0.0586)
2022-11-13 23:30:41,051 INFO     Epoch: [6][1600/5174]	Time 0.153 (0.152)	Loss 0.0689 (0.0586)
2022-11-13 23:31:11,422 INFO     Epoch: [6][1800/5174]	Time 0.148 (0.152)	Loss 0.0574 (0.0585)
2022-11-13 23:31:41,798 INFO     Epoch: [6][2000/5174]	Time 0.151 (0.152)	Loss 0.0686 (0.0584)
2022-11-13 23:32:12,159 INFO     Epoch: [6][2200/5174]	Time 0.151 (0.152)	Loss 0.0395 (0.0585)
2022-11-13 23:32:42,529 INFO     Epoch: [6][2400/5174]	Time 0.152 (0.152)	Loss 0.0375 (0.0584)
2022-11-13 23:33:12,884 INFO     Epoch: [6][2600/5174]	Time 0.145 (0.152)	Loss 0.0577 (0.0584)
2022-11-13 23:33:43,257 INFO     Epoch: [6][2800/5174]	Time 0.153 (0.152)	Loss 0.0414 (0.0582)
2022-11-13 23:34:13,618 INFO     Epoch: [6][3000/5174]	Time 0.148 (0.152)	Loss 0.0477 (0.0582)
2022-11-13 23:34:43,988 INFO     Epoch: [6][3200/5174]	Time 0.153 (0.152)	Loss 0.0412 (0.0581)
2022-11-13 23:35:14,346 INFO     Epoch: [6][3400/5174]	Time 0.150 (0.152)	Loss 0.0628 (0.0580)
2022-11-13 23:35:44,701 INFO     Epoch: [6][3600/5174]	Time 0.148 (0.152)	Loss 0.0268 (0.0580)
2022-11-13 23:36:15,067 INFO     Epoch: [6][3800/5174]	Time 0.151 (0.152)	Loss 0.0760 (0.0580)
2022-11-13 23:36:45,445 INFO     Epoch: [6][4000/5174]	Time 0.151 (0.152)	Loss 0.0406 (0.0580)
2022-11-13 23:37:15,818 INFO     Epoch: [6][4200/5174]	Time 0.152 (0.152)	Loss 0.0626 (0.0579)
2022-11-13 23:37:46,189 INFO     Epoch: [6][4400/5174]	Time 0.155 (0.152)	Loss 0.0655 (0.0579)
2022-11-13 23:38:16,559 INFO     Epoch: [6][4600/5174]	Time 0.149 (0.152)	Loss 0.0756 (0.0579)
2022-11-13 23:38:46,929 INFO     Epoch: [6][4800/5174]	Time 0.152 (0.152)	Loss 0.0618 (0.0579)
2022-11-13 23:39:17,315 INFO     Epoch: [6][5000/5174]	Time 0.151 (0.152)	Loss 0.0737 (0.0578)
2022-11-13 23:39:44,795 INFO     Test: [0/2532]	Time 1.217 (1.217)	Loss 0.1068 (0.1068)
2022-11-13 23:40:09,239 INFO     Test: [200/2532]	Time 0.121 (0.128)	Loss 0.0417 (0.0510)
2022-11-13 23:40:33,713 INFO     Test: [400/2532]	Time 0.121 (0.125)	Loss 0.0483 (0.0524)
2022-11-13 23:40:58,151 INFO     Test: [600/2532]	Time 0.122 (0.124)	Loss 0.0527 (0.0526)
2022-11-13 23:41:22,617 INFO     Test: [800/2532]	Time 0.123 (0.124)	Loss 0.0529 (0.0523)
2022-11-13 23:41:47,068 INFO     Test: [1000/2532]	Time 0.122 (0.123)	Loss 0.0650 (0.0523)
2022-11-13 23:42:11,590 INFO     Test: [1200/2532]	Time 0.122 (0.123)	Loss 0.0446 (0.0525)
2022-11-13 23:42:36,161 INFO     Test: [1400/2532]	Time 0.123 (0.123)	Loss 0.0534 (0.0527)
2022-11-13 23:43:00,775 INFO     Test: [1600/2532]	Time 0.122 (0.123)	Loss 0.1025 (0.0527)
2022-11-13 23:43:25,376 INFO     Test: [1800/2532]	Time 0.122 (0.123)	Loss 0.0570 (0.0527)
2022-11-13 23:43:49,986 INFO     Test: [2000/2532]	Time 0.123 (0.123)	Loss 0.0414 (0.0526)
2022-11-13 23:44:14,573 INFO     Test: [2200/2532]	Time 0.123 (0.123)	Loss 0.0359 (0.0527)
2022-11-13 23:44:39,204 INFO     Test: [2400/2532]	Time 0.122 (0.123)	Loss 0.0391 (0.0528)
2022-11-13 23:45:52,278 INFO     [Test] mAP: 0.699, averageAP: 0.697
					(Compute with all label) OP: 0.850, OR: 0.601, OF1: 0.704, CP: 0.780, CR: 0.529, CF1:0.630
					(Compute with top-3 label) OP: 0.879, OR: 0.554, OF1: 0.679, CP: 0.798, CR: 0.485, CF1: 0.603
2022-11-13 23:45:54,632 INFO     [Best] [Epoch 6]: Best mAP is 0.699
2022-11-13 23:45:56,083 INFO     Epoch: [7][0/5174]	Time 1.350 (1.350)	Loss 0.0591 (0.0591)
2022-11-13 23:46:26,465 INFO     Epoch: [7][200/5174]	Time 0.152 (0.158)	Loss 0.0454 (0.0569)
2022-11-13 23:46:57,013 INFO     Epoch: [7][400/5174]	Time 0.154 (0.155)	Loss 0.0489 (0.0566)
2022-11-13 23:47:27,521 INFO     Epoch: [7][600/5174]	Time 0.153 (0.154)	Loss 0.0498 (0.0562)
2022-11-13 23:47:58,023 INFO     Epoch: [7][800/5174]	Time 0.152 (0.154)	Loss 0.0394 (0.0567)
2022-11-13 23:48:28,525 INFO     Epoch: [7][1000/5174]	Time 0.152 (0.154)	Loss 0.0774 (0.0568)
2022-11-13 23:48:59,034 INFO     Epoch: [7][1200/5174]	Time 0.152 (0.153)	Loss 0.0726 (0.0569)
2022-11-13 23:49:29,553 INFO     Epoch: [7][1400/5174]	Time 0.152 (0.153)	Loss 0.0276 (0.0569)
2022-11-13 23:50:00,053 INFO     Epoch: [7][1600/5174]	Time 0.152 (0.153)	Loss 0.0632 (0.0569)
2022-11-13 23:50:30,558 INFO     Epoch: [7][1800/5174]	Time 0.152 (0.153)	Loss 0.0450 (0.0568)
2022-11-13 23:51:01,080 INFO     Epoch: [7][2000/5174]	Time 0.152 (0.153)	Loss 0.0498 (0.0567)
2022-11-13 23:51:31,602 INFO     Epoch: [7][2200/5174]	Time 0.158 (0.153)	Loss 0.0541 (0.0567)
2022-11-13 23:52:02,122 INFO     Epoch: [7][2400/5174]	Time 0.152 (0.153)	Loss 0.0543 (0.0567)
2022-11-13 23:52:32,635 INFO     Epoch: [7][2600/5174]	Time 0.155 (0.153)	Loss 0.0608 (0.0567)
2022-11-13 23:53:03,144 INFO     Epoch: [7][2800/5174]	Time 0.155 (0.153)	Loss 0.0764 (0.0566)
2022-11-13 23:53:33,673 INFO     Epoch: [7][3000/5174]	Time 0.152 (0.153)	Loss 0.0588 (0.0567)
2022-11-13 23:54:04,198 INFO     Epoch: [7][3200/5174]	Time 0.156 (0.153)	Loss 0.0501 (0.0567)
2022-11-13 23:54:34,698 INFO     Epoch: [7][3400/5174]	Time 0.152 (0.153)	Loss 0.0562 (0.0566)
2022-11-13 23:55:05,217 INFO     Epoch: [7][3600/5174]	Time 0.153 (0.153)	Loss 0.0418 (0.0566)
2022-11-13 23:55:35,747 INFO     Epoch: [7][3800/5174]	Time 0.155 (0.153)	Loss 0.0374 (0.0566)
2022-11-13 23:56:06,264 INFO     Epoch: [7][4000/5174]	Time 0.147 (0.153)	Loss 0.0621 (0.0565)
2022-11-13 23:56:36,794 INFO     Epoch: [7][4200/5174]	Time 0.153 (0.153)	Loss 0.0508 (0.0565)
2022-11-13 23:57:07,317 INFO     Epoch: [7][4400/5174]	Time 0.156 (0.153)	Loss 0.0503 (0.0565)
2022-11-13 23:57:37,812 INFO     Epoch: [7][4600/5174]	Time 0.159 (0.153)	Loss 0.0502 (0.0565)
2022-11-13 23:58:08,332 INFO     Epoch: [7][4800/5174]	Time 0.145 (0.153)	Loss 0.0708 (0.0565)
2022-11-13 23:58:38,841 INFO     Epoch: [7][5000/5174]	Time 0.150 (0.153)	Loss 0.0374 (0.0565)
2022-11-13 23:59:06,708 INFO     Test: [0/2532]	Time 1.376 (1.376)	Loss 0.1054 (0.1054)
2022-11-13 23:59:31,230 INFO     Test: [200/2532]	Time 0.123 (0.129)	Loss 0.0407 (0.0499)
2022-11-13 23:59:55,799 INFO     Test: [400/2532]	Time 0.123 (0.126)	Loss 0.0454 (0.0513)
2022-11-14 00:00:20,311 INFO     Test: [600/2532]	Time 0.130 (0.125)	Loss 0.0523 (0.0515)
2022-11-14 00:00:44,843 INFO     Test: [800/2532]	Time 0.122 (0.124)	Loss 0.0499 (0.0512)
2022-11-14 00:01:09,365 INFO     Test: [1000/2532]	Time 0.122 (0.124)	Loss 0.0641 (0.0513)
2022-11-14 00:01:33,891 INFO     Test: [1200/2532]	Time 0.123 (0.124)	Loss 0.0421 (0.0515)
2022-11-14 00:01:58,406 INFO     Test: [1400/2532]	Time 0.122 (0.124)	Loss 0.0562 (0.0517)
2022-11-14 00:02:22,967 INFO     Test: [1600/2532]	Time 0.124 (0.123)	Loss 0.0986 (0.0516)
2022-11-14 00:02:47,485 INFO     Test: [1800/2532]	Time 0.123 (0.123)	Loss 0.0570 (0.0517)
2022-11-14 00:03:12,012 INFO     Test: [2000/2532]	Time 0.123 (0.123)	Loss 0.0393 (0.0515)
2022-11-14 00:03:36,512 INFO     Test: [2200/2532]	Time 0.121 (0.123)	Loss 0.0341 (0.0516)
2022-11-14 00:04:01,023 INFO     Test: [2400/2532]	Time 0.122 (0.123)	Loss 0.0414 (0.0517)
2022-11-14 00:05:14,510 INFO     [Test] mAP: 0.708, averageAP: 0.707
					(Compute with all label) OP: 0.839, OR: 0.621, OF1: 0.714, CP: 0.778, CR: 0.545, CF1:0.641
					(Compute with top-3 label) OP: 0.878, OR: 0.563, OF1: 0.686, CP: 0.800, CR: 0.491, CF1: 0.609
2022-11-14 00:05:17,197 INFO     [Best] [Epoch 7]: Best mAP is 0.708
2022-11-14 00:05:18,520 INFO     Epoch: [8][0/5174]	Time 1.219 (1.219)	Loss 0.0640 (0.0640)
2022-11-14 00:05:48,887 INFO     Epoch: [8][200/5174]	Time 0.151 (0.157)	Loss 0.0643 (0.0567)
2022-11-14 00:06:19,314 INFO     Epoch: [8][400/5174]	Time 0.151 (0.155)	Loss 0.0587 (0.0558)
2022-11-14 00:06:49,755 INFO     Epoch: [8][600/5174]	Time 0.158 (0.154)	Loss 0.0807 (0.0551)
2022-11-14 00:07:20,197 INFO     Epoch: [8][800/5174]	Time 0.153 (0.153)	Loss 0.0634 (0.0554)
2022-11-14 00:07:50,646 INFO     Epoch: [8][1000/5174]	Time 0.153 (0.153)	Loss 0.0477 (0.0556)
2022-11-14 00:08:21,130 INFO     Epoch: [8][1200/5174]	Time 0.152 (0.153)	Loss 0.0670 (0.0557)
2022-11-14 00:08:51,621 INFO     Epoch: [8][1400/5174]	Time 0.147 (0.153)	Loss 0.0567 (0.0560)
2022-11-14 00:09:22,146 INFO     Epoch: [8][1600/5174]	Time 0.149 (0.153)	Loss 0.0427 (0.0559)
2022-11-14 00:09:52,650 INFO     Epoch: [8][1800/5174]	Time 0.150 (0.153)	Loss 0.0529 (0.0559)
2022-11-14 00:10:23,159 INFO     Epoch: [8][2000/5174]	Time 0.153 (0.153)	Loss 0.0485 (0.0559)
2022-11-14 00:10:53,673 INFO     Epoch: [8][2200/5174]	Time 0.147 (0.153)	Loss 0.0512 (0.0557)
2022-11-14 00:11:24,186 INFO     Epoch: [8][2400/5174]	Time 0.153 (0.153)	Loss 0.0547 (0.0557)
2022-11-14 00:11:54,704 INFO     Epoch: [8][2600/5174]	Time 0.151 (0.153)	Loss 0.0626 (0.0557)
2022-11-14 00:12:25,201 INFO     Epoch: [8][2800/5174]	Time 0.150 (0.153)	Loss 0.0368 (0.0556)
2022-11-14 00:12:55,703 INFO     Epoch: [8][3000/5174]	Time 0.143 (0.153)	Loss 0.0344 (0.0556)
2022-11-14 00:13:26,221 INFO     Epoch: [8][3200/5174]	Time 0.156 (0.153)	Loss 0.0418 (0.0555)
2022-11-14 00:13:56,748 INFO     Epoch: [8][3400/5174]	Time 0.160 (0.153)	Loss 0.0465 (0.0554)
2022-11-14 00:14:27,271 INFO     Epoch: [8][3600/5174]	Time 0.152 (0.153)	Loss 0.0479 (0.0554)
2022-11-14 00:14:57,781 INFO     Epoch: [8][3800/5174]	Time 0.154 (0.153)	Loss 0.0550 (0.0554)
2022-11-14 00:15:28,287 INFO     Epoch: [8][4000/5174]	Time 0.152 (0.153)	Loss 0.0518 (0.0554)
2022-11-14 00:15:58,796 INFO     Epoch: [8][4200/5174]	Time 0.154 (0.153)	Loss 0.0590 (0.0554)
2022-11-14 00:16:29,304 INFO     Epoch: [8][4400/5174]	Time 0.155 (0.153)	Loss 0.0425 (0.0554)
2022-11-14 00:16:59,831 INFO     Epoch: [8][4600/5174]	Time 0.151 (0.153)	Loss 0.0487 (0.0554)
2022-11-14 00:17:30,347 INFO     Epoch: [8][4800/5174]	Time 0.152 (0.153)	Loss 0.0765 (0.0554)
2022-11-14 00:18:00,871 INFO     Epoch: [8][5000/5174]	Time 0.149 (0.153)	Loss 0.0475 (0.0553)
2022-11-14 00:18:28,708 INFO     Test: [0/2532]	Time 1.415 (1.415)	Loss 0.1041 (0.1041)
2022-11-14 00:18:53,214 INFO     Test: [200/2532]	Time 0.123 (0.129)	Loss 0.0426 (0.0490)
2022-11-14 00:19:17,711 INFO     Test: [400/2532]	Time 0.123 (0.126)	Loss 0.0467 (0.0505)
2022-11-14 00:19:42,200 INFO     Test: [600/2532]	Time 0.123 (0.125)	Loss 0.0503 (0.0506)
2022-11-14 00:20:06,702 INFO     Test: [800/2532]	Time 0.123 (0.124)	Loss 0.0511 (0.0504)
2022-11-14 00:20:31,247 INFO     Test: [1000/2532]	Time 0.123 (0.124)	Loss 0.0660 (0.0504)
2022-11-14 00:20:55,747 INFO     Test: [1200/2532]	Time 0.122 (0.124)	Loss 0.0414 (0.0507)
2022-11-14 00:21:20,242 INFO     Test: [1400/2532]	Time 0.122 (0.123)	Loss 0.0525 (0.0509)
2022-11-14 00:21:44,768 INFO     Test: [1600/2532]	Time 0.122 (0.123)	Loss 0.0997 (0.0508)
2022-11-14 00:22:09,285 INFO     Test: [1800/2532]	Time 0.123 (0.123)	Loss 0.0535 (0.0508)
2022-11-14 00:22:33,832 INFO     Test: [2000/2532]	Time 0.122 (0.123)	Loss 0.0393 (0.0507)
2022-11-14 00:22:58,354 INFO     Test: [2200/2532]	Time 0.123 (0.123)	Loss 0.0343 (0.0508)
2022-11-14 00:23:22,893 INFO     Test: [2400/2532]	Time 0.122 (0.123)	Loss 0.0393 (0.0509)
2022-11-14 00:24:36,112 INFO     [Test] mAP: 0.717, averageAP: 0.716
					(Compute with all label) OP: 0.874, OR: 0.593, OF1: 0.706, CP: 0.819, CR: 0.518, CF1:0.635
					(Compute with top-3 label) OP: 0.899, OR: 0.550, OF1: 0.683, CP: 0.837, CR: 0.480, CF1: 0.610
2022-11-14 00:24:38,822 INFO     [Best] [Epoch 8]: Best mAP is 0.717
2022-11-14 00:24:40,172 INFO     Epoch: [9][0/5174]	Time 1.229 (1.229)	Loss 0.0558 (0.0558)
2022-11-14 00:25:10,509 INFO     Epoch: [9][200/5174]	Time 0.152 (0.157)	Loss 0.0386 (0.0550)
2022-11-14 00:25:40,925 INFO     Epoch: [9][400/5174]	Time 0.151 (0.155)	Loss 0.0436 (0.0545)
2022-11-14 00:26:11,380 INFO     Epoch: [9][600/5174]	Time 0.153 (0.154)	Loss 0.0518 (0.0547)
2022-11-14 00:26:41,846 INFO     Epoch: [9][800/5174]	Time 0.153 (0.153)	Loss 0.0344 (0.0547)
2022-11-14 00:27:12,309 INFO     Epoch: [9][1000/5174]	Time 0.151 (0.153)	Loss 0.0496 (0.0546)
2022-11-14 00:27:42,785 INFO     Epoch: [9][1200/5174]	Time 0.151 (0.153)	Loss 0.0653 (0.0546)
2022-11-14 00:28:13,272 INFO     Epoch: [9][1400/5174]	Time 0.154 (0.153)	Loss 0.0574 (0.0545)
2022-11-14 00:28:43,802 INFO     Epoch: [9][1600/5174]	Time 0.149 (0.153)	Loss 0.0566 (0.0546)
2022-11-14 00:29:14,320 INFO     Epoch: [9][1800/5174]	Time 0.151 (0.153)	Loss 0.0399 (0.0549)
2022-11-14 00:29:44,834 INFO     Epoch: [9][2000/5174]	Time 0.154 (0.153)	Loss 0.0677 (0.0550)
2022-11-14 00:30:15,346 INFO     Epoch: [9][2200/5174]	Time 0.152 (0.153)	Loss 0.0601 (0.0549)
2022-11-14 00:30:45,851 INFO     Epoch: [9][2400/5174]	Time 0.158 (0.153)	Loss 0.0885 (0.0547)
2022-11-14 00:31:16,356 INFO     Epoch: [9][2600/5174]	Time 0.151 (0.153)	Loss 0.0584 (0.0547)
2022-11-14 00:31:46,891 INFO     Epoch: [9][2800/5174]	Time 0.148 (0.153)	Loss 0.0699 (0.0547)
2022-11-14 00:32:17,405 INFO     Epoch: [9][3000/5174]	Time 0.149 (0.153)	Loss 0.0412 (0.0547)
2022-11-14 00:32:47,926 INFO     Epoch: [9][3200/5174]	Time 0.148 (0.153)	Loss 0.0399 (0.0545)
2022-11-14 00:33:18,442 INFO     Epoch: [9][3400/5174]	Time 0.153 (0.153)	Loss 0.0566 (0.0545)
2022-11-14 00:33:48,963 INFO     Epoch: [9][3600/5174]	Time 0.149 (0.153)	Loss 0.0471 (0.0546)
2022-11-14 00:34:19,468 INFO     Epoch: [9][3800/5174]	Time 0.154 (0.153)	Loss 0.0396 (0.0546)
2022-11-14 00:34:49,989 INFO     Epoch: [9][4000/5174]	Time 0.153 (0.153)	Loss 0.0563 (0.0545)
2022-11-14 00:35:20,487 INFO     Epoch: [9][4200/5174]	Time 0.153 (0.153)	Loss 0.0457 (0.0545)
2022-11-14 00:35:51,015 INFO     Epoch: [9][4400/5174]	Time 0.148 (0.153)	Loss 0.0531 (0.0546)
2022-11-14 00:36:21,527 INFO     Epoch: [9][4600/5174]	Time 0.154 (0.153)	Loss 0.0519 (0.0545)
2022-11-14 00:36:52,041 INFO     Epoch: [9][4800/5174]	Time 0.153 (0.153)	Loss 0.0648 (0.0545)
2022-11-14 00:37:22,550 INFO     Epoch: [9][5000/5174]	Time 0.151 (0.153)	Loss 0.0745 (0.0545)
2022-11-14 00:37:50,185 INFO     Test: [0/2532]	Time 1.235 (1.235)	Loss 0.1015 (0.1015)
2022-11-14 00:38:14,704 INFO     Test: [200/2532]	Time 0.121 (0.128)	Loss 0.0403 (0.0480)
2022-11-14 00:38:39,208 INFO     Test: [400/2532]	Time 0.123 (0.125)	Loss 0.0473 (0.0494)
2022-11-14 00:39:03,728 INFO     Test: [600/2532]	Time 0.122 (0.124)	Loss 0.0498 (0.0496)
2022-11-14 00:39:28,243 INFO     Test: [800/2532]	Time 0.123 (0.124)	Loss 0.0510 (0.0493)
2022-11-14 00:39:52,765 INFO     Test: [1000/2532]	Time 0.122 (0.124)	Loss 0.0632 (0.0494)
2022-11-14 00:40:17,279 INFO     Test: [1200/2532]	Time 0.122 (0.123)	Loss 0.0405 (0.0496)
2022-11-14 00:40:41,803 INFO     Test: [1400/2532]	Time 0.123 (0.123)	Loss 0.0530 (0.0498)
2022-11-14 00:41:06,338 INFO     Test: [1600/2532]	Time 0.124 (0.123)	Loss 0.0985 (0.0497)
2022-11-14 00:41:30,849 INFO     Test: [1800/2532]	Time 0.122 (0.123)	Loss 0.0528 (0.0498)
2022-11-14 00:41:55,397 INFO     Test: [2000/2532]	Time 0.122 (0.123)	Loss 0.0375 (0.0496)
2022-11-14 00:42:19,914 INFO     Test: [2200/2532]	Time 0.122 (0.123)	Loss 0.0312 (0.0497)
2022-11-14 00:42:44,457 INFO     Test: [2400/2532]	Time 0.123 (0.123)	Loss 0.0376 (0.0498)
2022-11-14 00:43:57,841 INFO     [Test] mAP: 0.725, averageAP: 0.724
					(Compute with all label) OP: 0.853, OR: 0.627, OF1: 0.723, CP: 0.807, CR: 0.565, CF1:0.665
					(Compute with top-3 label) OP: 0.886, OR: 0.573, OF1: 0.696, CP: 0.834, CR: 0.516, CF1: 0.638
2022-11-14 00:44:00,532 INFO     [Best] [Epoch 9]: Best mAP is 0.725
2022-11-14 00:44:01,988 INFO     Epoch: [10][0/5174]	Time 1.330 (1.330)	Loss 0.0718 (0.0718)
2022-11-14 00:44:32,324 INFO     Epoch: [10][200/5174]	Time 0.147 (0.158)	Loss 0.0363 (0.0539)
2022-11-14 00:45:02,737 INFO     Epoch: [10][400/5174]	Time 0.152 (0.155)	Loss 0.0432 (0.0538)
2022-11-14 00:45:33,184 INFO     Epoch: [10][600/5174]	Time 0.151 (0.154)	Loss 0.0598 (0.0534)
2022-11-14 00:46:03,634 INFO     Epoch: [10][800/5174]	Time 0.145 (0.154)	Loss 0.0696 (0.0533)
2022-11-14 00:46:34,100 INFO     Epoch: [10][1000/5174]	Time 0.154 (0.153)	Loss 0.0677 (0.0534)
2022-11-14 00:47:04,557 INFO     Epoch: [10][1200/5174]	Time 0.153 (0.153)	Loss 0.0551 (0.0533)
2022-11-14 00:47:35,042 INFO     Epoch: [10][1400/5174]	Time 0.146 (0.153)	Loss 0.0596 (0.0533)
2022-11-14 00:48:05,560 INFO     Epoch: [10][1600/5174]	Time 0.155 (0.153)	Loss 0.0591 (0.0533)
2022-11-14 00:48:36,081 INFO     Epoch: [10][1800/5174]	Time 0.154 (0.153)	Loss 0.0682 (0.0533)
2022-11-14 00:49:06,603 INFO     Epoch: [10][2000/5174]	Time 0.151 (0.153)	Loss 0.0577 (0.0534)
2022-11-14 00:49:37,129 INFO     Epoch: [10][2200/5174]	Time 0.153 (0.153)	Loss 0.0604 (0.0533)
2022-11-14 00:50:07,649 INFO     Epoch: [10][2400/5174]	Time 0.154 (0.153)	Loss 0.0640 (0.0532)
2022-11-14 00:50:38,167 INFO     Epoch: [10][2600/5174]	Time 0.152 (0.153)	Loss 0.0561 (0.0533)
2022-11-14 00:51:08,711 INFO     Epoch: [10][2800/5174]	Time 0.154 (0.153)	Loss 0.0654 (0.0532)
2022-11-14 00:51:39,227 INFO     Epoch: [10][3000/5174]	Time 0.152 (0.153)	Loss 0.0688 (0.0532)
2022-11-14 00:52:09,746 INFO     Epoch: [10][3200/5174]	Time 0.153 (0.153)	Loss 0.0484 (0.0531)
2022-11-14 00:52:40,272 INFO     Epoch: [10][3400/5174]	Time 0.154 (0.153)	Loss 0.0400 (0.0531)
2022-11-14 00:53:10,794 INFO     Epoch: [10][3600/5174]	Time 0.153 (0.153)	Loss 0.0464 (0.0531)
2022-11-14 00:53:41,312 INFO     Epoch: [10][3800/5174]	Time 0.158 (0.153)	Loss 0.0334 (0.0531)
2022-11-14 00:54:11,841 INFO     Epoch: [10][4000/5174]	Time 0.152 (0.153)	Loss 0.0483 (0.0531)
2022-11-14 00:54:42,369 INFO     Epoch: [10][4200/5174]	Time 0.152 (0.153)	Loss 0.0618 (0.0530)
2022-11-14 00:55:12,902 INFO     Epoch: [10][4400/5174]	Time 0.153 (0.153)	Loss 0.0522 (0.0530)
2022-11-14 00:55:43,441 INFO     Epoch: [10][4600/5174]	Time 0.152 (0.153)	Loss 0.0591 (0.0531)
2022-11-14 00:56:13,978 INFO     Epoch: [10][4800/5174]	Time 0.153 (0.153)	Loss 0.0476 (0.0532)
2022-11-14 00:56:44,526 INFO     Epoch: [10][5000/5174]	Time 0.154 (0.153)	Loss 0.0536 (0.0532)
2022-11-14 00:57:12,269 INFO     Test: [0/2532]	Time 1.286 (1.286)	Loss 0.1008 (0.1008)
2022-11-14 00:57:36,795 INFO     Test: [200/2532]	Time 0.122 (0.128)	Loss 0.0405 (0.0476)
2022-11-14 00:58:01,370 INFO     Test: [400/2532]	Time 0.123 (0.126)	Loss 0.0452 (0.0490)
2022-11-14 00:58:25,897 INFO     Test: [600/2532]	Time 0.123 (0.125)	Loss 0.0497 (0.0491)
2022-11-14 00:58:50,430 INFO     Test: [800/2532]	Time 0.122 (0.124)	Loss 0.0502 (0.0489)
2022-11-14 00:59:14,969 INFO     Test: [1000/2532]	Time 0.123 (0.124)	Loss 0.0634 (0.0490)
2022-11-14 00:59:39,510 INFO     Test: [1200/2532]	Time 0.122 (0.124)	Loss 0.0407 (0.0492)
2022-11-14 01:00:04,026 INFO     Test: [1400/2532]	Time 0.123 (0.124)	Loss 0.0527 (0.0495)
2022-11-14 01:00:28,559 INFO     Test: [1600/2532]	Time 0.121 (0.123)	Loss 0.0976 (0.0494)
2022-11-14 01:00:53,071 INFO     Test: [1800/2532]	Time 0.123 (0.123)	Loss 0.0533 (0.0494)
2022-11-14 01:01:17,591 INFO     Test: [2000/2532]	Time 0.122 (0.123)	Loss 0.0369 (0.0493)
2022-11-14 01:01:42,133 INFO     Test: [2200/2532]	Time 0.122 (0.123)	Loss 0.0308 (0.0494)
2022-11-14 01:02:06,671 INFO     Test: [2400/2532]	Time 0.123 (0.123)	Loss 0.0385 (0.0495)
2022-11-14 01:03:20,507 INFO     [Test] mAP: 0.728, averageAP: 0.727
					(Compute with all label) OP: 0.859, OR: 0.624, OF1: 0.723, CP: 0.814, CR: 0.560, CF1:0.664
					(Compute with top-3 label) OP: 0.891, OR: 0.571, OF1: 0.696, CP: 0.838, CR: 0.513, CF1: 0.636
2022-11-14 01:03:22,893 INFO     [Best] [Epoch 10]: Best mAP is 0.728
2022-11-14 01:03:24,361 INFO     Epoch: [11][0/5174]	Time 1.343 (1.343)	Loss 0.0606 (0.0606)
2022-11-14 01:03:54,715 INFO     Epoch: [11][200/5174]	Time 0.154 (0.158)	Loss 0.0684 (0.0538)
2022-11-14 01:04:25,125 INFO     Epoch: [11][400/5174]	Time 0.151 (0.155)	Loss 0.0528 (0.0536)
2022-11-14 01:04:55,583 INFO     Epoch: [11][600/5174]	Time 0.154 (0.154)	Loss 0.0647 (0.0537)
2022-11-14 01:05:26,049 INFO     Epoch: [11][800/5174]	Time 0.152 (0.154)	Loss 0.0620 (0.0537)
2022-11-14 01:05:56,525 INFO     Epoch: [11][1000/5174]	Time 0.151 (0.153)	Loss 0.0580 (0.0534)
2022-11-14 01:06:27,036 INFO     Epoch: [11][1200/5174]	Time 0.154 (0.153)	Loss 0.0538 (0.0533)
2022-11-14 01:06:57,544 INFO     Epoch: [11][1400/5174]	Time 0.152 (0.153)	Loss 0.0700 (0.0533)
2022-11-14 01:07:28,057 INFO     Epoch: [11][1600/5174]	Time 0.153 (0.153)	Loss 0.0510 (0.0531)
2022-11-14 01:07:58,570 INFO     Epoch: [11][1800/5174]	Time 0.154 (0.153)	Loss 0.0391 (0.0530)
2022-11-14 01:08:29,089 INFO     Epoch: [11][2000/5174]	Time 0.152 (0.153)	Loss 0.0613 (0.0530)
2022-11-14 01:08:59,608 INFO     Epoch: [11][2200/5174]	Time 0.156 (0.153)	Loss 0.0450 (0.0530)
2022-11-14 01:09:30,123 INFO     Epoch: [11][2400/5174]	Time 0.151 (0.153)	Loss 0.0492 (0.0530)
2022-11-14 01:10:00,636 INFO     Epoch: [11][2600/5174]	Time 0.152 (0.153)	Loss 0.0316 (0.0530)
2022-11-14 01:10:31,148 INFO     Epoch: [11][2800/5174]	Time 0.152 (0.153)	Loss 0.0517 (0.0530)
2022-11-14 01:11:01,656 INFO     Epoch: [11][3000/5174]	Time 0.154 (0.153)	Loss 0.0416 (0.0530)
2022-11-14 01:11:32,198 INFO     Epoch: [11][3200/5174]	Time 0.154 (0.153)	Loss 0.0368 (0.0531)
2022-11-14 01:12:02,722 INFO     Epoch: [11][3400/5174]	Time 0.153 (0.153)	Loss 0.0595 (0.0531)
2022-11-14 01:12:33,253 INFO     Epoch: [11][3600/5174]	Time 0.153 (0.153)	Loss 0.0299 (0.0531)
2022-11-14 01:13:03,754 INFO     Epoch: [11][3800/5174]	Time 0.153 (0.153)	Loss 0.0609 (0.0531)
2022-11-14 01:13:34,279 INFO     Epoch: [11][4000/5174]	Time 0.148 (0.153)	Loss 0.0538 (0.0531)
2022-11-14 01:14:04,817 INFO     Epoch: [11][4200/5174]	Time 0.155 (0.153)	Loss 0.0611 (0.0531)
2022-11-14 01:14:35,330 INFO     Epoch: [11][4400/5174]	Time 0.152 (0.153)	Loss 0.0500 (0.0531)
2022-11-14 01:15:05,853 INFO     Epoch: [11][4600/5174]	Time 0.152 (0.153)	Loss 0.0420 (0.0531)
2022-11-14 01:15:36,369 INFO     Epoch: [11][4800/5174]	Time 0.152 (0.153)	Loss 0.0610 (0.0531)
2022-11-14 01:16:06,901 INFO     Epoch: [11][5000/5174]	Time 0.152 (0.153)	Loss 0.0541 (0.0531)
2022-11-14 01:16:34,538 INFO     Test: [0/2532]	Time 1.202 (1.202)	Loss 0.1017 (0.1017)
2022-11-14 01:16:59,041 INFO     Test: [200/2532]	Time 0.122 (0.128)	Loss 0.0403 (0.0475)
2022-11-14 01:17:23,590 INFO     Test: [400/2532]	Time 0.122 (0.125)	Loss 0.0457 (0.0489)
2022-11-14 01:17:48,113 INFO     Test: [600/2532]	Time 0.123 (0.124)	Loss 0.0500 (0.0491)
2022-11-14 01:18:12,627 INFO     Test: [800/2532]	Time 0.122 (0.124)	Loss 0.0496 (0.0488)
2022-11-14 01:18:37,170 INFO     Test: [1000/2532]	Time 0.122 (0.124)	Loss 0.0628 (0.0489)
2022-11-14 01:19:01,725 INFO     Test: [1200/2532]	Time 0.122 (0.124)	Loss 0.0408 (0.0492)
2022-11-14 01:19:26,244 INFO     Test: [1400/2532]	Time 0.123 (0.123)	Loss 0.0526 (0.0494)
2022-11-14 01:19:50,753 INFO     Test: [1600/2532]	Time 0.122 (0.123)	Loss 0.0972 (0.0493)
2022-11-14 01:20:15,270 INFO     Test: [1800/2532]	Time 0.123 (0.123)	Loss 0.0535 (0.0494)
2022-11-14 01:20:39,771 INFO     Test: [2000/2532]	Time 0.122 (0.123)	Loss 0.0371 (0.0492)
2022-11-14 01:21:04,308 INFO     Test: [2200/2532]	Time 0.122 (0.123)	Loss 0.0309 (0.0493)
2022-11-14 01:21:28,842 INFO     Test: [2400/2532]	Time 0.122 (0.123)	Loss 0.0382 (0.0494)
2022-11-14 01:22:41,708 INFO     [Test] mAP: 0.728, averageAP: 0.727
					(Compute with all label) OP: 0.858, OR: 0.626, OF1: 0.724, CP: 0.815, CR: 0.561, CF1:0.665
					(Compute with top-3 label) OP: 0.889, OR: 0.573, OF1: 0.697, CP: 0.838, CR: 0.512, CF1: 0.636
2022-11-14 01:22:44,113 INFO     [Best] [Epoch 11]: Best mAP is 0.728
2022-11-14 01:22:45,448 INFO     Epoch: [12][0/5174]	Time 1.218 (1.218)	Loss 0.0509 (0.0509)
2022-11-14 01:23:15,851 INFO     Epoch: [12][200/5174]	Time 0.152 (0.157)	Loss 0.0555 (0.0534)
2022-11-14 01:23:46,266 INFO     Epoch: [12][400/5174]	Time 0.152 (0.155)	Loss 0.0475 (0.0525)
2022-11-14 01:24:16,717 INFO     Epoch: [12][600/5174]	Time 0.150 (0.154)	Loss 0.0540 (0.0530)
2022-11-14 01:24:47,274 INFO     Epoch: [12][800/5174]	Time 0.158 (0.154)	Loss 0.0506 (0.0530)
2022-11-14 01:25:17,727 INFO     Epoch: [12][1000/5174]	Time 0.156 (0.153)	Loss 0.0508 (0.0530)
2022-11-14 01:25:48,193 INFO     Epoch: [12][1200/5174]	Time 0.154 (0.153)	Loss 0.0620 (0.0530)
2022-11-14 01:26:18,673 INFO     Epoch: [12][1400/5174]	Time 0.152 (0.153)	Loss 0.0426 (0.0528)
2022-11-14 01:26:49,161 INFO     Epoch: [12][1600/5174]	Time 0.151 (0.153)	Loss 0.0331 (0.0528)
2022-11-14 01:27:19,653 INFO     Epoch: [12][1800/5174]	Time 0.154 (0.153)	Loss 0.0168 (0.0528)
2022-11-14 01:27:50,157 INFO     Epoch: [12][2000/5174]	Time 0.152 (0.153)	Loss 0.0821 (0.0529)
slurmstepd: error: *** JOB 418392 ON g0009 CANCELLED AT 2022-11-14T01:28:12 ***
