2022-11-12 23:17:38,858 INFO     ==========================================
2022-11-12 23:17:38,859 INFO     ==========       CONFIG      =============
2022-11-12 23:17:38,860 INFO     ==========================================
2022-11-12 23:17:38,860 INFO     dataset: COCO
2022-11-12 23:17:38,860 INFO     train_data: /data/public/coco2014/train2014
2022-11-12 23:17:38,860 INFO     test_data: /data/public/coco2014/val2014
2022-11-12 23:17:38,860 INFO     train_list: /data/public/coco2014/annotations/instances_train2014.json
2022-11-12 23:17:38,860 INFO     test_list: /data/public/coco2014/annotations/instances_val2014.json
2022-11-12 23:17:38,860 INFO     train_label: ./data/coco/train_label_vectors.npy
2022-11-12 23:17:38,860 INFO     graph_file: ./data/coco/prob_train.npy
2022-11-12 23:17:38,860 INFO     word_file: ./data/coco/vectors.npy
2022-11-12 23:17:38,860 INFO     test_label: ./data/coco/val_label_vectors.npy
2022-11-12 23:17:38,860 INFO     print_freq: 200
2022-11-12 23:17:38,860 INFO     workers: 8
2022-11-12 23:17:38,860 INFO     epochs: 20
2022-11-12 23:17:38,860 INFO     start_epoch: 0
2022-11-12 23:17:38,860 INFO     step_epoch: 10
2022-11-12 23:17:38,860 INFO     batch_size: 16
2022-11-12 23:17:38,860 INFO     lr: 1e-05
2022-11-12 23:17:38,860 INFO     momentum: 0.9
2022-11-12 23:17:38,860 INFO     weight_decay: 0.0
2022-11-12 23:17:38,860 INFO     resume: 
2022-11-12 23:17:38,861 INFO     crop_size: 448
2022-11-12 23:17:38,861 INFO     scale_size: 512
2022-11-12 23:17:38,861 INFO     evaluate: False
2022-11-12 23:17:38,861 INFO     post: CLIP-SSGRL-COCO
2022-11-12 23:17:38,861 INFO     num_classes: 80
2022-11-12 23:17:38,861 INFO     backbone_name: RN101
2022-11-12 23:17:38,861 INFO     ==========================================
2022-11-12 23:17:38,861 INFO     ===========        END        ============
2022-11-12 23:17:38,861 INFO     ==========================================
2022-11-12 23:17:38,861 INFO     

2022-11-12 23:17:38,861 INFO     ==> Creating dataloader...
You will perform multi-scale on images for scale 640
loading annotations into memory...
Done (t=11.05s)
creating index...
index created!
loading annotations into memory...
Done (t=5.88s)
creating index...
index created!
2022-11-12 23:17:58,459 INFO     ==> Done!

2022-11-12 23:17:58,461 INFO     ==> Loading the network ...
2022-11-12 23:18:07,214 INFO     ==> Done!

2022-11-12 23:18:07,214 INFO     Run Experiment...
2022-11-12 23:18:10,513 INFO     Epoch: [0][0/5174]	Time 3.211 (3.211)	Loss 0.6911 (0.6911)
2022-11-12 23:18:56,803 INFO     Epoch: [0][200/5174]	Time 0.233 (0.246)	Loss 0.1394 (0.2003)
2022-11-12 23:19:43,331 INFO     Epoch: [0][400/5174]	Time 0.234 (0.239)	Loss 0.1248 (0.1613)
2022-11-12 23:20:29,966 INFO     Epoch: [0][600/5174]	Time 0.232 (0.237)	Loss 0.0825 (0.1426)
2022-11-12 23:21:16,684 INFO     Epoch: [0][800/5174]	Time 0.233 (0.236)	Loss 0.0756 (0.1303)
2022-11-12 23:22:03,450 INFO     Epoch: [0][1000/5174]	Time 0.234 (0.236)	Loss 0.0647 (0.1207)
2022-11-12 23:22:50,281 INFO     Epoch: [0][1200/5174]	Time 0.234 (0.236)	Loss 0.0514 (0.1133)
2022-11-12 23:23:37,141 INFO     Epoch: [0][1400/5174]	Time 0.234 (0.235)	Loss 0.0559 (0.1074)
2022-11-12 23:24:24,001 INFO     Epoch: [0][1600/5174]	Time 0.235 (0.235)	Loss 0.0492 (0.1024)
2022-11-12 23:25:10,902 INFO     Epoch: [0][1800/5174]	Time 0.234 (0.235)	Loss 0.0593 (0.0984)
2022-11-12 23:25:57,820 INFO     Epoch: [0][2000/5174]	Time 0.233 (0.235)	Loss 0.0426 (0.0948)
2022-11-12 23:26:44,742 INFO     Epoch: [0][2200/5174]	Time 0.235 (0.235)	Loss 0.0933 (0.0919)
2022-11-12 23:27:31,680 INFO     Epoch: [0][2400/5174]	Time 0.235 (0.235)	Loss 0.0687 (0.0892)
2022-11-12 23:28:18,630 INFO     Epoch: [0][2600/5174]	Time 0.234 (0.235)	Loss 0.0547 (0.0869)
2022-11-12 23:29:05,578 INFO     Epoch: [0][2800/5174]	Time 0.236 (0.235)	Loss 0.0586 (0.0849)
2022-11-12 23:29:52,502 INFO     Epoch: [0][3000/5174]	Time 0.234 (0.235)	Loss 0.0791 (0.0832)
2022-11-12 23:30:39,436 INFO     Epoch: [0][3200/5174]	Time 0.234 (0.235)	Loss 0.0493 (0.0815)
2022-11-12 23:31:26,358 INFO     Epoch: [0][3400/5174]	Time 0.234 (0.235)	Loss 0.0563 (0.0799)
2022-11-12 23:32:13,269 INFO     Epoch: [0][3600/5174]	Time 0.237 (0.235)	Loss 0.0639 (0.0787)
2022-11-12 23:33:00,219 INFO     Epoch: [0][3800/5174]	Time 0.234 (0.235)	Loss 0.0550 (0.0774)
2022-11-12 23:33:47,150 INFO     Epoch: [0][4000/5174]	Time 0.234 (0.235)	Loss 0.0506 (0.0763)
2022-11-12 23:34:34,056 INFO     Epoch: [0][4200/5174]	Time 0.236 (0.235)	Loss 0.0557 (0.0752)
2022-11-12 23:35:20,986 INFO     Epoch: [0][4400/5174]	Time 0.236 (0.235)	Loss 0.0729 (0.0742)
2022-11-12 23:36:07,921 INFO     Epoch: [0][4600/5174]	Time 0.237 (0.235)	Loss 0.0294 (0.0733)
2022-11-12 23:36:54,839 INFO     Epoch: [0][4800/5174]	Time 0.235 (0.235)	Loss 0.0476 (0.0725)
2022-11-12 23:37:41,767 INFO     Epoch: [0][5000/5174]	Time 0.234 (0.235)	Loss 0.0498 (0.0717)
2022-11-12 23:38:23,487 INFO     Test: [0/2532]	Time 1.148 (1.148)	Loss 0.1000 (0.1000)
2022-11-12 23:38:53,378 INFO     Test: [200/2532]	Time 0.149 (0.154)	Loss 0.0364 (0.0445)
2022-11-12 23:39:23,322 INFO     Test: [400/2532]	Time 0.149 (0.152)	Loss 0.0436 (0.0453)
2022-11-12 23:39:53,218 INFO     Test: [600/2532]	Time 0.149 (0.151)	Loss 0.0544 (0.0454)
2022-11-12 23:40:23,147 INFO     Test: [800/2532]	Time 0.154 (0.151)	Loss 0.0410 (0.0451)
2022-11-12 23:40:53,057 INFO     Test: [1000/2532]	Time 0.149 (0.151)	Loss 0.0600 (0.0451)
2022-11-12 23:41:23,045 INFO     Test: [1200/2532]	Time 0.158 (0.150)	Loss 0.0427 (0.0454)
2022-11-12 23:41:53,020 INFO     Test: [1400/2532]	Time 0.149 (0.150)	Loss 0.0513 (0.0456)
2022-11-12 23:42:22,992 INFO     Test: [1600/2532]	Time 0.149 (0.150)	Loss 0.0866 (0.0455)
2022-11-12 23:42:52,937 INFO     Test: [1800/2532]	Time 0.149 (0.150)	Loss 0.0486 (0.0456)
2022-11-12 23:43:22,872 INFO     Test: [2000/2532]	Time 0.149 (0.150)	Loss 0.0410 (0.0455)
2022-11-12 23:43:52,810 INFO     Test: [2200/2532]	Time 0.149 (0.150)	Loss 0.0309 (0.0455)
2022-11-12 23:44:22,757 INFO     Test: [2400/2532]	Time 0.152 (0.150)	Loss 0.0414 (0.0456)
2022-11-12 23:45:39,557 INFO     [Test] mAP: 0.761, averageAP: 0.760
					(Compute with all label) OP: 0.876, OR: 0.656, OF1: 0.751, CP: 0.824, CR: 0.583, CF1:0.683
					(Compute with top-3 label) OP: 0.906, OR: 0.596, OF1: 0.719, CP: 0.849, CR: 0.527, CF1: 0.650
2022-11-12 23:45:43,882 INFO     [Best] [Epoch 0]: Best mAP is 0.761
2022-11-12 23:45:45,129 INFO     Epoch: [1][0/5174]	Time 1.040 (1.040)	Loss 0.0535 (0.0535)
2022-11-12 23:46:31,631 INFO     Epoch: [1][200/5174]	Time 0.233 (0.237)	Loss 0.0645 (0.0532)
2022-11-12 23:47:18,305 INFO     Epoch: [1][400/5174]	Time 0.234 (0.235)	Loss 0.0352 (0.0525)
2022-11-12 23:48:05,008 INFO     Epoch: [1][600/5174]	Time 0.233 (0.234)	Loss 0.0594 (0.0524)
2022-11-12 23:48:51,750 INFO     Epoch: [1][800/5174]	Time 0.234 (0.234)	Loss 0.0516 (0.0519)
2022-11-12 23:49:38,547 INFO     Epoch: [1][1000/5174]	Time 0.234 (0.234)	Loss 0.0523 (0.0518)
2022-11-12 23:50:25,307 INFO     Epoch: [1][1200/5174]	Time 0.232 (0.234)	Loss 0.0555 (0.0516)
2022-11-12 23:51:12,045 INFO     Epoch: [1][1400/5174]	Time 0.235 (0.234)	Loss 0.0515 (0.0514)
2022-11-12 23:51:58,835 INFO     Epoch: [1][1600/5174]	Time 0.236 (0.234)	Loss 0.0606 (0.0512)
2022-11-12 23:52:45,641 INFO     Epoch: [1][1800/5174]	Time 0.234 (0.234)	Loss 0.0501 (0.0511)
2022-11-12 23:53:32,493 INFO     Epoch: [1][2000/5174]	Time 0.234 (0.234)	Loss 0.0492 (0.0510)
2022-11-12 23:54:19,408 INFO     Epoch: [1][2200/5174]	Time 0.234 (0.234)	Loss 0.0417 (0.0511)
2022-11-12 23:55:06,324 INFO     Epoch: [1][2400/5174]	Time 0.235 (0.234)	Loss 0.0318 (0.0510)
2022-11-12 23:55:53,243 INFO     Epoch: [1][2600/5174]	Time 0.236 (0.234)	Loss 0.0582 (0.0510)
2022-11-12 23:56:40,171 INFO     Epoch: [1][2800/5174]	Time 0.235 (0.234)	Loss 0.0346 (0.0508)
2022-11-12 23:57:27,084 INFO     Epoch: [1][3000/5174]	Time 0.234 (0.234)	Loss 0.0366 (0.0507)
2022-11-12 23:58:14,007 INFO     Epoch: [1][3200/5174]	Time 0.234 (0.234)	Loss 0.0552 (0.0506)
2022-11-12 23:59:00,912 INFO     Epoch: [1][3400/5174]	Time 0.234 (0.234)	Loss 0.0398 (0.0506)
2022-11-12 23:59:47,841 INFO     Epoch: [1][3600/5174]	Time 0.236 (0.234)	Loss 0.0759 (0.0506)
2022-11-13 00:00:34,752 INFO     Epoch: [1][3800/5174]	Time 0.235 (0.234)	Loss 0.0431 (0.0506)
2022-11-13 00:01:21,636 INFO     Epoch: [1][4000/5174]	Time 0.234 (0.234)	Loss 0.0683 (0.0505)
2022-11-13 00:02:08,552 INFO     Epoch: [1][4200/5174]	Time 0.234 (0.234)	Loss 0.0364 (0.0505)
2022-11-13 00:02:55,462 INFO     Epoch: [1][4400/5174]	Time 0.234 (0.234)	Loss 0.0741 (0.0504)
2022-11-13 00:03:42,341 INFO     Epoch: [1][4600/5174]	Time 0.234 (0.234)	Loss 0.0327 (0.0504)
2022-11-13 00:04:29,264 INFO     Epoch: [1][4800/5174]	Time 0.234 (0.234)	Loss 0.0826 (0.0503)
2022-11-13 00:05:16,182 INFO     Epoch: [1][5000/5174]	Time 0.233 (0.234)	Loss 0.0376 (0.0503)
2022-11-13 00:05:58,061 INFO     Test: [0/2532]	Time 1.309 (1.309)	Loss 0.0894 (0.0894)
2022-11-13 00:06:27,893 INFO     Test: [200/2532]	Time 0.149 (0.155)	Loss 0.0340 (0.0407)
2022-11-13 00:06:57,738 INFO     Test: [400/2532]	Time 0.149 (0.152)	Loss 0.0417 (0.0416)
2022-11-13 00:07:27,600 INFO     Test: [600/2532]	Time 0.151 (0.151)	Loss 0.0547 (0.0417)
2022-11-13 00:07:57,447 INFO     Test: [800/2532]	Time 0.149 (0.151)	Loss 0.0377 (0.0415)
2022-11-13 00:08:27,288 INFO     Test: [1000/2532]	Time 0.149 (0.150)	Loss 0.0580 (0.0415)
2022-11-13 00:08:57,126 INFO     Test: [1200/2532]	Time 0.153 (0.150)	Loss 0.0390 (0.0417)
2022-11-13 00:09:26,963 INFO     Test: [1400/2532]	Time 0.149 (0.150)	Loss 0.0525 (0.0419)
2022-11-13 00:09:56,796 INFO     Test: [1600/2532]	Time 0.149 (0.150)	Loss 0.0769 (0.0418)
2022-11-13 00:10:26,659 INFO     Test: [1800/2532]	Time 0.150 (0.150)	Loss 0.0464 (0.0419)
2022-11-13 00:10:56,492 INFO     Test: [2000/2532]	Time 0.149 (0.150)	Loss 0.0356 (0.0418)
2022-11-13 00:11:26,322 INFO     Test: [2200/2532]	Time 0.149 (0.150)	Loss 0.0289 (0.0419)
2022-11-13 00:11:56,165 INFO     Test: [2400/2532]	Time 0.149 (0.150)	Loss 0.0348 (0.0420)
2022-11-13 00:13:13,407 INFO     [Test] mAP: 0.795, averageAP: 0.794
					(Compute with all label) OP: 0.883, OR: 0.688, OF1: 0.773, CP: 0.854, CR: 0.624, CF1:0.721
					(Compute with top-3 label) OP: 0.912, OR: 0.620, OF1: 0.738, CP: 0.874, CR: 0.561, CF1: 0.684
2022-11-13 00:13:18,345 INFO     [Best] [Epoch 1]: Best mAP is 0.795
2022-11-13 00:13:19,677 INFO     Epoch: [2][0/5174]	Time 1.136 (1.136)	Loss 0.0476 (0.0476)
2022-11-13 00:14:06,220 INFO     Epoch: [2][200/5174]	Time 0.232 (0.237)	Loss 0.0493 (0.0492)
2022-11-13 00:14:52,929 INFO     Epoch: [2][400/5174]	Time 0.237 (0.235)	Loss 0.0481 (0.0491)
2022-11-13 00:15:39,690 INFO     Epoch: [2][600/5174]	Time 0.234 (0.235)	Loss 0.0292 (0.0483)
2022-11-13 00:16:26,477 INFO     Epoch: [2][800/5174]	Time 0.233 (0.235)	Loss 0.0400 (0.0482)
2022-11-13 00:17:13,296 INFO     Epoch: [2][1000/5174]	Time 0.235 (0.235)	Loss 0.0329 (0.0480)
2022-11-13 00:18:00,122 INFO     Epoch: [2][1200/5174]	Time 0.235 (0.234)	Loss 0.0338 (0.0480)
2022-11-13 00:18:47,002 INFO     Epoch: [2][1400/5174]	Time 0.234 (0.234)	Loss 0.0466 (0.0480)
2022-11-13 00:19:33,893 INFO     Epoch: [2][1600/5174]	Time 0.233 (0.234)	Loss 0.0495 (0.0481)
2022-11-13 00:20:20,769 INFO     Epoch: [2][1800/5174]	Time 0.234 (0.234)	Loss 0.0425 (0.0480)
2022-11-13 00:21:07,676 INFO     Epoch: [2][2000/5174]	Time 0.234 (0.234)	Loss 0.0335 (0.0480)
2022-11-13 00:21:54,591 INFO     Epoch: [2][2200/5174]	Time 0.235 (0.234)	Loss 0.0303 (0.0479)
2022-11-13 00:22:41,493 INFO     Epoch: [2][2400/5174]	Time 0.235 (0.234)	Loss 0.0461 (0.0479)
2022-11-13 00:23:28,400 INFO     Epoch: [2][2600/5174]	Time 0.235 (0.234)	Loss 0.0399 (0.0478)
2022-11-13 00:24:15,323 INFO     Epoch: [2][2800/5174]	Time 0.235 (0.234)	Loss 0.0344 (0.0476)
2022-11-13 00:25:02,252 INFO     Epoch: [2][3000/5174]	Time 0.235 (0.234)	Loss 0.0481 (0.0476)
2022-11-13 00:25:49,152 INFO     Epoch: [2][3200/5174]	Time 0.233 (0.234)	Loss 0.0397 (0.0475)
2022-11-13 00:26:36,090 INFO     Epoch: [2][3400/5174]	Time 0.237 (0.234)	Loss 0.0373 (0.0475)
2022-11-13 00:27:23,022 INFO     Epoch: [2][3600/5174]	Time 0.234 (0.235)	Loss 0.0446 (0.0476)
2022-11-13 00:28:09,921 INFO     Epoch: [2][3800/5174]	Time 0.234 (0.235)	Loss 0.0479 (0.0477)
2022-11-13 00:28:56,830 INFO     Epoch: [2][4000/5174]	Time 0.235 (0.235)	Loss 0.0465 (0.0477)
2022-11-13 00:29:43,728 INFO     Epoch: [2][4200/5174]	Time 0.233 (0.235)	Loss 0.0464 (0.0478)
2022-11-13 00:30:30,614 INFO     Epoch: [2][4400/5174]	Time 0.233 (0.235)	Loss 0.0329 (0.0477)
2022-11-13 00:31:17,516 INFO     Epoch: [2][4600/5174]	Time 0.234 (0.235)	Loss 0.0561 (0.0476)
2022-11-13 00:32:04,416 INFO     Epoch: [2][4800/5174]	Time 0.233 (0.235)	Loss 0.0493 (0.0476)
2022-11-13 00:32:51,319 INFO     Epoch: [2][5000/5174]	Time 0.233 (0.235)	Loss 0.0548 (0.0477)
2022-11-13 00:33:33,076 INFO     Test: [0/2532]	Time 1.170 (1.170)	Loss 0.0947 (0.0947)
2022-11-13 00:34:02,880 INFO     Test: [200/2532]	Time 0.148 (0.154)	Loss 0.0339 (0.0391)
2022-11-13 00:34:32,728 INFO     Test: [400/2532]	Time 0.149 (0.152)	Loss 0.0410 (0.0399)
2022-11-13 00:35:02,564 INFO     Test: [600/2532]	Time 0.150 (0.151)	Loss 0.0502 (0.0401)
2022-11-13 00:35:32,403 INFO     Test: [800/2532]	Time 0.148 (0.150)	Loss 0.0353 (0.0399)
2022-11-13 00:36:02,240 INFO     Test: [1000/2532]	Time 0.149 (0.150)	Loss 0.0588 (0.0399)
2022-11-13 00:36:32,124 INFO     Test: [1200/2532]	Time 0.150 (0.150)	Loss 0.0374 (0.0401)
2022-11-13 00:37:01,958 INFO     Test: [1400/2532]	Time 0.148 (0.150)	Loss 0.0467 (0.0403)
2022-11-13 00:37:31,791 INFO     Test: [1600/2532]	Time 0.149 (0.150)	Loss 0.0776 (0.0402)
2022-11-13 00:38:01,631 INFO     Test: [1800/2532]	Time 0.149 (0.150)	Loss 0.0467 (0.0403)
2022-11-13 00:38:31,468 INFO     Test: [2000/2532]	Time 0.149 (0.150)	Loss 0.0345 (0.0402)
2022-11-13 00:39:01,312 INFO     Test: [2200/2532]	Time 0.149 (0.150)	Loss 0.0272 (0.0403)
2022-11-13 00:39:31,160 INFO     Test: [2400/2532]	Time 0.149 (0.150)	Loss 0.0296 (0.0404)
2022-11-13 00:40:45,589 INFO     [Test] mAP: 0.808, averageAP: 0.807
					(Compute with all label) OP: 0.888, OR: 0.698, OF1: 0.782, CP: 0.858, CR: 0.643, CF1:0.735
					(Compute with top-3 label) OP: 0.916, OR: 0.631, OF1: 0.747, CP: 0.877, CR: 0.581, CF1: 0.699
2022-11-13 00:40:50,494 INFO     [Best] [Epoch 2]: Best mAP is 0.808
2022-11-13 00:40:51,919 INFO     Epoch: [3][0/5174]	Time 1.217 (1.217)	Loss 0.0422 (0.0422)
2022-11-13 00:41:38,432 INFO     Epoch: [3][200/5174]	Time 0.233 (0.237)	Loss 0.0330 (0.0467)
2022-11-13 00:42:25,129 INFO     Epoch: [3][400/5174]	Time 0.232 (0.235)	Loss 0.0502 (0.0467)
2022-11-13 00:43:11,867 INFO     Epoch: [3][600/5174]	Time 0.233 (0.235)	Loss 0.0378 (0.0467)
2022-11-13 00:43:58,625 INFO     Epoch: [3][800/5174]	Time 0.235 (0.235)	Loss 0.0300 (0.0468)
2022-11-13 00:44:45,435 INFO     Epoch: [3][1000/5174]	Time 0.233 (0.234)	Loss 0.0473 (0.0465)
2022-11-13 00:45:32,252 INFO     Epoch: [3][1200/5174]	Time 0.234 (0.234)	Loss 0.0579 (0.0462)
2022-11-13 00:46:19,117 INFO     Epoch: [3][1400/5174]	Time 0.234 (0.234)	Loss 0.0568 (0.0462)
2022-11-13 00:47:05,971 INFO     Epoch: [3][1600/5174]	Time 0.234 (0.234)	Loss 0.0478 (0.0462)
2022-11-13 00:47:52,860 INFO     Epoch: [3][1800/5174]	Time 0.238 (0.234)	Loss 0.0469 (0.0461)
2022-11-13 00:48:39,751 INFO     Epoch: [3][2000/5174]	Time 0.234 (0.234)	Loss 0.0710 (0.0460)
2022-11-13 00:49:26,636 INFO     Epoch: [3][2200/5174]	Time 0.235 (0.234)	Loss 0.0525 (0.0461)
2022-11-13 00:50:13,528 INFO     Epoch: [3][2400/5174]	Time 0.235 (0.234)	Loss 0.0459 (0.0462)
2022-11-13 00:51:00,423 INFO     Epoch: [3][2600/5174]	Time 0.234 (0.234)	Loss 0.0492 (0.0462)
2022-11-13 00:51:47,307 INFO     Epoch: [3][2800/5174]	Time 0.238 (0.234)	Loss 0.0496 (0.0462)
2022-11-13 00:52:34,213 INFO     Epoch: [3][3000/5174]	Time 0.235 (0.234)	Loss 0.0242 (0.0462)
2022-11-13 00:53:21,099 INFO     Epoch: [3][3200/5174]	Time 0.239 (0.234)	Loss 0.0460 (0.0462)
2022-11-13 00:54:08,001 INFO     Epoch: [3][3400/5174]	Time 0.236 (0.234)	Loss 0.0368 (0.0462)
2022-11-13 00:54:54,897 INFO     Epoch: [3][3600/5174]	Time 0.235 (0.234)	Loss 0.0466 (0.0462)
2022-11-13 00:55:41,806 INFO     Epoch: [3][3800/5174]	Time 0.235 (0.234)	Loss 0.0404 (0.0462)
2022-11-13 00:56:28,728 INFO     Epoch: [3][4000/5174]	Time 0.231 (0.234)	Loss 0.0459 (0.0462)
2022-11-13 00:57:15,641 INFO     Epoch: [3][4200/5174]	Time 0.235 (0.234)	Loss 0.0378 (0.0462)
2022-11-13 00:58:02,571 INFO     Epoch: [3][4400/5174]	Time 0.235 (0.234)	Loss 0.0368 (0.0461)
2022-11-13 00:58:49,489 INFO     Epoch: [3][4600/5174]	Time 0.235 (0.234)	Loss 0.0430 (0.0462)
2022-11-13 00:59:36,397 INFO     Epoch: [3][4800/5174]	Time 0.233 (0.234)	Loss 0.0562 (0.0461)
2022-11-13 01:00:23,303 INFO     Epoch: [3][5000/5174]	Time 0.233 (0.234)	Loss 0.0369 (0.0461)
2022-11-13 01:01:05,025 INFO     Test: [0/2532]	Time 1.149 (1.149)	Loss 0.0938 (0.0938)
2022-11-13 01:01:34,839 INFO     Test: [200/2532]	Time 0.148 (0.154)	Loss 0.0340 (0.0381)
2022-11-13 01:02:04,696 INFO     Test: [400/2532]	Time 0.150 (0.152)	Loss 0.0401 (0.0390)
2022-11-13 01:02:34,560 INFO     Test: [600/2532]	Time 0.149 (0.151)	Loss 0.0513 (0.0392)
2022-11-13 01:03:04,425 INFO     Test: [800/2532]	Time 0.149 (0.150)	Loss 0.0348 (0.0390)
2022-11-13 01:03:34,303 INFO     Test: [1000/2532]	Time 0.149 (0.150)	Loss 0.0585 (0.0390)
2022-11-13 01:04:04,145 INFO     Test: [1200/2532]	Time 0.150 (0.150)	Loss 0.0349 (0.0392)
2022-11-13 01:04:33,994 INFO     Test: [1400/2532]	Time 0.149 (0.150)	Loss 0.0508 (0.0394)
2022-11-13 01:05:03,865 INFO     Test: [1600/2532]	Time 0.148 (0.150)	Loss 0.0752 (0.0393)
2022-11-13 01:05:33,720 INFO     Test: [1800/2532]	Time 0.150 (0.150)	Loss 0.0471 (0.0394)
2022-11-13 01:06:03,584 INFO     Test: [2000/2532]	Time 0.149 (0.150)	Loss 0.0332 (0.0393)
2022-11-13 01:06:33,431 INFO     Test: [2200/2532]	Time 0.149 (0.150)	Loss 0.0250 (0.0394)
2022-11-13 01:07:03,288 INFO     Test: [2400/2532]	Time 0.149 (0.150)	Loss 0.0308 (0.0395)
2022-11-13 01:08:20,289 INFO     [Test] mAP: 0.815, averageAP: 0.814
					(Compute with all label) OP: 0.883, OR: 0.713, OF1: 0.789, CP: 0.846, CR: 0.669, CF1:0.747
					(Compute with top-3 label) OP: 0.921, OR: 0.634, OF1: 0.751, CP: 0.877, CR: 0.597, CF1: 0.710
2022-11-13 01:08:25,275 INFO     [Best] [Epoch 3]: Best mAP is 0.815
2022-11-13 01:08:26,597 INFO     Epoch: [4][0/5174]	Time 1.173 (1.173)	Loss 0.0344 (0.0344)
2022-11-13 01:09:13,133 INFO     Epoch: [4][200/5174]	Time 0.232 (0.237)	Loss 0.0416 (0.0445)
2022-11-13 01:09:59,825 INFO     Epoch: [4][400/5174]	Time 0.234 (0.235)	Loss 0.0462 (0.0446)
2022-11-13 01:10:46,541 INFO     Epoch: [4][600/5174]	Time 0.232 (0.235)	Loss 0.0407 (0.0447)
2022-11-13 01:11:33,291 INFO     Epoch: [4][800/5174]	Time 0.234 (0.234)	Loss 0.0500 (0.0445)
2022-11-13 01:12:20,043 INFO     Epoch: [4][1000/5174]	Time 0.233 (0.234)	Loss 0.0491 (0.0446)
2022-11-13 01:13:06,835 INFO     Epoch: [4][1200/5174]	Time 0.233 (0.234)	Loss 0.0569 (0.0449)
2022-11-13 01:13:53,701 INFO     Epoch: [4][1400/5174]	Time 0.234 (0.234)	Loss 0.0256 (0.0449)
2022-11-13 01:14:40,616 INFO     Epoch: [4][1600/5174]	Time 0.235 (0.234)	Loss 0.0431 (0.0449)
2022-11-13 01:15:27,571 INFO     Epoch: [4][1800/5174]	Time 0.229 (0.234)	Loss 0.0497 (0.0447)
2022-11-13 01:16:14,499 INFO     Epoch: [4][2000/5174]	Time 0.236 (0.234)	Loss 0.0574 (0.0448)
2022-11-13 01:17:01,439 INFO     Epoch: [4][2200/5174]	Time 0.235 (0.234)	Loss 0.0356 (0.0447)
2022-11-13 01:17:48,400 INFO     Epoch: [4][2400/5174]	Time 0.234 (0.234)	Loss 0.0323 (0.0448)
2022-11-13 01:18:35,353 INFO     Epoch: [4][2600/5174]	Time 0.235 (0.234)	Loss 0.0433 (0.0448)
2022-11-13 01:19:22,324 INFO     Epoch: [4][2800/5174]	Time 0.234 (0.234)	Loss 0.0376 (0.0448)
2022-11-13 01:20:09,277 INFO     Epoch: [4][3000/5174]	Time 0.235 (0.235)	Loss 0.0335 (0.0448)
2022-11-13 01:20:56,210 INFO     Epoch: [4][3200/5174]	Time 0.235 (0.235)	Loss 0.0459 (0.0449)
2022-11-13 01:21:43,132 INFO     Epoch: [4][3400/5174]	Time 0.233 (0.235)	Loss 0.0510 (0.0449)
2022-11-13 01:22:30,074 INFO     Epoch: [4][3600/5174]	Time 0.236 (0.235)	Loss 0.0482 (0.0450)
2022-11-13 01:23:17,004 INFO     Epoch: [4][3800/5174]	Time 0.235 (0.235)	Loss 0.0595 (0.0450)
2022-11-13 01:24:03,930 INFO     Epoch: [4][4000/5174]	Time 0.233 (0.235)	Loss 0.0458 (0.0450)
2022-11-13 01:24:50,870 INFO     Epoch: [4][4200/5174]	Time 0.236 (0.235)	Loss 0.0403 (0.0449)
2022-11-13 01:25:37,803 INFO     Epoch: [4][4400/5174]	Time 0.235 (0.235)	Loss 0.0471 (0.0449)
2022-11-13 01:26:24,729 INFO     Epoch: [4][4600/5174]	Time 0.234 (0.235)	Loss 0.0398 (0.0449)
2022-11-13 01:27:11,669 INFO     Epoch: [4][4800/5174]	Time 0.235 (0.235)	Loss 0.0322 (0.0449)
2022-11-13 01:27:58,636 INFO     Epoch: [4][5000/5174]	Time 0.235 (0.235)	Loss 0.0436 (0.0449)
2022-11-13 01:28:40,354 INFO     Test: [0/2532]	Time 1.130 (1.130)	Loss 0.0943 (0.0943)
2022-11-13 01:29:10,237 INFO     Test: [200/2532]	Time 0.149 (0.154)	Loss 0.0329 (0.0373)
2022-11-13 01:29:40,102 INFO     Test: [400/2532]	Time 0.149 (0.152)	Loss 0.0426 (0.0382)
2022-11-13 01:30:09,967 INFO     Test: [600/2532]	Time 0.150 (0.151)	Loss 0.0481 (0.0384)
2022-11-13 01:30:39,820 INFO     Test: [800/2532]	Time 0.150 (0.151)	Loss 0.0338 (0.0382)
2022-11-13 01:31:09,682 INFO     Test: [1000/2532]	Time 0.148 (0.150)	Loss 0.0552 (0.0382)
2022-11-13 01:31:39,540 INFO     Test: [1200/2532]	Time 0.149 (0.150)	Loss 0.0373 (0.0384)
2022-11-13 01:32:09,403 INFO     Test: [1400/2532]	Time 0.149 (0.150)	Loss 0.0454 (0.0386)
2022-11-13 01:32:39,251 INFO     Test: [1600/2532]	Time 0.149 (0.150)	Loss 0.0760 (0.0385)
2022-11-13 01:33:09,078 INFO     Test: [1800/2532]	Time 0.149 (0.150)	Loss 0.0492 (0.0386)
2022-11-13 01:33:38,953 INFO     Test: [2000/2532]	Time 0.150 (0.150)	Loss 0.0343 (0.0386)
2022-11-13 01:34:08,820 INFO     Test: [2200/2532]	Time 0.150 (0.150)	Loss 0.0239 (0.0386)
2022-11-13 01:34:38,702 INFO     Test: [2400/2532]	Time 0.149 (0.150)	Loss 0.0294 (0.0387)
2022-11-13 01:35:55,872 INFO     [Test] mAP: 0.820, averageAP: 0.819
					(Compute with all label) OP: 0.886, OR: 0.718, OF1: 0.793, CP: 0.850, CR: 0.674, CF1:0.752
					(Compute with top-3 label) OP: 0.919, OR: 0.641, OF1: 0.755, CP: 0.876, CR: 0.604, CF1: 0.715
2022-11-13 01:36:00,864 INFO     [Best] [Epoch 4]: Best mAP is 0.820
2022-11-13 01:36:02,135 INFO     Epoch: [5][0/5174]	Time 1.066 (1.066)	Loss 0.0343 (0.0343)
2022-11-13 01:36:48,705 INFO     Epoch: [5][200/5174]	Time 0.236 (0.237)	Loss 0.0393 (0.0434)
2022-11-13 01:37:35,401 INFO     Epoch: [5][400/5174]	Time 0.234 (0.235)	Loss 0.0259 (0.0432)
2022-11-13 01:38:22,150 INFO     Epoch: [5][600/5174]	Time 0.234 (0.235)	Loss 0.0429 (0.0433)
2022-11-13 01:39:08,935 INFO     Epoch: [5][800/5174]	Time 0.233 (0.235)	Loss 0.0481 (0.0434)
2022-11-13 01:39:55,729 INFO     Epoch: [5][1000/5174]	Time 0.235 (0.234)	Loss 0.0514 (0.0433)
2022-11-13 01:40:42,571 INFO     Epoch: [5][1200/5174]	Time 0.234 (0.234)	Loss 0.0502 (0.0435)
2022-11-13 01:41:29,452 INFO     Epoch: [5][1400/5174]	Time 0.234 (0.234)	Loss 0.0721 (0.0434)
2022-11-13 01:42:16,336 INFO     Epoch: [5][1600/5174]	Time 0.233 (0.234)	Loss 0.0350 (0.0434)
2022-11-13 01:43:03,211 INFO     Epoch: [5][1800/5174]	Time 0.236 (0.234)	Loss 0.0436 (0.0434)
2022-11-13 01:43:50,126 INFO     Epoch: [5][2000/5174]	Time 0.236 (0.234)	Loss 0.0234 (0.0435)
2022-11-13 01:44:37,051 INFO     Epoch: [5][2200/5174]	Time 0.235 (0.234)	Loss 0.0632 (0.0436)
2022-11-13 01:45:23,950 INFO     Epoch: [5][2400/5174]	Time 0.234 (0.234)	Loss 0.0400 (0.0436)
2022-11-13 01:46:10,879 INFO     Epoch: [5][2600/5174]	Time 0.234 (0.234)	Loss 0.0358 (0.0436)
2022-11-13 01:46:57,791 INFO     Epoch: [5][2800/5174]	Time 0.233 (0.234)	Loss 0.0493 (0.0436)
2022-11-13 01:47:44,700 INFO     Epoch: [5][3000/5174]	Time 0.236 (0.234)	Loss 0.0712 (0.0436)
2022-11-13 01:48:31,624 INFO     Epoch: [5][3200/5174]	Time 0.235 (0.234)	Loss 0.0450 (0.0436)
2022-11-13 01:49:18,552 INFO     Epoch: [5][3400/5174]	Time 0.235 (0.234)	Loss 0.0407 (0.0437)
2022-11-13 01:50:05,490 INFO     Epoch: [5][3600/5174]	Time 0.238 (0.234)	Loss 0.0381 (0.0437)
2022-11-13 01:50:52,401 INFO     Epoch: [5][3800/5174]	Time 0.236 (0.234)	Loss 0.0489 (0.0436)
2022-11-13 01:51:39,334 INFO     Epoch: [5][4000/5174]	Time 0.234 (0.235)	Loss 0.0368 (0.0436)
2022-11-13 01:52:26,263 INFO     Epoch: [5][4200/5174]	Time 0.234 (0.235)	Loss 0.0705 (0.0436)
2022-11-13 01:53:13,155 INFO     Epoch: [5][4400/5174]	Time 0.234 (0.235)	Loss 0.0439 (0.0436)
2022-11-13 01:54:00,093 INFO     Epoch: [5][4600/5174]	Time 0.234 (0.235)	Loss 0.0615 (0.0437)
2022-11-13 01:54:47,006 INFO     Epoch: [5][4800/5174]	Time 0.234 (0.235)	Loss 0.0604 (0.0437)
2022-11-13 01:55:33,905 INFO     Epoch: [5][5000/5174]	Time 0.235 (0.235)	Loss 0.0545 (0.0438)
2022-11-13 01:56:15,692 INFO     Test: [0/2532]	Time 1.194 (1.194)	Loss 0.0982 (0.0982)
2022-11-13 01:56:45,523 INFO     Test: [200/2532]	Time 0.149 (0.154)	Loss 0.0347 (0.0370)
2022-11-13 01:57:15,351 INFO     Test: [400/2532]	Time 0.149 (0.152)	Loss 0.0406 (0.0379)
2022-11-13 01:57:45,198 INFO     Test: [600/2532]	Time 0.150 (0.151)	Loss 0.0451 (0.0381)
2022-11-13 01:58:15,052 INFO     Test: [800/2532]	Time 0.149 (0.150)	Loss 0.0353 (0.0379)
2022-11-13 01:58:44,907 INFO     Test: [1000/2532]	Time 0.148 (0.150)	Loss 0.0583 (0.0379)
2022-11-13 01:59:14,746 INFO     Test: [1200/2532]	Time 0.149 (0.150)	Loss 0.0377 (0.0381)
2022-11-13 01:59:44,586 INFO     Test: [1400/2532]	Time 0.154 (0.150)	Loss 0.0388 (0.0383)
2022-11-13 02:00:14,408 INFO     Test: [1600/2532]	Time 0.149 (0.150)	Loss 0.0757 (0.0382)
2022-11-13 02:00:44,237 INFO     Test: [1800/2532]	Time 0.149 (0.150)	Loss 0.0488 (0.0383)
2022-11-13 02:01:14,051 INFO     Test: [2000/2532]	Time 0.150 (0.150)	Loss 0.0312 (0.0383)
2022-11-13 02:01:43,864 INFO     Test: [2200/2532]	Time 0.148 (0.150)	Loss 0.0246 (0.0383)
2022-11-13 02:02:13,683 INFO     Test: [2400/2532]	Time 0.149 (0.150)	Loss 0.0291 (0.0384)
2022-11-13 02:03:30,254 INFO     [Test] mAP: 0.823, averageAP: 0.823
					(Compute with all label) OP: 0.888, OR: 0.720, OF1: 0.795, CP: 0.856, CR: 0.675, CF1:0.755
					(Compute with top-3 label) OP: 0.923, OR: 0.641, OF1: 0.756, CP: 0.883, CR: 0.601, CF1: 0.715
2022-11-13 02:03:35,356 INFO     [Best] [Epoch 5]: Best mAP is 0.823
2022-11-13 02:03:36,608 INFO     Epoch: [6][0/5174]	Time 1.057 (1.057)	Loss 0.0479 (0.0479)
2022-11-13 02:04:23,114 INFO     Epoch: [6][200/5174]	Time 0.232 (0.237)	Loss 0.0444 (0.0441)
2022-11-13 02:05:09,788 INFO     Epoch: [6][400/5174]	Time 0.234 (0.235)	Loss 0.0328 (0.0435)
2022-11-13 02:05:56,514 INFO     Epoch: [6][600/5174]	Time 0.234 (0.235)	Loss 0.0420 (0.0434)
2022-11-13 02:06:43,286 INFO     Epoch: [6][800/5174]	Time 0.236 (0.234)	Loss 0.0416 (0.0431)
2022-11-13 02:07:30,107 INFO     Epoch: [6][1000/5174]	Time 0.235 (0.234)	Loss 0.0432 (0.0432)
2022-11-13 02:08:16,938 INFO     Epoch: [6][1200/5174]	Time 0.235 (0.234)	Loss 0.0343 (0.0432)
2022-11-13 02:09:03,776 INFO     Epoch: [6][1400/5174]	Time 0.235 (0.234)	Loss 0.0564 (0.0431)
2022-11-13 02:09:50,632 INFO     Epoch: [6][1600/5174]	Time 0.233 (0.234)	Loss 0.0310 (0.0430)
2022-11-13 02:10:37,512 INFO     Epoch: [6][1800/5174]	Time 0.234 (0.234)	Loss 0.0672 (0.0431)
2022-11-13 02:11:24,429 INFO     Epoch: [6][2000/5174]	Time 0.233 (0.234)	Loss 0.0716 (0.0432)
2022-11-13 02:12:11,339 INFO     Epoch: [6][2200/5174]	Time 0.236 (0.234)	Loss 0.0271 (0.0432)
2022-11-13 02:12:58,263 INFO     Epoch: [6][2400/5174]	Time 0.235 (0.234)	Loss 0.0470 (0.0432)
2022-11-13 02:13:45,380 INFO     Epoch: [6][2600/5174]	Time 0.234 (0.234)	Loss 0.0606 (0.0432)
2022-11-13 02:14:32,283 INFO     Epoch: [6][2800/5174]	Time 0.233 (0.234)	Loss 0.0649 (0.0433)
2022-11-13 02:15:19,219 INFO     Epoch: [6][3000/5174]	Time 0.234 (0.234)	Loss 0.0429 (0.0432)
2022-11-13 02:16:06,151 INFO     Epoch: [6][3200/5174]	Time 0.235 (0.234)	Loss 0.0401 (0.0432)
2022-11-13 02:16:53,092 INFO     Epoch: [6][3400/5174]	Time 0.235 (0.234)	Loss 0.0396 (0.0431)
2022-11-13 02:17:40,013 INFO     Epoch: [6][3600/5174]	Time 0.233 (0.235)	Loss 0.0365 (0.0431)
2022-11-13 02:18:26,955 INFO     Epoch: [6][3800/5174]	Time 0.236 (0.235)	Loss 0.0430 (0.0430)
2022-11-13 02:19:13,898 INFO     Epoch: [6][4000/5174]	Time 0.236 (0.235)	Loss 0.0586 (0.0431)
2022-11-13 02:20:00,827 INFO     Epoch: [6][4200/5174]	Time 0.234 (0.235)	Loss 0.0340 (0.0430)
2022-11-13 02:20:47,764 INFO     Epoch: [6][4400/5174]	Time 0.233 (0.235)	Loss 0.0483 (0.0430)
2022-11-13 02:21:34,708 INFO     Epoch: [6][4600/5174]	Time 0.235 (0.235)	Loss 0.0272 (0.0430)
2022-11-13 02:22:21,630 INFO     Epoch: [6][4800/5174]	Time 0.235 (0.235)	Loss 0.0601 (0.0430)
2022-11-13 02:23:08,556 INFO     Epoch: [6][5000/5174]	Time 0.234 (0.235)	Loss 0.0716 (0.0430)
2022-11-13 02:23:50,413 INFO     Test: [0/2532]	Time 1.263 (1.263)	Loss 0.0897 (0.0897)
2022-11-13 02:24:20,247 INFO     Test: [200/2532]	Time 0.149 (0.155)	Loss 0.0310 (0.0367)
2022-11-13 02:24:50,104 INFO     Test: [400/2532]	Time 0.150 (0.152)	Loss 0.0377 (0.0376)
2022-11-13 02:25:19,941 INFO     Test: [600/2532]	Time 0.149 (0.151)	Loss 0.0477 (0.0378)
2022-11-13 02:25:49,809 INFO     Test: [800/2532]	Time 0.149 (0.151)	Loss 0.0325 (0.0376)
2022-11-13 02:26:19,698 INFO     Test: [1000/2532]	Time 0.150 (0.150)	Loss 0.0563 (0.0376)
2022-11-13 02:26:49,553 INFO     Test: [1200/2532]	Time 0.148 (0.150)	Loss 0.0367 (0.0378)
2022-11-13 02:27:19,402 INFO     Test: [1400/2532]	Time 0.149 (0.150)	Loss 0.0438 (0.0380)
2022-11-13 02:27:49,250 INFO     Test: [1600/2532]	Time 0.149 (0.150)	Loss 0.0701 (0.0379)
2022-11-13 02:28:19,102 INFO     Test: [1800/2532]	Time 0.149 (0.150)	Loss 0.0512 (0.0380)
2022-11-13 02:28:48,969 INFO     Test: [2000/2532]	Time 0.150 (0.150)	Loss 0.0327 (0.0380)
2022-11-13 02:29:18,828 INFO     Test: [2200/2532]	Time 0.148 (0.150)	Loss 0.0238 (0.0380)
2022-11-13 02:29:48,679 INFO     Test: [2400/2532]	Time 0.149 (0.150)	Loss 0.0290 (0.0381)
2022-11-13 02:31:05,906 INFO     [Test] mAP: 0.827, averageAP: 0.826
					(Compute with all label) OP: 0.886, OR: 0.724, OF1: 0.797, CP: 0.856, CR: 0.680, CF1:0.758
					(Compute with top-3 label) OP: 0.918, OR: 0.648, OF1: 0.760, CP: 0.882, CR: 0.611, CF1: 0.722
2022-11-13 02:31:11,497 INFO     [Best] [Epoch 6]: Best mAP is 0.827
2022-11-13 02:31:12,732 INFO     Epoch: [7][0/5174]	Time 1.038 (1.038)	Loss 0.0477 (0.0477)
2022-11-13 02:31:59,296 INFO     Epoch: [7][200/5174]	Time 0.235 (0.237)	Loss 0.0328 (0.0423)
2022-11-13 02:32:46,010 INFO     Epoch: [7][400/5174]	Time 0.234 (0.235)	Loss 0.0499 (0.0417)
2022-11-13 02:33:32,731 INFO     Epoch: [7][600/5174]	Time 0.234 (0.235)	Loss 0.0583 (0.0420)
2022-11-13 02:34:19,436 INFO     Epoch: [7][800/5174]	Time 0.234 (0.234)	Loss 0.0486 (0.0423)
2022-11-13 02:35:06,192 INFO     Epoch: [7][1000/5174]	Time 0.234 (0.234)	Loss 0.0297 (0.0425)
2022-11-13 02:35:52,994 INFO     Epoch: [7][1200/5174]	Time 0.235 (0.234)	Loss 0.0337 (0.0425)
2022-11-13 02:36:39,840 INFO     Epoch: [7][1400/5174]	Time 0.233 (0.234)	Loss 0.0406 (0.0423)
2022-11-13 02:37:26,727 INFO     Epoch: [7][1600/5174]	Time 0.234 (0.234)	Loss 0.0336 (0.0424)
2022-11-13 02:38:13,655 INFO     Epoch: [7][1800/5174]	Time 0.233 (0.234)	Loss 0.0274 (0.0422)
2022-11-13 02:39:00,580 INFO     Epoch: [7][2000/5174]	Time 0.235 (0.234)	Loss 0.0344 (0.0423)
2022-11-13 02:39:47,536 INFO     Epoch: [7][2200/5174]	Time 0.234 (0.234)	Loss 0.0387 (0.0423)
2022-11-13 02:40:34,499 INFO     Epoch: [7][2400/5174]	Time 0.234 (0.234)	Loss 0.0411 (0.0423)
2022-11-13 02:41:21,432 INFO     Epoch: [7][2600/5174]	Time 0.235 (0.234)	Loss 0.0416 (0.0424)
2022-11-13 02:42:08,365 INFO     Epoch: [7][2800/5174]	Time 0.234 (0.234)	Loss 0.0318 (0.0424)
2022-11-13 02:42:55,284 INFO     Epoch: [7][3000/5174]	Time 0.233 (0.234)	Loss 0.0211 (0.0423)
2022-11-13 02:43:42,194 INFO     Epoch: [7][3200/5174]	Time 0.237 (0.234)	Loss 0.0690 (0.0423)
2022-11-13 02:44:29,120 INFO     Epoch: [7][3400/5174]	Time 0.235 (0.234)	Loss 0.0345 (0.0424)
2022-11-13 02:45:16,039 INFO     Epoch: [7][3600/5174]	Time 0.235 (0.234)	Loss 0.0462 (0.0424)
2022-11-13 02:46:02,969 INFO     Epoch: [7][3800/5174]	Time 0.234 (0.234)	Loss 0.0268 (0.0423)
2022-11-13 02:46:49,878 INFO     Epoch: [7][4000/5174]	Time 0.234 (0.234)	Loss 0.0522 (0.0424)
2022-11-13 02:47:36,792 INFO     Epoch: [7][4200/5174]	Time 0.237 (0.234)	Loss 0.0572 (0.0424)
2022-11-13 02:48:23,707 INFO     Epoch: [7][4400/5174]	Time 0.236 (0.234)	Loss 0.0411 (0.0423)
2022-11-13 02:49:10,607 INFO     Epoch: [7][4600/5174]	Time 0.235 (0.234)	Loss 0.0428 (0.0422)
2022-11-13 02:49:57,518 INFO     Epoch: [7][4800/5174]	Time 0.234 (0.234)	Loss 0.0385 (0.0422)
2022-11-13 02:50:44,426 INFO     Epoch: [7][5000/5174]	Time 0.235 (0.234)	Loss 0.0497 (0.0422)
2022-11-13 02:51:26,213 INFO     Test: [0/2532]	Time 1.225 (1.225)	Loss 0.0959 (0.0959)
2022-11-13 02:51:56,055 INFO     Test: [200/2532]	Time 0.149 (0.155)	Loss 0.0320 (0.0365)
2022-11-13 02:52:25,887 INFO     Test: [400/2532]	Time 0.148 (0.152)	Loss 0.0417 (0.0373)
2022-11-13 02:52:55,735 INFO     Test: [600/2532]	Time 0.150 (0.151)	Loss 0.0456 (0.0374)
2022-11-13 02:53:25,573 INFO     Test: [800/2532]	Time 0.149 (0.151)	Loss 0.0336 (0.0373)
2022-11-13 02:53:55,395 INFO     Test: [1000/2532]	Time 0.149 (0.150)	Loss 0.0573 (0.0373)
2022-11-13 02:54:25,235 INFO     Test: [1200/2532]	Time 0.150 (0.150)	Loss 0.0354 (0.0375)
2022-11-13 02:54:55,081 INFO     Test: [1400/2532]	Time 0.148 (0.150)	Loss 0.0426 (0.0377)
2022-11-13 02:55:24,905 INFO     Test: [1600/2532]	Time 0.150 (0.150)	Loss 0.0720 (0.0376)
2022-11-13 02:55:54,738 INFO     Test: [1800/2532]	Time 0.149 (0.150)	Loss 0.0509 (0.0377)
2022-11-13 02:56:24,557 INFO     Test: [2000/2532]	Time 0.149 (0.150)	Loss 0.0323 (0.0377)
2022-11-13 02:56:54,380 INFO     Test: [2200/2532]	Time 0.149 (0.150)	Loss 0.0264 (0.0377)
2022-11-13 02:57:24,214 INFO     Test: [2400/2532]	Time 0.149 (0.150)	Loss 0.0311 (0.0378)
2022-11-13 02:58:40,847 INFO     [Test] mAP: 0.829, averageAP: 0.828
					(Compute with all label) OP: 0.898, OR: 0.718, OF1: 0.798, CP: 0.864, CR: 0.675, CF1:0.758
					(Compute with top-3 label) OP: 0.925, OR: 0.646, OF1: 0.761, CP: 0.886, CR: 0.611, CF1: 0.723
2022-11-13 02:58:46,556 INFO     [Best] [Epoch 7]: Best mAP is 0.829
2022-11-13 02:58:47,834 INFO     Epoch: [8][0/5174]	Time 1.071 (1.071)	Loss 0.0450 (0.0450)
2022-11-13 02:59:34,348 INFO     Epoch: [8][200/5174]	Time 0.235 (0.237)	Loss 0.0405 (0.0413)
2022-11-13 03:00:21,016 INFO     Epoch: [8][400/5174]	Time 0.234 (0.235)	Loss 0.0407 (0.0413)
2022-11-13 03:01:07,744 INFO     Epoch: [8][600/5174]	Time 0.234 (0.235)	Loss 0.0414 (0.0411)
2022-11-13 03:01:54,506 INFO     Epoch: [8][800/5174]	Time 0.234 (0.234)	Loss 0.0350 (0.0412)
2022-11-13 03:02:41,318 INFO     Epoch: [8][1000/5174]	Time 0.236 (0.234)	Loss 0.0332 (0.0413)
2022-11-13 03:03:28,158 INFO     Epoch: [8][1200/5174]	Time 0.234 (0.234)	Loss 0.0293 (0.0414)
2022-11-13 03:04:15,012 INFO     Epoch: [8][1400/5174]	Time 0.233 (0.234)	Loss 0.0330 (0.0415)
2022-11-13 03:05:01,901 INFO     Epoch: [8][1600/5174]	Time 0.233 (0.234)	Loss 0.0371 (0.0414)
2022-11-13 03:05:48,801 INFO     Epoch: [8][1800/5174]	Time 0.235 (0.234)	Loss 0.0347 (0.0413)
2022-11-13 03:06:35,743 INFO     Epoch: [8][2000/5174]	Time 0.235 (0.234)	Loss 0.0521 (0.0414)
2022-11-13 03:07:22,668 INFO     Epoch: [8][2200/5174]	Time 0.235 (0.234)	Loss 0.0329 (0.0414)
2022-11-13 03:08:09,584 INFO     Epoch: [8][2400/5174]	Time 0.235 (0.234)	Loss 0.0479 (0.0414)
2022-11-13 03:08:56,521 INFO     Epoch: [8][2600/5174]	Time 0.235 (0.234)	Loss 0.0472 (0.0413)
2022-11-13 03:09:43,469 INFO     Epoch: [8][2800/5174]	Time 0.235 (0.234)	Loss 0.0371 (0.0415)
2022-11-13 03:10:30,389 INFO     Epoch: [8][3000/5174]	Time 0.234 (0.234)	Loss 0.0444 (0.0414)
2022-11-13 03:11:17,328 INFO     Epoch: [8][3200/5174]	Time 0.236 (0.234)	Loss 0.0383 (0.0414)
2022-11-13 03:12:04,256 INFO     Epoch: [8][3400/5174]	Time 0.235 (0.234)	Loss 0.0392 (0.0414)
2022-11-13 03:12:51,188 INFO     Epoch: [8][3600/5174]	Time 0.235 (0.234)	Loss 0.0327 (0.0415)
2022-11-13 03:13:38,100 INFO     Epoch: [8][3800/5174]	Time 0.234 (0.234)	Loss 0.0371 (0.0414)
2022-11-13 03:14:25,023 INFO     Epoch: [8][4000/5174]	Time 0.235 (0.235)	Loss 0.0344 (0.0414)
2022-11-13 03:15:11,952 INFO     Epoch: [8][4200/5174]	Time 0.235 (0.235)	Loss 0.0292 (0.0414)
2022-11-13 03:15:58,867 INFO     Epoch: [8][4400/5174]	Time 0.233 (0.235)	Loss 0.0385 (0.0414)
2022-11-13 03:16:45,793 INFO     Epoch: [8][4600/5174]	Time 0.235 (0.235)	Loss 0.0375 (0.0414)
2022-11-13 03:17:32,720 INFO     Epoch: [8][4800/5174]	Time 0.236 (0.235)	Loss 0.0673 (0.0414)
2022-11-13 03:18:19,651 INFO     Epoch: [8][5000/5174]	Time 0.235 (0.235)	Loss 0.0274 (0.0414)
2022-11-13 03:19:01,385 INFO     Test: [0/2532]	Time 1.123 (1.123)	Loss 0.0945 (0.0945)
2022-11-13 03:19:31,254 INFO     Test: [200/2532]	Time 0.148 (0.154)	Loss 0.0302 (0.0362)
2022-11-13 03:20:01,122 INFO     Test: [400/2532]	Time 0.149 (0.152)	Loss 0.0382 (0.0373)
2022-11-13 03:20:30,985 INFO     Test: [600/2532]	Time 0.149 (0.151)	Loss 0.0475 (0.0374)
2022-11-13 03:21:00,896 INFO     Test: [800/2532]	Time 0.149 (0.151)	Loss 0.0342 (0.0373)
2022-11-13 03:21:30,748 INFO     Test: [1000/2532]	Time 0.149 (0.150)	Loss 0.0598 (0.0372)
2022-11-13 03:22:00,645 INFO     Test: [1200/2532]	Time 0.149 (0.150)	Loss 0.0348 (0.0375)
2022-11-13 03:22:30,510 INFO     Test: [1400/2532]	Time 0.149 (0.150)	Loss 0.0437 (0.0377)
2022-11-13 03:23:00,370 INFO     Test: [1600/2532]	Time 0.149 (0.150)	Loss 0.0693 (0.0376)
2022-11-13 03:23:30,207 INFO     Test: [1800/2532]	Time 0.149 (0.150)	Loss 0.0508 (0.0377)
2022-11-13 03:24:00,065 INFO     Test: [2000/2532]	Time 0.150 (0.150)	Loss 0.0314 (0.0376)
2022-11-13 03:24:29,920 INFO     Test: [2200/2532]	Time 0.150 (0.150)	Loss 0.0258 (0.0376)
2022-11-13 03:24:59,788 INFO     Test: [2400/2532]	Time 0.151 (0.150)	Loss 0.0262 (0.0377)
2022-11-13 03:26:17,082 INFO     [Test] mAP: 0.830, averageAP: 0.829
					(Compute with all label) OP: 0.878, OR: 0.738, OF1: 0.802, CP: 0.841, CR: 0.703, CF1:0.766
					(Compute with top-3 label) OP: 0.917, OR: 0.653, OF1: 0.763, CP: 0.873, CR: 0.625, CF1: 0.728
2022-11-13 03:26:22,046 INFO     [Best] [Epoch 8]: Best mAP is 0.830
2022-11-13 03:26:23,270 INFO     Epoch: [9][0/5174]	Time 1.017 (1.017)	Loss 0.0531 (0.0531)
2022-11-13 03:27:09,796 INFO     Epoch: [9][200/5174]	Time 0.234 (0.237)	Loss 0.0402 (0.0416)
2022-11-13 03:27:56,505 INFO     Epoch: [9][400/5174]	Time 0.235 (0.235)	Loss 0.0357 (0.0414)
2022-11-13 03:28:43,244 INFO     Epoch: [9][600/5174]	Time 0.236 (0.235)	Loss 0.0455 (0.0413)
2022-11-13 03:29:29,980 INFO     Epoch: [9][800/5174]	Time 0.235 (0.234)	Loss 0.0427 (0.0408)
2022-11-13 03:30:16,784 INFO     Epoch: [9][1000/5174]	Time 0.234 (0.234)	Loss 0.0465 (0.0406)
2022-11-13 03:31:03,620 INFO     Epoch: [9][1200/5174]	Time 0.234 (0.234)	Loss 0.0178 (0.0406)
2022-11-13 03:31:50,472 INFO     Epoch: [9][1400/5174]	Time 0.236 (0.234)	Loss 0.0491 (0.0405)
2022-11-13 03:32:37,327 INFO     Epoch: [9][1600/5174]	Time 0.236 (0.234)	Loss 0.0490 (0.0404)
2022-11-13 03:33:24,236 INFO     Epoch: [9][1800/5174]	Time 0.235 (0.234)	Loss 0.0548 (0.0404)
2022-11-13 03:34:11,165 INFO     Epoch: [9][2000/5174]	Time 0.235 (0.234)	Loss 0.0430 (0.0406)
2022-11-13 03:34:58,070 INFO     Epoch: [9][2200/5174]	Time 0.233 (0.234)	Loss 0.0377 (0.0406)
2022-11-13 03:35:44,971 INFO     Epoch: [9][2400/5174]	Time 0.234 (0.234)	Loss 0.0418 (0.0406)
2022-11-13 03:36:31,952 INFO     Epoch: [9][2600/5174]	Time 0.235 (0.234)	Loss 0.0329 (0.0406)
2022-11-13 03:37:18,850 INFO     Epoch: [9][2800/5174]	Time 0.235 (0.234)	Loss 0.0370 (0.0406)
2022-11-13 03:38:05,774 INFO     Epoch: [9][3000/5174]	Time 0.234 (0.234)	Loss 0.0355 (0.0405)
2022-11-13 03:38:52,797 INFO     Epoch: [9][3200/5174]	Time 0.235 (0.234)	Loss 0.0313 (0.0406)
2022-11-13 03:39:39,728 INFO     Epoch: [9][3400/5174]	Time 0.234 (0.234)	Loss 0.0500 (0.0406)
2022-11-13 03:40:26,638 INFO     Epoch: [9][3600/5174]	Time 0.234 (0.234)	Loss 0.0473 (0.0406)
2022-11-13 03:41:13,561 INFO     Epoch: [9][3800/5174]	Time 0.234 (0.234)	Loss 0.0295 (0.0407)
2022-11-13 03:42:00,480 INFO     Epoch: [9][4000/5174]	Time 0.235 (0.234)	Loss 0.0522 (0.0408)
2022-11-13 03:42:47,385 INFO     Epoch: [9][4200/5174]	Time 0.234 (0.234)	Loss 0.0350 (0.0408)
2022-11-13 03:43:34,312 INFO     Epoch: [9][4400/5174]	Time 0.235 (0.235)	Loss 0.0548 (0.0408)
2022-11-13 03:44:21,243 INFO     Epoch: [9][4600/5174]	Time 0.233 (0.235)	Loss 0.0419 (0.0408)
2022-11-13 03:45:08,169 INFO     Epoch: [9][4800/5174]	Time 0.236 (0.235)	Loss 0.0461 (0.0408)
2022-11-13 03:45:55,098 INFO     Epoch: [9][5000/5174]	Time 0.235 (0.235)	Loss 0.0354 (0.0408)
2022-11-13 03:46:36,817 INFO     Test: [0/2532]	Time 1.111 (1.111)	Loss 0.0934 (0.0934)
2022-11-13 03:47:06,671 INFO     Test: [200/2532]	Time 0.149 (0.154)	Loss 0.0316 (0.0361)
2022-11-13 03:47:36,520 INFO     Test: [400/2532]	Time 0.149 (0.152)	Loss 0.0391 (0.0372)
2022-11-13 03:48:06,387 INFO     Test: [600/2532]	Time 0.149 (0.151)	Loss 0.0463 (0.0375)
2022-11-13 03:48:36,254 INFO     Test: [800/2532]	Time 0.150 (0.150)	Loss 0.0351 (0.0373)
2022-11-13 03:49:06,125 INFO     Test: [1000/2532]	Time 0.150 (0.150)	Loss 0.0572 (0.0373)
2022-11-13 03:49:36,003 INFO     Test: [1200/2532]	Time 0.149 (0.150)	Loss 0.0368 (0.0376)
2022-11-13 03:50:05,877 INFO     Test: [1400/2532]	Time 0.149 (0.150)	Loss 0.0405 (0.0377)
2022-11-13 03:50:35,759 INFO     Test: [1600/2532]	Time 0.149 (0.150)	Loss 0.0718 (0.0377)
2022-11-13 03:51:05,615 INFO     Test: [1800/2532]	Time 0.150 (0.150)	Loss 0.0482 (0.0378)
2022-11-13 03:51:35,461 INFO     Test: [2000/2532]	Time 0.149 (0.150)	Loss 0.0317 (0.0377)
2022-11-13 03:52:05,316 INFO     Test: [2200/2532]	Time 0.150 (0.150)	Loss 0.0269 (0.0377)
2022-11-13 03:52:35,194 INFO     Test: [2400/2532]	Time 0.149 (0.150)	Loss 0.0281 (0.0378)
2022-11-13 03:53:51,568 INFO     [Test] mAP: 0.831, averageAP: 0.830
					(Compute with all label) OP: 0.883, OR: 0.731, OF1: 0.800, CP: 0.868, CR: 0.688, CF1:0.768
					(Compute with top-3 label) OP: 0.920, OR: 0.649, OF1: 0.761, CP: 0.896, CR: 0.613, CF1: 0.728
2022-11-13 03:53:56,844 INFO     [Best] [Epoch 9]: Best mAP is 0.831
2022-11-13 03:53:58,238 INFO     Epoch: [10][0/5174]	Time 1.188 (1.188)	Loss 0.0466 (0.0466)
2022-11-13 03:54:44,742 INFO     Epoch: [10][200/5174]	Time 0.232 (0.237)	Loss 0.0414 (0.0383)
2022-11-13 03:55:31,402 INFO     Epoch: [10][400/5174]	Time 0.233 (0.235)	Loss 0.0373 (0.0389)
2022-11-13 03:56:18,019 INFO     Epoch: [10][600/5174]	Time 0.234 (0.235)	Loss 0.0480 (0.0392)
2022-11-13 03:57:04,662 INFO     Epoch: [10][800/5174]	Time 0.232 (0.234)	Loss 0.0342 (0.0389)
2022-11-13 03:57:51,350 INFO     Epoch: [10][1000/5174]	Time 0.234 (0.234)	Loss 0.0559 (0.0389)
2022-11-13 03:58:38,083 INFO     Epoch: [10][1200/5174]	Time 0.233 (0.234)	Loss 0.0391 (0.0391)
2022-11-13 03:59:24,841 INFO     Epoch: [10][1400/5174]	Time 0.233 (0.234)	Loss 0.0487 (0.0390)
2022-11-13 04:00:11,645 INFO     Epoch: [10][1600/5174]	Time 0.235 (0.234)	Loss 0.0534 (0.0389)
2022-11-13 04:00:58,441 INFO     Epoch: [10][1800/5174]	Time 0.233 (0.234)	Loss 0.0419 (0.0389)
2022-11-13 04:01:45,230 INFO     Epoch: [10][2000/5174]	Time 0.235 (0.234)	Loss 0.0337 (0.0390)
2022-11-13 04:02:32,058 INFO     Epoch: [10][2200/5174]	Time 0.234 (0.234)	Loss 0.0369 (0.0389)
2022-11-13 04:03:18,926 INFO     Epoch: [10][2400/5174]	Time 0.233 (0.234)	Loss 0.0355 (0.0389)
2022-11-13 04:04:05,770 INFO     Epoch: [10][2600/5174]	Time 0.234 (0.234)	Loss 0.0459 (0.0388)
2022-11-13 04:04:52,658 INFO     Epoch: [10][2800/5174]	Time 0.234 (0.234)	Loss 0.0393 (0.0388)
2022-11-13 04:05:39,561 INFO     Epoch: [10][3000/5174]	Time 0.235 (0.234)	Loss 0.0319 (0.0388)
2022-11-13 04:06:26,407 INFO     Epoch: [10][3200/5174]	Time 0.236 (0.234)	Loss 0.0396 (0.0388)
2022-11-13 04:07:13,238 INFO     Epoch: [10][3400/5174]	Time 0.234 (0.234)	Loss 0.0340 (0.0387)
2022-11-13 04:08:00,115 INFO     Epoch: [10][3600/5174]	Time 0.234 (0.234)	Loss 0.0615 (0.0387)
2022-11-13 04:08:46,981 INFO     Epoch: [10][3800/5174]	Time 0.235 (0.234)	Loss 0.0131 (0.0387)
2022-11-13 04:09:33,856 INFO     Epoch: [10][4000/5174]	Time 0.234 (0.234)	Loss 0.0363 (0.0387)
2022-11-13 04:10:20,815 INFO     Epoch: [10][4200/5174]	Time 0.235 (0.234)	Loss 0.0384 (0.0387)
2022-11-13 04:11:07,758 INFO     Epoch: [10][4400/5174]	Time 0.235 (0.234)	Loss 0.0281 (0.0387)
2022-11-13 04:11:54,666 INFO     Epoch: [10][4600/5174]	Time 0.233 (0.234)	Loss 0.0339 (0.0387)
2022-11-13 04:12:41,585 INFO     Epoch: [10][4800/5174]	Time 0.234 (0.234)	Loss 0.0245 (0.0386)
2022-11-13 04:13:28,483 INFO     Epoch: [10][5000/5174]	Time 0.233 (0.234)	Loss 0.0423 (0.0386)
2022-11-13 04:14:10,119 INFO     Test: [0/2532]	Time 1.097 (1.097)	Loss 0.0960 (0.0960)
2022-11-13 04:14:39,947 INFO     Test: [200/2532]	Time 0.149 (0.154)	Loss 0.0322 (0.0354)
2022-11-13 04:15:09,782 INFO     Test: [400/2532]	Time 0.148 (0.152)	Loss 0.0388 (0.0363)
2022-11-13 04:15:39,630 INFO     Test: [600/2532]	Time 0.150 (0.151)	Loss 0.0452 (0.0365)
2022-11-13 04:16:09,470 INFO     Test: [800/2532]	Time 0.149 (0.150)	Loss 0.0324 (0.0364)
2022-11-13 04:16:39,307 INFO     Test: [1000/2532]	Time 0.149 (0.150)	Loss 0.0566 (0.0363)
2022-11-13 04:17:09,132 INFO     Test: [1200/2532]	Time 0.149 (0.150)	Loss 0.0343 (0.0366)
2022-11-13 04:17:38,963 INFO     Test: [1400/2532]	Time 0.149 (0.150)	Loss 0.0410 (0.0367)
2022-11-13 04:18:08,798 INFO     Test: [1600/2532]	Time 0.150 (0.150)	Loss 0.0710 (0.0367)
2022-11-13 04:18:38,617 INFO     Test: [1800/2532]	Time 0.148 (0.150)	Loss 0.0486 (0.0368)
2022-11-13 04:19:08,498 INFO     Test: [2000/2532]	Time 0.149 (0.150)	Loss 0.0312 (0.0367)
2022-11-13 04:19:38,319 INFO     Test: [2200/2532]	Time 0.150 (0.150)	Loss 0.0223 (0.0367)
2022-11-13 04:20:08,152 INFO     Test: [2400/2532]	Time 0.149 (0.150)	Loss 0.0279 (0.0369)
2022-11-13 04:21:24,783 INFO     [Test] mAP: 0.834, averageAP: 0.833
					(Compute with all label) OP: 0.890, OR: 0.735, OF1: 0.805, CP: 0.871, CR: 0.694, CF1:0.772
					(Compute with top-3 label) OP: 0.925, OR: 0.653, OF1: 0.765, CP: 0.899, CR: 0.619, CF1: 0.733
2022-11-13 04:21:29,847 INFO     [Best] [Epoch 10]: Best mAP is 0.834
2022-11-13 04:21:31,278 INFO     Epoch: [11][0/5174]	Time 1.222 (1.222)	Loss 0.0444 (0.0444)
2022-11-13 04:22:17,575 INFO     Epoch: [11][200/5174]	Time 0.232 (0.236)	Loss 0.0316 (0.0375)
2022-11-13 04:23:03,969 INFO     Epoch: [11][400/5174]	Time 0.232 (0.234)	Loss 0.0335 (0.0377)
2022-11-13 04:23:50,505 INFO     Epoch: [11][600/5174]	Time 0.233 (0.234)	Loss 0.0411 (0.0377)
2022-11-13 04:24:37,151 INFO     Epoch: [11][800/5174]	Time 0.232 (0.234)	Loss 0.0452 (0.0377)
2022-11-13 04:25:23,884 INFO     Epoch: [11][1000/5174]	Time 0.237 (0.234)	Loss 0.0611 (0.0376)
2022-11-13 04:26:10,665 INFO     Epoch: [11][1200/5174]	Time 0.234 (0.234)	Loss 0.0473 (0.0377)
2022-11-13 04:26:57,512 INFO     Epoch: [11][1400/5174]	Time 0.232 (0.234)	Loss 0.0466 (0.0376)
2022-11-13 04:27:44,343 INFO     Epoch: [11][1600/5174]	Time 0.234 (0.234)	Loss 0.0313 (0.0377)
2022-11-13 04:28:31,188 INFO     Epoch: [11][1800/5174]	Time 0.234 (0.234)	Loss 0.0364 (0.0376)
2022-11-13 04:29:18,054 INFO     Epoch: [11][2000/5174]	Time 0.234 (0.234)	Loss 0.0425 (0.0376)
2022-11-13 04:30:04,953 INFO     Epoch: [11][2200/5174]	Time 0.236 (0.234)	Loss 0.0333 (0.0376)
2022-11-13 04:30:51,828 INFO     Epoch: [11][2400/5174]	Time 0.234 (0.234)	Loss 0.0466 (0.0377)
2022-11-13 04:31:38,726 INFO     Epoch: [11][2600/5174]	Time 0.235 (0.234)	Loss 0.0344 (0.0377)
2022-11-13 04:32:25,644 INFO     Epoch: [11][2800/5174]	Time 0.235 (0.234)	Loss 0.0484 (0.0378)
2022-11-13 04:33:12,543 INFO     Epoch: [11][3000/5174]	Time 0.234 (0.234)	Loss 0.0402 (0.0378)
2022-11-13 04:33:59,450 INFO     Epoch: [11][3200/5174]	Time 0.234 (0.234)	Loss 0.0241 (0.0378)
2022-11-13 04:34:46,356 INFO     Epoch: [11][3400/5174]	Time 0.234 (0.234)	Loss 0.0366 (0.0379)
2022-11-13 04:35:33,268 INFO     Epoch: [11][3600/5174]	Time 0.236 (0.234)	Loss 0.0325 (0.0379)
2022-11-13 04:36:20,172 INFO     Epoch: [11][3800/5174]	Time 0.235 (0.234)	Loss 0.0492 (0.0379)
2022-11-13 04:37:07,066 INFO     Epoch: [11][4000/5174]	Time 0.234 (0.234)	Loss 0.0232 (0.0379)
2022-11-13 04:37:53,969 INFO     Epoch: [11][4200/5174]	Time 0.235 (0.234)	Loss 0.0411 (0.0380)
2022-11-13 04:38:40,855 INFO     Epoch: [11][4400/5174]	Time 0.235 (0.234)	Loss 0.0378 (0.0380)
2022-11-13 04:39:27,796 INFO     Epoch: [11][4600/5174]	Time 0.234 (0.234)	Loss 0.0296 (0.0380)
2022-11-13 04:40:14,735 INFO     Epoch: [11][4800/5174]	Time 0.235 (0.234)	Loss 0.0131 (0.0379)
2022-11-13 04:41:01,641 INFO     Epoch: [11][5000/5174]	Time 0.234 (0.234)	Loss 0.0308 (0.0379)
2022-11-13 04:41:43,542 INFO     Test: [0/2532]	Time 1.295 (1.295)	Loss 0.0973 (0.0973)
2022-11-13 04:42:13,388 INFO     Test: [200/2532]	Time 0.149 (0.155)	Loss 0.0318 (0.0354)
2022-11-13 04:42:43,239 INFO     Test: [400/2532]	Time 0.149 (0.152)	Loss 0.0388 (0.0363)
2022-11-13 04:43:13,108 INFO     Test: [600/2532]	Time 0.149 (0.151)	Loss 0.0464 (0.0365)
2022-11-13 04:43:42,976 INFO     Test: [800/2532]	Time 0.149 (0.151)	Loss 0.0325 (0.0364)
2022-11-13 04:44:12,819 INFO     Test: [1000/2532]	Time 0.149 (0.150)	Loss 0.0564 (0.0363)
2022-11-13 04:44:42,668 INFO     Test: [1200/2532]	Time 0.149 (0.150)	Loss 0.0338 (0.0366)
2022-11-13 04:45:12,516 INFO     Test: [1400/2532]	Time 0.149 (0.150)	Loss 0.0419 (0.0368)
2022-11-13 04:45:42,366 INFO     Test: [1600/2532]	Time 0.149 (0.150)	Loss 0.0714 (0.0367)
2022-11-13 04:46:12,199 INFO     Test: [1800/2532]	Time 0.148 (0.150)	Loss 0.0489 (0.0368)
2022-11-13 04:46:42,053 INFO     Test: [2000/2532]	Time 0.149 (0.150)	Loss 0.0315 (0.0368)
2022-11-13 04:47:11,890 INFO     Test: [2200/2532]	Time 0.150 (0.150)	Loss 0.0228 (0.0368)
2022-11-13 04:47:41,723 INFO     Test: [2400/2532]	Time 0.149 (0.150)	Loss 0.0274 (0.0369)
2022-11-13 04:48:58,083 INFO     [Test] mAP: 0.834, averageAP: 0.834
					(Compute with all label) OP: 0.893, OR: 0.732, OF1: 0.805, CP: 0.872, CR: 0.693, CF1:0.772
					(Compute with top-3 label) OP: 0.927, OR: 0.652, OF1: 0.765, CP: 0.900, CR: 0.619, CF1: 0.734
2022-11-13 04:49:02,803 INFO     [Best] [Epoch 11]: Best mAP is 0.834
2022-11-13 04:49:04,198 INFO     Epoch: [12][0/5174]	Time 1.186 (1.186)	Loss 0.0421 (0.0421)
2022-11-13 04:49:50,486 INFO     Epoch: [12][200/5174]	Time 0.232 (0.236)	Loss 0.0230 (0.0377)
2022-11-13 04:50:36,889 INFO     Epoch: [12][400/5174]	Time 0.231 (0.234)	Loss 0.0554 (0.0379)
2022-11-13 04:51:23,416 INFO     Epoch: [12][600/5174]	Time 0.232 (0.234)	Loss 0.0465 (0.0379)
2022-11-13 04:52:10,036 INFO     Epoch: [12][800/5174]	Time 0.234 (0.233)	Loss 0.0416 (0.0380)
2022-11-13 04:52:56,774 INFO     Epoch: [12][1000/5174]	Time 0.234 (0.234)	Loss 0.0264 (0.0378)
2022-11-13 04:53:43,586 INFO     Epoch: [12][1200/5174]	Time 0.233 (0.234)	Loss 0.0515 (0.0378)
2022-11-13 04:54:30,418 INFO     Epoch: [12][1400/5174]	Time 0.233 (0.234)	Loss 0.0353 (0.0376)
2022-11-13 04:55:17,290 INFO     Epoch: [12][1600/5174]	Time 0.234 (0.234)	Loss 0.0399 (0.0377)
2022-11-13 04:56:04,164 INFO     Epoch: [12][1800/5174]	Time 0.234 (0.234)	Loss 0.0370 (0.0376)
2022-11-13 04:56:51,058 INFO     Epoch: [12][2000/5174]	Time 0.234 (0.234)	Loss 0.0272 (0.0377)
2022-11-13 04:57:37,959 INFO     Epoch: [12][2200/5174]	Time 0.233 (0.234)	Loss 0.0517 (0.0377)
2022-11-13 04:58:24,856 INFO     Epoch: [12][2400/5174]	Time 0.234 (0.234)	Loss 0.0302 (0.0377)
2022-11-13 04:59:11,818 INFO     Epoch: [12][2600/5174]	Time 0.235 (0.234)	Loss 0.0329 (0.0377)
2022-11-13 04:59:58,703 INFO     Epoch: [12][2800/5174]	Time 0.235 (0.234)	Loss 0.0520 (0.0378)
2022-11-13 05:00:45,609 INFO     Epoch: [12][3000/5174]	Time 0.235 (0.234)	Loss 0.0343 (0.0378)
2022-11-13 05:01:32,504 INFO     Epoch: [12][3200/5174]	Time 0.235 (0.234)	Loss 0.0421 (0.0377)
2022-11-13 05:02:19,391 INFO     Epoch: [12][3400/5174]	Time 0.234 (0.234)	Loss 0.0202 (0.0377)
2022-11-13 05:03:06,283 INFO     Epoch: [12][3600/5174]	Time 0.234 (0.234)	Loss 0.0229 (0.0377)
2022-11-13 05:03:53,177 INFO     Epoch: [12][3800/5174]	Time 0.234 (0.234)	Loss 0.0405 (0.0377)
2022-11-13 05:04:40,074 INFO     Epoch: [12][4000/5174]	Time 0.235 (0.234)	Loss 0.0518 (0.0377)
2022-11-13 05:05:26,964 INFO     Epoch: [12][4200/5174]	Time 0.234 (0.234)	Loss 0.0328 (0.0378)
2022-11-13 05:06:13,857 INFO     Epoch: [12][4400/5174]	Time 0.234 (0.234)	Loss 0.0180 (0.0378)
2022-11-13 05:07:00,750 INFO     Epoch: [12][4600/5174]	Time 0.234 (0.234)	Loss 0.0374 (0.0378)
2022-11-13 05:07:47,639 INFO     Epoch: [12][4800/5174]	Time 0.233 (0.234)	Loss 0.0295 (0.0378)
2022-11-13 05:08:34,494 INFO     Epoch: [12][5000/5174]	Time 0.234 (0.234)	Loss 0.0461 (0.0377)
2022-11-13 05:09:16,268 INFO     Test: [0/2532]	Time 1.218 (1.218)	Loss 0.0968 (0.0968)
2022-11-13 05:09:46,111 INFO     Test: [200/2532]	Time 0.149 (0.155)	Loss 0.0318 (0.0354)
2022-11-13 05:10:15,956 INFO     Test: [400/2532]	Time 0.149 (0.152)	Loss 0.0389 (0.0362)
2022-11-13 05:10:45,801 INFO     Test: [600/2532]	Time 0.150 (0.151)	Loss 0.0461 (0.0365)
2022-11-13 05:11:15,674 INFO     Test: [800/2532]	Time 0.149 (0.151)	Loss 0.0326 (0.0363)
2022-11-13 05:11:45,523 INFO     Test: [1000/2532]	Time 0.149 (0.150)	Loss 0.0564 (0.0363)
2022-11-13 05:12:15,382 INFO     Test: [1200/2532]	Time 0.150 (0.150)	Loss 0.0341 (0.0365)
2022-11-13 05:12:45,231 INFO     Test: [1400/2532]	Time 0.149 (0.150)	Loss 0.0421 (0.0367)
2022-11-13 05:13:15,064 INFO     Test: [1600/2532]	Time 0.152 (0.150)	Loss 0.0716 (0.0366)
2022-11-13 05:13:44,924 INFO     Test: [1800/2532]	Time 0.150 (0.150)	Loss 0.0496 (0.0368)
2022-11-13 05:14:14,771 INFO     Test: [2000/2532]	Time 0.148 (0.150)	Loss 0.0310 (0.0367)
2022-11-13 05:14:44,631 INFO     Test: [2200/2532]	Time 0.149 (0.150)	Loss 0.0226 (0.0367)
2022-11-13 05:15:14,484 INFO     Test: [2400/2532]	Time 0.150 (0.150)	Loss 0.0275 (0.0368)
2022-11-13 05:16:32,052 INFO     [Test] mAP: 0.835, averageAP: 0.834
					(Compute with all label) OP: 0.886, OR: 0.739, OF1: 0.806, CP: 0.867, CR: 0.699, CF1:0.774
					(Compute with top-3 label) OP: 0.923, OR: 0.655, OF1: 0.766, CP: 0.897, CR: 0.622, CF1: 0.735
2022-11-13 05:16:37,007 INFO     [Best] [Epoch 12]: Best mAP is 0.835
2022-11-13 05:16:38,842 INFO     Epoch: [13][0/5174]	Time 1.634 (1.634)	Loss 0.0417 (0.0417)
2022-11-13 05:17:25,158 INFO     Epoch: [13][200/5174]	Time 0.231 (0.239)	Loss 0.0279 (0.0367)
2022-11-13 05:18:11,567 INFO     Epoch: [13][400/5174]	Time 0.231 (0.235)	Loss 0.0531 (0.0371)
2022-11-13 05:18:58,073 INFO     Epoch: [13][600/5174]	Time 0.232 (0.234)	Loss 0.0497 (0.0368)
2022-11-13 05:19:44,682 INFO     Epoch: [13][800/5174]	Time 0.232 (0.234)	Loss 0.0184 (0.0368)
2022-11-13 05:20:31,413 INFO     Epoch: [13][1000/5174]	Time 0.233 (0.234)	Loss 0.0307 (0.0368)
2022-11-13 05:21:18,179 INFO     Epoch: [13][1200/5174]	Time 0.235 (0.234)	Loss 0.0381 (0.0371)
2022-11-13 05:22:05,009 INFO     Epoch: [13][1400/5174]	Time 0.233 (0.234)	Loss 0.0530 (0.0372)
2022-11-13 05:22:51,859 INFO     Epoch: [13][1600/5174]	Time 0.234 (0.234)	Loss 0.0433 (0.0372)
2022-11-13 05:23:38,708 INFO     Epoch: [13][1800/5174]	Time 0.236 (0.234)	Loss 0.0420 (0.0373)
2022-11-13 05:24:25,563 INFO     Epoch: [13][2000/5174]	Time 0.234 (0.234)	Loss 0.0226 (0.0372)
2022-11-13 05:25:12,437 INFO     Epoch: [13][2200/5174]	Time 0.234 (0.234)	Loss 0.0479 (0.0373)
2022-11-13 05:25:59,340 INFO     Epoch: [13][2400/5174]	Time 0.233 (0.234)	Loss 0.0188 (0.0374)
2022-11-13 05:26:46,213 INFO     Epoch: [13][2600/5174]	Time 0.233 (0.234)	Loss 0.0362 (0.0375)
2022-11-13 05:27:33,138 INFO     Epoch: [13][2800/5174]	Time 0.234 (0.234)	Loss 0.0299 (0.0375)
2022-11-13 05:28:20,058 INFO     Epoch: [13][3000/5174]	Time 0.236 (0.234)	Loss 0.0265 (0.0375)
2022-11-13 05:29:06,949 INFO     Epoch: [13][3200/5174]	Time 0.235 (0.234)	Loss 0.0567 (0.0375)
2022-11-13 05:29:53,841 INFO     Epoch: [13][3400/5174]	Time 0.234 (0.234)	Loss 0.0381 (0.0375)
2022-11-13 05:30:40,745 INFO     Epoch: [13][3600/5174]	Time 0.235 (0.234)	Loss 0.0617 (0.0376)
2022-11-13 05:31:27,629 INFO     Epoch: [13][3800/5174]	Time 0.235 (0.234)	Loss 0.0330 (0.0376)
2022-11-13 05:32:14,525 INFO     Epoch: [13][4000/5174]	Time 0.234 (0.234)	Loss 0.0340 (0.0376)
2022-11-13 05:33:01,427 INFO     Epoch: [13][4200/5174]	Time 0.234 (0.234)	Loss 0.0316 (0.0376)
2022-11-13 05:33:48,328 INFO     Epoch: [13][4400/5174]	Time 0.234 (0.234)	Loss 0.0504 (0.0376)
2022-11-13 05:34:35,201 INFO     Epoch: [13][4600/5174]	Time 0.233 (0.234)	Loss 0.0280 (0.0376)
2022-11-13 05:35:22,090 INFO     Epoch: [13][4800/5174]	Time 0.234 (0.234)	Loss 0.0358 (0.0376)
2022-11-13 05:36:09,000 INFO     Epoch: [13][5000/5174]	Time 0.233 (0.234)	Loss 0.0460 (0.0375)
2022-11-13 05:36:50,655 INFO     Test: [0/2532]	Time 1.113 (1.113)	Loss 0.0960 (0.0960)
2022-11-13 05:37:20,494 INFO     Test: [200/2532]	Time 0.149 (0.154)	Loss 0.0324 (0.0353)
2022-11-13 05:37:50,317 INFO     Test: [400/2532]	Time 0.149 (0.152)	Loss 0.0399 (0.0363)
2022-11-13 05:38:20,159 INFO     Test: [600/2532]	Time 0.148 (0.151)	Loss 0.0459 (0.0365)
2022-11-13 05:38:49,999 INFO     Test: [800/2532]	Time 0.150 (0.150)	Loss 0.0331 (0.0363)
2022-11-13 05:39:19,844 INFO     Test: [1000/2532]	Time 0.149 (0.150)	Loss 0.0563 (0.0363)
2022-11-13 05:39:49,681 INFO     Test: [1200/2532]	Time 0.148 (0.150)	Loss 0.0344 (0.0365)
2022-11-13 05:40:19,528 INFO     Test: [1400/2532]	Time 0.149 (0.150)	Loss 0.0413 (0.0367)
2022-11-13 05:40:49,356 INFO     Test: [1600/2532]	Time 0.149 (0.150)	Loss 0.0714 (0.0367)
2022-11-13 05:41:19,215 INFO     Test: [1800/2532]	Time 0.149 (0.150)	Loss 0.0494 (0.0368)
2022-11-13 05:41:49,062 INFO     Test: [2000/2532]	Time 0.150 (0.150)	Loss 0.0315 (0.0367)
2022-11-13 05:42:18,922 INFO     Test: [2200/2532]	Time 0.149 (0.150)	Loss 0.0227 (0.0367)
2022-11-13 05:42:48,772 INFO     Test: [2400/2532]	Time 0.149 (0.150)	Loss 0.0273 (0.0369)
2022-11-13 05:44:04,948 INFO     [Test] mAP: 0.835, averageAP: 0.834
					(Compute with all label) OP: 0.888, OR: 0.737, OF1: 0.806, CP: 0.867, CR: 0.699, CF1:0.774
					(Compute with top-3 label) OP: 0.924, OR: 0.655, OF1: 0.766, CP: 0.896, CR: 0.623, CF1: 0.735
2022-11-13 05:44:08,070 INFO     Epoch: [14][0/5174]	Time 1.161 (1.161)	Loss 0.0367 (0.0367)
2022-11-13 05:44:54,332 INFO     Epoch: [14][200/5174]	Time 0.232 (0.236)	Loss 0.0389 (0.0369)
2022-11-13 05:45:40,738 INFO     Epoch: [14][400/5174]	Time 0.231 (0.234)	Loss 0.0299 (0.0374)
2022-11-13 05:46:27,282 INFO     Epoch: [14][600/5174]	Time 0.233 (0.234)	Loss 0.0393 (0.0372)
2022-11-13 05:47:13,881 INFO     Epoch: [14][800/5174]	Time 0.232 (0.233)	Loss 0.0400 (0.0373)
2022-11-13 05:48:00,534 INFO     Epoch: [14][1000/5174]	Time 0.233 (0.233)	Loss 0.0299 (0.0374)
2022-11-13 05:48:47,244 INFO     Epoch: [14][1200/5174]	Time 0.234 (0.233)	Loss 0.0320 (0.0374)
2022-11-13 05:49:33,997 INFO     Epoch: [14][1400/5174]	Time 0.233 (0.233)	Loss 0.0512 (0.0374)
2022-11-13 05:50:20,759 INFO     Epoch: [14][1600/5174]	Time 0.235 (0.234)	Loss 0.0289 (0.0374)
2022-11-13 05:51:07,568 INFO     Epoch: [14][1800/5174]	Time 0.233 (0.234)	Loss 0.0384 (0.0374)
2022-11-13 05:51:54,367 INFO     Epoch: [14][2000/5174]	Time 0.235 (0.234)	Loss 0.0505 (0.0374)
2022-11-13 05:52:41,168 INFO     Epoch: [14][2200/5174]	Time 0.234 (0.234)	Loss 0.0468 (0.0374)
2022-11-13 05:53:27,973 INFO     Epoch: [14][2400/5174]	Time 0.235 (0.234)	Loss 0.0198 (0.0373)
2022-11-13 05:54:14,852 INFO     Epoch: [14][2600/5174]	Time 0.235 (0.234)	Loss 0.0385 (0.0372)
2022-11-13 05:55:01,766 INFO     Epoch: [14][2800/5174]	Time 0.237 (0.234)	Loss 0.0286 (0.0372)
2022-11-13 05:55:48,673 INFO     Epoch: [14][3000/5174]	Time 0.235 (0.234)	Loss 0.0225 (0.0373)
2022-11-13 05:56:35,585 INFO     Epoch: [14][3200/5174]	Time 0.236 (0.234)	Loss 0.0426 (0.0373)
2022-11-13 05:57:22,505 INFO     Epoch: [14][3400/5174]	Time 0.235 (0.234)	Loss 0.0396 (0.0372)
2022-11-13 05:58:09,406 INFO     Epoch: [14][3600/5174]	Time 0.234 (0.234)	Loss 0.0362 (0.0372)
2022-11-13 05:58:56,329 INFO     Epoch: [14][3800/5174]	Time 0.235 (0.234)	Loss 0.0249 (0.0373)
2022-11-13 05:59:43,240 INFO     Epoch: [14][4000/5174]	Time 0.236 (0.234)	Loss 0.0338 (0.0372)
2022-11-13 06:00:30,151 INFO     Epoch: [14][4200/5174]	Time 0.235 (0.234)	Loss 0.0365 (0.0372)
2022-11-13 06:01:17,061 INFO     Epoch: [14][4400/5174]	Time 0.234 (0.234)	Loss 0.0534 (0.0372)
2022-11-13 06:02:03,976 INFO     Epoch: [14][4600/5174]	Time 0.234 (0.234)	Loss 0.0331 (0.0372)
2022-11-13 06:02:50,873 INFO     Epoch: [14][4800/5174]	Time 0.234 (0.234)	Loss 0.0340 (0.0372)
2022-11-13 06:03:37,774 INFO     Epoch: [14][5000/5174]	Time 0.234 (0.234)	Loss 0.0184 (0.0373)
2022-11-13 06:04:19,613 INFO     Test: [0/2532]	Time 1.210 (1.210)	Loss 0.0973 (0.0973)
2022-11-13 06:04:49,415 INFO     Test: [200/2532]	Time 0.149 (0.154)	Loss 0.0323 (0.0353)
2022-11-13 06:05:19,190 INFO     Test: [400/2532]	Time 0.149 (0.152)	Loss 0.0389 (0.0362)
2022-11-13 06:05:48,988 INFO     Test: [600/2532]	Time 0.149 (0.151)	Loss 0.0465 (0.0364)
2022-11-13 06:06:18,825 INFO     Test: [800/2532]	Time 0.149 (0.150)	Loss 0.0333 (0.0363)
2022-11-13 06:06:48,640 INFO     Test: [1000/2532]	Time 0.149 (0.150)	Loss 0.0556 (0.0363)
2022-11-13 06:07:18,468 INFO     Test: [1200/2532]	Time 0.150 (0.150)	Loss 0.0338 (0.0365)
2022-11-13 06:07:48,305 INFO     Test: [1400/2532]	Time 0.149 (0.150)	Loss 0.0430 (0.0367)
2022-11-13 06:08:18,142 INFO     Test: [1600/2532]	Time 0.149 (0.150)	Loss 0.0712 (0.0366)
2022-11-13 06:08:47,974 INFO     Test: [1800/2532]	Time 0.149 (0.150)	Loss 0.0493 (0.0368)
2022-11-13 06:09:17,809 INFO     Test: [2000/2532]	Time 0.149 (0.150)	Loss 0.0310 (0.0367)
2022-11-13 06:09:47,643 INFO     Test: [2200/2532]	Time 0.148 (0.150)	Loss 0.0222 (0.0367)
2022-11-13 06:10:17,446 INFO     Test: [2400/2532]	Time 0.150 (0.150)	Loss 0.0276 (0.0368)
2022-11-13 06:11:34,720 INFO     [Test] mAP: 0.835, averageAP: 0.834
					(Compute with all label) OP: 0.886, OR: 0.739, OF1: 0.806, CP: 0.865, CR: 0.701, CF1:0.774
					(Compute with top-3 label) OP: 0.922, OR: 0.656, OF1: 0.767, CP: 0.895, CR: 0.625, CF1: 0.736
2022-11-13 06:11:39,788 INFO     [Best] [Epoch 14]: Best mAP is 0.835
2022-11-13 06:11:41,216 INFO     Epoch: [15][0/5174]	Time 1.212 (1.212)	Loss 0.0449 (0.0449)
2022-11-13 06:12:27,531 INFO     Epoch: [15][200/5174]	Time 0.232 (0.237)	Loss 0.0506 (0.0373)
2022-11-13 06:13:13,958 INFO     Epoch: [15][400/5174]	Time 0.234 (0.234)	Loss 0.0415 (0.0376)
2022-11-13 06:14:00,497 INFO     Epoch: [15][600/5174]	Time 0.232 (0.234)	Loss 0.0526 (0.0371)
2022-11-13 06:14:47,150 INFO     Epoch: [15][800/5174]	Time 0.233 (0.234)	Loss 0.0416 (0.0370)
2022-11-13 06:15:33,908 INFO     Epoch: [15][1000/5174]	Time 0.233 (0.234)	Loss 0.0213 (0.0369)
2022-11-13 06:16:20,731 INFO     Epoch: [15][1200/5174]	Time 0.234 (0.234)	Loss 0.0285 (0.0369)
2022-11-13 06:17:07,553 INFO     Epoch: [15][1400/5174]	Time 0.234 (0.234)	Loss 0.0390 (0.0370)
2022-11-13 06:17:54,411 INFO     Epoch: [15][1600/5174]	Time 0.235 (0.234)	Loss 0.0497 (0.0370)
2022-11-13 06:18:41,300 INFO     Epoch: [15][1800/5174]	Time 0.234 (0.234)	Loss 0.0382 (0.0369)
2022-11-13 06:19:28,174 INFO     Epoch: [15][2000/5174]	Time 0.235 (0.234)	Loss 0.0570 (0.0369)
2022-11-13 06:20:15,076 INFO     Epoch: [15][2200/5174]	Time 0.236 (0.234)	Loss 0.0344 (0.0370)
2022-11-13 06:21:01,967 INFO     Epoch: [15][2400/5174]	Time 0.236 (0.234)	Loss 0.0260 (0.0370)
2022-11-13 06:21:48,902 INFO     Epoch: [15][2600/5174]	Time 0.234 (0.234)	Loss 0.0350 (0.0370)
2022-11-13 06:22:35,802 INFO     Epoch: [15][2800/5174]	Time 0.234 (0.234)	Loss 0.0316 (0.0370)
2022-11-13 06:23:22,721 INFO     Epoch: [15][3000/5174]	Time 0.233 (0.234)	Loss 0.0416 (0.0371)
2022-11-13 06:24:09,620 INFO     Epoch: [15][3200/5174]	Time 0.234 (0.234)	Loss 0.0481 (0.0370)
2022-11-13 06:24:56,498 INFO     Epoch: [15][3400/5174]	Time 0.234 (0.234)	Loss 0.0517 (0.0370)
2022-11-13 06:25:43,392 INFO     Epoch: [15][3600/5174]	Time 0.234 (0.234)	Loss 0.0094 (0.0370)
2022-11-13 06:26:30,309 INFO     Epoch: [15][3800/5174]	Time 0.240 (0.234)	Loss 0.0423 (0.0370)
2022-11-13 06:27:17,238 INFO     Epoch: [15][4000/5174]	Time 0.233 (0.234)	Loss 0.0368 (0.0370)
2022-11-13 06:28:04,137 INFO     Epoch: [15][4200/5174]	Time 0.234 (0.234)	Loss 0.0290 (0.0370)
2022-11-13 06:28:51,052 INFO     Epoch: [15][4400/5174]	Time 0.235 (0.234)	Loss 0.0492 (0.0370)
2022-11-13 06:29:37,967 INFO     Epoch: [15][4600/5174]	Time 0.234 (0.234)	Loss 0.0527 (0.0370)
2022-11-13 06:30:24,850 INFO     Epoch: [15][4800/5174]	Time 0.233 (0.234)	Loss 0.0351 (0.0370)
2022-11-13 06:31:11,759 INFO     Epoch: [15][5000/5174]	Time 0.234 (0.234)	Loss 0.0336 (0.0371)
2022-11-13 06:31:53,486 INFO     Test: [0/2532]	Time 1.150 (1.150)	Loss 0.0965 (0.0965)
2022-11-13 06:32:23,350 INFO     Test: [200/2532]	Time 0.150 (0.154)	Loss 0.0325 (0.0355)
2022-11-13 06:32:53,225 INFO     Test: [400/2532]	Time 0.149 (0.152)	Loss 0.0396 (0.0363)
2022-11-13 06:33:23,101 INFO     Test: [600/2532]	Time 0.149 (0.151)	Loss 0.0461 (0.0366)
2022-11-13 06:33:52,972 INFO     Test: [800/2532]	Time 0.149 (0.151)	Loss 0.0328 (0.0364)
2022-11-13 06:34:22,846 INFO     Test: [1000/2532]	Time 0.150 (0.150)	Loss 0.0564 (0.0364)
2022-11-13 06:34:52,714 INFO     Test: [1200/2532]	Time 0.150 (0.150)	Loss 0.0339 (0.0366)
2022-11-13 06:35:22,577 INFO     Test: [1400/2532]	Time 0.149 (0.150)	Loss 0.0411 (0.0368)
2022-11-13 06:35:52,421 INFO     Test: [1600/2532]	Time 0.149 (0.150)	Loss 0.0706 (0.0368)
2022-11-13 06:36:22,275 INFO     Test: [1800/2532]	Time 0.149 (0.150)	Loss 0.0503 (0.0369)
2022-11-13 06:36:52,134 INFO     Test: [2000/2532]	Time 0.149 (0.150)	Loss 0.0311 (0.0368)
2022-11-13 06:37:21,981 INFO     Test: [2200/2532]	Time 0.149 (0.150)	Loss 0.0224 (0.0368)
2022-11-13 06:37:51,830 INFO     Test: [2400/2532]	Time 0.150 (0.150)	Loss 0.0268 (0.0370)
2022-11-13 06:39:08,034 INFO     [Test] mAP: 0.835, averageAP: 0.834
					(Compute with all label) OP: 0.893, OR: 0.732, OF1: 0.805, CP: 0.873, CR: 0.693, CF1:0.772
					(Compute with top-3 label) OP: 0.927, OR: 0.652, OF1: 0.766, CP: 0.900, CR: 0.620, CF1: 0.734
2022-11-13 06:39:11,236 INFO     Epoch: [16][0/5174]	Time 1.201 (1.201)	Loss 0.0290 (0.0290)
2022-11-13 06:39:57,635 INFO     Epoch: [16][200/5174]	Time 0.233 (0.237)	Loss 0.0482 (0.0372)
2022-11-13 06:40:44,138 INFO     Epoch: [16][400/5174]	Time 0.233 (0.235)	Loss 0.0256 (0.0367)
2022-11-13 06:41:30,744 INFO     Epoch: [16][600/5174]	Time 0.233 (0.234)	Loss 0.0371 (0.0370)
2022-11-13 06:42:17,418 INFO     Epoch: [16][800/5174]	Time 0.234 (0.234)	Loss 0.0390 (0.0369)
2022-11-13 06:43:04,173 INFO     Epoch: [16][1000/5174]	Time 0.234 (0.234)	Loss 0.0434 (0.0367)
2022-11-13 06:43:50,964 INFO     Epoch: [16][1200/5174]	Time 0.233 (0.234)	Loss 0.0324 (0.0368)
2022-11-13 06:44:37,813 INFO     Epoch: [16][1400/5174]	Time 0.234 (0.234)	Loss 0.0542 (0.0367)
2022-11-13 06:45:24,680 INFO     Epoch: [16][1600/5174]	Time 0.236 (0.234)	Loss 0.0466 (0.0368)
2022-11-13 06:46:11,536 INFO     Epoch: [16][1800/5174]	Time 0.236 (0.234)	Loss 0.0424 (0.0368)
2022-11-13 06:46:58,438 INFO     Epoch: [16][2000/5174]	Time 0.235 (0.234)	Loss 0.0279 (0.0369)
2022-11-13 06:47:45,337 INFO     Epoch: [16][2200/5174]	Time 0.235 (0.234)	Loss 0.0244 (0.0368)
2022-11-13 06:48:32,229 INFO     Epoch: [16][2400/5174]	Time 0.235 (0.234)	Loss 0.0419 (0.0368)
2022-11-13 06:49:19,136 INFO     Epoch: [16][2600/5174]	Time 0.234 (0.234)	Loss 0.0209 (0.0367)
2022-11-13 06:50:06,046 INFO     Epoch: [16][2800/5174]	Time 0.234 (0.234)	Loss 0.0399 (0.0366)
2022-11-13 06:50:52,948 INFO     Epoch: [16][3000/5174]	Time 0.233 (0.234)	Loss 0.0636 (0.0368)
2022-11-13 06:51:39,871 INFO     Epoch: [16][3200/5174]	Time 0.236 (0.234)	Loss 0.0328 (0.0368)
2022-11-13 06:52:26,784 INFO     Epoch: [16][3400/5174]	Time 0.236 (0.234)	Loss 0.0324 (0.0368)
2022-11-13 06:53:13,687 INFO     Epoch: [16][3600/5174]	Time 0.235 (0.234)	Loss 0.0352 (0.0368)
2022-11-13 06:54:00,569 INFO     Epoch: [16][3800/5174]	Time 0.235 (0.234)	Loss 0.0345 (0.0368)
2022-11-13 06:54:47,487 INFO     Epoch: [16][4000/5174]	Time 0.235 (0.234)	Loss 0.0270 (0.0368)
2022-11-13 06:55:34,390 INFO     Epoch: [16][4200/5174]	Time 0.235 (0.234)	Loss 0.0333 (0.0368)
2022-11-13 06:56:21,276 INFO     Epoch: [16][4400/5174]	Time 0.233 (0.234)	Loss 0.0317 (0.0368)
2022-11-13 06:57:08,188 INFO     Epoch: [16][4600/5174]	Time 0.233 (0.234)	Loss 0.0490 (0.0368)
2022-11-13 06:57:55,090 INFO     Epoch: [16][4800/5174]	Time 0.234 (0.234)	Loss 0.0402 (0.0368)
2022-11-13 06:58:42,003 INFO     Epoch: [16][5000/5174]	Time 0.235 (0.234)	Loss 0.0233 (0.0368)
2022-11-13 06:59:23,796 INFO     Test: [0/2532]	Time 1.224 (1.224)	Loss 0.0965 (0.0965)
2022-11-13 06:59:53,650 INFO     Test: [200/2532]	Time 0.149 (0.155)	Loss 0.0326 (0.0354)
2022-11-13 07:00:23,507 INFO     Test: [400/2532]	Time 0.150 (0.152)	Loss 0.0391 (0.0363)
2022-11-13 07:00:53,363 INFO     Test: [600/2532]	Time 0.149 (0.151)	Loss 0.0470 (0.0365)
2022-11-13 07:01:23,254 INFO     Test: [800/2532]	Time 0.149 (0.151)	Loss 0.0331 (0.0364)
2022-11-13 07:01:53,112 INFO     Test: [1000/2532]	Time 0.149 (0.150)	Loss 0.0564 (0.0364)
2022-11-13 07:02:23,008 INFO     Test: [1200/2532]	Time 0.150 (0.150)	Loss 0.0339 (0.0366)
2022-11-13 07:02:52,853 INFO     Test: [1400/2532]	Time 0.149 (0.150)	Loss 0.0434 (0.0368)
2022-11-13 07:03:22,723 INFO     Test: [1600/2532]	Time 0.149 (0.150)	Loss 0.0709 (0.0367)
2022-11-13 07:03:52,579 INFO     Test: [1800/2532]	Time 0.149 (0.150)	Loss 0.0499 (0.0368)
2022-11-13 07:04:22,437 INFO     Test: [2000/2532]	Time 0.150 (0.150)	Loss 0.0306 (0.0368)
2022-11-13 07:04:52,303 INFO     Test: [2200/2532]	Time 0.150 (0.150)	Loss 0.0230 (0.0368)
2022-11-13 07:05:22,142 INFO     Test: [2400/2532]	Time 0.149 (0.150)	Loss 0.0267 (0.0369)
2022-11-13 07:06:38,682 INFO     [Test] mAP: 0.835, averageAP: 0.834
					(Compute with all label) OP: 0.888, OR: 0.737, OF1: 0.806, CP: 0.866, CR: 0.700, CF1:0.774
					(Compute with top-3 label) OP: 0.924, OR: 0.655, OF1: 0.766, CP: 0.896, CR: 0.624, CF1: 0.736
2022-11-13 07:06:41,820 INFO     Epoch: [17][0/5174]	Time 1.159 (1.159)	Loss 0.0348 (0.0348)
2022-11-13 07:07:28,142 INFO     Epoch: [17][200/5174]	Time 0.232 (0.236)	Loss 0.0394 (0.0360)
2022-11-13 07:08:14,574 INFO     Epoch: [17][400/5174]	Time 0.232 (0.234)	Loss 0.0373 (0.0362)
2022-11-13 07:09:01,138 INFO     Epoch: [17][600/5174]	Time 0.233 (0.234)	Loss 0.0319 (0.0362)
2022-11-13 07:09:47,789 INFO     Epoch: [17][800/5174]	Time 0.234 (0.234)	Loss 0.0372 (0.0364)
2022-11-13 07:10:34,552 INFO     Epoch: [17][1000/5174]	Time 0.233 (0.234)	Loss 0.0290 (0.0367)
2022-11-13 07:11:21,358 INFO     Epoch: [17][1200/5174]	Time 0.233 (0.234)	Loss 0.0401 (0.0368)
2022-11-13 07:12:08,204 INFO     Epoch: [17][1400/5174]	Time 0.233 (0.234)	Loss 0.0239 (0.0367)
2022-11-13 07:12:55,068 INFO     Epoch: [17][1600/5174]	Time 0.235 (0.234)	Loss 0.0434 (0.0368)
2022-11-13 07:13:41,941 INFO     Epoch: [17][1800/5174]	Time 0.235 (0.234)	Loss 0.0468 (0.0367)
2022-11-13 07:14:28,856 INFO     Epoch: [17][2000/5174]	Time 0.235 (0.234)	Loss 0.0331 (0.0367)
2022-11-13 07:15:15,740 INFO     Epoch: [17][2200/5174]	Time 0.233 (0.234)	Loss 0.0443 (0.0366)
2022-11-13 07:16:02,619 INFO     Epoch: [17][2400/5174]	Time 0.239 (0.234)	Loss 0.0523 (0.0366)
2022-11-13 07:16:49,535 INFO     Epoch: [17][2600/5174]	Time 0.233 (0.234)	Loss 0.0288 (0.0366)
2022-11-13 07:17:36,426 INFO     Epoch: [17][2800/5174]	Time 0.233 (0.234)	Loss 0.0260 (0.0366)
2022-11-13 07:18:23,333 INFO     Epoch: [17][3000/5174]	Time 0.237 (0.234)	Loss 0.0343 (0.0366)
2022-11-13 07:19:10,244 INFO     Epoch: [17][3200/5174]	Time 0.235 (0.234)	Loss 0.0402 (0.0366)
2022-11-13 07:19:57,134 INFO     Epoch: [17][3400/5174]	Time 0.236 (0.234)	Loss 0.0327 (0.0366)
2022-11-13 07:20:44,031 INFO     Epoch: [17][3600/5174]	Time 0.235 (0.234)	Loss 0.0241 (0.0365)
2022-11-13 07:21:30,927 INFO     Epoch: [17][3800/5174]	Time 0.234 (0.234)	Loss 0.0373 (0.0365)
2022-11-13 07:22:17,829 INFO     Epoch: [17][4000/5174]	Time 0.234 (0.234)	Loss 0.0305 (0.0365)
2022-11-13 07:23:04,696 INFO     Epoch: [17][4200/5174]	Time 0.234 (0.234)	Loss 0.0374 (0.0365)
2022-11-13 07:23:51,618 INFO     Epoch: [17][4400/5174]	Time 0.234 (0.234)	Loss 0.0296 (0.0366)
2022-11-13 07:24:38,543 INFO     Epoch: [17][4600/5174]	Time 0.233 (0.234)	Loss 0.0443 (0.0366)
2022-11-13 07:25:25,429 INFO     Epoch: [17][4800/5174]	Time 0.235 (0.234)	Loss 0.0306 (0.0366)
2022-11-13 07:26:12,342 INFO     Epoch: [17][5000/5174]	Time 0.235 (0.234)	Loss 0.0504 (0.0366)
2022-11-13 07:26:54,217 INFO     Test: [0/2532]	Time 1.245 (1.245)	Loss 0.0972 (0.0972)
2022-11-13 07:27:24,044 INFO     Test: [200/2532]	Time 0.151 (0.155)	Loss 0.0333 (0.0354)
2022-11-13 07:27:53,892 INFO     Test: [400/2532]	Time 0.149 (0.152)	Loss 0.0393 (0.0363)
2022-11-13 07:28:23,741 INFO     Test: [600/2532]	Time 0.150 (0.151)	Loss 0.0466 (0.0365)
2022-11-13 07:28:53,590 INFO     Test: [800/2532]	Time 0.149 (0.151)	Loss 0.0329 (0.0364)
2022-11-13 07:29:23,434 INFO     Test: [1000/2532]	Time 0.149 (0.150)	Loss 0.0575 (0.0364)
2022-11-13 07:29:53,308 INFO     Test: [1200/2532]	Time 0.150 (0.150)	Loss 0.0333 (0.0366)
2022-11-13 07:30:23,147 INFO     Test: [1400/2532]	Time 0.149 (0.150)	Loss 0.0422 (0.0368)
2022-11-13 07:30:52,972 INFO     Test: [1600/2532]	Time 0.149 (0.150)	Loss 0.0715 (0.0367)
2022-11-13 07:31:22,822 INFO     Test: [1800/2532]	Time 0.150 (0.150)	Loss 0.0501 (0.0369)
2022-11-13 07:31:52,649 INFO     Test: [2000/2532]	Time 0.149 (0.150)	Loss 0.0312 (0.0368)
2022-11-13 07:32:22,479 INFO     Test: [2200/2532]	Time 0.148 (0.150)	Loss 0.0224 (0.0368)
2022-11-13 07:32:52,305 INFO     Test: [2400/2532]	Time 0.149 (0.150)	Loss 0.0259 (0.0369)
2022-11-13 07:34:08,428 INFO     [Test] mAP: 0.835, averageAP: 0.834
					(Compute with all label) OP: 0.886, OR: 0.739, OF1: 0.806, CP: 0.866, CR: 0.700, CF1:0.774
					(Compute with top-3 label) OP: 0.923, OR: 0.656, OF1: 0.767, CP: 0.897, CR: 0.623, CF1: 0.735
2022-11-13 07:34:11,542 INFO     Epoch: [18][0/5174]	Time 1.131 (1.131)	Loss 0.0247 (0.0247)
2022-11-13 07:34:57,848 INFO     Epoch: [18][200/5174]	Time 0.231 (0.236)	Loss 0.0497 (0.0359)
2022-11-13 07:35:44,280 INFO     Epoch: [18][400/5174]	Time 0.233 (0.234)	Loss 0.0472 (0.0362)
2022-11-13 07:36:30,811 INFO     Epoch: [18][600/5174]	Time 0.233 (0.234)	Loss 0.0452 (0.0362)
2022-11-13 07:37:17,487 INFO     Epoch: [18][800/5174]	Time 0.232 (0.234)	Loss 0.0312 (0.0364)
2022-11-13 07:38:04,235 INFO     Epoch: [18][1000/5174]	Time 0.234 (0.234)	Loss 0.0231 (0.0362)
2022-11-13 07:38:51,012 INFO     Epoch: [18][1200/5174]	Time 0.233 (0.234)	Loss 0.0420 (0.0364)
2022-11-13 07:39:37,850 INFO     Epoch: [18][1400/5174]	Time 0.236 (0.234)	Loss 0.0300 (0.0364)
2022-11-13 07:40:24,725 INFO     Epoch: [18][1600/5174]	Time 0.235 (0.234)	Loss 0.0322 (0.0364)
2022-11-13 07:41:11,595 INFO     Epoch: [18][1800/5174]	Time 0.238 (0.234)	Loss 0.0623 (0.0364)
2022-11-13 07:41:58,487 INFO     Epoch: [18][2000/5174]	Time 0.236 (0.234)	Loss 0.0486 (0.0365)
2022-11-13 07:42:45,382 INFO     Epoch: [18][2200/5174]	Time 0.236 (0.234)	Loss 0.0472 (0.0365)
2022-11-13 07:43:32,275 INFO     Epoch: [18][2400/5174]	Time 0.236 (0.234)	Loss 0.0490 (0.0365)
2022-11-13 07:44:19,199 INFO     Epoch: [18][2600/5174]	Time 0.234 (0.234)	Loss 0.0311 (0.0365)
2022-11-13 07:45:06,095 INFO     Epoch: [18][2800/5174]	Time 0.235 (0.234)	Loss 0.0191 (0.0365)
2022-11-13 07:45:53,012 INFO     Epoch: [18][3000/5174]	Time 0.235 (0.234)	Loss 0.0245 (0.0364)
2022-11-13 07:46:39,908 INFO     Epoch: [18][3200/5174]	Time 0.233 (0.234)	Loss 0.0288 (0.0364)
2022-11-13 07:47:26,823 INFO     Epoch: [18][3400/5174]	Time 0.234 (0.234)	Loss 0.0344 (0.0364)
2022-11-13 07:48:13,732 INFO     Epoch: [18][3600/5174]	Time 0.234 (0.234)	Loss 0.0242 (0.0364)
2022-11-13 07:49:00,646 INFO     Epoch: [18][3800/5174]	Time 0.237 (0.234)	Loss 0.0252 (0.0364)
2022-11-13 07:49:47,582 INFO     Epoch: [18][4000/5174]	Time 0.235 (0.234)	Loss 0.0354 (0.0364)
2022-11-13 07:50:34,504 INFO     Epoch: [18][4200/5174]	Time 0.236 (0.234)	Loss 0.0457 (0.0364)
2022-11-13 07:51:21,441 INFO     Epoch: [18][4400/5174]	Time 0.234 (0.234)	Loss 0.0291 (0.0364)
2022-11-13 07:52:08,326 INFO     Epoch: [18][4600/5174]	Time 0.234 (0.234)	Loss 0.0312 (0.0364)
2022-11-13 07:52:55,225 INFO     Epoch: [18][4800/5174]	Time 0.234 (0.234)	Loss 0.0267 (0.0364)
2022-11-13 07:53:42,145 INFO     Epoch: [18][5000/5174]	Time 0.234 (0.234)	Loss 0.0329 (0.0365)
2022-11-13 07:54:23,985 INFO     Test: [0/2532]	Time 1.275 (1.275)	Loss 0.0968 (0.0968)
2022-11-13 07:54:53,829 INFO     Test: [200/2532]	Time 0.149 (0.155)	Loss 0.0330 (0.0354)
2022-11-13 07:55:23,670 INFO     Test: [400/2532]	Time 0.149 (0.152)	Loss 0.0382 (0.0363)
2022-11-13 07:55:53,522 INFO     Test: [600/2532]	Time 0.149 (0.151)	Loss 0.0469 (0.0365)
2022-11-13 07:56:23,387 INFO     Test: [800/2532]	Time 0.148 (0.151)	Loss 0.0329 (0.0364)
2022-11-13 07:56:53,253 INFO     Test: [1000/2532]	Time 0.149 (0.150)	Loss 0.0568 (0.0364)
2022-11-13 07:57:23,109 INFO     Test: [1200/2532]	Time 0.149 (0.150)	Loss 0.0337 (0.0366)
2022-11-13 07:57:52,971 INFO     Test: [1400/2532]	Time 0.149 (0.150)	Loss 0.0434 (0.0368)
2022-11-13 07:58:22,827 INFO     Test: [1600/2532]	Time 0.149 (0.150)	Loss 0.0713 (0.0367)
2022-11-13 07:58:52,687 INFO     Test: [1800/2532]	Time 0.148 (0.150)	Loss 0.0502 (0.0369)
2022-11-13 07:59:22,557 INFO     Test: [2000/2532]	Time 0.149 (0.150)	Loss 0.0318 (0.0368)
2022-11-13 07:59:52,435 INFO     Test: [2200/2532]	Time 0.150 (0.150)	Loss 0.0226 (0.0368)
2022-11-13 08:00:22,274 INFO     Test: [2400/2532]	Time 0.149 (0.150)	Loss 0.0267 (0.0369)
2022-11-13 08:01:36,391 INFO     [Test] mAP: 0.835, averageAP: 0.834
					(Compute with all label) OP: 0.882, OR: 0.743, OF1: 0.807, CP: 0.863, CR: 0.704, CF1:0.776
					(Compute with top-3 label) OP: 0.922, OR: 0.656, OF1: 0.767, CP: 0.894, CR: 0.624, CF1: 0.735
2022-11-13 08:01:39,388 INFO     Epoch: [19][0/5174]	Time 1.036 (1.036)	Loss 0.0345 (0.0345)
2022-11-13 08:02:25,719 INFO     Epoch: [19][200/5174]	Time 0.231 (0.236)	Loss 0.0373 (0.0356)
2022-11-13 08:03:12,185 INFO     Epoch: [19][400/5174]	Time 0.234 (0.234)	Loss 0.0254 (0.0361)
2022-11-13 08:03:58,787 INFO     Epoch: [19][600/5174]	Time 0.234 (0.234)	Loss 0.0316 (0.0361)
2022-11-13 08:04:45,487 INFO     Epoch: [19][800/5174]	Time 0.235 (0.234)	Loss 0.0301 (0.0361)
2022-11-13 08:05:32,251 INFO     Epoch: [19][1000/5174]	Time 0.234 (0.234)	Loss 0.0375 (0.0361)
2022-11-13 08:06:19,063 INFO     Epoch: [19][1200/5174]	Time 0.235 (0.234)	Loss 0.0441 (0.0363)
2022-11-13 08:07:05,936 INFO     Epoch: [19][1400/5174]	Time 0.235 (0.234)	Loss 0.0380 (0.0364)
2022-11-13 08:07:52,797 INFO     Epoch: [19][1600/5174]	Time 0.235 (0.234)	Loss 0.0376 (0.0363)
2022-11-13 08:08:39,690 INFO     Epoch: [19][1800/5174]	Time 0.235 (0.234)	Loss 0.0296 (0.0363)
2022-11-13 08:09:26,589 INFO     Epoch: [19][2000/5174]	Time 0.235 (0.234)	Loss 0.0190 (0.0362)
2022-11-13 08:10:13,474 INFO     Epoch: [19][2200/5174]	Time 0.235 (0.234)	Loss 0.0415 (0.0362)
2022-11-13 08:11:00,389 INFO     Epoch: [19][2400/5174]	Time 0.235 (0.234)	Loss 0.0295 (0.0364)
2022-11-13 08:11:47,294 INFO     Epoch: [19][2600/5174]	Time 0.234 (0.234)	Loss 0.0248 (0.0364)
2022-11-13 08:12:34,213 INFO     Epoch: [19][2800/5174]	Time 0.234 (0.234)	Loss 0.0182 (0.0364)
2022-11-13 08:13:21,114 INFO     Epoch: [19][3000/5174]	Time 0.233 (0.234)	Loss 0.0260 (0.0364)
2022-11-13 08:14:08,035 INFO     Epoch: [19][3200/5174]	Time 0.234 (0.234)	Loss 0.0230 (0.0365)
2022-11-13 08:14:54,972 INFO     Epoch: [19][3400/5174]	Time 0.236 (0.234)	Loss 0.0429 (0.0365)
2022-11-13 08:15:41,860 INFO     Epoch: [19][3600/5174]	Time 0.234 (0.234)	Loss 0.0374 (0.0364)
2022-11-13 08:16:28,760 INFO     Epoch: [19][3800/5174]	Time 0.235 (0.234)	Loss 0.0457 (0.0364)
2022-11-13 08:17:15,667 INFO     Epoch: [19][4000/5174]	Time 0.233 (0.234)	Loss 0.0270 (0.0363)
2022-11-13 08:18:02,546 INFO     Epoch: [19][4200/5174]	Time 0.234 (0.234)	Loss 0.0494 (0.0363)
2022-11-13 08:18:49,461 INFO     Epoch: [19][4400/5174]	Time 0.234 (0.234)	Loss 0.0206 (0.0364)
2022-11-13 08:19:36,369 INFO     Epoch: [19][4600/5174]	Time 0.234 (0.234)	Loss 0.0157 (0.0363)
2022-11-13 08:20:23,271 INFO     Epoch: [19][4800/5174]	Time 0.238 (0.234)	Loss 0.0231 (0.0363)
2022-11-13 08:21:10,182 INFO     Epoch: [19][5000/5174]	Time 0.235 (0.234)	Loss 0.0129 (0.0363)
2022-11-13 08:21:51,894 INFO     Test: [0/2532]	Time 1.130 (1.130)	Loss 0.0980 (0.0980)
2022-11-13 08:22:21,729 INFO     Test: [200/2532]	Time 0.150 (0.154)	Loss 0.0334 (0.0354)
2022-11-13 08:22:51,527 INFO     Test: [400/2532]	Time 0.149 (0.152)	Loss 0.0393 (0.0364)
2022-11-13 08:23:21,325 INFO     Test: [600/2532]	Time 0.149 (0.151)	Loss 0.0465 (0.0366)
2022-11-13 08:23:51,135 INFO     Test: [800/2532]	Time 0.149 (0.150)	Loss 0.0325 (0.0364)
2022-11-13 08:24:20,944 INFO     Test: [1000/2532]	Time 0.149 (0.150)	Loss 0.0574 (0.0364)
2022-11-13 08:24:50,773 INFO     Test: [1200/2532]	Time 0.150 (0.150)	Loss 0.0341 (0.0366)
2022-11-13 08:25:20,600 INFO     Test: [1400/2532]	Time 0.149 (0.150)	Loss 0.0437 (0.0368)
2022-11-13 08:25:50,430 INFO     Test: [1600/2532]	Time 0.149 (0.150)	Loss 0.0700 (0.0368)
2022-11-13 08:26:20,255 INFO     Test: [1800/2532]	Time 0.149 (0.150)	Loss 0.0501 (0.0369)
2022-11-13 08:26:50,087 INFO     Test: [2000/2532]	Time 0.149 (0.150)	Loss 0.0307 (0.0368)
2022-11-13 08:27:19,914 INFO     Test: [2200/2532]	Time 0.149 (0.150)	Loss 0.0224 (0.0368)
2022-11-13 08:27:49,725 INFO     Test: [2400/2532]	Time 0.149 (0.149)	Loss 0.0263 (0.0370)
2022-11-13 08:29:05,893 INFO     [Test] mAP: 0.835, averageAP: 0.834
					(Compute with all label) OP: 0.888, OR: 0.737, OF1: 0.805, CP: 0.866, CR: 0.700, CF1:0.775
					(Compute with top-3 label) OP: 0.924, OR: 0.654, OF1: 0.766, CP: 0.896, CR: 0.624, CF1: 0.736
2022-11-13 08:29:11,367 INFO     [Best] [Epoch 19]: Best mAP is 0.835
