2022-11-19 15:51:57,448 INFO     ==========================================
2022-11-19 15:51:57,448 INFO     ==========       CONFIG      =============
2022-11-19 15:51:57,449 INFO     ==========================================
2022-11-19 15:51:57,449 INFO     dataset: COCO
2022-11-19 15:51:57,449 INFO     train_data: /data/public/coco2014/train2014
2022-11-19 15:51:57,449 INFO     test_data: /data/public/coco2014/val2014
2022-11-19 15:51:57,449 INFO     train_list: /data/public/coco2014/annotations/instances_train2014.json
2022-11-19 15:51:57,449 INFO     test_list: /data/public/coco2014/annotations/instances_val2014.json
2022-11-19 15:51:57,449 INFO     train_label: ./data/coco/train_label_vectors.npy
2022-11-19 15:51:57,449 INFO     graph_file: ./data/coco/prob_train.npy
2022-11-19 15:51:57,449 INFO     word_file: ./data/coco/vectors.npy
2022-11-19 15:51:57,449 INFO     test_label: ./data/coco/val_label_vectors.npy
2022-11-19 15:51:57,449 INFO     print_freq: 500
2022-11-19 15:51:57,449 INFO     workers: 8
2022-11-19 15:51:57,449 INFO     epochs: 15
2022-11-19 15:51:57,449 INFO     start_epoch: 0
2022-11-19 15:51:57,449 INFO     step_epoch: 10
2022-11-19 15:51:57,449 INFO     batch_size: 16
2022-11-19 15:51:57,449 INFO     lr: 0.0001
2022-11-19 15:51:57,449 INFO     momentum: 0.9
2022-11-19 15:51:57,449 INFO     weight_decay: 0.0
2022-11-19 15:51:57,449 INFO     resume: 
2022-11-19 15:51:57,449 INFO     crop_size: 448
2022-11-19 15:51:57,450 INFO     scale_size: 512
2022-11-19 15:51:57,450 INFO     evaluate: False
2022-11-19 15:51:57,450 INFO     post: SSCLIP-withoutAttn-COCO-1.0
2022-11-19 15:51:57,450 INFO     num_classes: 80
2022-11-19 15:51:57,450 INFO     backbone_name: RN101
2022-11-19 15:51:57,450 INFO     category_file: ./data/coco/category_name.json
2022-11-19 15:51:57,450 INFO     ==========================================
2022-11-19 15:51:57,450 INFO     ===========        END        ============
2022-11-19 15:51:57,450 INFO     ==========================================
2022-11-19 15:51:57,450 INFO     

2022-11-19 15:51:57,450 INFO     ==> Creating dataloader...
You will perform multi-scale on images for scale 640
loading annotations into memory...
Done (t=11.16s)
creating index...
index created!
loading annotations into memory...
Done (t=6.03s)
creating index...
index created!
2022-11-19 15:52:17,328 INFO     ==> Done!

2022-11-19 15:52:17,329 INFO     ==> Loading the network ...
2022-11-19 15:52:27,293 INFO     ==> Done!

2022-11-19 15:52:27,294 INFO     Run Experiment...
2022-11-19 15:52:29,972 INFO     Epoch: [0][0/5174]	Time 2.636 (2.636)	Loss 0.6899 (0.6899)
2022-11-19 15:53:48,755 INFO     Epoch: [0][500/5174]	Time 0.156 (0.162)	Loss 0.3864 (0.4056)
2022-11-19 15:55:07,685 INFO     Epoch: [0][1000/5174]	Time 0.157 (0.160)	Loss 0.3838 (0.3980)
2022-11-19 15:56:26,752 INFO     Epoch: [0][1500/5174]	Time 0.158 (0.159)	Loss 0.3914 (0.3953)
2022-11-19 15:57:45,973 INFO     Epoch: [0][2000/5174]	Time 0.159 (0.159)	Loss 0.4010 (0.3941)
2022-11-19 15:59:05,190 INFO     Epoch: [0][2500/5174]	Time 0.159 (0.159)	Loss 0.3952 (0.3933)
2022-11-19 16:00:24,435 INFO     Epoch: [0][3000/5174]	Time 0.160 (0.159)	Loss 0.3866 (0.3929)
2022-11-19 16:01:43,659 INFO     Epoch: [0][3500/5174]	Time 0.159 (0.159)	Loss 0.3931 (0.3925)
2022-11-19 16:03:02,823 INFO     Epoch: [0][4000/5174]	Time 0.158 (0.159)	Loss 0.3890 (0.3922)
2022-11-19 16:04:22,005 INFO     Epoch: [0][4500/5174]	Time 0.160 (0.159)	Loss 0.3856 (0.3920)
2022-11-19 16:05:41,203 INFO     Epoch: [0][5000/5174]	Time 0.158 (0.159)	Loss 0.3939 (0.3918)
2022-11-19 16:06:09,868 INFO     Test: [0/2532]	Time 1.266 (1.266)	Loss 0.4161 (0.4161)
2022-11-19 16:07:10,841 INFO     Test: [500/2532]	Time 0.122 (0.124)	Loss 0.4061 (0.3896)
2022-11-19 16:08:11,835 INFO     Test: [1000/2532]	Time 0.122 (0.123)	Loss 0.3971 (0.3896)
2022-11-19 16:09:12,754 INFO     Test: [1500/2532]	Time 0.121 (0.123)	Loss 0.3764 (0.3898)
2022-11-19 16:10:13,725 INFO     Test: [2000/2532]	Time 0.122 (0.122)	Loss 0.3846 (0.3898)
2022-11-19 16:11:14,663 INFO     Test: [2500/2532]	Time 0.123 (0.122)	Loss 0.3935 (0.3899)
2022-11-19 16:12:15,465 INFO     [Test] mAP: 0.643, averageAP: 0.642
					(Compute with all label) OP: 0.000, OR: 0.000, OF1: nan, CP: 0.000, CR: 0.000, CF1:nan
					(Compute with top-3 label) OP: 0.000, OR: 0.000, OF1: nan, CP: 0.000, CR: 0.000, CF1: nan
2022-11-19 16:12:19,610 INFO     [Best] [Epoch 0]: Best mAP is 0.643
2022-11-19 16:12:20,929 INFO     Epoch: [1][0/5174]	Time 1.186 (1.186)	Loss 0.3875 (0.3875)
2022-11-19 16:13:40,029 INFO     Epoch: [1][500/5174]	Time 0.152 (0.160)	Loss 0.3867 (0.3902)
2022-11-19 16:14:59,320 INFO     Epoch: [1][1000/5174]	Time 0.165 (0.159)	Loss 0.3873 (0.3903)
2022-11-19 16:16:18,768 INFO     Epoch: [1][1500/5174]	Time 0.161 (0.159)	Loss 0.3830 (0.3903)
2022-11-19 16:17:38,273 INFO     Epoch: [1][2000/5174]	Time 0.158 (0.159)	Loss 0.3890 (0.3902)
2022-11-19 16:18:57,788 INFO     Epoch: [1][2500/5174]	Time 0.158 (0.159)	Loss 0.3852 (0.3902)
2022-11-19 16:20:17,190 INFO     Epoch: [1][3000/5174]	Time 0.163 (0.159)	Loss 0.3877 (0.3903)
2022-11-19 16:21:36,587 INFO     Epoch: [1][3500/5174]	Time 0.156 (0.159)	Loss 0.3854 (0.3902)
2022-11-19 16:22:56,139 INFO     Epoch: [1][4000/5174]	Time 0.156 (0.159)	Loss 0.3864 (0.3903)
2022-11-19 16:24:15,776 INFO     Epoch: [1][4500/5174]	Time 0.163 (0.159)	Loss 0.3908 (0.3903)
2022-11-19 16:25:35,261 INFO     Epoch: [1][5000/5174]	Time 0.159 (0.159)	Loss 0.3832 (0.3902)
2022-11-19 16:26:03,891 INFO     Test: [0/2532]	Time 1.151 (1.151)	Loss 0.4160 (0.4160)
2022-11-19 16:27:05,136 INFO     Test: [500/2532]	Time 0.122 (0.125)	Loss 0.4061 (0.3896)
2022-11-19 16:28:06,291 INFO     Test: [1000/2532]	Time 0.125 (0.123)	Loss 0.3971 (0.3896)
2022-11-19 16:29:07,400 INFO     Test: [1500/2532]	Time 0.122 (0.123)	Loss 0.3764 (0.3898)
2022-11-19 16:30:08,615 INFO     Test: [2000/2532]	Time 0.122 (0.123)	Loss 0.3845 (0.3897)
2022-11-19 16:31:09,829 INFO     Test: [2500/2532]	Time 0.122 (0.123)	Loss 0.3935 (0.3899)
2022-11-19 16:32:08,705 INFO     [Test] mAP: 0.684, averageAP: 0.682
					(Compute with all label) OP: 0.000, OR: 0.000, OF1: nan, CP: 0.000, CR: 0.000, CF1:nan
					(Compute with top-3 label) OP: 0.000, OR: 0.000, OF1: nan, CP: 0.000, CR: 0.000, CF1: nan
2022-11-19 16:32:13,598 INFO     [Best] [Epoch 1]: Best mAP is 0.684
2022-11-19 16:32:15,030 INFO     Epoch: [2][0/5174]	Time 1.295 (1.295)	Loss 0.3906 (0.3906)
2022-11-19 16:33:34,106 INFO     Epoch: [2][500/5174]	Time 0.163 (0.160)	Loss 0.3863 (0.3899)
2022-11-19 16:34:53,323 INFO     Epoch: [2][1000/5174]	Time 0.155 (0.159)	Loss 0.3915 (0.3901)
2022-11-19 16:36:12,654 INFO     Epoch: [2][1500/5174]	Time 0.161 (0.159)	Loss 0.3920 (0.3901)
2022-11-19 16:37:32,125 INFO     Epoch: [2][2000/5174]	Time 0.154 (0.159)	Loss 0.3938 (0.3901)
2022-11-19 16:38:51,483 INFO     Epoch: [2][2500/5174]	Time 0.152 (0.159)	Loss 0.3915 (0.3901)
2022-11-19 16:40:10,849 INFO     Epoch: [2][3000/5174]	Time 0.159 (0.159)	Loss 0.3902 (0.3901)
2022-11-19 16:41:30,281 INFO     Epoch: [2][3500/5174]	Time 0.159 (0.159)	Loss 0.3876 (0.3902)
2022-11-19 16:42:49,676 INFO     Epoch: [2][4000/5174]	Time 0.159 (0.159)	Loss 0.3874 (0.3902)
2022-11-19 16:44:09,094 INFO     Epoch: [2][4500/5174]	Time 0.166 (0.159)	Loss 0.3906 (0.3902)
2022-11-19 16:45:28,593 INFO     Epoch: [2][5000/5174]	Time 0.159 (0.159)	Loss 0.3880 (0.3902)
2022-11-19 16:45:57,277 INFO     Test: [0/2532]	Time 1.237 (1.237)	Loss 0.4160 (0.4160)
2022-11-19 16:46:58,449 INFO     Test: [500/2532]	Time 0.122 (0.125)	Loss 0.4061 (0.3896)
2022-11-19 16:47:59,528 INFO     Test: [1000/2532]	Time 0.122 (0.123)	Loss 0.3971 (0.3895)
2022-11-19 16:49:00,651 INFO     Test: [1500/2532]	Time 0.122 (0.123)	Loss 0.3764 (0.3897)
2022-11-19 16:50:01,816 INFO     Test: [2000/2532]	Time 0.122 (0.123)	Loss 0.3845 (0.3897)
2022-11-19 16:51:03,004 INFO     Test: [2500/2532]	Time 0.121 (0.123)	Loss 0.3935 (0.3898)
2022-11-19 16:52:04,115 INFO     [Test] mAP: 0.697, averageAP: 0.696
					(Compute with all label) OP: 0.000, OR: 0.000, OF1: nan, CP: 0.000, CR: 0.000, CF1:nan
					(Compute with top-3 label) OP: 0.000, OR: 0.000, OF1: nan, CP: 0.000, CR: 0.000, CF1: nan
2022-11-19 16:52:08,605 INFO     [Best] [Epoch 2]: Best mAP is 0.697
2022-11-19 16:52:09,899 INFO     Epoch: [3][0/5174]	Time 1.154 (1.154)	Loss 0.3950 (0.3950)
2022-11-19 16:53:29,124 INFO     Epoch: [3][500/5174]	Time 0.148 (0.160)	Loss 0.3929 (0.3902)
2022-11-19 16:54:48,556 INFO     Epoch: [3][1000/5174]	Time 0.151 (0.160)	Loss 0.3912 (0.3902)
2022-11-19 16:56:07,997 INFO     Epoch: [3][1500/5174]	Time 0.157 (0.159)	Loss 0.4055 (0.3903)
2022-11-19 16:57:27,415 INFO     Epoch: [3][2000/5174]	Time 0.164 (0.159)	Loss 0.3871 (0.3902)
2022-11-19 16:58:46,920 INFO     Epoch: [3][2500/5174]	Time 0.155 (0.159)	Loss 0.3866 (0.3902)
2022-11-19 17:00:06,347 INFO     Epoch: [3][3000/5174]	Time 0.158 (0.159)	Loss 0.3850 (0.3902)
2022-11-19 17:01:25,913 INFO     Epoch: [3][3500/5174]	Time 0.152 (0.159)	Loss 0.3865 (0.3901)
2022-11-19 17:02:45,371 INFO     Epoch: [3][4000/5174]	Time 0.158 (0.159)	Loss 0.3940 (0.3902)
2022-11-19 17:04:04,891 INFO     Epoch: [3][4500/5174]	Time 0.158 (0.159)	Loss 0.3903 (0.3902)
2022-11-19 17:05:24,340 INFO     Epoch: [3][5000/5174]	Time 0.164 (0.159)	Loss 0.3897 (0.3902)
2022-11-19 17:05:53,063 INFO     Test: [0/2532]	Time 1.223 (1.223)	Loss 0.4160 (0.4160)
2022-11-19 17:06:54,274 INFO     Test: [500/2532]	Time 0.122 (0.125)	Loss 0.4060 (0.3895)
2022-11-19 17:07:55,442 INFO     Test: [1000/2532]	Time 0.125 (0.123)	Loss 0.3971 (0.3895)
2022-11-19 17:08:56,620 INFO     Test: [1500/2532]	Time 0.122 (0.123)	Loss 0.3764 (0.3897)
2022-11-19 17:09:57,807 INFO     Test: [2000/2532]	Time 0.121 (0.123)	Loss 0.3845 (0.3897)
2022-11-19 17:10:58,965 INFO     Test: [2500/2532]	Time 0.127 (0.123)	Loss 0.3935 (0.3898)
2022-11-19 17:11:59,577 INFO     [Test] mAP: 0.703, averageAP: 0.702
					(Compute with all label) OP: 0.000, OR: 0.000, OF1: nan, CP: 0.000, CR: 0.000, CF1:nan
					(Compute with top-3 label) OP: 0.000, OR: 0.000, OF1: nan, CP: 0.000, CR: 0.000, CF1: nan
2022-11-19 17:12:04,582 INFO     [Best] [Epoch 3]: Best mAP is 0.703
2022-11-19 17:12:05,828 INFO     Epoch: [4][0/5174]	Time 1.107 (1.107)	Loss 0.3905 (0.3905)
2022-11-19 17:13:25,092 INFO     Epoch: [4][500/5174]	Time 0.162 (0.160)	Loss 0.3925 (0.3902)
2022-11-19 17:14:44,443 INFO     Epoch: [4][1000/5174]	Time 0.163 (0.160)	Loss 0.4026 (0.3900)
2022-11-19 17:16:03,831 INFO     Epoch: [4][1500/5174]	Time 0.164 (0.159)	Loss 0.3880 (0.3901)
2022-11-19 17:17:23,269 INFO     Epoch: [4][2000/5174]	Time 0.163 (0.159)	Loss 0.3916 (0.3900)
2022-11-19 17:18:42,729 INFO     Epoch: [4][2500/5174]	Time 0.155 (0.159)	Loss 0.3856 (0.3901)
2022-11-19 17:20:02,133 INFO     Epoch: [4][3000/5174]	Time 0.153 (0.159)	Loss 0.3874 (0.3901)
2022-11-19 17:21:21,644 INFO     Epoch: [4][3500/5174]	Time 0.161 (0.159)	Loss 0.3920 (0.3901)
2022-11-19 17:22:41,088 INFO     Epoch: [4][4000/5174]	Time 0.158 (0.159)	Loss 0.3855 (0.3901)
2022-11-19 17:24:00,432 INFO     Epoch: [4][4500/5174]	Time 0.158 (0.159)	Loss 0.3828 (0.3902)
2022-11-19 17:25:19,845 INFO     Epoch: [4][5000/5174]	Time 0.162 (0.159)	Loss 0.3800 (0.3902)
2022-11-19 17:25:48,595 INFO     Test: [0/2532]	Time 1.255 (1.255)	Loss 0.4160 (0.4160)
2022-11-19 17:26:49,661 INFO     Test: [500/2532]	Time 0.122 (0.124)	Loss 0.4060 (0.3895)
2022-11-19 17:27:50,741 INFO     Test: [1000/2532]	Time 0.122 (0.123)	Loss 0.3971 (0.3895)
2022-11-19 17:28:51,807 INFO     Test: [1500/2532]	Time 0.124 (0.123)	Loss 0.3764 (0.3897)
2022-11-19 17:29:52,947 INFO     Test: [2000/2532]	Time 0.121 (0.123)	Loss 0.3845 (0.3897)
2022-11-19 17:30:54,081 INFO     Test: [2500/2532]	Time 0.128 (0.123)	Loss 0.3935 (0.3898)
2022-11-19 17:31:54,775 INFO     [Test] mAP: 0.713, averageAP: 0.712
					(Compute with all label) OP: 0.000, OR: 0.000, OF1: nan, CP: 0.000, CR: 0.000, CF1:nan
					(Compute with top-3 label) OP: 0.000, OR: 0.000, OF1: nan, CP: 0.000, CR: 0.000, CF1: nan
2022-11-19 17:31:59,880 INFO     [Best] [Epoch 4]: Best mAP is 0.713
2022-11-19 17:32:01,287 INFO     Epoch: [5][0/5174]	Time 1.269 (1.269)	Loss 0.3962 (0.3962)
2022-11-19 17:33:20,609 INFO     Epoch: [5][500/5174]	Time 0.157 (0.161)	Loss 0.3828 (0.3898)
2022-11-19 17:34:39,978 INFO     Epoch: [5][1000/5174]	Time 0.163 (0.160)	Loss 0.3883 (0.3899)
2022-11-19 17:35:59,364 INFO     Epoch: [5][1500/5174]	Time 0.158 (0.159)	Loss 0.3873 (0.3900)
2022-11-19 17:37:18,840 INFO     Epoch: [5][2000/5174]	Time 0.164 (0.159)	Loss 0.3866 (0.3901)
2022-11-19 17:38:38,271 INFO     Epoch: [5][2500/5174]	Time 0.158 (0.159)	Loss 0.3873 (0.3901)
2022-11-19 17:39:57,686 INFO     Epoch: [5][3000/5174]	Time 0.158 (0.159)	Loss 0.3892 (0.3902)
2022-11-19 17:41:17,142 INFO     Epoch: [5][3500/5174]	Time 0.158 (0.159)	Loss 0.3845 (0.3901)
2022-11-19 17:42:36,608 INFO     Epoch: [5][4000/5174]	Time 0.161 (0.159)	Loss 0.3885 (0.3901)
2022-11-19 17:43:56,003 INFO     Epoch: [5][4500/5174]	Time 0.157 (0.159)	Loss 0.3906 (0.3902)
2022-11-19 17:45:15,343 INFO     Epoch: [5][5000/5174]	Time 0.154 (0.159)	Loss 0.3950 (0.3902)
2022-11-19 17:45:44,004 INFO     Test: [0/2532]	Time 1.167 (1.167)	Loss 0.4160 (0.4160)
2022-11-19 17:46:44,984 INFO     Test: [500/2532]	Time 0.121 (0.124)	Loss 0.4060 (0.3895)
2022-11-19 17:47:46,021 INFO     Test: [1000/2532]	Time 0.123 (0.123)	Loss 0.3971 (0.3895)
2022-11-19 17:48:47,060 INFO     Test: [1500/2532]	Time 0.124 (0.123)	Loss 0.3763 (0.3897)
2022-11-19 17:49:48,189 INFO     Test: [2000/2532]	Time 0.122 (0.123)	Loss 0.3845 (0.3897)
2022-11-19 17:50:49,302 INFO     Test: [2500/2532]	Time 0.128 (0.123)	Loss 0.3935 (0.3898)
2022-11-19 17:51:49,605 INFO     [Test] mAP: 0.717, averageAP: 0.715
					(Compute with all label) OP: 0.000, OR: 0.000, OF1: nan, CP: 0.000, CR: 0.000, CF1:nan
					(Compute with top-3 label) OP: 0.000, OR: 0.000, OF1: nan, CP: 0.000, CR: 0.000, CF1: nan
2022-11-19 17:51:54,155 INFO     [Best] [Epoch 5]: Best mAP is 0.717
2022-11-19 17:51:55,483 INFO     Epoch: [6][0/5174]	Time 1.189 (1.189)	Loss 0.3870 (0.3870)
2022-11-19 17:53:14,702 INFO     Epoch: [6][500/5174]	Time 0.151 (0.160)	Loss 0.3859 (0.3899)
2022-11-19 17:54:33,951 INFO     Epoch: [6][1000/5174]	Time 0.158 (0.159)	Loss 0.3920 (0.3902)
2022-11-19 17:55:53,293 INFO     Epoch: [6][1500/5174]	Time 0.152 (0.159)	Loss 0.3886 (0.3901)
2022-11-19 17:57:12,661 INFO     Epoch: [6][2000/5174]	Time 0.155 (0.159)	Loss 0.3909 (0.3902)
2022-11-19 17:58:32,091 INFO     Epoch: [6][2500/5174]	Time 0.165 (0.159)	Loss 0.3962 (0.3903)
2022-11-19 17:59:51,649 INFO     Epoch: [6][3000/5174]	Time 0.164 (0.159)	Loss 0.3848 (0.3903)
2022-11-19 18:01:11,161 INFO     Epoch: [6][3500/5174]	Time 0.152 (0.159)	Loss 0.3903 (0.3902)
2022-11-19 18:02:30,695 INFO     Epoch: [6][4000/5174]	Time 0.159 (0.159)	Loss 0.3889 (0.3901)
2022-11-19 18:03:50,214 INFO     Epoch: [6][4500/5174]	Time 0.165 (0.159)	Loss 0.3859 (0.3901)
2022-11-19 18:05:09,752 INFO     Epoch: [6][5000/5174]	Time 0.163 (0.159)	Loss 0.3907 (0.3902)
2022-11-19 18:05:38,546 INFO     Test: [0/2532]	Time 1.252 (1.252)	Loss 0.4160 (0.4160)
2022-11-19 18:06:39,660 INFO     Test: [500/2532]	Time 0.123 (0.124)	Loss 0.4060 (0.3895)
2022-11-19 18:07:40,746 INFO     Test: [1000/2532]	Time 0.123 (0.123)	Loss 0.3971 (0.3895)
2022-11-19 18:08:41,805 INFO     Test: [1500/2532]	Time 0.122 (0.123)	Loss 0.3764 (0.3897)
2022-11-19 18:09:42,832 INFO     Test: [2000/2532]	Time 0.122 (0.123)	Loss 0.3845 (0.3897)
2022-11-19 18:10:43,892 INFO     Test: [2500/2532]	Time 0.122 (0.123)	Loss 0.3935 (0.3898)
2022-11-19 18:11:44,642 INFO     [Test] mAP: 0.717, averageAP: 0.715
					(Compute with all label) OP: 0.000, OR: 0.000, OF1: nan, CP: 0.000, CR: 0.000, CF1:nan
					(Compute with top-3 label) OP: 0.000, OR: 0.000, OF1: nan, CP: 0.000, CR: 0.000, CF1: nan
2022-11-19 18:11:48,302 INFO     Epoch: [7][0/5174]	Time 1.282 (1.282)	Loss 0.3937 (0.3937)
2022-11-19 18:13:07,625 INFO     Epoch: [7][500/5174]	Time 0.158 (0.161)	Loss 0.3906 (0.3902)
2022-11-19 18:14:27,010 INFO     Epoch: [7][1000/5174]	Time 0.164 (0.160)	Loss 0.3945 (0.3902)
2022-11-19 18:15:46,442 INFO     Epoch: [7][1500/5174]	Time 0.158 (0.159)	Loss 0.3997 (0.3902)
2022-11-19 18:17:05,813 INFO     Epoch: [7][2000/5174]	Time 0.159 (0.159)	Loss 0.3872 (0.3902)
2022-11-19 18:18:25,274 INFO     Epoch: [7][2500/5174]	Time 0.164 (0.159)	Loss 0.3929 (0.3902)
2022-11-19 18:19:44,711 INFO     Epoch: [7][3000/5174]	Time 0.160 (0.159)	Loss 0.3913 (0.3902)
2022-11-19 18:21:04,125 INFO     Epoch: [7][3500/5174]	Time 0.158 (0.159)	Loss 0.3912 (0.3902)
2022-11-19 18:22:23,517 INFO     Epoch: [7][4000/5174]	Time 0.152 (0.159)	Loss 0.3871 (0.3902)
2022-11-19 18:23:42,845 INFO     Epoch: [7][4500/5174]	Time 0.160 (0.159)	Loss 0.3861 (0.3902)
2022-11-19 18:25:02,292 INFO     Epoch: [7][5000/5174]	Time 0.163 (0.159)	Loss 0.3938 (0.3902)
2022-11-19 18:25:30,988 INFO     Test: [0/2532]	Time 1.214 (1.214)	Loss 0.4160 (0.4160)
2022-11-19 18:26:32,038 INFO     Test: [500/2532]	Time 0.121 (0.124)	Loss 0.4060 (0.3895)
2022-11-19 18:27:33,109 INFO     Test: [1000/2532]	Time 0.122 (0.123)	Loss 0.3970 (0.3895)
2022-11-19 18:28:34,179 INFO     Test: [1500/2532]	Time 0.122 (0.123)	Loss 0.3764 (0.3897)
2022-11-19 18:29:35,341 INFO     Test: [2000/2532]	Time 0.122 (0.123)	Loss 0.3845 (0.3897)
2022-11-19 18:30:36,478 INFO     Test: [2500/2532]	Time 0.122 (0.123)	Loss 0.3935 (0.3898)
2022-11-19 18:31:37,141 INFO     [Test] mAP: 0.719, averageAP: 0.717
					(Compute with all label) OP: 0.000, OR: 0.000, OF1: nan, CP: 0.000, CR: 0.000, CF1:nan
					(Compute with top-3 label) OP: 0.000, OR: 0.000, OF1: nan, CP: 0.000, CR: 0.000, CF1: nan
2022-11-19 18:31:42,135 INFO     [Best] [Epoch 7]: Best mAP is 0.719
2022-11-19 18:31:43,516 INFO     Epoch: [8][0/5174]	Time 1.242 (1.242)	Loss 0.3926 (0.3926)
2022-11-19 18:33:02,663 INFO     Epoch: [8][500/5174]	Time 0.158 (0.160)	Loss 0.3881 (0.3898)
2022-11-19 18:34:22,132 INFO     Epoch: [8][1000/5174]	Time 0.154 (0.160)	Loss 0.3929 (0.3901)
2022-11-19 18:35:41,531 INFO     Epoch: [8][1500/5174]	Time 0.159 (0.159)	Loss 0.3905 (0.3901)
2022-11-19 18:37:00,928 INFO     Epoch: [8][2000/5174]	Time 0.162 (0.159)	Loss 0.3864 (0.3901)
2022-11-19 18:38:20,398 INFO     Epoch: [8][2500/5174]	Time 0.164 (0.159)	Loss 0.3856 (0.3902)
2022-11-19 18:39:39,795 INFO     Epoch: [8][3000/5174]	Time 0.153 (0.159)	Loss 0.3857 (0.3901)
2022-11-19 18:40:59,255 INFO     Epoch: [8][3500/5174]	Time 0.165 (0.159)	Loss 0.3951 (0.3901)
2022-11-19 18:42:18,721 INFO     Epoch: [8][4000/5174]	Time 0.160 (0.159)	Loss 0.3840 (0.3902)
2022-11-19 18:43:38,113 INFO     Epoch: [8][4500/5174]	Time 0.160 (0.159)	Loss 0.3897 (0.3901)
2022-11-19 18:44:57,553 INFO     Epoch: [8][5000/5174]	Time 0.167 (0.159)	Loss 0.3832 (0.3901)
2022-11-19 18:45:26,228 INFO     Test: [0/2532]	Time 1.219 (1.219)	Loss 0.4160 (0.4160)
2022-11-19 18:46:27,373 INFO     Test: [500/2532]	Time 0.121 (0.124)	Loss 0.4060 (0.3895)
2022-11-19 18:47:28,464 INFO     Test: [1000/2532]	Time 0.122 (0.123)	Loss 0.3971 (0.3895)
2022-11-19 18:48:29,596 INFO     Test: [1500/2532]	Time 0.125 (0.123)	Loss 0.3763 (0.3897)
2022-11-19 18:49:30,713 INFO     Test: [2000/2532]	Time 0.121 (0.123)	Loss 0.3845 (0.3897)
2022-11-19 18:50:31,888 INFO     Test: [2500/2532]	Time 0.122 (0.123)	Loss 0.3935 (0.3898)
2022-11-19 18:51:32,533 INFO     [Test] mAP: 0.716, averageAP: 0.715
					(Compute with all label) OP: 0.000, OR: 0.000, OF1: nan, CP: 0.000, CR: 0.000, CF1:nan
					(Compute with top-3 label) OP: 0.000, OR: 0.000, OF1: nan, CP: 0.000, CR: 0.000, CF1: nan
2022-11-19 18:51:36,476 INFO     Epoch: [9][0/5174]	Time 1.231 (1.231)	Loss 0.3854 (0.3854)
2022-11-19 18:52:55,732 INFO     Epoch: [9][500/5174]	Time 0.156 (0.161)	Loss 0.3905 (0.3898)
2022-11-19 18:54:15,151 INFO     Epoch: [9][1000/5174]	Time 0.163 (0.160)	Loss 0.3945 (0.3899)
2022-11-19 18:55:34,592 INFO     Epoch: [9][1500/5174]	Time 0.163 (0.159)	Loss 0.3876 (0.3900)
2022-11-19 18:56:54,018 INFO     Epoch: [9][2000/5174]	Time 0.158 (0.159)	Loss 0.3931 (0.3900)
2022-11-19 18:58:13,505 INFO     Epoch: [9][2500/5174]	Time 0.158 (0.159)	Loss 0.3881 (0.3900)
2022-11-19 18:59:32,895 INFO     Epoch: [9][3000/5174]	Time 0.158 (0.159)	Loss 0.4008 (0.3901)
2022-11-19 19:00:52,424 INFO     Epoch: [9][3500/5174]	Time 0.157 (0.159)	Loss 0.3885 (0.3901)
2022-11-19 19:02:11,929 INFO     Epoch: [9][4000/5174]	Time 0.165 (0.159)	Loss 0.3876 (0.3902)
2022-11-19 19:03:31,403 INFO     Epoch: [9][4500/5174]	Time 0.158 (0.159)	Loss 0.3849 (0.3901)
2022-11-19 19:04:50,892 INFO     Epoch: [9][5000/5174]	Time 0.164 (0.159)	Loss 0.3951 (0.3901)
2022-11-19 19:05:19,522 INFO     Test: [0/2532]	Time 1.164 (1.164)	Loss 0.4160 (0.4160)
2022-11-19 19:06:20,586 INFO     Test: [500/2532]	Time 0.121 (0.124)	Loss 0.4060 (0.3895)
2022-11-19 19:07:21,627 INFO     Test: [1000/2532]	Time 0.122 (0.123)	Loss 0.3970 (0.3895)
2022-11-19 19:08:22,696 INFO     Test: [1500/2532]	Time 0.123 (0.123)	Loss 0.3763 (0.3897)
2022-11-19 19:09:23,751 INFO     Test: [2000/2532]	Time 0.121 (0.123)	Loss 0.3845 (0.3897)
2022-11-19 19:10:24,813 INFO     Test: [2500/2532]	Time 0.125 (0.123)	Loss 0.3935 (0.3898)
2022-11-19 19:11:25,790 INFO     [Test] mAP: 0.722, averageAP: 0.721
					(Compute with all label) OP: 0.000, OR: 0.000, OF1: nan, CP: 0.000, CR: 0.000, CF1:nan
					(Compute with top-3 label) OP: 0.000, OR: 0.000, OF1: nan, CP: 0.000, CR: 0.000, CF1: nan
2022-11-19 19:11:30,958 INFO     [Best] [Epoch 9]: Best mAP is 0.722
2022-11-19 19:11:32,421 INFO     Epoch: [10][0/5174]	Time 1.339 (1.339)	Loss 0.3896 (0.3896)
2022-11-19 19:12:51,689 INFO     Epoch: [10][500/5174]	Time 0.158 (0.161)	Loss 0.3963 (0.3901)
2022-11-19 19:14:11,076 INFO     Epoch: [10][1000/5174]	Time 0.154 (0.160)	Loss 0.3916 (0.3900)
2022-11-19 19:15:30,510 INFO     Epoch: [10][1500/5174]	Time 0.154 (0.159)	Loss 0.3900 (0.3901)
2022-11-19 19:16:49,934 INFO     Epoch: [10][2000/5174]	Time 0.153 (0.159)	Loss 0.3857 (0.3901)
2022-11-19 19:18:09,475 INFO     Epoch: [10][2500/5174]	Time 0.152 (0.159)	Loss 0.3885 (0.3901)
2022-11-19 19:19:28,969 INFO     Epoch: [10][3000/5174]	Time 0.163 (0.159)	Loss 0.3895 (0.3901)
2022-11-19 19:20:48,454 INFO     Epoch: [10][3500/5174]	Time 0.157 (0.159)	Loss 0.3830 (0.3901)
2022-11-19 19:22:07,846 INFO     Epoch: [10][4000/5174]	Time 0.163 (0.159)	Loss 0.3980 (0.3901)
2022-11-19 19:23:27,249 INFO     Epoch: [10][4500/5174]	Time 0.164 (0.159)	Loss 0.3927 (0.3901)
2022-11-19 19:24:46,658 INFO     Epoch: [10][5000/5174]	Time 0.152 (0.159)	Loss 0.3889 (0.3901)
2022-11-19 19:25:15,253 INFO     Test: [0/2532]	Time 1.121 (1.121)	Loss 0.4160 (0.4160)
2022-11-19 19:26:16,256 INFO     Test: [500/2532]	Time 0.123 (0.124)	Loss 0.4060 (0.3895)
2022-11-19 19:27:17,256 INFO     Test: [1000/2532]	Time 0.121 (0.123)	Loss 0.3970 (0.3895)
2022-11-19 19:28:18,347 INFO     Test: [1500/2532]	Time 0.123 (0.123)	Loss 0.3763 (0.3897)
2022-11-19 19:29:19,339 INFO     Test: [2000/2532]	Time 0.122 (0.123)	Loss 0.3845 (0.3897)
2022-11-19 19:30:20,559 INFO     Test: [2500/2532]	Time 0.122 (0.123)	Loss 0.3935 (0.3898)
2022-11-19 19:31:21,261 INFO     [Test] mAP: 0.723, averageAP: 0.722
					(Compute with all label) OP: 0.000, OR: 0.000, OF1: nan, CP: 0.000, CR: 0.000, CF1:nan
					(Compute with top-3 label) OP: 0.000, OR: 0.000, OF1: nan, CP: 0.000, CR: 0.000, CF1: nan
2022-11-19 19:31:26,390 INFO     [Best] [Epoch 10]: Best mAP is 0.723
2022-11-19 19:31:27,772 INFO     Epoch: [11][0/5174]	Time 1.372 (1.372)	Loss 0.4059 (0.4059)
2022-11-19 19:32:46,999 INFO     Epoch: [11][500/5174]	Time 0.158 (0.161)	Loss 0.3958 (0.3900)
2022-11-19 19:34:06,371 INFO     Epoch: [11][1000/5174]	Time 0.158 (0.160)	Loss 0.3899 (0.3900)
2022-11-19 19:35:25,728 INFO     Epoch: [11][1500/5174]	Time 0.157 (0.159)	Loss 0.3931 (0.3901)
2022-11-19 19:36:45,163 INFO     Epoch: [11][2000/5174]	Time 0.165 (0.159)	Loss 0.3825 (0.3901)
2022-11-19 19:38:04,662 INFO     Epoch: [11][2500/5174]	Time 0.158 (0.159)	Loss 0.3878 (0.3901)
2022-11-19 19:39:24,149 INFO     Epoch: [11][3000/5174]	Time 0.160 (0.159)	Loss 0.3844 (0.3901)
2022-11-19 19:40:43,609 INFO     Epoch: [11][3500/5174]	Time 0.153 (0.159)	Loss 0.3853 (0.3901)
2022-11-19 19:42:03,070 INFO     Epoch: [11][4000/5174]	Time 0.160 (0.159)	Loss 0.3901 (0.3901)
2022-11-19 19:43:22,476 INFO     Epoch: [11][4500/5174]	Time 0.164 (0.159)	Loss 0.3889 (0.3901)
2022-11-19 19:44:41,865 INFO     Epoch: [11][5000/5174]	Time 0.163 (0.159)	Loss 0.3870 (0.3901)
2022-11-19 19:45:10,482 INFO     Test: [0/2532]	Time 1.146 (1.146)	Loss 0.4160 (0.4160)
2022-11-19 19:46:11,617 INFO     Test: [500/2532]	Time 0.122 (0.124)	Loss 0.4060 (0.3895)
2022-11-19 19:47:12,710 INFO     Test: [1000/2532]	Time 0.121 (0.123)	Loss 0.3971 (0.3895)
2022-11-19 19:48:13,734 INFO     Test: [1500/2532]	Time 0.122 (0.123)	Loss 0.3763 (0.3897)
2022-11-19 19:49:14,773 INFO     Test: [2000/2532]	Time 0.122 (0.123)	Loss 0.3845 (0.3897)
2022-11-19 19:50:15,917 INFO     Test: [2500/2532]	Time 0.127 (0.123)	Loss 0.3935 (0.3898)
2022-11-19 19:51:15,614 INFO     [Test] mAP: 0.724, averageAP: 0.722
					(Compute with all label) OP: 0.000, OR: 0.000, OF1: nan, CP: 0.000, CR: 0.000, CF1:nan
					(Compute with top-3 label) OP: 0.000, OR: 0.000, OF1: nan, CP: 0.000, CR: 0.000, CF1: nan
2022-11-19 19:51:20,646 INFO     [Best] [Epoch 11]: Best mAP is 0.724
2022-11-19 19:51:21,989 INFO     Epoch: [12][0/5174]	Time 1.208 (1.208)	Loss 0.3814 (0.3814)
2022-11-19 19:52:41,266 INFO     Epoch: [12][500/5174]	Time 0.162 (0.161)	Loss 0.3887 (0.3901)
2022-11-19 19:54:00,561 INFO     Epoch: [12][1000/5174]	Time 0.152 (0.160)	Loss 0.3833 (0.3902)
2022-11-19 19:55:19,898 INFO     Epoch: [12][1500/5174]	Time 0.153 (0.159)	Loss 0.3916 (0.3902)
2022-11-19 19:56:39,314 INFO     Epoch: [12][2000/5174]	Time 0.153 (0.159)	Loss 0.3984 (0.3901)
2022-11-19 19:57:58,741 INFO     Epoch: [12][2500/5174]	Time 0.163 (0.159)	Loss 0.3929 (0.3901)
2022-11-19 19:59:18,185 INFO     Epoch: [12][3000/5174]	Time 0.153 (0.159)	Loss 0.3930 (0.3901)
2022-11-19 20:00:37,548 INFO     Epoch: [12][3500/5174]	Time 0.151 (0.159)	Loss 0.3958 (0.3901)
2022-11-19 20:01:56,928 INFO     Epoch: [12][4000/5174]	Time 0.152 (0.159)	Loss 0.3949 (0.3901)
2022-11-19 20:03:16,391 INFO     Epoch: [12][4500/5174]	Time 0.158 (0.159)	Loss 0.3945 (0.3901)
2022-11-19 20:04:35,830 INFO     Epoch: [12][5000/5174]	Time 0.159 (0.159)	Loss 0.3900 (0.3901)
2022-11-19 20:05:04,488 INFO     Test: [0/2532]	Time 1.181 (1.181)	Loss 0.4160 (0.4160)
2022-11-19 20:06:05,572 INFO     Test: [500/2532]	Time 0.122 (0.124)	Loss 0.4060 (0.3895)
2022-11-19 20:07:06,672 INFO     Test: [1000/2532]	Time 0.123 (0.123)	Loss 0.3971 (0.3895)
2022-11-19 20:08:07,801 INFO     Test: [1500/2532]	Time 0.126 (0.123)	Loss 0.3763 (0.3897)
2022-11-19 20:09:08,916 INFO     Test: [2000/2532]	Time 0.124 (0.123)	Loss 0.3845 (0.3897)
2022-11-19 20:10:10,017 INFO     Test: [2500/2532]	Time 0.126 (0.123)	Loss 0.3935 (0.3898)
2022-11-19 20:11:10,705 INFO     [Test] mAP: 0.722, averageAP: 0.721
					(Compute with all label) OP: 0.000, OR: 0.000, OF1: nan, CP: 0.000, CR: 0.000, CF1:nan
					(Compute with top-3 label) OP: 0.000, OR: 0.000, OF1: nan, CP: 0.000, CR: 0.000, CF1: nan
2022-11-19 20:11:14,549 INFO     Epoch: [13][0/5174]	Time 1.234 (1.234)	Loss 0.3950 (0.3950)
2022-11-19 20:12:33,834 INFO     Epoch: [13][500/5174]	Time 0.152 (0.161)	Loss 0.3958 (0.3901)
2022-11-19 20:13:53,147 INFO     Epoch: [13][1000/5174]	Time 0.163 (0.160)	Loss 0.3968 (0.3901)
2022-11-19 20:15:12,481 INFO     Epoch: [13][1500/5174]	Time 0.161 (0.159)	Loss 0.3914 (0.3900)
2022-11-19 20:16:31,853 INFO     Epoch: [13][2000/5174]	Time 0.163 (0.159)	Loss 0.4026 (0.3901)
2022-11-19 20:17:51,243 INFO     Epoch: [13][2500/5174]	Time 0.160 (0.159)	Loss 0.3891 (0.3901)
2022-11-19 20:19:10,619 INFO     Epoch: [13][3000/5174]	Time 0.151 (0.159)	Loss 0.3817 (0.3901)
2022-11-19 20:20:29,999 INFO     Epoch: [13][3500/5174]	Time 0.162 (0.159)	Loss 0.3896 (0.3901)
2022-11-19 20:21:49,413 INFO     Epoch: [13][4000/5174]	Time 0.156 (0.159)	Loss 0.3882 (0.3901)
2022-11-19 20:23:08,848 INFO     Epoch: [13][4500/5174]	Time 0.148 (0.159)	Loss 0.3924 (0.3901)
2022-11-19 20:24:28,210 INFO     Epoch: [13][5000/5174]	Time 0.154 (0.159)	Loss 0.3905 (0.3901)
2022-11-19 20:24:56,833 INFO     Test: [0/2532]	Time 1.166 (1.166)	Loss 0.4160 (0.4160)
2022-11-19 20:25:57,926 INFO     Test: [500/2532]	Time 0.123 (0.124)	Loss 0.4060 (0.3895)
2022-11-19 20:26:58,943 INFO     Test: [1000/2532]	Time 0.122 (0.123)	Loss 0.3971 (0.3895)
2022-11-19 20:27:59,990 INFO     Test: [1500/2532]	Time 0.123 (0.123)	Loss 0.3763 (0.3897)
2022-11-19 20:29:01,045 INFO     Test: [2000/2532]	Time 0.122 (0.123)	Loss 0.3845 (0.3897)
2022-11-19 20:30:02,204 INFO     Test: [2500/2532]	Time 0.122 (0.123)	Loss 0.3935 (0.3898)
2022-11-19 20:31:02,720 INFO     [Test] mAP: 0.723, averageAP: 0.721
					(Compute with all label) OP: 0.000, OR: 0.000, OF1: nan, CP: 0.000, CR: 0.000, CF1:nan
					(Compute with top-3 label) OP: 0.000, OR: 0.000, OF1: nan, CP: 0.000, CR: 0.000, CF1: nan
2022-11-19 20:31:06,684 INFO     Epoch: [14][0/5174]	Time 1.354 (1.354)	Loss 0.3864 (0.3864)
2022-11-19 20:32:25,887 INFO     Epoch: [14][500/5174]	Time 0.152 (0.161)	Loss 0.3960 (0.3901)
2022-11-19 20:33:45,232 INFO     Epoch: [14][1000/5174]	Time 0.159 (0.160)	Loss 0.3899 (0.3901)
2022-11-19 20:35:04,645 INFO     Epoch: [14][1500/5174]	Time 0.157 (0.159)	Loss 0.3961 (0.3901)
2022-11-19 20:36:24,064 INFO     Epoch: [14][2000/5174]	Time 0.158 (0.159)	Loss 0.3958 (0.3901)
2022-11-19 20:37:43,684 INFO     Epoch: [14][2500/5174]	Time 0.158 (0.159)	Loss 0.3849 (0.3900)
2022-11-19 20:39:03,085 INFO     Epoch: [14][3000/5174]	Time 0.164 (0.159)	Loss 0.3925 (0.3900)
2022-11-19 20:40:22,507 INFO     Epoch: [14][3500/5174]	Time 0.158 (0.159)	Loss 0.3900 (0.3901)
2022-11-19 20:41:41,889 INFO     Epoch: [14][4000/5174]	Time 0.159 (0.159)	Loss 0.3933 (0.3901)
2022-11-19 20:43:01,372 INFO     Epoch: [14][4500/5174]	Time 0.158 (0.159)	Loss 0.3909 (0.3901)
2022-11-19 20:44:20,926 INFO     Epoch: [14][5000/5174]	Time 0.156 (0.159)	Loss 0.3827 (0.3901)
2022-11-19 20:44:49,660 INFO     Test: [0/2532]	Time 1.270 (1.270)	Loss 0.4160 (0.4160)
2022-11-19 20:45:50,841 INFO     Test: [500/2532]	Time 0.121 (0.125)	Loss 0.4060 (0.3895)
2022-11-19 20:46:52,020 INFO     Test: [1000/2532]	Time 0.122 (0.124)	Loss 0.3971 (0.3895)
2022-11-19 20:47:53,133 INFO     Test: [1500/2532]	Time 0.127 (0.123)	Loss 0.3763 (0.3897)
2022-11-19 20:48:54,304 INFO     Test: [2000/2532]	Time 0.122 (0.123)	Loss 0.3845 (0.3897)
2022-11-19 20:49:55,424 INFO     Test: [2500/2532]	Time 0.121 (0.123)	Loss 0.3935 (0.3898)
2022-11-19 20:50:56,093 INFO     [Test] mAP: 0.722, averageAP: 0.721
					(Compute with all label) OP: 0.000, OR: 0.000, OF1: nan, CP: 0.000, CR: 0.000, CF1:nan
					(Compute with top-3 label) OP: 0.000, OR: 0.000, OF1: nan, CP: 0.000, CR: 0.000, CF1: nan
