2022-11-26 13:49:03,423 INFO     ==========================================
2022-11-26 13:49:03,424 INFO     ==========       CONFIG      =============
2022-11-26 13:49:03,424 INFO     ==========================================
2022-11-26 13:49:03,424 INFO     dataset: COCO
2022-11-26 13:49:03,424 INFO     train_data: /data/public/coco2014/train2014
2022-11-26 13:49:03,424 INFO     test_data: /data/public/coco2014/val2014
2022-11-26 13:49:03,424 INFO     train_list: /data/public/coco2014/annotations/instances_train2014.json
2022-11-26 13:49:03,424 INFO     test_list: /data/public/coco2014/annotations/instances_val2014.json
2022-11-26 13:49:03,424 INFO     train_label: ./data/coco/train_label_vectors.npy
2022-11-26 13:49:03,424 INFO     graph_file: ./data/coco/prob_train.npy
2022-11-26 13:49:03,424 INFO     word_file: ./data/coco/vectors.npy
2022-11-26 13:49:03,424 INFO     test_label: ./data/coco/val_label_vectors.npy
2022-11-26 13:49:03,424 INFO     print_freq: 1000
2022-11-26 13:49:03,424 INFO     workers: 8
2022-11-26 13:49:03,424 INFO     epochs: 15
2022-11-26 13:49:03,425 INFO     start_epoch: 0
2022-11-26 13:49:03,425 INFO     step_epoch: 10
2022-11-26 13:49:03,425 INFO     batch_size: 16
2022-11-26 13:49:03,425 INFO     lr: 0.0001
2022-11-26 13:49:03,425 INFO     momentum: 0.9
2022-11-26 13:49:03,425 INFO     weight_decay: 0.0
2022-11-26 13:49:03,425 INFO     resume: 
2022-11-26 13:49:03,425 INFO     crop_size: 448
2022-11-26 13:49:03,425 INFO     scale_size: 512
2022-11-26 13:49:03,425 INFO     evaluate: False
2022-11-26 13:49:03,425 INFO     post: SSCLIP-withoutAttn-COCO-test
2022-11-26 13:49:03,425 INFO     num_classes: 80
2022-11-26 13:49:03,425 INFO     backbone_name: RN101
2022-11-26 13:49:03,425 INFO     category_file: ./data/coco/category_name.json
2022-11-26 13:49:03,425 INFO     ==========================================
2022-11-26 13:49:03,425 INFO     ===========        END        ============
2022-11-26 13:49:03,425 INFO     ==========================================
2022-11-26 13:49:03,425 INFO     

2022-11-26 13:49:03,425 INFO     ==> Creating dataloader...
You will perform multi-scale on images for scale 640
loading annotations into memory...
Done (t=10.87s)
creating index...
index created!
loading annotations into memory...
Done (t=5.91s)
creating index...
index created!
2022-11-26 13:49:22,815 INFO     ==> Done!

2022-11-26 13:49:22,815 INFO     ==> Loading the network ...
2022-11-26 13:49:32,412 INFO     ==> Done!

2022-11-26 13:49:32,413 INFO     Run Experiment...
2022-11-26 13:49:34,890 INFO     Epoch: [0][0/5174]	Time 2.436 (2.436)	Loss 0.6955 (0.6955)
2022-11-26 13:52:12,796 INFO     Epoch: [0][1000/5174]	Time 0.159 (0.160)	Loss 0.4017 (0.3975)
2022-11-26 13:54:51,515 INFO     Epoch: [0][2000/5174]	Time 0.158 (0.159)	Loss 0.3957 (0.3940)
2022-11-26 13:57:30,376 INFO     Epoch: [0][3000/5174]	Time 0.159 (0.159)	Loss 0.3867 (0.3927)
2022-11-26 14:00:09,333 INFO     Epoch: [0][4000/5174]	Time 0.159 (0.159)	Loss 0.3913 (0.3921)
2022-11-26 14:02:48,154 INFO     Epoch: [0][5000/5174]	Time 0.159 (0.159)	Loss 0.3898 (0.3917)
2022-11-26 14:03:16,724 INFO     Test: [0/2532]	Time 1.109 (1.109)	Loss 0.4161 (0.4161)
2022-11-26 14:05:18,695 INFO     Test: [1000/2532]	Time 0.122 (0.123)	Loss 0.3971 (0.3896)
2022-11-26 14:07:20,645 INFO     Test: [2000/2532]	Time 0.121 (0.122)	Loss 0.3846 (0.3898)
2022-11-26 14:09:13,227 INFO     [Test] mAP: 0.644, averageAP: 0.643
					(Compute with all label) OP: 0.000, OR: 0.000, OF1: nan, CP: 0.000, CR: 0.000, CF1:nan
					(Compute with top-3 label) OP: 0.000, OR: 0.000, OF1: nan, CP: 0.000, CR: 0.000, CF1: nan
2022-11-26 14:09:16,542 INFO     [Best] [Epoch 0]: Best mAP is 0.644
2022-11-26 14:09:17,785 INFO     Epoch: [1][0/5174]	Time 1.125 (1.125)	Loss 0.3935 (0.3935)
2022-11-26 14:11:56,504 INFO     Epoch: [1][1000/5174]	Time 0.158 (0.160)	Loss 0.3830 (0.3904)
2022-11-26 14:14:35,749 INFO     Epoch: [1][2000/5174]	Time 0.164 (0.159)	Loss 0.3951 (0.3904)
2022-11-26 14:17:15,041 INFO     Epoch: [1][3000/5174]	Time 0.154 (0.159)	Loss 0.4045 (0.3903)
2022-11-26 14:19:54,201 INFO     Epoch: [1][4000/5174]	Time 0.160 (0.159)	Loss 0.3916 (0.3903)
2022-11-26 14:22:33,390 INFO     Epoch: [1][5000/5174]	Time 0.166 (0.159)	Loss 0.3855 (0.3902)
2022-11-26 14:23:02,026 INFO     Test: [0/2532]	Time 1.111 (1.111)	Loss 0.4160 (0.4160)
2022-11-26 14:25:03,907 INFO     Test: [1000/2532]	Time 0.123 (0.123)	Loss 0.3971 (0.3896)
2022-11-26 14:27:05,778 INFO     Test: [2000/2532]	Time 0.121 (0.122)	Loss 0.3845 (0.3897)
2022-11-26 14:28:58,351 INFO     [Test] mAP: 0.670, averageAP: 0.669
					(Compute with all label) OP: 0.000, OR: 0.000, OF1: nan, CP: 0.000, CR: 0.000, CF1:nan
					(Compute with top-3 label) OP: 0.000, OR: 0.000, OF1: nan, CP: 0.000, CR: 0.000, CF1: nan
2022-11-26 14:29:02,307 INFO     [Best] [Epoch 1]: Best mAP is 0.670
2022-11-26 14:29:03,609 INFO     Epoch: [2][0/5174]	Time 1.180 (1.180)	Loss 0.3857 (0.3857)
2022-11-26 14:31:42,410 INFO     Epoch: [2][1000/5174]	Time 0.160 (0.160)	Loss 0.3931 (0.3902)
2022-11-26 14:34:21,754 INFO     Epoch: [2][2000/5174]	Time 0.161 (0.160)	Loss 0.3854 (0.3902)
2022-11-26 14:37:01,275 INFO     Epoch: [2][3000/5174]	Time 0.160 (0.160)	Loss 0.3959 (0.3902)
2022-11-26 14:39:40,690 INFO     Epoch: [2][4000/5174]	Time 0.156 (0.160)	Loss 0.3916 (0.3902)
2022-11-26 14:42:19,967 INFO     Epoch: [2][5000/5174]	Time 0.162 (0.159)	Loss 0.3938 (0.3902)
2022-11-26 14:42:48,484 INFO     Test: [0/2532]	Time 0.984 (0.984)	Loss 0.4160 (0.4160)
2022-11-26 14:44:50,424 INFO     Test: [1000/2532]	Time 0.123 (0.123)	Loss 0.3971 (0.3895)
2022-11-26 14:46:52,323 INFO     Test: [2000/2532]	Time 0.122 (0.122)	Loss 0.3845 (0.3897)
2022-11-26 14:48:45,863 INFO     [Test] mAP: 0.688, averageAP: 0.687
					(Compute with all label) OP: 0.000, OR: 0.000, OF1: nan, CP: 0.000, CR: 0.000, CF1:nan
					(Compute with top-3 label) OP: 0.000, OR: 0.000, OF1: nan, CP: 0.000, CR: 0.000, CF1: nan
2022-11-26 14:48:50,070 INFO     [Best] [Epoch 2]: Best mAP is 0.688
2022-11-26 14:48:51,359 INFO     Epoch: [3][0/5174]	Time 1.169 (1.169)	Loss 0.3882 (0.3882)
2022-11-26 14:51:29,946 INFO     Epoch: [3][1000/5174]	Time 0.163 (0.160)	Loss 0.3905 (0.3902)
2022-11-26 14:54:09,087 INFO     Epoch: [3][2000/5174]	Time 0.159 (0.159)	Loss 0.3919 (0.3902)
2022-11-26 14:56:48,157 INFO     Epoch: [3][3000/5174]	Time 0.165 (0.159)	Loss 0.3964 (0.3902)
2022-11-26 14:59:27,141 INFO     Epoch: [3][4000/5174]	Time 0.154 (0.159)	Loss 0.3946 (0.3901)
2022-11-26 15:02:06,121 INFO     Epoch: [3][5000/5174]	Time 0.155 (0.159)	Loss 0.3887 (0.3902)
2022-11-26 15:02:34,814 INFO     Test: [0/2532]	Time 1.087 (1.087)	Loss 0.4160 (0.4160)
2022-11-26 15:04:36,603 INFO     Test: [1000/2532]	Time 0.122 (0.123)	Loss 0.3971 (0.3895)
2022-11-26 15:06:38,439 INFO     Test: [2000/2532]	Time 0.122 (0.122)	Loss 0.3845 (0.3897)
2022-11-26 15:08:33,323 INFO     [Test] mAP: 0.698, averageAP: 0.696
					(Compute with all label) OP: 0.000, OR: 0.000, OF1: nan, CP: 0.000, CR: 0.000, CF1:nan
					(Compute with top-3 label) OP: 0.000, OR: 0.000, OF1: nan, CP: 0.000, CR: 0.000, CF1: nan
2022-11-26 15:08:37,448 INFO     [Best] [Epoch 3]: Best mAP is 0.698
2022-11-26 15:08:38,785 INFO     Epoch: [4][0/5174]	Time 1.194 (1.194)	Loss 0.3897 (0.3897)
2022-11-26 15:11:17,238 INFO     Epoch: [4][1000/5174]	Time 0.156 (0.159)	Loss 0.3972 (0.3903)
2022-11-26 15:13:56,087 INFO     Epoch: [4][2000/5174]	Time 0.158 (0.159)	Loss 0.3912 (0.3902)
2022-11-26 15:16:35,104 INFO     Epoch: [4][3000/5174]	Time 0.157 (0.159)	Loss 0.3870 (0.3902)
2022-11-26 15:19:14,125 INFO     Epoch: [4][4000/5174]	Time 0.157 (0.159)	Loss 0.3972 (0.3901)
2022-11-26 15:21:53,245 INFO     Epoch: [4][5000/5174]	Time 0.164 (0.159)	Loss 0.3905 (0.3901)
2022-11-26 15:22:21,846 INFO     Test: [0/2532]	Time 1.064 (1.064)	Loss 0.4160 (0.4160)
2022-11-26 15:24:23,754 INFO     Test: [1000/2532]	Time 0.123 (0.123)	Loss 0.3971 (0.3895)
2022-11-26 15:26:25,537 INFO     Test: [2000/2532]	Time 0.121 (0.122)	Loss 0.3845 (0.3897)
2022-11-26 15:28:19,094 INFO     [Test] mAP: 0.703, averageAP: 0.701
					(Compute with all label) OP: 0.000, OR: 0.000, OF1: nan, CP: 0.000, CR: 0.000, CF1:nan
					(Compute with top-3 label) OP: 0.000, OR: 0.000, OF1: nan, CP: 0.000, CR: 0.000, CF1: nan
2022-11-26 15:28:23,345 INFO     [Best] [Epoch 4]: Best mAP is 0.703
2022-11-26 15:28:24,525 INFO     Epoch: [5][0/5174]	Time 1.053 (1.053)	Loss 0.3844 (0.3844)
2022-11-26 15:31:03,074 INFO     Epoch: [5][1000/5174]	Time 0.155 (0.159)	Loss 0.3858 (0.3900)
slurmstepd: error: *** JOB 440533 ON g0026 CANCELLED AT 2022-11-26T15:31:19 ***
